#
# There is insufficient memory for the Java Runtime Environment to continue.
# Native memory allocation (malloc) failed to allocate 736896 bytes. Error detail: Chunk::new
# Possible reasons:
#   The system is out of physical RAM or swap space
#   This process is running with CompressedOops enabled, and the Java Heap may be blocking the growth of the native heap
# Possible solutions:
#   Reduce memory load on the system
#   Increase physical memory or swap space
#   Check if swap backing store is full
#   Decrease Java heap size (-Xmx/-Xms)
#   Decrease number of Java threads
#   Decrease Java thread stack sizes (-Xss)
#   Set larger code cache with -XX:ReservedCodeCacheSize=
#   JVM is running with Unscaled Compressed Oops mode in which the Java heap is
#     placed in the first 4GB address space. The Java Heap base address is the
#     maximum limit for the native heap growth. Please use -XX:HeapBaseMinAddress
#     to set the Java Heap base and to place the Java Heap above 4GB virtual address.
# This output file may be truncated or incomplete.
#
#  Out of Memory Error (arena.cpp:168), pid=21124, tid=10344
#
# JRE version: OpenJDK Runtime Environment (21.0.8) (build 21.0.8+-14018985-b1038.68)
# Java VM: OpenJDK 64-Bit Server VM (21.0.8+-14018985-b1038.68, mixed mode, tiered, compressed oops, compressed class ptrs, g1 gc, windows-amd64)
# No core dump will be written. Minidumps are not enabled by default on client versions of Windows
#

---------------  S U M M A R Y ------------

Command Line: --add-opens=java.base/java.lang=ALL-UNNAMED --add-opens=java.base/java.lang.invoke=ALL-UNNAMED --add-opens=java.base/java.util=ALL-UNNAMED --add-opens=java.prefs/java.util.prefs=ALL-UNNAMED --add-exports=jdk.compiler/com.sun.tools.javac.api=ALL-UNNAMED --add-exports=jdk.compiler/com.sun.tools.javac.util=ALL-UNNAMED --add-opens=java.base/java.util=ALL-UNNAMED --add-opens=java.prefs/java.util.prefs=ALL-UNNAMED --add-opens=java.base/java.nio.charset=ALL-UNNAMED --add-opens=java.base/java.net=ALL-UNNAMED --add-opens=java.base/java.util.concurrent.atomic=ALL-UNNAMED --add-opens=java.xml/javax.xml.namespace=ALL-UNNAMED -Xmx2048m -Dfile.encoding=UTF-8 -Duser.country=UA -Duser.language=uk -Duser.variant -javaagent:C:\Users\User\.gradle\wrapper\dists\gradle-8.13-bin\5xuhj0ry160q40clulazy9h7d\gradle-8.13\lib\agents\gradle-instrumentation-agent-8.13.jar org.gradle.launcher.daemon.bootstrap.GradleDaemon 8.13

Host: 11th Gen Intel(R) Core(TM) i5-11400H @ 2.70GHz, 12 cores, 7G,  Windows 11 , 64 bit Build 26100 (10.0.26100.7019)
Time: Tue Nov 11 23:58:29 2025 elapsed time: 3.839301 seconds (0d 0h 0m 3s)

---------------  T H R E A D  ---------------

Current thread (0x00000260be5bfd50):  JavaThread "C2 CompilerThread1" daemon [_thread_in_native, id=10344, stack(0x000000ed79c00000,0x000000ed79d00000) (1024K)]


Current CompileTask:
C2:3839 4324       4       jdk.internal.jimage.ImageLocation::getFullName (109 bytes)

Stack: [0x000000ed79c00000,0x000000ed79d00000]
Native frames: (J=compiled Java code, j=interpreted, Vv=VM code, C=native code)
V  [jvm.dll+0x6d68d9]
V  [jvm.dll+0x866693]
V  [jvm.dll+0x868c4e]
V  [jvm.dll+0x869333]
V  [jvm.dll+0x280566]
V  [jvm.dll+0xc07cd]
V  [jvm.dll+0xc0d03]
V  [jvm.dll+0x2f5970]
V  [jvm.dll+0x5ff719]
V  [jvm.dll+0x252362]
V  [jvm.dll+0x25271f]
V  [jvm.dll+0x24aec5]
V  [jvm.dll+0x24871e]
V  [jvm.dll+0x1c73a4]
V  [jvm.dll+0x257f9e]
V  [jvm.dll+0x2564e6]
V  [jvm.dll+0x3f4696]
V  [jvm.dll+0x80eac8]
V  [jvm.dll+0x6d512d]
C  [ucrtbase.dll+0x37b0]
C  [KERNEL32.DLL+0x2e8d7]
C  [ntdll.dll+0x8c53c]


---------------  P R O C E S S  ---------------

Threads class SMR info:
_java_thread_list=0x00000260c8ca7520, length=44, elements={
0x00000260a40c71e0, 0x00000260be13ce00, 0x00000260be1703d0, 0x00000260be141940,
0x00000260be143780, 0x00000260be151f20, 0x00000260be1534f0, 0x00000260be178f70,
0x00000260be156200, 0x00000260be15b890, 0x00000260be460fe0, 0x00000260be5bfd50,
0x00000260be461670, 0x00000260be45fc30, 0x00000260be4602c0, 0x00000260be462a20,
0x00000260be460950, 0x00000260be461d00, 0x00000260be462390, 0x00000260c47a4890,
0x00000260c47a4f20, 0x00000260c47a6ff0, 0x00000260c47a7680, 0x00000260c47a7d10,
0x00000260c47a83a0, 0x00000260c667d0a0, 0x00000260c47a6960, 0x00000260c47a8a30,
0x00000260c47a90c0, 0x00000260c47a5c40, 0x00000260c47a9750, 0x00000260c47a62d0,
0x00000260c47aab00, 0x00000260c47a9de0, 0x00000260c47ab190, 0x00000260c47ab820,
0x00000260c47aa470, 0x00000260c47abeb0, 0x00000260c4b2c730, 0x00000260c4b29fd0,
0x00000260c4b2a660, 0x00000260c4b2acf0, 0x00000260c4b2e170, 0x00000260c4b2d450
}

Java Threads: ( => current thread )
  0x00000260a40c71e0 JavaThread "main"                              [_thread_blocked, id=22296, stack(0x000000ed78a00000,0x000000ed78b00000) (1024K)]
  0x00000260be13ce00 JavaThread "Common-Cleaner"             daemon [_thread_blocked, id=9140, stack(0x000000ed79200000,0x000000ed79300000) (1024K)]
  0x00000260be1703d0 JavaThread "Reference Handler"          daemon [_thread_blocked, id=16376, stack(0x000000ed79300000,0x000000ed79400000) (1024K)]
  0x00000260be141940 JavaThread "Finalizer"                  daemon [_thread_blocked, id=15288, stack(0x000000ed79400000,0x000000ed79500000) (1024K)]
  0x00000260be143780 JavaThread "Signal Dispatcher"          daemon [_thread_blocked, id=22704, stack(0x000000ed79500000,0x000000ed79600000) (1024K)]
  0x00000260be151f20 JavaThread "Attach Listener"            daemon [_thread_blocked, id=11180, stack(0x000000ed79600000,0x000000ed79700000) (1024K)]
  0x00000260be1534f0 JavaThread "Service Thread"             daemon [_thread_blocked, id=2860, stack(0x000000ed79700000,0x000000ed79800000) (1024K)]
  0x00000260be178f70 JavaThread "Monitor Deflation Thread"   daemon [_thread_blocked, id=2968, stack(0x000000ed79800000,0x000000ed79900000) (1024K)]
  0x00000260be156200 JavaThread "C2 CompilerThread0"         daemon [_thread_in_native, id=22416, stack(0x000000ed79900000,0x000000ed79a00000) (1024K)]
  0x00000260be15b890 JavaThread "C1 CompilerThread0"         daemon [_thread_in_native, id=18292, stack(0x000000ed79a00000,0x000000ed79b00000) (1024K)]
  0x00000260be460fe0 JavaThread "Notification Thread"        daemon [_thread_blocked, id=23056, stack(0x000000ed79b00000,0x000000ed79c00000) (1024K)]
=>0x00000260be5bfd50 JavaThread "C2 CompilerThread1"         daemon [_thread_in_native, id=10344, stack(0x000000ed79c00000,0x000000ed79d00000) (1024K)]
  0x00000260be461670 JavaThread "Daemon health stats"               [_thread_blocked, id=3196, stack(0x000000ed7a100000,0x000000ed7a200000) (1024K)]
  0x00000260be45fc30 JavaThread "Incoming local TCP Connector on port 63979"        [_thread_in_native, id=11756, stack(0x000000ed7a600000,0x000000ed7a700000) (1024K)]
  0x00000260be4602c0 JavaThread "Daemon periodic checks"            [_thread_blocked, id=19740, stack(0x000000ed7a700000,0x000000ed7a800000) (1024K)]
  0x00000260be462a20 JavaThread "Daemon"                            [_thread_blocked, id=22268, stack(0x000000ed7a800000,0x000000ed7a900000) (1024K)]
  0x00000260be460950 JavaThread "Handler for socket connection from /127.0.0.1:63979 to /127.0.0.1:63980"        [_thread_in_native, id=5272, stack(0x000000ed7a900000,0x000000ed7aa00000) (1024K)]
  0x00000260be461d00 JavaThread "Cancel handler"                    [_thread_blocked, id=10756, stack(0x000000ed7aa00000,0x000000ed7ab00000) (1024K)]
  0x00000260be462390 JavaThread "Daemon worker"                     [_thread_in_Java, id=22168, stack(0x000000ed7ab00000,0x000000ed7ac00000) (1024K)]
  0x00000260c47a4890 JavaThread "Asynchronous log dispatcher for DefaultDaemonConnection: socket connection from /127.0.0.1:63979 to /127.0.0.1:63980"        [_thread_blocked, id=17472, stack(0x000000ed7ac00000,0x000000ed7ad00000) (1024K)]
  0x00000260c47a4f20 JavaThread "Stdin handler"                     [_thread_blocked, id=12816, stack(0x000000ed7b000000,0x000000ed7b100000) (1024K)]
  0x00000260c47a6ff0 JavaThread "Daemon client event forwarder"        [_thread_blocked, id=1992, stack(0x000000ed7b100000,0x000000ed7b200000) (1024K)]
  0x00000260c47a7680 JavaThread "Cache worker for journal cache (C:\Users\User\.gradle\caches\journal-1)"        [_thread_blocked, id=21544, stack(0x000000ed7b200000,0x000000ed7b300000) (1024K)]
  0x00000260c47a7d10 JavaThread "File lock request listener"        [_thread_in_native, id=19196, stack(0x000000ed7b300000,0x000000ed7b400000) (1024K)]
  0x00000260c47a83a0 JavaThread "Cache worker for file hash cache (C:\Users\User\.gradle\caches\8.13\fileHashes)"        [_thread_blocked, id=9724, stack(0x000000ed7b400000,0x000000ed7b500000) (1024K)]
  0x00000260c667d0a0 JavaThread "C2 CompilerThread2"         daemon [_thread_in_native, id=20824, stack(0x000000ed7b500000,0x000000ed7b600000) (1024K)]
  0x00000260c47a6960 JavaThread "Cache worker for file hash cache (C:\Users\User\StudioProjects\xVSoRPG\.gradle\8.13\fileHashes)"        [_thread_blocked, id=16620, stack(0x000000ed7b600000,0x000000ed7b700000) (1024K)]
  0x00000260c47a8a30 JavaThread "Cache worker for Build Output Cleanup Cache (C:\Users\User\StudioProjects\xVSoRPG\.gradle\buildOutputCleanup)"        [_thread_blocked, id=22308, stack(0x000000ed7b700000,0x000000ed7b800000) (1024K)]
  0x00000260c47a90c0 JavaThread "File watcher server"        daemon [_thread_in_native, id=2024, stack(0x000000ed7b800000,0x000000ed7b900000) (1024K)]
  0x00000260c47a5c40 JavaThread "File watcher consumer"      daemon [_thread_blocked, id=21872, stack(0x000000ed7b900000,0x000000ed7ba00000) (1024K)]
  0x00000260c47a9750 JavaThread "jar transforms"                    [_thread_blocked, id=14192, stack(0x000000ed7ba00000,0x000000ed7bb00000) (1024K)]
  0x00000260c47a62d0 JavaThread "jar transforms Thread 2"           [_thread_blocked, id=20940, stack(0x000000ed7bb00000,0x000000ed7bc00000) (1024K)]
  0x00000260c47aab00 JavaThread "jar transforms Thread 3"           [_thread_blocked, id=6640, stack(0x000000ed7bc00000,0x000000ed7bd00000) (1024K)]
  0x00000260c47a9de0 JavaThread "jar transforms Thread 4"           [_thread_blocked, id=17904, stack(0x000000ed7bd00000,0x000000ed7be00000) (1024K)]
  0x00000260c47ab190 JavaThread "jar transforms Thread 5"           [_thread_blocked, id=9392, stack(0x000000ed7be00000,0x000000ed7bf00000) (1024K)]
  0x00000260c47ab820 JavaThread "jar transforms Thread 6"           [_thread_blocked, id=18984, stack(0x000000ed7bf00000,0x000000ed7c000000) (1024K)]
  0x00000260c47aa470 JavaThread "jar transforms Thread 7"           [_thread_blocked, id=17276, stack(0x000000ed7c000000,0x000000ed7c100000) (1024K)]
  0x00000260c47abeb0 JavaThread "jar transforms Thread 8"           [_thread_blocked, id=432, stack(0x000000ed7c100000,0x000000ed7c200000) (1024K)]
  0x00000260c4b2c730 JavaThread "jar transforms Thread 9"           [_thread_blocked, id=22012, stack(0x000000ed7c200000,0x000000ed7c300000) (1024K)]
  0x00000260c4b29fd0 JavaThread "jar transforms Thread 10"          [_thread_blocked, id=20780, stack(0x000000ed7c300000,0x000000ed7c400000) (1024K)]
  0x00000260c4b2a660 JavaThread "jar transforms Thread 11"          [_thread_blocked, id=8532, stack(0x000000ed7c400000,0x000000ed7c500000) (1024K)]
  0x00000260c4b2acf0 JavaThread "jar transforms Thread 12"          [_thread_blocked, id=10740, stack(0x000000ed7c500000,0x000000ed7c600000) (1024K)]
  0x00000260c4b2e170 JavaThread "Cache worker for checksums cache (C:\Users\User\StudioProjects\xVSoRPG\.gradle\8.13\checksums)"        [_thread_blocked, id=23208, stack(0x000000ed7c600000,0x000000ed7c700000) (1024K)]
  0x00000260c4b2d450 JavaThread "Cache worker for file content cache (C:\Users\User\.gradle\caches\8.13\fileContent)"        [_thread_blocked, id=10320, stack(0x000000ed7c700000,0x000000ed7c800000) (1024K)]
Total: 44

Other Threads:
  0x00000260bdf3dc30 VMThread "VM Thread"                           [id=23072, stack(0x000000ed79100000,0x000000ed79200000) (1024K)]
  0x00000260bdf243b0 WatcherThread "VM Periodic Task Thread"        [id=9208, stack(0x000000ed79000000,0x000000ed79100000) (1024K)]
  0x00000260a64b5410 WorkerThread "GC Thread#0"                     [id=21580, stack(0x000000ed78b00000,0x000000ed78c00000) (1024K)]
  0x00000260bdf3e370 WorkerThread "GC Thread#1"                     [id=21592, stack(0x000000ed79d00000,0x000000ed79e00000) (1024K)]
  0x00000260bdf3dfd0 WorkerThread "GC Thread#2"                     [id=23344, stack(0x000000ed79e00000,0x000000ed79f00000) (1024K)]
  0x00000260bdf3d150 WorkerThread "GC Thread#3"                     [id=9332, stack(0x000000ed79f00000,0x000000ed7a000000) (1024K)]
  0x00000260bdf3d4f0 WorkerThread "GC Thread#4"                     [id=9664, stack(0x000000ed7a000000,0x000000ed7a100000) (1024K)]
  0x00000260c47ffad0 WorkerThread "GC Thread#5"                     [id=9804, stack(0x000000ed7a200000,0x000000ed7a300000) (1024K)]
  0x00000260c4800cf0 WorkerThread "GC Thread#6"                     [id=14576, stack(0x000000ed7a300000,0x000000ed7a400000) (1024K)]
  0x00000260c48022b0 WorkerThread "GC Thread#7"                     [id=18972, stack(0x000000ed7a400000,0x000000ed7a500000) (1024K)]
  0x00000260c4803130 WorkerThread "GC Thread#8"                     [id=23440, stack(0x000000ed7a500000,0x000000ed7a600000) (1024K)]
  0x00000260c4801430 WorkerThread "GC Thread#9"                     [id=10192, stack(0x000000ed7ad00000,0x000000ed7ae00000) (1024K)]
  0x00000260a64c6300 ConcurrentGCThread "G1 Main Marker"            [id=10668, stack(0x000000ed78c00000,0x000000ed78d00000) (1024K)]
  0x00000260a64c7b50 WorkerThread "G1 Conc#0"                       [id=17540, stack(0x000000ed78d00000,0x000000ed78e00000) (1024K)]
  0x00000260c4801b70 WorkerThread "G1 Conc#1"                       [id=20060, stack(0x000000ed7ae00000,0x000000ed7af00000) (1024K)]
  0x00000260c47ff730 WorkerThread "G1 Conc#2"                       [id=15140, stack(0x000000ed7af00000,0x000000ed7b000000) (1024K)]
  0x00000260bdded950 ConcurrentGCThread "G1 Refine#0"               [id=22784, stack(0x000000ed78e00000,0x000000ed78f00000) (1024K)]
  0x00000260bddee170 ConcurrentGCThread "G1 Service"                [id=16672, stack(0x000000ed78f00000,0x000000ed79000000) (1024K)]
Total: 18

Threads with active compile tasks:
C2 CompilerThread0  3855 3759   !   4       java.lang.ClassLoader::loadClass (121 bytes)
C1 CompilerThread0  3855 4439       3       org.objectweb.asm.MethodWriter::putMethodInfo (1274 bytes)
C2 CompilerThread1  3855 4324       4       jdk.internal.jimage.ImageLocation::getFullName (109 bytes)
C2 CompilerThread2  3855 4327       4       java.lang.String::split (148 bytes)
Total: 4

VM state: not at safepoint (normal execution)

VM Mutex/Monitor currently owned by a thread: None

Heap address: 0x0000000080000000, size: 2048 MB, Compressed Oops mode: 32-bit

CDS archive(s) not mapped
Compressed class space mapped at: 0x0000000100000000-0x0000000140000000, reserved size: 1073741824
Narrow klass base: 0x0000000000000000, Narrow klass shift: 3, Narrow klass range: 0x140000000

GC Precious Log:
 CardTable entry size: 512
 Card Set container configuration: InlinePtr #cards 5 size 8 Array Of Cards #cards 12 size 40 Howl #buckets 4 coarsen threshold 1843 Howl Bitmap #cards 512 size 80 coarsen threshold 460 Card regions per heap region 1 cards per card region 2048
 CPUs: 12 total, 12 available
 Memory: 7955M
 Large Page Support: Disabled
 NUMA Support: Disabled
 Compressed Oops: Enabled (32-bit)
 Heap Region Size: 1M
 Heap Min Capacity: 8M
 Heap Initial Capacity: 126M
 Heap Max Capacity: 2G
 Pre-touch: Disabled
 Parallel Workers: 10
 Concurrent Workers: 3
 Concurrent Refinement Workers: 10
 Periodic GC: Disabled

Heap:
 garbage-first heap   total 109568K, used 70160K [0x0000000080000000, 0x0000000100000000)
  region size 1024K, 7 young (7168K), 3 survivors (3072K)
 Metaspace       used 47012K, committed 48064K, reserved 1114112K
  class space    used 6504K, committed 6976K, reserved 1048576K

Heap Regions: E=young(eden), S=young(survivor), O=old, HS=humongous(starts), HC=humongous(continues), CS=collection set, F=free, TAMS=top-at-mark-start, PB=parsable bottom
|   0|0x0000000080000000, 0x0000000080100000, 0x0000000080100000|100%|HS|  |TAMS 0x0000000080000000| PB 0x0000000080000000| Complete 
|   1|0x0000000080100000, 0x0000000080200000, 0x0000000080200000|100%|HC|  |TAMS 0x0000000080100000| PB 0x0000000080100000| Complete 
|   2|0x0000000080200000, 0x0000000080300000, 0x0000000080300000|100%|HC|  |TAMS 0x0000000080200000| PB 0x0000000080200000| Complete 
|   3|0x0000000080300000, 0x0000000080400000, 0x0000000080400000|100%| O|  |TAMS 0x0000000080300000| PB 0x0000000080300000| Untracked 
|   4|0x0000000080400000, 0x0000000080500000, 0x0000000080500000|100%| O|  |TAMS 0x0000000080400000| PB 0x0000000080400000| Untracked 
|   5|0x0000000080500000, 0x0000000080600000, 0x0000000080600000|100%| O|  |TAMS 0x0000000080500000| PB 0x0000000080500000| Untracked 
|   6|0x0000000080600000, 0x0000000080700000, 0x0000000080700000|100%|HS|  |TAMS 0x0000000080600000| PB 0x0000000080600000| Complete 
|   7|0x0000000080700000, 0x0000000080800000, 0x0000000080800000|100%| O|  |TAMS 0x0000000080700000| PB 0x0000000080700000| Untracked 
|   8|0x0000000080800000, 0x0000000080900000, 0x0000000080900000|100%| O|  |TAMS 0x0000000080800000| PB 0x0000000080800000| Untracked 
|   9|0x0000000080900000, 0x0000000080a00000, 0x0000000080a00000|100%| O|  |TAMS 0x0000000080900000| PB 0x0000000080900000| Untracked 
|  10|0x0000000080a00000, 0x0000000080b00000, 0x0000000080b00000|100%| O|  |TAMS 0x0000000080a00000| PB 0x0000000080a00000| Untracked 
|  11|0x0000000080b00000, 0x0000000080c00000, 0x0000000080c00000|100%| O|  |TAMS 0x0000000080b00000| PB 0x0000000080b00000| Untracked 
|  12|0x0000000080c00000, 0x0000000080d00000, 0x0000000080d00000|100%| O|  |TAMS 0x0000000080c00000| PB 0x0000000080c00000| Untracked 
|  13|0x0000000080d00000, 0x0000000080e00000, 0x0000000080e00000|100%| O|  |TAMS 0x0000000080d00000| PB 0x0000000080d00000| Untracked 
|  14|0x0000000080e00000, 0x0000000080f00000, 0x0000000080f00000|100%| O|  |TAMS 0x0000000080e00000| PB 0x0000000080e00000| Untracked 
|  15|0x0000000080f00000, 0x0000000081000000, 0x0000000081000000|100%| O|  |TAMS 0x0000000080f00000| PB 0x0000000080f00000| Untracked 
|  16|0x0000000081000000, 0x0000000081100000, 0x0000000081100000|100%| O|  |TAMS 0x0000000081000000| PB 0x0000000081000000| Untracked 
|  17|0x0000000081100000, 0x0000000081200000, 0x0000000081200000|100%| O|  |TAMS 0x0000000081100000| PB 0x0000000081100000| Untracked 
|  18|0x0000000081200000, 0x0000000081300000, 0x0000000081300000|100%| O|  |TAMS 0x0000000081200000| PB 0x0000000081200000| Untracked 
|  19|0x0000000081300000, 0x0000000081400000, 0x0000000081400000|100%| O|  |TAMS 0x0000000081300000| PB 0x0000000081300000| Untracked 
|  20|0x0000000081400000, 0x0000000081500000, 0x0000000081500000|100%| O|  |TAMS 0x0000000081400000| PB 0x0000000081400000| Untracked 
|  21|0x0000000081500000, 0x0000000081600000, 0x0000000081600000|100%| O|  |TAMS 0x0000000081500000| PB 0x0000000081500000| Untracked 
|  22|0x0000000081600000, 0x0000000081700000, 0x0000000081700000|100%|HS|  |TAMS 0x0000000081600000| PB 0x0000000081600000| Complete 
|  23|0x0000000081700000, 0x0000000081800000, 0x0000000081800000|100%|HC|  |TAMS 0x0000000081700000| PB 0x0000000081700000| Complete 
|  24|0x0000000081800000, 0x0000000081900000, 0x0000000081900000|100%|HC|  |TAMS 0x0000000081800000| PB 0x0000000081800000| Complete 
|  25|0x0000000081900000, 0x0000000081a00000, 0x0000000081a00000|100%|HC|  |TAMS 0x0000000081900000| PB 0x0000000081900000| Complete 
|  26|0x0000000081a00000, 0x0000000081b00000, 0x0000000081b00000|100%|HC|  |TAMS 0x0000000081a00000| PB 0x0000000081a00000| Complete 
|  27|0x0000000081b00000, 0x0000000081c00000, 0x0000000081c00000|100%|HC|  |TAMS 0x0000000081b00000| PB 0x0000000081b00000| Complete 
|  28|0x0000000081c00000, 0x0000000081d00000, 0x0000000081d00000|100%|HS|  |TAMS 0x0000000081c00000| PB 0x0000000081c00000| Complete 
|  29|0x0000000081d00000, 0x0000000081e00000, 0x0000000081e00000|100%|HS|  |TAMS 0x0000000081d00000| PB 0x0000000081d00000| Complete 
|  30|0x0000000081e00000, 0x0000000081f00000, 0x0000000081f00000|100%|HC|  |TAMS 0x0000000081e00000| PB 0x0000000081e00000| Complete 
|  31|0x0000000081f00000, 0x0000000082000000, 0x0000000082000000|100%|HC|  |TAMS 0x0000000081f00000| PB 0x0000000081f00000| Complete 
|  32|0x0000000082000000, 0x0000000082100000, 0x0000000082100000|100%|HC|  |TAMS 0x0000000082000000| PB 0x0000000082000000| Complete 
|  33|0x0000000082100000, 0x0000000082200000, 0x0000000082200000|100%|HS|  |TAMS 0x0000000082100000| PB 0x0000000082100000| Complete 
|  34|0x0000000082200000, 0x0000000082300000, 0x0000000082300000|100%|HC|  |TAMS 0x0000000082200000| PB 0x0000000082200000| Complete 
|  35|0x0000000082300000, 0x0000000082400000, 0x0000000082400000|100%|HS|  |TAMS 0x0000000082300000| PB 0x0000000082300000| Complete 
|  36|0x0000000082400000, 0x0000000082500000, 0x0000000082500000|100%|HS|  |TAMS 0x0000000082400000| PB 0x0000000082400000| Complete 
|  37|0x0000000082500000, 0x0000000082600000, 0x0000000082600000|100%|HC|  |TAMS 0x0000000082500000| PB 0x0000000082500000| Complete 
|  38|0x0000000082600000, 0x0000000082700000, 0x0000000082700000|100%|HC|  |TAMS 0x0000000082600000| PB 0x0000000082600000| Complete 
|  39|0x0000000082700000, 0x0000000082800000, 0x0000000082800000|100%|HC|  |TAMS 0x0000000082700000| PB 0x0000000082700000| Complete 
|  40|0x0000000082800000, 0x0000000082900000, 0x0000000082900000|100%|HC|  |TAMS 0x0000000082800000| PB 0x0000000082800000| Complete 
|  41|0x0000000082900000, 0x0000000082a00000, 0x0000000082a00000|100%|HC|  |TAMS 0x0000000082900000| PB 0x0000000082900000| Complete 
|  42|0x0000000082a00000, 0x0000000082b00000, 0x0000000082b00000|100%|HS|  |TAMS 0x0000000082a00000| PB 0x0000000082a00000| Complete 
|  43|0x0000000082b00000, 0x0000000082c00000, 0x0000000082c00000|100%|HS|  |TAMS 0x0000000082b00000| PB 0x0000000082b00000| Complete 
|  44|0x0000000082c00000, 0x0000000082d00000, 0x0000000082d00000|100%|HC|  |TAMS 0x0000000082c00000| PB 0x0000000082c00000| Complete 
|  45|0x0000000082d00000, 0x0000000082e00000, 0x0000000082e00000|100%|HC|  |TAMS 0x0000000082d00000| PB 0x0000000082d00000| Complete 
|  46|0x0000000082e00000, 0x0000000082f00000, 0x0000000082f00000|100%|HC|  |TAMS 0x0000000082e00000| PB 0x0000000082e00000| Complete 
|  47|0x0000000082f00000, 0x0000000083000000, 0x0000000083000000|100%|HS|  |TAMS 0x0000000082f00000| PB 0x0000000082f00000| Complete 
|  48|0x0000000083000000, 0x0000000083100000, 0x0000000083100000|100%|HC|  |TAMS 0x0000000083000000| PB 0x0000000083000000| Complete 
|  49|0x0000000083100000, 0x0000000083200000, 0x0000000083200000|100%|HS|  |TAMS 0x0000000083100000| PB 0x0000000083100000| Complete 
|  50|0x0000000083200000, 0x0000000083300000, 0x0000000083300000|100%| O|  |TAMS 0x0000000083200000| PB 0x0000000083200000| Untracked 
|  51|0x0000000083300000, 0x0000000083400000, 0x0000000083400000|100%| O|  |TAMS 0x0000000083300000| PB 0x0000000083300000| Untracked 
|  52|0x0000000083400000, 0x0000000083500000, 0x0000000083500000|100%| O|Cm|TAMS 0x0000000083400000| PB 0x0000000083400000| Complete 
|  53|0x0000000083500000, 0x0000000083600000, 0x0000000083600000|100%| O|  |TAMS 0x0000000083500000| PB 0x0000000083500000| Untracked 
|  54|0x0000000083600000, 0x0000000083700000, 0x0000000083700000|100%| O|  |TAMS 0x0000000083600000| PB 0x0000000083600000| Untracked 
|  55|0x0000000083700000, 0x0000000083800000, 0x0000000083800000|100%| O|  |TAMS 0x0000000083700000| PB 0x0000000083700000| Untracked 
|  56|0x0000000083800000, 0x0000000083900000, 0x0000000083900000|100%| O|  |TAMS 0x0000000083800000| PB 0x0000000083800000| Untracked 
|  57|0x0000000083900000, 0x0000000083a00000, 0x0000000083a00000|100%| O|  |TAMS 0x0000000083900000| PB 0x0000000083900000| Untracked 
|  58|0x0000000083a00000, 0x0000000083b00000, 0x0000000083b00000|100%| O|  |TAMS 0x0000000083a00000| PB 0x0000000083a00000| Untracked 
|  59|0x0000000083b00000, 0x0000000083bf2d60, 0x0000000083c00000| 94%| O|  |TAMS 0x0000000083b00000| PB 0x0000000083b00000| Untracked 
|  60|0x0000000083c00000, 0x0000000083c00000, 0x0000000083d00000|  0%| F|  |TAMS 0x0000000083c00000| PB 0x0000000083c00000| Untracked 
|  61|0x0000000083d00000, 0x0000000083d00000, 0x0000000083e00000|  0%| F|  |TAMS 0x0000000083d00000| PB 0x0000000083d00000| Untracked 
|  62|0x0000000083e00000, 0x0000000083e00000, 0x0000000083f00000|  0%| F|  |TAMS 0x0000000083e00000| PB 0x0000000083e00000| Untracked 
|  63|0x0000000083f00000, 0x0000000083f00000, 0x0000000084000000|  0%| F|  |TAMS 0x0000000083f00000| PB 0x0000000083f00000| Untracked 
|  64|0x0000000084000000, 0x0000000084000000, 0x0000000084100000|  0%| F|  |TAMS 0x0000000084000000| PB 0x0000000084000000| Untracked 
|  65|0x0000000084100000, 0x0000000084100000, 0x0000000084200000|  0%| F|  |TAMS 0x0000000084100000| PB 0x0000000084100000| Untracked 
|  66|0x0000000084200000, 0x0000000084200000, 0x0000000084300000|  0%| F|  |TAMS 0x0000000084200000| PB 0x0000000084200000| Untracked 
|  67|0x0000000084300000, 0x0000000084300000, 0x0000000084400000|  0%| F|  |TAMS 0x0000000084300000| PB 0x0000000084300000| Untracked 
|  68|0x0000000084400000, 0x0000000084400000, 0x0000000084500000|  0%| F|  |TAMS 0x0000000084400000| PB 0x0000000084400000| Untracked 
|  69|0x0000000084500000, 0x0000000084500000, 0x0000000084600000|  0%| F|  |TAMS 0x0000000084500000| PB 0x0000000084500000| Untracked 
|  70|0x0000000084600000, 0x0000000084600000, 0x0000000084700000|  0%| F|  |TAMS 0x0000000084600000| PB 0x0000000084600000| Untracked 
|  71|0x0000000084700000, 0x0000000084700000, 0x0000000084800000|  0%| F|  |TAMS 0x0000000084700000| PB 0x0000000084700000| Untracked 
|  72|0x0000000084800000, 0x0000000084800000, 0x0000000084900000|  0%| F|  |TAMS 0x0000000084800000| PB 0x0000000084800000| Untracked 
|  73|0x0000000084900000, 0x0000000084900000, 0x0000000084a00000|  0%| F|  |TAMS 0x0000000084900000| PB 0x0000000084900000| Untracked 
|  74|0x0000000084a00000, 0x0000000084a91440, 0x0000000084b00000| 56%| S|CS|TAMS 0x0000000084a00000| PB 0x0000000084a00000| Complete 
|  75|0x0000000084b00000, 0x0000000084c00000, 0x0000000084c00000|100%| S|CS|TAMS 0x0000000084b00000| PB 0x0000000084b00000| Complete 
|  76|0x0000000084c00000, 0x0000000084d00000, 0x0000000084d00000|100%| S|CS|TAMS 0x0000000084c00000| PB 0x0000000084c00000| Complete 
|  77|0x0000000084d00000, 0x0000000084d00000, 0x0000000084e00000|  0%| F|  |TAMS 0x0000000084d00000| PB 0x0000000084d00000| Untracked 
|  78|0x0000000084e00000, 0x0000000084e00000, 0x0000000084f00000|  0%| F|  |TAMS 0x0000000084e00000| PB 0x0000000084e00000| Untracked 
|  79|0x0000000084f00000, 0x0000000084f00000, 0x0000000085000000|  0%| F|  |TAMS 0x0000000084f00000| PB 0x0000000084f00000| Untracked 
|  80|0x0000000085000000, 0x0000000085000000, 0x0000000085100000|  0%| F|  |TAMS 0x0000000085000000| PB 0x0000000085000000| Untracked 
|  81|0x0000000085100000, 0x0000000085100000, 0x0000000085200000|  0%| F|  |TAMS 0x0000000085100000| PB 0x0000000085100000| Untracked 
|  82|0x0000000085200000, 0x0000000085200000, 0x0000000085300000|  0%| F|  |TAMS 0x0000000085200000| PB 0x0000000085200000| Untracked 
|  83|0x0000000085300000, 0x0000000085300000, 0x0000000085400000|  0%| F|  |TAMS 0x0000000085300000| PB 0x0000000085300000| Untracked 
|  84|0x0000000085400000, 0x0000000085400000, 0x0000000085500000|  0%| F|  |TAMS 0x0000000085400000| PB 0x0000000085400000| Untracked 
|  85|0x0000000085500000, 0x0000000085500000, 0x0000000085600000|  0%| F|  |TAMS 0x0000000085500000| PB 0x0000000085500000| Untracked 
|  86|0x0000000085600000, 0x0000000085600000, 0x0000000085700000|  0%| F|  |TAMS 0x0000000085600000| PB 0x0000000085600000| Untracked 
|  87|0x0000000085700000, 0x0000000085700000, 0x0000000085800000|  0%| F|  |TAMS 0x0000000085700000| PB 0x0000000085700000| Untracked 
|  88|0x0000000085800000, 0x0000000085800000, 0x0000000085900000|  0%| F|  |TAMS 0x0000000085800000| PB 0x0000000085800000| Untracked 
|  89|0x0000000085900000, 0x0000000085900000, 0x0000000085a00000|  0%| F|  |TAMS 0x0000000085900000| PB 0x0000000085900000| Untracked 
|  90|0x0000000085a00000, 0x0000000085a00000, 0x0000000085b00000|  0%| F|  |TAMS 0x0000000085a00000| PB 0x0000000085a00000| Untracked 
|  91|0x0000000085b00000, 0x0000000085b00000, 0x0000000085c00000|  0%| F|  |TAMS 0x0000000085b00000| PB 0x0000000085b00000| Untracked 
|  92|0x0000000085c00000, 0x0000000085c00000, 0x0000000085d00000|  0%| F|  |TAMS 0x0000000085c00000| PB 0x0000000085c00000| Untracked 
|  93|0x0000000085d00000, 0x0000000085d00000, 0x0000000085e00000|  0%| F|  |TAMS 0x0000000085d00000| PB 0x0000000085d00000| Untracked 
|  94|0x0000000085e00000, 0x0000000085e00000, 0x0000000085f00000|  0%| F|  |TAMS 0x0000000085e00000| PB 0x0000000085e00000| Untracked 
|  95|0x0000000085f00000, 0x0000000085f00000, 0x0000000086000000|  0%| F|  |TAMS 0x0000000085f00000| PB 0x0000000085f00000| Untracked 
|  96|0x0000000086000000, 0x0000000086000000, 0x0000000086100000|  0%| F|  |TAMS 0x0000000086000000| PB 0x0000000086000000| Untracked 
|  97|0x0000000086100000, 0x0000000086100000, 0x0000000086200000|  0%| F|  |TAMS 0x0000000086100000| PB 0x0000000086100000| Untracked 
|  98|0x0000000086200000, 0x0000000086200000, 0x0000000086300000|  0%| F|  |TAMS 0x0000000086200000| PB 0x0000000086200000| Untracked 
|  99|0x0000000086300000, 0x0000000086300000, 0x0000000086400000|  0%| F|  |TAMS 0x0000000086300000| PB 0x0000000086300000| Untracked 
| 106|0x0000000086a00000, 0x0000000086a80000, 0x0000000086b00000| 50%| E|  |TAMS 0x0000000086a00000| PB 0x0000000086a00000| Complete 
| 107|0x0000000086b00000, 0x0000000086c00000, 0x0000000086c00000|100%| E|CS|TAMS 0x0000000086b00000| PB 0x0000000086b00000| Complete 
| 108|0x0000000086c00000, 0x0000000086d00000, 0x0000000086d00000|100%| E|CS|TAMS 0x0000000086c00000| PB 0x0000000086c00000| Complete 
| 125|0x0000000087d00000, 0x0000000087e00000, 0x0000000087e00000|100%| E|CS|TAMS 0x0000000087d00000| PB 0x0000000087d00000| Complete 
|2045|0x00000000ffd00000, 0x00000000ffe00000, 0x00000000ffe00000|100%| O|  |TAMS 0x00000000ffd00000| PB 0x00000000ffd00000| Untracked 
|2046|0x00000000ffe00000, 0x00000000fff00000, 0x00000000fff00000|100%| O|  |TAMS 0x00000000ffe00000| PB 0x00000000ffe00000| Untracked 
|2047|0x00000000fff00000, 0x0000000100000000, 0x0000000100000000|100%| O|  |TAMS 0x00000000fff00000| PB 0x00000000fff00000| Untracked 

Card table byte_map: [0x00000260b8f00000,0x00000260b9300000] _byte_map_base: 0x00000260b8b00000

Marking Bits: (CMBitMap*) 0x00000260a64b5a20
 Bits: [0x00000260b9300000, 0x00000260bb300000)

Polling page: 0x00000260a42e0000

Metaspace:

Usage:
  Non-class:     39.57 MB used.
      Class:      6.35 MB used.
       Both:     45.92 MB used.

Virtual space:
  Non-class space:       64.00 MB reserved,      40.12 MB ( 63%) committed,  1 nodes.
      Class space:        1.00 GB reserved,       6.81 MB ( <1%) committed,  1 nodes.
             Both:        1.06 GB reserved,      46.94 MB (  4%) committed. 

Chunk freelists:
   Non-Class:  7.47 MB
       Class:  9.22 MB
        Both:  16.70 MB

MaxMetaspaceSize: unlimited
CompressedClassSpaceSize: 1.00 GB
Initial GC threshold: 21.00 MB
Current GC threshold: 75.88 MB
CDS: off
 - commit_granule_bytes: 65536.
 - commit_granule_words: 8192.
 - virtual_space_node_default_size: 8388608.
 - enlarge_chunks_in_place: 1.
 - use_allocation_guard: 0.


Internal statistics:

num_allocs_failed_limit: 6.
num_arena_births: 1770.
num_arena_deaths: 0.
num_vsnodes_births: 2.
num_vsnodes_deaths: 0.
num_space_committed: 751.
num_space_uncommitted: 0.
num_chunks_returned_to_freelist: 6.
num_chunks_taken_from_freelist: 3383.
num_chunk_merges: 3.
num_chunk_splits: 2171.
num_chunks_enlarged: 1340.
num_inconsistent_stats: 0.

CodeHeap 'non-profiled nmethods': size=120000Kb used=2395Kb max_used=2395Kb free=117604Kb
 bounds [0x00000260b1080000, 0x00000260b12f0000, 0x00000260b85b0000]
CodeHeap 'profiled nmethods': size=120000Kb used=7416Kb max_used=7416Kb free=112583Kb
 bounds [0x00000260a95b0000, 0x00000260a9cf0000, 0x00000260b0ae0000]
CodeHeap 'non-nmethods': size=5760Kb used=2147Kb max_used=2161Kb free=3612Kb
 bounds [0x00000260b0ae0000, 0x00000260b0d50000, 0x00000260b1080000]
CodeCache: size=245760Kb, used=11958Kb, max_used=11972Kb, free=233799Kb
 total_blobs=4568, nmethods=3877, adapters=593, full_count=0
Compilation: enabled, stopped_count=0, restarted_count=0

Compilation events (20 events):
Event: 3.807 Thread 0x00000260be15b890 4415       3       com.google.common.cache.LocalCache::discardingQueue (4 bytes)
Event: 3.807 Thread 0x00000260be15b890 nmethod 4415 0x00000260a9610a90 code [0x00000260a9610c20, 0x00000260a9610d18]
Event: 3.811 Thread 0x00000260be15b890 4416       3       java.util.regex.CharPredicates$$Lambda/0x00000001001574d8::is (9 bytes)
Event: 3.811 Thread 0x00000260be15b890 nmethod 4416 0x00000260a9cd8110 code [0x00000260a9cd82e0, 0x00000260a9cd8658]
Event: 3.811 Thread 0x00000260be15b890 4417       3       java.util.regex.CharPredicates::lambda$ctype$17 (21 bytes)
Event: 3.812 Thread 0x00000260be15b890 nmethod 4417 0x00000260a9cd8790 code [0x00000260a9cd8940, 0x00000260a9cd8c38]
Event: 3.812 Thread 0x00000260be15b890 4419       3       java.lang.invoke.InvokerBytecodeGenerator::emitImplicitConversion (161 bytes)
Event: 3.813 Thread 0x00000260be15b890 nmethod 4419 0x00000260a9cd8d90 code [0x00000260a9cd90c0, 0x00000260a9cd9e78]
Event: 3.814 Thread 0x00000260be15b890 4420       3       com.google.common.cache.LocalCache::usesAccessQueue (20 bytes)
Event: 3.814 Thread 0x00000260be15b890 nmethod 4420 0x00000260a9cda390 code [0x00000260a9cda540, 0x00000260a9cda860]
Event: 3.814 Thread 0x00000260be15b890 4421       3       java.io.WinNTFileSystem::resolve (326 bytes)
Event: 3.819 Thread 0x00000260be15b890 nmethod 4421 0x00000260a9cda990 code [0x00000260a9cdaec0, 0x00000260a9cddca8]
Event: 3.819 Thread 0x00000260be15b890 4422       3       com.google.common.cache.LongAdder::<init> (5 bytes)
Event: 3.820 Thread 0x00000260be15b890 nmethod 4422 0x00000260a9cded90 code [0x00000260a9cdef40, 0x00000260a9cdf168]
Event: 3.820 Thread 0x00000260be15b890 4423       3       com.google.common.cache.Striped64::<init> (5 bytes)
Event: 3.820 Thread 0x00000260be15b890 nmethod 4423 0x00000260a9cdf290 code [0x00000260a9cdf440, 0x00000260a9cdf608]
Event: 3.820 Thread 0x00000260be15b890 4424       3       java.util.concurrent.locks.AbstractQueuedSynchronizer$Node::<init> (5 bytes)
Event: 3.820 Thread 0x00000260be15b890 nmethod 4424 0x00000260a9cdf710 code [0x00000260a9cdf8c0, 0x00000260a9cdfa28]
Event: 3.827 Thread 0x00000260be15b890 4425       3       java.lang.invoke.MethodHandleStatics::traceLambdaForm (96 bytes)
Event: 3.827 Thread 0x00000260be15b890 nmethod 4425 0x00000260a9cdfb10 code [0x00000260a9cdfcc0, 0x00000260a9cdfe28]

GC Heap History (20 events):
Event: 0.894 GC heap before
{Heap before GC invocations=1 (full 0):
 garbage-first heap   total 129024K, used 41279K [0x0000000080000000, 0x0000000100000000)
  region size 1024K, 39 young (39936K), 3 survivors (3072K)
 Metaspace       used 12353K, committed 12544K, reserved 1114112K
  class space    used 1346K, committed 1408K, reserved 1048576K
}
Event: 0.901 GC heap after
{Heap after GC invocations=2 (full 0):
 garbage-first heap   total 129024K, used 10758K [0x0000000080000000, 0x0000000100000000)
  region size 1024K, 5 young (5120K), 5 survivors (5120K)
 Metaspace       used 12353K, committed 12544K, reserved 1114112K
  class space    used 1346K, committed 1408K, reserved 1048576K
}
Event: 1.409 GC heap before
{Heap before GC invocations=2 (full 0):
 garbage-first heap   total 129024K, used 62982K [0x0000000080000000, 0x0000000100000000)
  region size 1024K, 55 young (56320K), 5 survivors (5120K)
 Metaspace       used 16034K, committed 16256K, reserved 1114112K
  class space    used 1859K, committed 1984K, reserved 1048576K
}
Event: 1.418 GC heap after
{Heap after GC invocations=3 (full 0):
 garbage-first heap   total 129024K, used 18099K [0x0000000080000000, 0x0000000100000000)
  region size 1024K, 6 young (6144K), 6 survivors (6144K)
 Metaspace       used 16034K, committed 16256K, reserved 1114112K
  class space    used 1859K, committed 1984K, reserved 1048576K
}
Event: 1.734 GC heap before
{Heap before GC invocations=3 (full 0):
 garbage-first heap   total 129024K, used 34483K [0x0000000080000000, 0x0000000100000000)
  region size 1024K, 23 young (23552K), 6 survivors (6144K)
 Metaspace       used 21271K, committed 21504K, reserved 1114112K
  class space    used 2523K, committed 2624K, reserved 1048576K
}
Event: 1.737 GC heap after
{Heap after GC invocations=4 (full 0):
 garbage-first heap   total 129024K, used 20275K [0x0000000080000000, 0x0000000100000000)
  region size 1024K, 3 young (3072K), 3 survivors (3072K)
 Metaspace       used 21271K, committed 21504K, reserved 1114112K
  class space    used 2523K, committed 2624K, reserved 1048576K
}
Event: 2.347 GC heap before
{Heap before GC invocations=5 (full 0):
 garbage-first heap   total 71680K, used 69427K [0x0000000080000000, 0x0000000100000000)
  region size 1024K, 52 young (53248K), 3 survivors (3072K)
 Metaspace       used 29539K, committed 30016K, reserved 1114112K
  class space    used 3877K, committed 4096K, reserved 1048576K
}
Event: 2.351 GC heap after
{Heap after GC invocations=6 (full 0):
 garbage-first heap   total 76800K, used 22917K [0x0000000080000000, 0x0000000100000000)
  region size 1024K, 5 young (5120K), 5 survivors (5120K)
 Metaspace       used 29539K, committed 30016K, reserved 1114112K
  class space    used 3877K, committed 4096K, reserved 1048576K
}
Event: 2.822 GC heap before
{Heap before GC invocations=6 (full 0):
 garbage-first heap   total 76800K, used 60805K [0x0000000080000000, 0x0000000100000000)
  region size 1024K, 42 young (43008K), 5 survivors (5120K)
 Metaspace       used 34512K, committed 35328K, reserved 1114112K
  class space    used 4762K, committed 5120K, reserved 1048576K
}
Event: 2.826 GC heap after
{Heap after GC invocations=7 (full 0):
 garbage-first heap   total 76800K, used 25458K [0x0000000080000000, 0x0000000100000000)
  region size 1024K, 6 young (6144K), 6 survivors (6144K)
 Metaspace       used 34512K, committed 35328K, reserved 1114112K
  class space    used 4762K, committed 5120K, reserved 1048576K
}
Event: 2.874 GC heap before
{Heap before GC invocations=7 (full 0):
 garbage-first heap   total 76800K, used 29554K [0x0000000080000000, 0x0000000100000000)
  region size 1024K, 11 young (11264K), 6 survivors (6144K)
 Metaspace       used 35223K, committed 35968K, reserved 1114112K
  class space    used 4898K, committed 5248K, reserved 1048576K
}
Event: 2.877 GC heap after
{Heap after GC invocations=8 (full 0):
 garbage-first heap   total 76800K, used 25528K [0x0000000080000000, 0x0000000100000000)
  region size 1024K, 3 young (3072K), 3 survivors (3072K)
 Metaspace       used 35223K, committed 35968K, reserved 1114112K
  class space    used 4898K, committed 5248K, reserved 1048576K
}
Event: 3.113 GC heap before
{Heap before GC invocations=9 (full 0):
 garbage-first heap   total 76800K, used 75704K [0x0000000080000000, 0x0000000100000000)
  region size 1024K, 25 young (25600K), 3 survivors (3072K)
 Metaspace       used 37212K, committed 38144K, reserved 1114112K
  class space    used 5263K, committed 5696K, reserved 1048576K
}
Event: 3.119 GC heap after
{Heap after GC invocations=10 (full 0):
 garbage-first heap   total 86016K, used 60264K [0x0000000080000000, 0x0000000100000000)
  region size 1024K, 6 young (6144K), 6 survivors (6144K)
 Metaspace       used 37212K, committed 38144K, reserved 1114112K
  class space    used 5263K, committed 5696K, reserved 1048576K
}
Event: 3.251 GC heap before
{Heap before GC invocations=10 (full 0):
 garbage-first heap   total 86016K, used 74600K [0x0000000080000000, 0x0000000100000000)
  region size 1024K, 20 young (20480K), 6 survivors (6144K)
 Metaspace       used 39152K, committed 40064K, reserved 1114112K
  class space    used 5525K, committed 5952K, reserved 1048576K
}
Event: 3.255 GC heap after
{Heap after GC invocations=11 (full 0):
 garbage-first heap   total 103424K, used 61686K [0x0000000080000000, 0x0000000100000000)
  region size 1024K, 1 young (1024K), 1 survivors (1024K)
 Metaspace       used 39152K, committed 40064K, reserved 1114112K
  class space    used 5525K, committed 5952K, reserved 1048576K
}
Event: 3.616 GC heap before
{Heap before GC invocations=11 (full 0):
 garbage-first heap   total 103424K, used 90358K [0x0000000080000000, 0x0000000100000000)
  region size 1024K, 30 young (30720K), 1 survivors (1024K)
 Metaspace       used 45383K, committed 46336K, reserved 1114112K
  class space    used 6320K, committed 6784K, reserved 1048576K
}
Event: 3.619 GC heap after
{Heap after GC invocations=12 (full 0):
 garbage-first heap   total 103424K, used 64951K [0x0000000080000000, 0x0000000100000000)
  region size 1024K, 4 young (4096K), 4 survivors (4096K)
 Metaspace       used 45383K, committed 46336K, reserved 1114112K
  class space    used 6320K, committed 6784K, reserved 1048576K
}
Event: 3.815 GC heap before
{Heap before GC invocations=13 (full 0):
 garbage-first heap   total 109568K, used 91575K [0x0000000080000000, 0x0000000100000000)
  region size 1024K, 31 young (31744K), 4 survivors (4096K)
 Metaspace       used 46612K, committed 47552K, reserved 1114112K
  class space    used 6431K, committed 6912K, reserved 1048576K
}
Event: 3.819 GC heap after
{Heap after GC invocations=14 (full 0):
 garbage-first heap   total 109568K, used 67088K [0x0000000080000000, 0x0000000100000000)
  region size 1024K, 3 young (3072K), 3 survivors (3072K)
 Metaspace       used 46612K, committed 47552K, reserved 1114112K
  class space    used 6431K, committed 6912K, reserved 1048576K
}

Dll operation events (3 events):
Event: 0.007 Loaded shared library D:\My Profile\Programs\AndroidStudio\jbr\bin\java.dll
Event: 0.012 Loaded shared library D:\My Profile\Programs\AndroidStudio\jbr\bin\zip.dll
Event: 0.450 Loaded shared library D:\My Profile\Programs\AndroidStudio\jbr\bin\verify.dll

Deoptimization events (20 events):
Event: 3.695 Thread 0x00000260be462390 DEOPT PACKING pc=0x00000260b10f27ac sp=0x000000ed7abf6bd0
Event: 3.695 Thread 0x00000260be462390 DEOPT UNPACKING pc=0x00000260b0b37da2 sp=0x000000ed7abf6b40 mode 2
Event: 3.695 Thread 0x00000260be462390 Uncommon trap: trap_request=0xffffff6e fr.pc=0x00000260b11b3244 relative=0x0000000000000804
Event: 3.695 Thread 0x00000260be462390 Uncommon trap: reason=loop_limit_check action=maybe_recompile pc=0x00000260b11b3244 method=java.util.regex.Pattern$Start.match(Ljava/util/regex/Matcher;ILjava/lang/CharSequence;)Z @ 34 c2
Event: 3.695 Thread 0x00000260be462390 DEOPT PACKING pc=0x00000260b11b3244 sp=0x000000ed7abf67a0
Event: 3.695 Thread 0x00000260be462390 DEOPT UNPACKING pc=0x00000260b0b37da2 sp=0x000000ed7abf6710 mode 2
Event: 3.737 Thread 0x00000260be462390 DEOPT PACKING pc=0x00000260a9645a40 sp=0x000000ed7abf6510
Event: 3.737 Thread 0x00000260be462390 DEOPT UNPACKING pc=0x00000260b0b388e2 sp=0x000000ed7abf5a00 mode 0
Event: 3.738 Thread 0x00000260be462390 DEOPT PACKING pc=0x00000260a9645a40 sp=0x000000ed7abf6510
Event: 3.738 Thread 0x00000260be462390 DEOPT UNPACKING pc=0x00000260b0b388e2 sp=0x000000ed7abf5a00 mode 0
Event: 3.739 Thread 0x00000260be462390 DEOPT PACKING pc=0x00000260a9645a40 sp=0x000000ed7abf6510
Event: 3.739 Thread 0x00000260be462390 DEOPT UNPACKING pc=0x00000260b0b388e2 sp=0x000000ed7abf5a00 mode 0
Event: 3.781 Thread 0x00000260be462390 Uncommon trap: trap_request=0xffffffc6 fr.pc=0x00000260b12c2214 relative=0x00000000000007d4
Event: 3.781 Thread 0x00000260be462390 Uncommon trap: reason=bimorphic_or_optimized_type_check action=maybe_recompile pc=0x00000260b12c2214 method=java.util.regex.Pattern$Start.match(Ljava/util/regex/Matcher;ILjava/lang/CharSequence;)Z @ 44 c2
Event: 3.781 Thread 0x00000260be462390 DEOPT PACKING pc=0x00000260b12c2214 sp=0x000000ed7abf7970
Event: 3.781 Thread 0x00000260be462390 DEOPT UNPACKING pc=0x00000260b0b37da2 sp=0x000000ed7abf7868 mode 2
Event: 3.784 Thread 0x00000260be462390 Uncommon trap: trap_request=0xffffffc6 fr.pc=0x00000260b12c2214 relative=0x00000000000007d4
Event: 3.784 Thread 0x00000260be462390 Uncommon trap: reason=bimorphic_or_optimized_type_check action=maybe_recompile pc=0x00000260b12c2214 method=java.util.regex.Pattern$Start.match(Ljava/util/regex/Matcher;ILjava/lang/CharSequence;)Z @ 44 c2
Event: 3.784 Thread 0x00000260be462390 DEOPT PACKING pc=0x00000260b12c2214 sp=0x000000ed7abf7970
Event: 3.784 Thread 0x00000260be462390 DEOPT UNPACKING pc=0x00000260b0b37da2 sp=0x000000ed7abf7868 mode 2

Classes loaded (20 events):
Event: 3.699 Loading class jdk/internal/jrtfs/SystemImage$1
Event: 3.699 Loading class jdk/internal/jrtfs/SystemImage$1 done
Event: 3.700 Loading class jdk/internal/jimage/ImageReader$SharedImageReader$LocationVisitor
Event: 3.700 Loading class jdk/internal/jimage/ImageReader$SharedImageReader$LocationVisitor done
Event: 3.700 Loading class java/nio/ByteBufferAsIntBufferL
Event: 3.700 Loading class java/nio/ByteBufferAsIntBufferL done
Event: 3.702 Loading class jdk/internal/jrtfs/JrtFileAttributes
Event: 3.702 Loading class jdk/internal/jrtfs/JrtFileAttributes done
Event: 3.702 Loading class jdk/internal/jrtfs/JrtDirectoryStream
Event: 3.702 Loading class jdk/internal/jrtfs/JrtDirectoryStream done
Event: 3.702 Loading class jdk/internal/jrtfs/JrtDirectoryStream$1
Event: 3.702 Loading class jdk/internal/jrtfs/JrtDirectoryStream$1 done
Event: 3.703 Loading class java/util/function/BooleanSupplier
Event: 3.703 Loading class java/util/function/BooleanSupplier done
Event: 3.703 Loading class jdk/internal/jimage/ImageReader$Resource
Event: 3.704 Loading class jdk/internal/jimage/ImageReader$Resource done
Event: 3.763 Loading class java/util/WeakHashMap$KeyIterator
Event: 3.763 Loading class java/util/WeakHashMap$HashIterator
Event: 3.763 Loading class java/util/WeakHashMap$HashIterator done
Event: 3.763 Loading class java/util/WeakHashMap$KeyIterator done

Classes unloaded (0 events):
No events

Classes redefined (0 events):
No events

Internal exceptions (20 events):
Event: 3.595 Thread 0x00000260be462390 Exception <a 'java/lang/ClassNotFoundException'{0x00000000848c86b0}: groovy/lang/ExpandoMetaClassCustomizer> (0x00000000848c86b0) 
thrown [s\src\hotspot\share\classfile\systemDictionary.cpp, line 312]
Event: 3.768 Thread 0x00000260be462390 Exception <a 'java/lang/ClassNotFoundException'{0x00000000851e2738}: groovy/lang/BindingBeanInfo> (0x00000000851e2738) 
thrown [s\src\hotspot\share\classfile\systemDictionary.cpp, line 312]
Event: 3.768 Thread 0x00000260be462390 Exception <a 'java/lang/ClassNotFoundException'{0x00000000851ed4a8}: groovy/lang/GroovyObjectSupportBeanInfo> (0x00000000851ed4a8) 
thrown [s\src\hotspot\share\classfile\systemDictionary.cpp, line 312]
Event: 3.768 Thread 0x00000260be462390 Exception <a 'java/lang/ClassNotFoundException'{0x00000000851f8528}: groovy/lang/GroovyObjectSupportCustomizer> (0x00000000851f8528) 
thrown [s\src\hotspot\share\classfile\systemDictionary.cpp, line 312]
Event: 3.769 Thread 0x00000260be462390 Exception <a 'java/lang/ClassNotFoundException'{0x0000000085007858}: groovy/lang/BindingCustomizer> (0x0000000085007858) 
thrown [s\src\hotspot\share\classfile\systemDictionary.cpp, line 312]
Event: 3.777 Thread 0x00000260be462390 Exception <a 'java/lang/ClassNotFoundException'{0x0000000084f61620}: ijMapper1_22su61vej4v3nn7hit8w3eijuBeanInfo> (0x0000000084f61620) 
thrown [s\src\hotspot\share\classfile\systemDictionary.cpp, line 312]
Event: 3.777 Thread 0x00000260be462390 Exception <a 'java/lang/ClassNotFoundException'{0x0000000084f6c3d8}: org/gradle/initialization/InitScriptBeanInfo> (0x0000000084f6c3d8) 
thrown [s\src\hotspot\share\classfile\systemDictionary.cpp, line 312]
Event: 3.778 Thread 0x00000260be462390 Exception <a 'java/lang/ClassNotFoundException'{0x0000000084f772f0}: org/gradle/groovy/scripts/DefaultScriptBeanInfo> (0x0000000084f772f0) 
thrown [s\src\hotspot\share\classfile\systemDictionary.cpp, line 312]
Event: 3.778 Thread 0x00000260be462390 Exception <a 'java/lang/ClassNotFoundException'{0x0000000084f823f8}: org/gradle/groovy/scripts/BasicScriptBeanInfo> (0x0000000084f823f8) 
thrown [s\src\hotspot\share\classfile\systemDictionary.cpp, line 312]
Event: 3.778 Thread 0x00000260be462390 Exception <a 'java/lang/ClassNotFoundException'{0x0000000084f8d190}: org/gradle/groovy/scripts/ScriptBeanInfo> (0x0000000084f8d190) 
thrown [s\src\hotspot\share\classfile\systemDictionary.cpp, line 312]
Event: 3.778 Thread 0x00000260be462390 Exception <a 'java/lang/ClassNotFoundException'{0x0000000084f97c40}: groovy/lang/ScriptBeanInfo> (0x0000000084f97c40) 
thrown [s\src\hotspot\share\classfile\systemDictionary.cpp, line 312]
Event: 3.778 Thread 0x00000260be462390 Exception <a 'java/lang/ClassNotFoundException'{0x0000000084fa26e0}: groovy/lang/ScriptCustomizer> (0x0000000084fa26e0) 
thrown [s\src\hotspot\share\classfile\systemDictionary.cpp, line 312]
Event: 3.780 Thread 0x00000260be462390 Exception <a 'java/lang/ClassNotFoundException'{0x0000000084fb5b38}: org/gradle/groovy/scripts/ScriptCustomizer> (0x0000000084fb5b38) 
thrown [s\src\hotspot\share\classfile\systemDictionary.cpp, line 312]
Event: 3.780 Thread 0x00000260be462390 Exception <a 'java/lang/ClassNotFoundException'{0x0000000084fc7648}: org/gradle/groovy/scripts/BasicScriptCustomizer> (0x0000000084fc7648) 
thrown [s\src\hotspot\share\classfile\systemDictionary.cpp, line 312]
Event: 3.781 Thread 0x00000260be462390 Exception <a 'java/lang/ClassNotFoundException'{0x0000000084fdf750}: org/gradle/groovy/scripts/DefaultScriptCustomizer> (0x0000000084fdf750) 
thrown [s\src\hotspot\share\classfile\systemDictionary.cpp, line 312]
Event: 3.786 Thread 0x00000260be462390 Exception <a 'java/lang/ClassNotFoundException'{0x0000000084e261f8}: org/gradle/initialization/InitScriptCustomizer> (0x0000000084e261f8) 
thrown [s\src\hotspot\share\classfile\systemDictionary.cpp, line 312]
Event: 3.787 Thread 0x00000260be462390 Exception <a 'java/lang/ClassNotFoundException'{0x0000000084e36148}: ijMapper1_22su61vej4v3nn7hit8w3eijuCustomizer> (0x0000000084e36148) 
thrown [s\src\hotspot\share\classfile\systemDictionary.cpp, line 312]
Event: 3.803 Thread 0x00000260be462390 Exception <a 'java/lang/ClassNotFoundException'{0x0000000084d0d990}: org/gradle/internal/extensibility/DefaultExtraPropertiesExtensionBeanInfo> (0x0000000084d0d990) 
thrown [s\src\hotspot\share\classfile\systemDictionary.cpp, line 312]
Event: 3.803 Thread 0x00000260be462390 Exception <a 'java/lang/ClassNotFoundException'{0x0000000084d17aa8}: org/gradle/internal/extensibility/DefaultExtraPropertiesExtensionCustomizer> (0x0000000084d17aa8) 
thrown [s\src\hotspot\share\classfile\systemDictionary.cpp, line 312]
Event: 3.823 Thread 0x00000260be462390 Exception <a 'java/lang/NoSuchMethodError'{0x0000000087d55b00}: 'java.lang.Object java.lang.invoke.DirectMethodHandle$Holder.invokeSpecialIFC(java.lang.Object, java.lang.Object, java.lang.Object, java.lang.Object)'> (0x0000000087d55b00) 
thrown [s\src\hotspot\share\interpreter\linkResolver.cpp, line 784]

ZGC Phase Switch (0 events):
No events

VM Operations (20 events):
Event: 3.490 Executing VM operation: ICBufferFull
Event: 3.490 Executing VM operation: ICBufferFull done
Event: 3.505 Executing VM operation: HandshakeAllThreads (Deoptimize)
Event: 3.505 Executing VM operation: HandshakeAllThreads (Deoptimize) done
Event: 3.560 Executing VM operation: HandshakeAllThreads (Deoptimize)
Event: 3.560 Executing VM operation: HandshakeAllThreads (Deoptimize) done
Event: 3.616 Executing VM operation: G1CollectForAllocation (G1 Evacuation Pause)
Event: 3.619 Executing VM operation: G1CollectForAllocation (G1 Evacuation Pause) done
Event: 3.631 Executing VM operation: G1PauseRemark
Event: 3.634 Executing VM operation: G1PauseRemark done
Event: 3.639 Executing VM operation: G1PauseCleanup
Event: 3.640 Executing VM operation: G1PauseCleanup done
Event: 3.647 Executing VM operation: HandshakeAllThreads (Deoptimize)
Event: 3.647 Executing VM operation: HandshakeAllThreads (Deoptimize) done
Event: 3.650 Executing VM operation: HandshakeAllThreads (Deoptimize)
Event: 3.650 Executing VM operation: HandshakeAllThreads (Deoptimize) done
Event: 3.701 Executing VM operation: HandshakeAllThreads (Deoptimize)
Event: 3.701 Executing VM operation: HandshakeAllThreads (Deoptimize) done
Event: 3.815 Executing VM operation: G1CollectForAllocation (G1 Evacuation Pause)
Event: 3.819 Executing VM operation: G1CollectForAllocation (G1 Evacuation Pause) done

Memory protections (0 events):
No events

Nmethod flushes (20 events):
Event: 3.634 Thread 0x00000260bdf3dc30 flushing  nmethod 0x00000260a9901690
Event: 3.634 Thread 0x00000260bdf3dc30 flushing  nmethod 0x00000260a9aa5510
Event: 3.634 Thread 0x00000260bdf3dc30 flushing  nmethod 0x00000260a9aa8a90
Event: 3.634 Thread 0x00000260bdf3dc30 flushing  nmethod 0x00000260a9bdf590
Event: 3.634 Thread 0x00000260bdf3dc30 flushing  nmethod 0x00000260b11b7c90
Event: 3.634 Thread 0x00000260bdf3dc30 flushing  nmethod 0x00000260b11b8590
Event: 3.634 Thread 0x00000260bdf3dc30 flushing  nmethod 0x00000260a95b4f90
Event: 3.634 Thread 0x00000260bdf3dc30 flushing  nmethod 0x00000260a96b5c10
Event: 3.634 Thread 0x00000260bdf3dc30 flushing  nmethod 0x00000260a971bb90
Event: 3.634 Thread 0x00000260bdf3dc30 flushing  nmethod 0x00000260a9746110
Event: 3.634 Thread 0x00000260bdf3dc30 flushing  nmethod 0x00000260a9746890
Event: 3.634 Thread 0x00000260bdf3dc30 flushing  nmethod 0x00000260a974a710
Event: 3.634 Thread 0x00000260bdf3dc30 flushing  nmethod 0x00000260a974c710
Event: 3.634 Thread 0x00000260bdf3dc30 flushing  nmethod 0x00000260a97acc90
Event: 3.634 Thread 0x00000260bdf3dc30 flushing  nmethod 0x00000260a98a2090
Event: 3.634 Thread 0x00000260bdf3dc30 flushing  nmethod 0x00000260a98e4010
Event: 3.634 Thread 0x00000260bdf3dc30 flushing  nmethod 0x00000260a9933b10
Event: 3.634 Thread 0x00000260bdf3dc30 flushing  nmethod 0x00000260a9934710
Event: 3.634 Thread 0x00000260bdf3dc30 flushing  nmethod 0x00000260a9984410
Event: 3.634 Thread 0x00000260bdf3dc30 flushing  nmethod 0x00000260a9a37c10

Events (20 events):
Event: 2.031 Thread 0x00000260be462390 Thread added: 0x00000260c47a83a0
Event: 2.388 Thread 0x00000260be15b890 Thread added: 0x00000260c667d0a0
Event: 2.681 Thread 0x00000260be462390 Thread added: 0x00000260c47a6960
Event: 2.692 Thread 0x00000260be462390 Thread added: 0x00000260c47a8a30
Event: 2.853 Thread 0x00000260be462390 Thread added: 0x00000260c47a90c0
Event: 2.857 Thread 0x00000260be462390 Thread added: 0x00000260c47a5c40
Event: 2.920 Thread 0x00000260be462390 Thread added: 0x00000260c47a9750
Event: 2.920 Thread 0x00000260be462390 Thread added: 0x00000260c47a62d0
Event: 2.920 Thread 0x00000260be462390 Thread added: 0x00000260c47aab00
Event: 2.920 Thread 0x00000260be462390 Thread added: 0x00000260c47a9de0
Event: 2.920 Thread 0x00000260be462390 Thread added: 0x00000260c47ab190
Event: 2.920 Thread 0x00000260be462390 Thread added: 0x00000260c47ab820
Event: 2.920 Thread 0x00000260be462390 Thread added: 0x00000260c47aa470
Event: 2.920 Thread 0x00000260be462390 Thread added: 0x00000260c47abeb0
Event: 2.920 Thread 0x00000260be462390 Thread added: 0x00000260c4b2c730
Event: 2.920 Thread 0x00000260be462390 Thread added: 0x00000260c4b29fd0
Event: 2.920 Thread 0x00000260be462390 Thread added: 0x00000260c4b2a660
Event: 2.920 Thread 0x00000260be462390 Thread added: 0x00000260c4b2acf0
Event: 3.814 Thread 0x00000260be462390 Thread added: 0x00000260c4b2e170
Event: 3.835 Thread 0x00000260be462390 Thread added: 0x00000260c4b2d450


Dynamic libraries:
0x00007ff742750000 - 0x00007ff74275a000 	D:\My Profile\Programs\AndroidStudio\jbr\bin\java.exe
0x00007ffd387a0000 - 0x00007ffd38a08000 	C:\WINDOWS\SYSTEM32\ntdll.dll
0x00007ffd37010000 - 0x00007ffd370d9000 	C:\WINDOWS\System32\KERNEL32.DLL
0x00007ffd358f0000 - 0x00007ffd35ce8000 	C:\WINDOWS\System32\KERNELBASE.dll
0x00007ffd35db0000 - 0x00007ffd35efb000 	C:\WINDOWS\System32\ucrtbase.dll
0x00007ffd2dc30000 - 0x00007ffd2dc4b000 	D:\My Profile\Programs\AndroidStudio\jbr\bin\VCRUNTIME140.dll
0x00007ffd2db10000 - 0x00007ffd2db28000 	D:\My Profile\Programs\AndroidStudio\jbr\bin\jli.dll
0x00007ffd366e0000 - 0x00007ffd368a7000 	C:\WINDOWS\System32\USER32.dll
0x00007ffd36250000 - 0x00007ffd36277000 	C:\WINDOWS\System32\win32u.dll
0x00007ffd1efc0000 - 0x00007ffd1f254000 	C:\WINDOWS\WinSxS\amd64_microsoft.windows.common-controls_6595b64144ccf1df_6.0.26100.7019_none_3e06ffa0e335b8a8\COMCTL32.dll
0x00007ffd38470000 - 0x00007ffd3849b000 	C:\WINDOWS\System32\GDI32.dll
0x00007ffd37660000 - 0x00007ffd37709000 	C:\WINDOWS\System32\msvcrt.dll
0x00007ffd35f00000 - 0x00007ffd3602c000 	C:\WINDOWS\System32\gdi32full.dll
0x00007ffd36280000 - 0x00007ffd36323000 	C:\WINDOWS\System32\msvcp_win.dll
0x00007ffd38430000 - 0x00007ffd38461000 	C:\WINDOWS\System32\IMM32.DLL
0x00007ffd2db60000 - 0x00007ffd2db6c000 	D:\My Profile\Programs\AndroidStudio\jbr\bin\vcruntime140_1.dll
0x00007ffd0bed0000 - 0x00007ffd0bf5d000 	D:\My Profile\Programs\AndroidStudio\jbr\bin\msvcp140.dll
0x00007ffcba130000 - 0x00007ffcbadc6000 	D:\My Profile\Programs\AndroidStudio\jbr\bin\server\jvm.dll
0x00007ffd37d60000 - 0x00007ffd37e14000 	C:\WINDOWS\System32\ADVAPI32.dll
0x00007ffd38020000 - 0x00007ffd380c6000 	C:\WINDOWS\System32\sechost.dll
0x00007ffd371b0000 - 0x00007ffd372c8000 	C:\WINDOWS\System32\RPCRT4.dll
0x00007ffd383a0000 - 0x00007ffd38414000 	C:\WINDOWS\System32\WS2_32.dll
0x00007ffd344e0000 - 0x00007ffd3453e000 	C:\WINDOWS\SYSTEM32\POWRPROF.dll
0x00007ffd2a1b0000 - 0x00007ffd2a1bb000 	C:\WINDOWS\SYSTEM32\VERSION.dll
0x00007ffd27350000 - 0x00007ffd27385000 	C:\WINDOWS\SYSTEM32\WINMM.dll
0x00007ffd344c0000 - 0x00007ffd344d4000 	C:\WINDOWS\SYSTEM32\UMPDC.dll
0x00007ffd347a0000 - 0x00007ffd347bb000 	C:\WINDOWS\SYSTEM32\kernel.appcore.dll
0x00007ffd2dae0000 - 0x00007ffd2daea000 	D:\My Profile\Programs\AndroidStudio\jbr\bin\jimage.dll
0x00007ffd33020000 - 0x00007ffd33262000 	C:\WINDOWS\SYSTEM32\DBGHELP.DLL
0x00007ffd372d0000 - 0x00007ffd3765b000 	C:\WINDOWS\System32\combase.dll
0x00007ffd380d0000 - 0x00007ffd381a7000 	C:\WINDOWS\System32\OLEAUT32.dll
0x00007ffd08440000 - 0x00007ffd0847c000 	C:\WINDOWS\SYSTEM32\dbgcore.DLL
0x00007ffd361a0000 - 0x00007ffd36245000 	C:\WINDOWS\System32\bcryptPrimitives.dll
0x00007ffd2db00000 - 0x00007ffd2db0e000 	D:\My Profile\Programs\AndroidStudio\jbr\bin\instrument.dll
0x00007ffd2dac0000 - 0x00007ffd2dae0000 	D:\My Profile\Programs\AndroidStudio\jbr\bin\java.dll
0x00007ffd2beb0000 - 0x00007ffd2bec8000 	D:\My Profile\Programs\AndroidStudio\jbr\bin\zip.dll
0x00007ffd368b0000 - 0x00007ffd37001000 	C:\WINDOWS\System32\SHELL32.dll
0x00007ffd36030000 - 0x00007ffd3619b000 	C:\WINDOWS\System32\wintypes.dll
0x00007ffd33510000 - 0x00007ffd33d6d000 	C:\WINDOWS\SYSTEM32\windows.storage.dll
0x00007ffd37e20000 - 0x00007ffd37f12000 	C:\WINDOWS\System32\SHCORE.dll
0x00007ffd37140000 - 0x00007ffd371a7000 	C:\WINDOWS\System32\shlwapi.dll
0x00007ffd35810000 - 0x00007ffd35839000 	C:\WINDOWS\SYSTEM32\profapi.dll
0x00007ffd2c4a0000 - 0x00007ffd2c4b0000 	D:\My Profile\Programs\AndroidStudio\jbr\bin\net.dll
0x00007ffd2b5b0000 - 0x00007ffd2b6d8000 	C:\WINDOWS\SYSTEM32\WINHTTP.dll
0x00007ffd34d40000 - 0x00007ffd34dab000 	C:\WINDOWS\system32\mswsock.dll
0x00007ffd2be90000 - 0x00007ffd2bea6000 	D:\My Profile\Programs\AndroidStudio\jbr\bin\nio.dll
0x00007ffd0c920000 - 0x00007ffd0c930000 	D:\My Profile\Programs\AndroidStudio\jbr\bin\verify.dll
0x00007ffd06c10000 - 0x00007ffd06c37000 	C:\Users\User\.gradle\native\1def1411415f61bf3af743bc5b6707747c0891f09f0c88961ee8f79bc544acac\windows-amd64\native-platform.dll
0x00007ffd040e0000 - 0x00007ffd04158000 	C:\Users\User\.gradle\native\0.2.7\x86_64-windows-gnu\gradle-fileevents.dll
0x00007ffd2be80000 - 0x00007ffd2be89000 	D:\My Profile\Programs\AndroidStudio\jbr\bin\management.dll
0x00007ffd0c940000 - 0x00007ffd0c94b000 	D:\My Profile\Programs\AndroidStudio\jbr\bin\management_ext.dll
0x00007ffd38590000 - 0x00007ffd38598000 	C:\WINDOWS\System32\PSAPI.DLL
0x00007ffd340f0000 - 0x00007ffd34124000 	C:\WINDOWS\SYSTEM32\IPHLPAPI.DLL
0x00007ffd38420000 - 0x00007ffd3842a000 	C:\WINDOWS\System32\NSI.dll
0x00007ffd2bf30000 - 0x00007ffd2bf39000 	D:\My Profile\Programs\AndroidStudio\jbr\bin\extnet.dll
0x00007ffd35000000 - 0x00007ffd3501b000 	C:\WINDOWS\SYSTEM32\CRYPTSP.dll
0x00007ffd34700000 - 0x00007ffd3473a000 	C:\WINDOWS\system32\rsaenh.dll
0x00007ffd34df0000 - 0x00007ffd34e1b000 	C:\WINDOWS\SYSTEM32\USERENV.dll
0x00007ffd357e0000 - 0x00007ffd3580a000 	C:\WINDOWS\SYSTEM32\bcrypt.dll
0x00007ffd35020000 - 0x00007ffd3502c000 	C:\WINDOWS\SYSTEM32\CRYPTBASE.dll
0x00007ffc84ad0000 - 0x00007ffc84ad8000 	C:\WINDOWS\system32\wshunix.dll

JVMTI agents:
C:\Users\User\.gradle\wrapper\dists\gradle-8.13-bin\5xuhj0ry160q40clulazy9h7d\gradle-8.13\lib\agents\gradle-instrumentation-agent-8.13.jar path:D:\My Profile\Programs\AndroidStudio\jbr\bin\instrument.dll, loaded, initialized, instrumentlib options:none

dbghelp: loaded successfully - version: 4.0.5 - missing functions: none
symbol engine: initialized successfully - sym options: 0x614 - pdb path: .;D:\My Profile\Programs\AndroidStudio\jbr\bin;C:\WINDOWS\SYSTEM32;C:\WINDOWS\WinSxS\amd64_microsoft.windows.common-controls_6595b64144ccf1df_6.0.26100.7019_none_3e06ffa0e335b8a8;D:\My Profile\Programs\AndroidStudio\jbr\bin\server;C:\Users\User\.gradle\native\1def1411415f61bf3af743bc5b6707747c0891f09f0c88961ee8f79bc544acac\windows-amd64;C:\Users\User\.gradle\native\0.2.7\x86_64-windows-gnu

VM Arguments:
jvm_args: --add-opens=java.base/java.lang=ALL-UNNAMED --add-opens=java.base/java.lang.invoke=ALL-UNNAMED --add-opens=java.base/java.util=ALL-UNNAMED --add-opens=java.prefs/java.util.prefs=ALL-UNNAMED --add-exports=jdk.compiler/com.sun.tools.javac.api=ALL-UNNAMED --add-exports=jdk.compiler/com.sun.tools.javac.util=ALL-UNNAMED --add-opens=java.base/java.util=ALL-UNNAMED --add-opens=java.prefs/java.util.prefs=ALL-UNNAMED --add-opens=java.base/java.nio.charset=ALL-UNNAMED --add-opens=java.base/java.net=ALL-UNNAMED --add-opens=java.base/java.util.concurrent.atomic=ALL-UNNAMED --add-opens=java.xml/javax.xml.namespace=ALL-UNNAMED -Xmx2048m -Dfile.encoding=UTF-8 -Duser.country=UA -Duser.language=uk -Duser.variant -javaagent:C:\Users\User\.gradle\wrapper\dists\gradle-8.13-bin\5xuhj0ry160q40clulazy9h7d\gradle-8.13\lib\agents\gradle-instrumentation-agent-8.13.jar 
java_command: org.gradle.launcher.daemon.bootstrap.GradleDaemon 8.13
java_class_path (initial): C:\Users\User\.gradle\wrapper\dists\gradle-8.13-bin\5xuhj0ry160q40clulazy9h7d\gradle-8.13\lib\gradle-daemon-main-8.13.jar
Launcher Type: SUN_STANDARD

[Global flags]
     intx CICompilerCount                          = 4                                         {product} {ergonomic}
     uint ConcGCThreads                            = 3                                         {product} {ergonomic}
     uint G1ConcRefinementThreads                  = 10                                        {product} {ergonomic}
   size_t G1HeapRegionSize                         = 1048576                                   {product} {ergonomic}
    uintx GCDrainStackTargetSize                   = 64                                        {product} {ergonomic}
   size_t InitialHeapSize                          = 132120576                                 {product} {ergonomic}
   size_t MarkStackSize                            = 4194304                                   {product} {ergonomic}
   size_t MaxHeapSize                              = 2147483648                                {product} {command line}
   size_t MaxNewSize                               = 1287651328                                {product} {ergonomic}
   size_t MinHeapDeltaBytes                        = 1048576                                   {product} {ergonomic}
   size_t MinHeapSize                              = 8388608                                   {product} {ergonomic}
    uintx NonNMethodCodeHeapSize                   = 5839372                                {pd product} {ergonomic}
    uintx NonProfiledCodeHeapSize                  = 122909434                              {pd product} {ergonomic}
    uintx ProfiledCodeHeapSize                     = 122909434                              {pd product} {ergonomic}
    uintx ReservedCodeCacheSize                    = 251658240                              {pd product} {ergonomic}
     bool SegmentedCodeCache                       = true                                      {product} {ergonomic}
   size_t SoftMaxHeapSize                          = 2147483648                             {manageable} {ergonomic}
     bool UseCompressedOops                        = true                           {product lp64_product} {ergonomic}
     bool UseG1GC                                  = true                                      {product} {ergonomic}
     bool UseLargePagesIndividualAllocation        = false                                  {pd product} {ergonomic}

Logging:
Log output configuration:
 #0: stdout all=warning uptime,level,tags foldmultilines=false
 #1: stderr all=off uptime,level,tags foldmultilines=false

Environment Variables:
JAVA_HOME=D:\My Profile\Programs\Java HOME\graalvm-jdk-22.0.2+9.1
PATH=C:\Program Files\Common Files\Oracle\Java\javapath;C:\Program Files (x86)\Common Files\Oracle\Java\javapath;C:\ProgramData\Oracle\Java\javapath;C:\Windows\system32;C:\Windows;C:\Windows\System32\Wbem;C:\Windows\System32\WindowsPowerShell\v1.0\;C:\Windows\System32\OpenSSH\;C:\Program Files (x86)\NVIDIA Corporation\PhysX\Common;C:\WINDOWS\system32;C:\WINDOWS;C:\WINDOWS\System32\Wbem;C:\WINDOWS\System32\WindowsPowerShell\v1.0\;C:\WINDOWS\System32\OpenSSH\;C:\Program Files\dotnet\;C:\Program Files\NVIDIA Corporation\NVIDIA app\NvDLISR;D:\My Profile\Programs\Java HOME\graalvm-jdk-22.0.2+9.1\bin;C:\Program Files\Git\cmd;C:\Users\User\AppData\Local\Programs\Python\Launcher\;C:\Users\User\AppData\Local\Microsoft\WindowsApps;;C:\Users\User\AppData\Roaming\Programs\Zero Install
USERNAME=User
OS=Windows_NT
PROCESSOR_IDENTIFIER=Intel64 Family 6 Model 141 Stepping 1, GenuineIntel
TMP=C:\Users\User\AppData\Local\Temp
TEMP=C:\Users\User\AppData\Local\Temp




Periodic native trim disabled

JNI global refs:
JNI global refs: 27, weak refs: 0

JNI global refs memory usage: 835, weak refs: 833

Process memory usage:
Resident Set Size: 293576K (3% of 8146232K total physical memory with 759000K free physical memory)

OOME stack traces (most recent first):
Classloader memory used:
Loader org.gradle.internal.classloader.VisitableURLClassLoader                         : 21649K
Loader bootstrap                                                                       : 20857K
Loader org.gradle.initialization.MixInLegacyTypesClassLoader                           : 2915K
Loader org.gradle.internal.classloader.VisitableURLClassLoader                         : 739K
Loader jdk.internal.loader.ClassLoaders$PlatformClassLoader                            : 528K
Loader jdk.internal.loader.ClassLoaders$AppClassLoader                                 : 235K
Loader jdk.internal.reflect.DelegatingClassLoader                                      : 158K
Loader org.gradle.groovy.scripts.internal.DefaultScriptCompilationHandler$ScriptClassLoader: 6400B

Classes loaded by more than one classloader:
Class org.gradle.api.GradleException                                                  : loaded 3 times (x 82B)
Class org.gradle.internal.classloader.FilteringClassLoader                            : loaded 2 times (x 105B)
Class org.gradle.internal.classloader.ClassLoaderHierarchy                            : loaded 2 times (x 70B)
Class org.gradle.api.internal.classpath.ManifestUtil                                  : loaded 2 times (x 71B)
Class org.gradle.internal.operations.MultipleBuildOperationFailures                   : loaded 2 times (x 95B)
Class org.gradle.internal.classloader.DefaultClassLoaderFactory                       : loaded 2 times (x 82B)
Class org.gradle.internal.classloader.ClassLoaderVisitor                              : loaded 2 times (x 76B)
Class org.gradle.api.internal.classpath.EffectiveClassPath                            : loaded 2 times (x 90B)
Class org.gradle.api.internal.DefaultClassPathProvider                                : loaded 2 times (x 76B)
Class [Lorg.gradle.api.internal.ClassPathProvider;                                    : loaded 2 times (x 69B)
Class org.gradle.api.internal.ClassPathProvider                                       : loaded 2 times (x 70B)
Class org.gradle.internal.service.UnknownServiceException                             : loaded 2 times (x 83B)
Class org.gradle.internal.classpath.TransformedClassPath                              : loaded 2 times (x 96B)
Class org.gradle.internal.classloader.InstrumentingClassLoader                        : loaded 2 times (x 70B)
Class org.gradle.internal.service.ServiceLocator                                      : loaded 2 times (x 70B)
Class org.gradle.internal.InternalTransformer                                         : loaded 2 times (x 70B)
Class org.gradle.internal.time.DefaultTimer                                           : loaded 2 times (x 80B)
Class org.gradle.internal.classloader.ClasspathUtil$1                                 : loaded 2 times (x 76B)
Class org.gradle.api.internal.classpath.DefaultModuleRegistry$DefaultModule           : loaded 2 times (x 86B)
Class org.gradle.internal.time.DefaultCountdownTimer                                  : loaded 2 times (x 88B)
Class kotlin.Function                                                                 : loaded 2 times (x 70B)
Class org.gradle.api.internal.classpath.Module                                        : loaded 2 times (x 70B)
Class org.gradle.api.internal.classpath.UnknownModuleException                        : loaded 2 times (x 82B)
Class org.gradle.api.internal.DefaultClassPathRegistry                                : loaded 2 times (x 76B)
Class org.gradle.api.internal.ClassPathRegistry                                       : loaded 2 times (x 70B)
Class org.gradle.internal.classpath.DefaultClassPath$ImmutableUniqueList              : loaded 2 times (x 199B)
Class org.gradle.internal.classpath.ClassPath                                         : loaded 2 times (x 70B)
Class org.gradle.api.UncheckedIOException                                             : loaded 2 times (x 82B)
Class kotlin.UninitializedPropertyAccessException                                     : loaded 2 times (x 82B)
Class org.gradle.internal.installation.GradleInstallation$1                           : loaded 2 times (x 75B)
Class org.gradle.api.internal.classpath.ModuleRegistry                                : loaded 2 times (x 70B)
Class org.gradle.api.internal.classpath.DefaultModuleRegistry                         : loaded 2 times (x 86B)
Class org.gradle.internal.time.MonotonicClock                                         : loaded 2 times (x 77B)
Class org.gradle.internal.service.ServiceLookupException                              : loaded 2 times (x 82B)
Class org.gradle.internal.classloader.ClassLoaderFactory                              : loaded 2 times (x 70B)
Class org.gradle.internal.service.CachingServiceLocator                               : loaded 2 times (x 82B)
Class org.gradle.internal.time.TimeSource                                             : loaded 2 times (x 70B)
Class org.gradle.internal.exceptions.ResolutionProvider                               : loaded 2 times (x 70B)
Class org.gradle.internal.classloader.ClasspathUtil                                   : loaded 2 times (x 71B)
Class org.gradle.internal.time.TimeSource$1                                           : loaded 2 times (x 77B)
Class org.gradle.api.specs.Spec                                                       : loaded 2 times (x 70B)
Class org.gradle.internal.time.Clock                                                  : loaded 2 times (x 70B)
Class org.gradle.internal.classloader.VisitableURLClassLoader$InstrumentingVisitableURLClassLoader: loaded 2 times (x 123B)
Class org.gradle.internal.classloader.VisitableURLClassLoader$Spec                    : loaded 2 times (x 74B)
Class org.gradle.internal.classpath.DefaultClassPath                                  : loaded 2 times (x 90B)
Class org.gradle.internal.classloader.ClassLoaderSpec                                 : loaded 2 times (x 71B)
Class org.gradle.internal.classloader.VisitableURLClassLoader                         : loaded 2 times (x 117B)
Class org.gradle.internal.Cast                                                        : loaded 2 times (x 71B)
Class org.gradle.api.Action                                                           : loaded 2 times (x 70B)
Class kotlin.jvm.functions.Function1                                                  : loaded 2 times (x 70B)
Class org.gradle.internal.classpath.DefaultClassPath$ImmutableUniqueList$Builder      : loaded 2 times (x 75B)
Class kotlin.NotImplementedError                                                      : loaded 2 times (x 82B)
Class org.gradle.internal.exceptions.NonGradleCauseExceptionsHolder                   : loaded 2 times (x 70B)
Class org.gradle.internal.IoActions                                                   : loaded 2 times (x 71B)
Class org.gradle.internal.classloader.SystemClassLoaderSpec                           : loaded 2 times (x 71B)
Class org.gradle.internal.exceptions.MultiCauseException                              : loaded 2 times (x 70B)
Class org.gradle.internal.time.CountdownTimer                                         : loaded 2 times (x 70B)
Class kotlin.jvm.internal.Intrinsics                                                  : loaded 2 times (x 71B)
Class org.gradle.tooling.model.ProjectModel                                           : loaded 2 times (x 70B)
Class kotlin.KotlinNullPointerException                                               : loaded 2 times (x 83B)
Class org.gradle.internal.exceptions.DefaultMultiCauseException                       : loaded 2 times (x 95B)
Class org.gradle.internal.time.Time                                                   : loaded 2 times (x 71B)
Class org.gradle.api.internal.classpath.GlobalCacheRootsProvider                      : loaded 2 times (x 70B)
Class org.gradle.internal.time.Timer                                                  : loaded 2 times (x 70B)
Class org.gradle.internal.installation.CurrentGradleInstallationLocator               : loaded 2 times (x 71B)
Class org.gradle.internal.service.DefaultServiceLocator                               : loaded 2 times (x 83B)
Class org.gradle.util.GradleVersion                                                   : loaded 2 times (x 79B)
Class org.gradle.internal.installation.CurrentGradleInstallation                      : loaded 2 times (x 73B)
Class org.gradle.util.internal.GUtil                                                  : loaded 2 times (x 71B)
Class org.gradle.internal.installation.GradleInstallation                             : loaded 2 times (x 75B)

---------------  S Y S T E M  ---------------

OS:
 Windows 11 , 64 bit Build 26100 (10.0.26100.7019)
OS uptime: 0 days 2:13 hours
Hyper-V role detected

CPU: total 12 (initial active 12) (6 cores per cpu, 2 threads per core) family 6 model 141 stepping 1 microcode 0x3c, cx8, cmov, fxsr, ht, mmx, 3dnowpref, sse, sse2, sse3, ssse3, sse4.1, sse4.2, popcnt, lzcnt, tsc, tscinvbit, avx, avx2, aes, erms, clmul, bmi1, bmi2, adx, avx512f, avx512dq, avx512cd, avx512bw, avx512vl, sha, fma, vzeroupper, avx512_vpopcntdq, avx512_vpclmulqdq, avx512_vaes, avx512_vnni, clflush, clflushopt, clwb, avx512_vbmi2, avx512_vbmi, hv, rdtscp, rdpid, fsrm, gfni, avx512_bitalg, f16c, cet_ibt, cet_ss, avx512_ifma
Processor Information for the first 12 processors :
  Max Mhz: 2688, Current Mhz: 2688, Mhz Limit: 2688

Memory: 4k page, system-wide physical 7955M (741M free)
TotalPageFile size 16983M (AvailPageFile size 17M)
current process WorkingSet (physical memory assigned to process): 288M, peak: 298M
current process commit charge ("private bytes"): 327M, peak: 338M

vm_info: OpenJDK 64-Bit Server VM (21.0.8+-14018985-b1038.68) for windows-amd64 JRE (21.0.8+-14018985-b1038.68), built on 2025-08-29T19:56:34Z by "builder" with MS VC++ 16.10 / 16.11 (VS2019)

END.
