#
# There is insufficient memory for the Java Runtime Environment to continue.
# Native memory allocation (malloc) failed to allocate 1632064 bytes. Error detail: Chunk::new
# Possible reasons:
#   The system is out of physical RAM or swap space
#   This process is running with CompressedOops enabled, and the Java Heap may be blocking the growth of the native heap
# Possible solutions:
#   Reduce memory load on the system
#   Increase physical memory or swap space
#   Check if swap backing store is full
#   Decrease Java heap size (-Xmx/-Xms)
#   Decrease number of Java threads
#   Decrease Java thread stack sizes (-Xss)
#   Set larger code cache with -XX:ReservedCodeCacheSize=
#   JVM is running with Unscaled Compressed Oops mode in which the Java heap is
#     placed in the first 4GB address space. The Java Heap base address is the
#     maximum limit for the native heap growth. Please use -XX:HeapBaseMinAddress
#     to set the Java Heap base and to place the Java Heap above 4GB virtual address.
# This output file may be truncated or incomplete.
#
#  Out of Memory Error (arena.cpp:168), pid=9720, tid=21856
#
# JRE version: OpenJDK Runtime Environment (21.0.8) (build 21.0.8+-14018985-b1038.68)
# Java VM: OpenJDK 64-Bit Server VM (21.0.8+-14018985-b1038.68, mixed mode, tiered, compressed oops, compressed class ptrs, g1 gc, windows-amd64)
# No core dump will be written. Minidumps are not enabled by default on client versions of Windows
#

---------------  S U M M A R Y ------------

Command Line: --add-opens=java.base/java.lang=ALL-UNNAMED --add-opens=java.base/java.lang.invoke=ALL-UNNAMED --add-opens=java.base/java.util=ALL-UNNAMED --add-opens=java.prefs/java.util.prefs=ALL-UNNAMED --add-exports=jdk.compiler/com.sun.tools.javac.api=ALL-UNNAMED --add-exports=jdk.compiler/com.sun.tools.javac.util=ALL-UNNAMED --add-opens=java.base/java.util=ALL-UNNAMED --add-opens=java.prefs/java.util.prefs=ALL-UNNAMED --add-opens=java.base/java.nio.charset=ALL-UNNAMED --add-opens=java.base/java.net=ALL-UNNAMED --add-opens=java.base/java.util.concurrent.atomic=ALL-UNNAMED --add-opens=java.xml/javax.xml.namespace=ALL-UNNAMED -Xmx2048m -Dfile.encoding=UTF-8 -Duser.country=UA -Duser.language=uk -Duser.variant -javaagent:C:\Users\User\.gradle\wrapper\dists\gradle-8.13-bin\5xuhj0ry160q40clulazy9h7d\gradle-8.13\lib\agents\gradle-instrumentation-agent-8.13.jar org.gradle.launcher.daemon.bootstrap.GradleDaemon 8.13

Host: 11th Gen Intel(R) Core(TM) i5-11400H @ 2.70GHz, 12 cores, 7G,  Windows 11 , 64 bit Build 26100 (10.0.26100.7019)
Time: Tue Nov 11 23:56:03 2025 elapsed time: 5.777578 seconds (0d 0h 0m 5s)

---------------  T H R E A D  ---------------

Current thread (0x0000021b964648e0):  JavaThread "C2 CompilerThread1" daemon [_thread_in_native, id=21856, stack(0x000000e2bdd00000,0x000000e2bde00000) (1024K)]


Current CompileTask:
C2:5777 4051       4       java.lang.String::split (148 bytes)

Stack: [0x000000e2bdd00000,0x000000e2bde00000]
Native frames: (J=compiled Java code, j=interpreted, Vv=VM code, C=native code)
V  [jvm.dll+0x6d68d9]
V  [jvm.dll+0x866693]
V  [jvm.dll+0x868c4e]
V  [jvm.dll+0x869333]
V  [jvm.dll+0x280566]
V  [jvm.dll+0xc07cd]
V  [jvm.dll+0xc0d03]
V  [jvm.dll+0x3b961b]
V  [jvm.dll+0x385507]
V  [jvm.dll+0x38497a]
V  [jvm.dll+0x249252]
V  [jvm.dll+0x248821]
V  [jvm.dll+0x1c73a4]
V  [jvm.dll+0x257f9e]
V  [jvm.dll+0x2564e6]
V  [jvm.dll+0x3f4696]
V  [jvm.dll+0x80eac8]
V  [jvm.dll+0x6d512d]
C  [ucrtbase.dll+0x37b0]
C  [KERNEL32.DLL+0x2e8d7]
C  [ntdll.dll+0x8c53c]


---------------  P R O C E S S  ---------------

Threads class SMR info:
_java_thread_list=0x0000021b9c9ee080, length=32, elements={
0x0000021bfde71450, 0x0000021b96119a40, 0x0000021b961286a0, 0x0000021b9611d0e0,
0x0000021b9611e000, 0x0000021b9611e670, 0x0000021b961374a0, 0x0000021b9614c600,
0x0000021b9612a8b0, 0x0000021b96154160, 0x0000021b9614d320, 0x0000021b964648e0,
0x0000021b9614e6d0, 0x0000021b9614d9b0, 0x0000021b9614e040, 0x0000021b9614ed60,
0x0000021b9614bf70, 0x0000021b9614cc90, 0x0000021b9c3220c0, 0x0000021b9c325540,
0x0000021b9c323b00, 0x0000021b9c325bd0, 0x0000021b9c322750, 0x0000021b9c324820,
0x0000021b9c324eb0, 0x0000021b9c324190, 0x0000021b9c323470, 0x0000021b9c322de0,
0x0000021b9c328330, 0x0000021b9c3289c0, 0x0000021b9c327ca0, 0x0000021b9dd1cc70
}

Java Threads: ( => current thread )
  0x0000021bfde71450 JavaThread "main"                              [_thread_blocked, id=4716, stack(0x000000e2bcb00000,0x000000e2bcc00000) (1024K)]
  0x0000021b96119a40 JavaThread "Common-Cleaner"             daemon [_thread_blocked, id=8212, stack(0x000000e2bd300000,0x000000e2bd400000) (1024K)]
  0x0000021b961286a0 JavaThread "Reference Handler"          daemon [_thread_blocked, id=18976, stack(0x000000e2bd400000,0x000000e2bd500000) (1024K)]
  0x0000021b9611d0e0 JavaThread "Finalizer"                  daemon [_thread_blocked, id=3640, stack(0x000000e2bd500000,0x000000e2bd600000) (1024K)]
  0x0000021b9611e000 JavaThread "Signal Dispatcher"          daemon [_thread_blocked, id=10180, stack(0x000000e2bd600000,0x000000e2bd700000) (1024K)]
  0x0000021b9611e670 JavaThread "Attach Listener"            daemon [_thread_blocked, id=8680, stack(0x000000e2bd700000,0x000000e2bd800000) (1024K)]
  0x0000021b961374a0 JavaThread "Service Thread"             daemon [_thread_blocked, id=22924, stack(0x000000e2bd800000,0x000000e2bd900000) (1024K)]
  0x0000021b9614c600 JavaThread "Monitor Deflation Thread"   daemon [_thread_blocked, id=11496, stack(0x000000e2bd900000,0x000000e2bda00000) (1024K)]
  0x0000021b9612a8b0 JavaThread "C2 CompilerThread0"         daemon [_thread_in_native, id=11056, stack(0x000000e2bda00000,0x000000e2bdb00000) (1024K)]
  0x0000021b96154160 JavaThread "C1 CompilerThread0"         daemon [_thread_blocked, id=2344, stack(0x000000e2bdb00000,0x000000e2bdc00000) (1024K)]
  0x0000021b9614d320 JavaThread "Notification Thread"        daemon [_thread_blocked, id=17948, stack(0x000000e2bdc00000,0x000000e2bdd00000) (1024K)]
=>0x0000021b964648e0 JavaThread "C2 CompilerThread1"         daemon [_thread_in_native, id=21856, stack(0x000000e2bdd00000,0x000000e2bde00000) (1024K)]
  0x0000021b9614e6d0 JavaThread "Daemon health stats"               [_thread_blocked, id=23184, stack(0x000000e2be600000,0x000000e2be700000) (1024K)]
  0x0000021b9614d9b0 JavaThread "Incoming local TCP Connector on port 60235"        [_thread_in_native, id=19188, stack(0x000000e2be700000,0x000000e2be800000) (1024K)]
  0x0000021b9614e040 JavaThread "Daemon periodic checks"            [_thread_blocked, id=19292, stack(0x000000e2be800000,0x000000e2be900000) (1024K)]
  0x0000021b9614ed60 JavaThread "Daemon"                            [_thread_blocked, id=20304, stack(0x000000e2be900000,0x000000e2bea00000) (1024K)]
  0x0000021b9614bf70 JavaThread "Handler for socket connection from /127.0.0.1:60235 to /127.0.0.1:60236"        [_thread_in_native, id=19620, stack(0x000000e2bea00000,0x000000e2beb00000) (1024K)]
  0x0000021b9614cc90 JavaThread "Cancel handler"                    [_thread_blocked, id=8860, stack(0x000000e2beb00000,0x000000e2bec00000) (1024K)]
  0x0000021b9c3220c0 JavaThread "Daemon worker"                     [_thread_in_Java, id=10884, stack(0x000000e2bec00000,0x000000e2bed00000) (1024K)]
  0x0000021b9c325540 JavaThread "Asynchronous log dispatcher for DefaultDaemonConnection: socket connection from /127.0.0.1:60235 to /127.0.0.1:60236"        [_thread_blocked, id=23368, stack(0x000000e2bed00000,0x000000e2bee00000) (1024K)]
  0x0000021b9c323b00 JavaThread "Stdin handler"                     [_thread_blocked, id=16304, stack(0x000000e2bee00000,0x000000e2bef00000) (1024K)]
  0x0000021b9c325bd0 JavaThread "Daemon client event forwarder"        [_thread_blocked, id=22656, stack(0x000000e2bef00000,0x000000e2bf000000) (1024K)]
  0x0000021b9c322750 JavaThread "Cache worker for journal cache (C:\Users\User\.gradle\caches\journal-1)"        [_thread_blocked, id=10048, stack(0x000000e2bf300000,0x000000e2bf400000) (1024K)]
  0x0000021b9c324820 JavaThread "File lock request listener"        [_thread_in_native, id=10928, stack(0x000000e2bf400000,0x000000e2bf500000) (1024K)]
  0x0000021b9c324eb0 JavaThread "Cache worker for file hash cache (C:\Users\User\.gradle\caches\8.13\fileHashes)"        [_thread_blocked, id=1048, stack(0x000000e2bf500000,0x000000e2bf600000) (1024K)]
  0x0000021b9c324190 JavaThread "Cache worker for file hash cache (C:\Users\User\StudioProjects\xVSoRPG\.gradle\8.13\fileHashes)"        [_thread_blocked, id=18500, stack(0x000000e2bf600000,0x000000e2bf700000) (1024K)]
  0x0000021b9c323470 JavaThread "Cache worker for Build Output Cleanup Cache (C:\Users\User\StudioProjects\xVSoRPG\.gradle\buildOutputCleanup)"        [_thread_blocked, id=16264, stack(0x000000e2bf700000,0x000000e2bf800000) (1024K)]
  0x0000021b9c322de0 JavaThread "File watcher server"        daemon [_thread_in_native, id=19464, stack(0x000000e2bf800000,0x000000e2bf900000) (1024K)]
  0x0000021b9c328330 JavaThread "File watcher consumer"      daemon [_thread_blocked, id=2800, stack(0x000000e2bf900000,0x000000e2bfa00000) (1024K)]
  0x0000021b9c3289c0 JavaThread "jar transforms"                    [_thread_blocked, id=3316, stack(0x000000e2bfa00000,0x000000e2bfb00000) (1024K)]
  0x0000021b9c327ca0 JavaThread "jar transforms Thread 2"           [_thread_blocked, id=1176, stack(0x000000e2bfb00000,0x000000e2bfc00000) (1024K)]
  0x0000021b9dd1cc70 JavaThread "C2 CompilerThread2"         daemon [_thread_in_native, id=18032, stack(0x000000e2bfc00000,0x000000e2bfd00000) (1024K)]
Total: 32

Other Threads:
  0x0000021bff93e8e0 VMThread "VM Thread"                           [id=1968, stack(0x000000e2bd200000,0x000000e2bd300000) (1024K)]
  0x0000021bff8e0190 WatcherThread "VM Periodic Task Thread"        [id=13952, stack(0x000000e2bd100000,0x000000e2bd200000) (1024K)]
  0x0000021bfbc2e060 WorkerThread "GC Thread#0"                     [id=2916, stack(0x000000e2bcc00000,0x000000e2bcd00000) (1024K)]
  0x0000021b96983710 WorkerThread "GC Thread#1"                     [id=7788, stack(0x000000e2bdf00000,0x000000e2be000000) (1024K)]
  0x0000021b96983ab0 WorkerThread "GC Thread#2"                     [id=3084, stack(0x000000e2be000000,0x000000e2be100000) (1024K)]
  0x0000021b9b6cb290 WorkerThread "GC Thread#3"                     [id=12156, stack(0x000000e2be100000,0x000000e2be200000) (1024K)]
  0x0000021b9b730170 WorkerThread "GC Thread#4"                     [id=21372, stack(0x000000e2be200000,0x000000e2be300000) (1024K)]
  0x0000021b9c194ed0 WorkerThread "GC Thread#5"                     [id=1400, stack(0x000000e2bde00000,0x000000e2bdf00000) (1024K)]
  0x0000021b9c195270 WorkerThread "GC Thread#6"                     [id=18772, stack(0x000000e2be300000,0x000000e2be400000) (1024K)]
  0x0000021b9c195610 WorkerThread "GC Thread#7"                     [id=12584, stack(0x000000e2be400000,0x000000e2be500000) (1024K)]
  0x0000021b9c197a10 WorkerThread "GC Thread#8"                     [id=1396, stack(0x000000e2be500000,0x000000e2be600000) (1024K)]
  0x0000021b9c198c30 WorkerThread "GC Thread#9"                     [id=11156, stack(0x000000e2bf000000,0x000000e2bf100000) (1024K)]
  0x0000021bfded7910 ConcurrentGCThread "G1 Main Marker"            [id=23348, stack(0x000000e2bcd00000,0x000000e2bce00000) (1024K)]
  0x0000021bfded9d40 WorkerThread "G1 Conc#0"                       [id=7340, stack(0x000000e2bce00000,0x000000e2bcf00000) (1024K)]
  0x0000021b9c1984f0 WorkerThread "G1 Conc#1"                       [id=23216, stack(0x000000e2bf100000,0x000000e2bf200000) (1024K)]
  0x0000021b9c199370 WorkerThread "G1 Conc#2"                       [id=17488, stack(0x000000e2bf200000,0x000000e2bf300000) (1024K)]
  0x0000021bff7ae140 ConcurrentGCThread "G1 Refine#0"               [id=1724, stack(0x000000e2bcf00000,0x000000e2bd000000) (1024K)]
  0x0000021bff7ae570 ConcurrentGCThread "G1 Service"                [id=11004, stack(0x000000e2bd000000,0x000000e2bd100000) (1024K)]
Total: 18

Threads with active compile tasks:
C2 CompilerThread0  5809 4056       4       java.util.regex.Pattern::split (325 bytes)
C2 CompilerThread1  5809 4051       4       java.lang.String::split (148 bytes)
C2 CompilerThread2  5809 4161   !   4       java.util.concurrent.ConcurrentHashMap::computeIfAbsent (576 bytes)
Total: 3

VM state: not at safepoint (normal execution)

VM Mutex/Monitor currently owned by a thread: None

Heap address: 0x0000000080000000, size: 2048 MB, Compressed Oops mode: 32-bit

CDS archive(s) not mapped
Compressed class space mapped at: 0x0000000100000000-0x0000000140000000, reserved size: 1073741824
Narrow klass base: 0x0000000000000000, Narrow klass shift: 3, Narrow klass range: 0x140000000

GC Precious Log:
 CardTable entry size: 512
 Card Set container configuration: InlinePtr #cards 5 size 8 Array Of Cards #cards 12 size 40 Howl #buckets 4 coarsen threshold 1843 Howl Bitmap #cards 512 size 80 coarsen threshold 460 Card regions per heap region 1 cards per card region 2048
 CPUs: 12 total, 12 available
 Memory: 7955M
 Large Page Support: Disabled
 NUMA Support: Disabled
 Compressed Oops: Enabled (32-bit)
 Heap Region Size: 1M
 Heap Min Capacity: 8M
 Heap Initial Capacity: 126M
 Heap Max Capacity: 2G
 Pre-touch: Disabled
 Parallel Workers: 10
 Concurrent Workers: 3
 Concurrent Refinement Workers: 10
 Periodic GC: Disabled

Heap:
 garbage-first heap   total 71680K, used 31558K [0x0000000080000000, 0x0000000100000000)
  region size 1024K, 4 young (4096K), 3 survivors (3072K)
 Metaspace       used 44278K, committed 45184K, reserved 1114112K
  class space    used 6041K, committed 6464K, reserved 1048576K

Heap Regions: E=young(eden), S=young(survivor), O=old, HS=humongous(starts), HC=humongous(continues), CS=collection set, F=free, TAMS=top-at-mark-start, PB=parsable bottom
|   0|0x0000000080000000, 0x0000000080100000, 0x0000000080100000|100%|HS|  |TAMS 0x0000000080000000| PB 0x0000000080000000| Complete 
|   1|0x0000000080100000, 0x0000000080200000, 0x0000000080200000|100%|HC|  |TAMS 0x0000000080100000| PB 0x0000000080100000| Complete 
|   2|0x0000000080200000, 0x0000000080300000, 0x0000000080300000|100%|HC|  |TAMS 0x0000000080200000| PB 0x0000000080200000| Complete 
|   3|0x0000000080300000, 0x0000000080400000, 0x0000000080400000|100%| O|  |TAMS 0x0000000080300000| PB 0x0000000080300000| Untracked 
|   4|0x0000000080400000, 0x0000000080500000, 0x0000000080500000|100%| O|  |TAMS 0x0000000080400000| PB 0x0000000080400000| Untracked 
|   5|0x0000000080500000, 0x0000000080600000, 0x0000000080600000|100%| O|  |TAMS 0x0000000080500000| PB 0x0000000080500000| Untracked 
|   6|0x0000000080600000, 0x0000000080700000, 0x0000000080700000|100%|HS|  |TAMS 0x0000000080600000| PB 0x0000000080600000| Complete 
|   7|0x0000000080700000, 0x0000000080800000, 0x0000000080800000|100%| O|  |TAMS 0x0000000080700000| PB 0x0000000080700000| Untracked 
|   8|0x0000000080800000, 0x0000000080900000, 0x0000000080900000|100%| O|  |TAMS 0x0000000080800000| PB 0x0000000080800000| Untracked 
|   9|0x0000000080900000, 0x0000000080a00000, 0x0000000080a00000|100%| O|  |TAMS 0x0000000080900000| PB 0x0000000080900000| Untracked 
|  10|0x0000000080a00000, 0x0000000080b00000, 0x0000000080b00000|100%| O|  |TAMS 0x0000000080a00000| PB 0x0000000080a00000| Untracked 
|  11|0x0000000080b00000, 0x0000000080c00000, 0x0000000080c00000|100%| O|  |TAMS 0x0000000080b00000| PB 0x0000000080b00000| Untracked 
|  12|0x0000000080c00000, 0x0000000080d00000, 0x0000000080d00000|100%| O|  |TAMS 0x0000000080c00000| PB 0x0000000080c00000| Untracked 
|  13|0x0000000080d00000, 0x0000000080e00000, 0x0000000080e00000|100%| O|  |TAMS 0x0000000080d00000| PB 0x0000000080d00000| Untracked 
|  14|0x0000000080e00000, 0x0000000080f00000, 0x0000000080f00000|100%| O|  |TAMS 0x0000000080e00000| PB 0x0000000080e00000| Untracked 
|  15|0x0000000080f00000, 0x0000000081000000, 0x0000000081000000|100%| O|  |TAMS 0x0000000080f00000| PB 0x0000000080f00000| Untracked 
|  16|0x0000000081000000, 0x0000000081000000, 0x0000000081100000|  0%| F|  |TAMS 0x0000000081000000| PB 0x0000000081000000| Untracked 
|  17|0x0000000081100000, 0x0000000081200000, 0x0000000081200000|100%| O|  |TAMS 0x0000000081100000| PB 0x0000000081100000| Untracked 
|  18|0x0000000081200000, 0x0000000081300000, 0x0000000081300000|100%| O|  |TAMS 0x0000000081200000| PB 0x0000000081200000| Untracked 
|  19|0x0000000081300000, 0x0000000081400000, 0x0000000081400000|100%| O|  |TAMS 0x0000000081300000| PB 0x0000000081300000| Untracked 
|  20|0x0000000081400000, 0x0000000081500000, 0x0000000081500000|100%| O|  |TAMS 0x0000000081400000| PB 0x0000000081400000| Untracked 
|  21|0x0000000081500000, 0x0000000081600000, 0x0000000081600000|100%| O|  |TAMS 0x0000000081500000| PB 0x0000000081500000| Untracked 
|  22|0x0000000081600000, 0x0000000081700000, 0x0000000081700000|100%| O|  |TAMS 0x0000000081600000| PB 0x0000000081600000| Untracked 
|  23|0x0000000081700000, 0x0000000081800000, 0x0000000081800000|100%| O|  |TAMS 0x0000000081700000| PB 0x0000000081700000| Untracked 
|  24|0x0000000081800000, 0x0000000081900000, 0x0000000081900000|100%| O|  |TAMS 0x0000000081800000| PB 0x0000000081800000| Untracked 
|  25|0x0000000081900000, 0x0000000081a00000, 0x0000000081a00000|100%| O|  |TAMS 0x0000000081900000| PB 0x0000000081900000| Untracked 
|  26|0x0000000081a00000, 0x0000000081b00000, 0x0000000081b00000|100%| O|  |TAMS 0x0000000081a00000| PB 0x0000000081a00000| Untracked 
|  27|0x0000000081b00000, 0x0000000081c00000, 0x0000000081c00000|100%| O|  |TAMS 0x0000000081b00000| PB 0x0000000081b00000| Untracked 
|  28|0x0000000081c00000, 0x0000000081cd8768, 0x0000000081d00000| 84%| O|  |TAMS 0x0000000081c00000| PB 0x0000000081c00000| Untracked 
|  29|0x0000000081d00000, 0x0000000081d00000, 0x0000000081e00000|  0%| F|  |TAMS 0x0000000081d00000| PB 0x0000000081d00000| Untracked 
|  30|0x0000000081e00000, 0x0000000081e00000, 0x0000000081f00000|  0%| F|  |TAMS 0x0000000081e00000| PB 0x0000000081e00000| Untracked 
|  31|0x0000000081f00000, 0x0000000081f00000, 0x0000000082000000|  0%| F|  |TAMS 0x0000000081f00000| PB 0x0000000081f00000| Untracked 
|  32|0x0000000082000000, 0x0000000082000000, 0x0000000082100000|  0%| F|  |TAMS 0x0000000082000000| PB 0x0000000082000000| Untracked 
|  33|0x0000000082100000, 0x0000000082100000, 0x0000000082200000|  0%| F|  |TAMS 0x0000000082100000| PB 0x0000000082100000| Untracked 
|  34|0x0000000082200000, 0x0000000082200000, 0x0000000082300000|  0%| F|  |TAMS 0x0000000082200000| PB 0x0000000082200000| Untracked 
|  35|0x0000000082300000, 0x0000000082300000, 0x0000000082400000|  0%| F|  |TAMS 0x0000000082300000| PB 0x0000000082300000| Untracked 
|  36|0x0000000082400000, 0x00000000824f9190, 0x0000000082500000| 97%| S|CS|TAMS 0x0000000082400000| PB 0x0000000082400000| Complete 
|  37|0x0000000082500000, 0x0000000082600000, 0x0000000082600000|100%| S|CS|TAMS 0x0000000082500000| PB 0x0000000082500000| Complete 
|  38|0x0000000082600000, 0x0000000082700000, 0x0000000082700000|100%| S|CS|TAMS 0x0000000082600000| PB 0x0000000082600000| Complete 
|  39|0x0000000082700000, 0x0000000082700000, 0x0000000082800000|  0%| F|  |TAMS 0x0000000082700000| PB 0x0000000082700000| Untracked 
|  40|0x0000000082800000, 0x0000000082800000, 0x0000000082900000|  0%| F|  |TAMS 0x0000000082800000| PB 0x0000000082800000| Untracked 
|  41|0x0000000082900000, 0x0000000082900000, 0x0000000082a00000|  0%| F|  |TAMS 0x0000000082900000| PB 0x0000000082900000| Untracked 
|  42|0x0000000082a00000, 0x0000000082a00000, 0x0000000082b00000|  0%| F|  |TAMS 0x0000000082a00000| PB 0x0000000082a00000| Untracked 
|  43|0x0000000082b00000, 0x0000000082b00000, 0x0000000082c00000|  0%| F|  |TAMS 0x0000000082b00000| PB 0x0000000082b00000| Untracked 
|  44|0x0000000082c00000, 0x0000000082c00000, 0x0000000082d00000|  0%| F|  |TAMS 0x0000000082c00000| PB 0x0000000082c00000| Untracked 
|  45|0x0000000082d00000, 0x0000000082d00000, 0x0000000082e00000|  0%| F|  |TAMS 0x0000000082d00000| PB 0x0000000082d00000| Untracked 
|  46|0x0000000082e00000, 0x0000000082e00000, 0x0000000082f00000|  0%| F|  |TAMS 0x0000000082e00000| PB 0x0000000082e00000| Untracked 
|  47|0x0000000082f00000, 0x0000000082f00000, 0x0000000083000000|  0%| F|  |TAMS 0x0000000082f00000| PB 0x0000000082f00000| Untracked 
|  48|0x0000000083000000, 0x0000000083000000, 0x0000000083100000|  0%| F|  |TAMS 0x0000000083000000| PB 0x0000000083000000| Untracked 
|  49|0x0000000083100000, 0x0000000083100000, 0x0000000083200000|  0%| F|  |TAMS 0x0000000083100000| PB 0x0000000083100000| Untracked 
|  50|0x0000000083200000, 0x0000000083200000, 0x0000000083300000|  0%| F|  |TAMS 0x0000000083200000| PB 0x0000000083200000| Untracked 
|  51|0x0000000083300000, 0x0000000083300000, 0x0000000083400000|  0%| F|  |TAMS 0x0000000083300000| PB 0x0000000083300000| Untracked 
|  52|0x0000000083400000, 0x0000000083400000, 0x0000000083500000|  0%| F|  |TAMS 0x0000000083400000| PB 0x0000000083400000| Untracked 
|  53|0x0000000083500000, 0x0000000083500000, 0x0000000083600000|  0%| F|  |TAMS 0x0000000083500000| PB 0x0000000083500000| Untracked 
|  54|0x0000000083600000, 0x0000000083600000, 0x0000000083700000|  0%| F|  |TAMS 0x0000000083600000| PB 0x0000000083600000| Untracked 
|  55|0x0000000083700000, 0x0000000083700000, 0x0000000083800000|  0%| F|  |TAMS 0x0000000083700000| PB 0x0000000083700000| Untracked 
|  56|0x0000000083800000, 0x0000000083800000, 0x0000000083900000|  0%| F|  |TAMS 0x0000000083800000| PB 0x0000000083800000| Untracked 
|  57|0x0000000083900000, 0x0000000083900000, 0x0000000083a00000|  0%| F|  |TAMS 0x0000000083900000| PB 0x0000000083900000| Untracked 
|  58|0x0000000083a00000, 0x0000000083a00000, 0x0000000083b00000|  0%| F|  |TAMS 0x0000000083a00000| PB 0x0000000083a00000| Untracked 
|  59|0x0000000083b00000, 0x0000000083b00000, 0x0000000083c00000|  0%| F|  |TAMS 0x0000000083b00000| PB 0x0000000083b00000| Untracked 
|  60|0x0000000083c00000, 0x0000000083c00000, 0x0000000083d00000|  0%| F|  |TAMS 0x0000000083c00000| PB 0x0000000083c00000| Untracked 
|  61|0x0000000083d00000, 0x0000000083d00000, 0x0000000083e00000|  0%| F|  |TAMS 0x0000000083d00000| PB 0x0000000083d00000| Untracked 
|  62|0x0000000083e00000, 0x0000000083e00000, 0x0000000083f00000|  0%| F|  |TAMS 0x0000000083e00000| PB 0x0000000083e00000| Untracked 
|  63|0x0000000083f00000, 0x0000000083f00000, 0x0000000084000000|  0%| F|  |TAMS 0x0000000083f00000| PB 0x0000000083f00000| Untracked 
|  64|0x0000000084000000, 0x0000000084000000, 0x0000000084100000|  0%| F|  |TAMS 0x0000000084000000| PB 0x0000000084000000| Untracked 
|  65|0x0000000084100000, 0x0000000084100000, 0x0000000084200000|  0%| F|  |TAMS 0x0000000084100000| PB 0x0000000084100000| Untracked 
| 102|0x0000000086600000, 0x0000000086600000, 0x0000000086700000|  0%| F|  |TAMS 0x0000000086600000| PB 0x0000000086600000| Untracked 
| 103|0x0000000086700000, 0x0000000086700000, 0x0000000086800000|  0%| F|  |TAMS 0x0000000086700000| PB 0x0000000086700000| Untracked 
| 104|0x0000000086800000, 0x0000000086800000, 0x0000000086900000|  0%| F|  |TAMS 0x0000000086800000| PB 0x0000000086800000| Untracked 
| 125|0x0000000087d00000, 0x0000000087e00000, 0x0000000087e00000|100%| E|  |TAMS 0x0000000087d00000| PB 0x0000000087d00000| Complete 

Card table byte_map: [0x0000021bfe890000,0x0000021bfec90000] _byte_map_base: 0x0000021bfe490000

Marking Bits: (CMBitMap*) 0x0000021bfbc2e670
 Bits: [0x0000021b92090000, 0x0000021b94090000)

Polling page: 0x0000021bfbf10000

Metaspace:

Usage:
  Non-class:     37.35 MB used.
      Class:      5.90 MB used.
       Both:     43.25 MB used.

Virtual space:
  Non-class space:       64.00 MB reserved,      37.81 MB ( 59%) committed,  1 nodes.
      Class space:        1.00 GB reserved,       6.31 MB ( <1%) committed,  1 nodes.
             Both:        1.06 GB reserved,      44.12 MB (  4%) committed. 

Chunk freelists:
   Non-Class:  10.02 MB
       Class:  9.55 MB
        Both:  19.56 MB

MaxMetaspaceSize: unlimited
CompressedClassSpaceSize: 1.00 GB
Initial GC threshold: 21.00 MB
Current GC threshold: 58.75 MB
CDS: off
 - commit_granule_bytes: 65536.
 - commit_granule_words: 8192.
 - virtual_space_node_default_size: 8388608.
 - enlarge_chunks_in_place: 1.
 - use_allocation_guard: 0.


Internal statistics:

num_allocs_failed_limit: 6.
num_arena_births: 1498.
num_arena_deaths: 0.
num_vsnodes_births: 2.
num_vsnodes_deaths: 0.
num_space_committed: 706.
num_space_uncommitted: 0.
num_chunks_returned_to_freelist: 6.
num_chunks_taken_from_freelist: 2894.
num_chunk_merges: 6.
num_chunk_splits: 1905.
num_chunks_enlarged: 1244.
num_inconsistent_stats: 0.

CodeHeap 'non-profiled nmethods': size=120000Kb used=2222Kb max_used=2222Kb free=117777Kb
 bounds [0x0000021b8ab60000, 0x0000021b8add0000, 0x0000021b92090000]
CodeHeap 'profiled nmethods': size=120000Kb used=7301Kb max_used=7301Kb free=112698Kb
 bounds [0x0000021b83090000, 0x0000021b837c0000, 0x0000021b8a5c0000]
CodeHeap 'non-nmethods': size=5760Kb used=2079Kb max_used=2135Kb free=3680Kb
 bounds [0x0000021b8a5c0000, 0x0000021b8a830000, 0x0000021b8ab60000]
CodeCache: size=245760Kb, used=11602Kb, max_used=11658Kb, free=234155Kb
 total_blobs=4426, nmethods=3742, adapters=588, full_count=0
Compilation: enabled, stopped_count=0, restarted_count=0

Compilation events (20 events):
Event: 5.731 Thread 0x0000021b96154160 4145       3       org.codehaus.groovy.util.SingleKeyHashMap::put (10 bytes)
Event: 5.731 Thread 0x0000021b96154160 nmethod 4145 0x0000021b837a5990 code [0x0000021b837a5b40, 0x0000021b837a5d60]
Event: 5.731 Thread 0x0000021b96154160 4146       3       groovy.lang.MetaMethod::isStatic (16 bytes)
Event: 5.732 Thread 0x0000021b96154160 nmethod 4146 0x0000021b837a5e90 code [0x0000021b837a6040, 0x0000021b837a6250]
Event: 5.740 Thread 0x0000021b96154160 4147       3       groovy.lang.MetaProperty::<init> (15 bytes)
Event: 5.740 Thread 0x0000021b96154160 nmethod 4147 0x0000021b837a6310 code [0x0000021b837a64c0, 0x0000021b837a66e0]
Event: 5.740 Thread 0x0000021b96154160 4148       3       org.codehaus.groovy.util.SingleKeyHashMap::get (67 bytes)
Event: 5.741 Thread 0x0000021b96154160 nmethod 4148 0x0000021b837a6790 code [0x0000021b837a69a0, 0x0000021b837a7020]
Event: 5.741 Thread 0x0000021b96154160 4149       3       groovy.lang.MetaClassImpl::getPropName (19 bytes)
Event: 5.741 Thread 0x0000021b96154160 nmethod 4149 0x0000021b837a7290 code [0x0000021b837a74a0, 0x0000021b837a7b88]
Event: 5.741 Thread 0x0000021b96154160 4151       3       groovy.lang.MetaBeanProperty::<init> (18 bytes)
Event: 5.742 Thread 0x0000021b96154160 nmethod 4151 0x0000021b837a7e10 code [0x0000021b837a7fc0, 0x0000021b837a82f0]
Event: 5.742 Thread 0x0000021b96154160 4152       3       groovy.lang.MetaClassImpl$$Lambda/0x0000000100610760::<init> (10 bytes)
Event: 5.742 Thread 0x0000021b96154160 nmethod 4152 0x0000021b837a8410 code [0x0000021b837a85c0, 0x0000021b837a8778]
Event: 5.742 Thread 0x0000021b96154160 4153       3       groovy.lang.MetaClassImpl::createMetaBeanProperty (35 bytes)
Event: 5.742 Thread 0x0000021b96154160 nmethod 4153 0x0000021b837a8810 code [0x0000021b837a8a00, 0x0000021b837a8eb0]
Event: 5.742 Thread 0x0000021b96154160 4154       3       groovy.lang.MetaClassImpl::makeReplacementMetaProperty (241 bytes)
Event: 5.744 Thread 0x0000021b96154160 nmethod 4154 0x0000021b837a9090 code [0x0000021b837a94a0, 0x0000021b837ab908]
Event: 5.760 Thread 0x0000021b96154160 4155       3       com.google.common.collect.ImmutableList$Builder::build (17 bytes)
Event: 5.760 Thread 0x0000021b96154160 nmethod 4155 0x0000021b837ac210 code [0x0000021b837ac3c0, 0x0000021b837ac508]

GC Heap History (17 events):
Event: 0.605 GC heap before
{Heap before GC invocations=0 (full 0):
 garbage-first heap   total 129024K, used 22528K [0x0000000080000000, 0x0000000100000000)
  region size 1024K, 23 young (23552K), 0 survivors (0K)
 Metaspace       used 8116K, committed 8256K, reserved 1114112K
  class space    used 749K, committed 832K, reserved 1048576K
}
Event: 0.607 GC heap after
{Heap after GC invocations=1 (full 0):
 garbage-first heap   total 129024K, used 2367K [0x0000000080000000, 0x0000000100000000)
  region size 1024K, 3 young (3072K), 3 survivors (3072K)
 Metaspace       used 8116K, committed 8256K, reserved 1114112K
  class space    used 749K, committed 832K, reserved 1048576K
}
Event: 1.290 GC heap before
{Heap before GC invocations=1 (full 0):
 garbage-first heap   total 129024K, used 41279K [0x0000000080000000, 0x0000000100000000)
  region size 1024K, 39 young (39936K), 3 survivors (3072K)
 Metaspace       used 12373K, committed 12608K, reserved 1114112K
  class space    used 1356K, committed 1472K, reserved 1048576K
}
Event: 1.296 GC heap after
{Heap after GC invocations=2 (full 0):
 garbage-first heap   total 129024K, used 11056K [0x0000000080000000, 0x0000000100000000)
  region size 1024K, 5 young (5120K), 5 survivors (5120K)
 Metaspace       used 12373K, committed 12608K, reserved 1114112K
  class space    used 1356K, committed 1472K, reserved 1048576K
}
Event: 1.995 GC heap before
{Heap before GC invocations=2 (full 0):
 garbage-first heap   total 129024K, used 62256K [0x0000000080000000, 0x0000000100000000)
  region size 1024K, 53 young (54272K), 5 survivors (5120K)
 Metaspace       used 15547K, committed 15872K, reserved 1114112K
  class space    used 1792K, committed 1920K, reserved 1048576K
}
Event: 2.003 GC heap after
{Heap after GC invocations=3 (full 0):
 garbage-first heap   total 129024K, used 17885K [0x0000000080000000, 0x0000000100000000)
  region size 1024K, 6 young (6144K), 6 survivors (6144K)
 Metaspace       used 15547K, committed 15872K, reserved 1114112K
  class space    used 1792K, committed 1920K, reserved 1048576K
}
Event: 2.543 GC heap before
{Heap before GC invocations=3 (full 0):
 garbage-first heap   total 129024K, used 38365K [0x0000000080000000, 0x0000000100000000)
  region size 1024K, 27 young (27648K), 6 survivors (6144K)
 Metaspace       used 21225K, committed 21504K, reserved 1114112K
  class space    used 2533K, committed 2624K, reserved 1048576K
}
Event: 2.547 GC heap after
{Heap after GC invocations=4 (full 0):
 garbage-first heap   total 129024K, used 20157K [0x0000000080000000, 0x0000000100000000)
  region size 1024K, 3 young (3072K), 3 survivors (3072K)
 Metaspace       used 21225K, committed 21504K, reserved 1114112K
  class space    used 2533K, committed 2624K, reserved 1048576K
}
Event: 3.542 GC heap before
{Heap before GC invocations=5 (full 0):
 garbage-first heap   total 71680K, used 60093K [0x0000000080000000, 0x0000000100000000)
  region size 1024K, 42 young (43008K), 3 survivors (3072K)
 Metaspace       used 28107K, committed 28608K, reserved 1114112K
  class space    used 3626K, committed 3840K, reserved 1048576K
}
Event: 3.546 GC heap after
{Heap after GC invocations=6 (full 0):
 garbage-first heap   total 71680K, used 21880K [0x0000000080000000, 0x0000000100000000)
  region size 1024K, 4 young (4096K), 4 survivors (4096K)
 Metaspace       used 28107K, committed 28608K, reserved 1114112K
  class space    used 3626K, committed 3840K, reserved 1048576K
}
Event: 4.460 GC heap before
{Heap before GC invocations=6 (full 0):
 garbage-first heap   total 71680K, used 55672K [0x0000000080000000, 0x0000000100000000)
  region size 1024K, 38 young (38912K), 4 survivors (4096K)
 Metaspace       used 32587K, committed 33280K, reserved 1114112K
  class space    used 4425K, committed 4736K, reserved 1048576K
}
Event: 4.465 GC heap after
{Heap after GC invocations=7 (full 0):
 garbage-first heap   total 71680K, used 24689K [0x0000000080000000, 0x0000000100000000)
  region size 1024K, 5 young (5120K), 5 survivors (5120K)
 Metaspace       used 32587K, committed 33280K, reserved 1114112K
  class space    used 4425K, committed 4736K, reserved 1048576K
}
Event: 4.665 GC heap before
{Heap before GC invocations=7 (full 0):
 garbage-first heap   total 71680K, used 42097K [0x0000000080000000, 0x0000000100000000)
  region size 1024K, 23 young (23552K), 5 survivors (5120K)
 Metaspace       used 35182K, committed 35968K, reserved 1114112K
  class space    used 4868K, committed 5248K, reserved 1048576K
}
Event: 4.669 GC heap after
{Heap after GC invocations=8 (full 0):
 garbage-first heap   total 71680K, used 25839K [0x0000000080000000, 0x0000000100000000)
  region size 1024K, 2 young (2048K), 2 survivors (2048K)
 Metaspace       used 35182K, committed 35968K, reserved 1114112K
  class space    used 4868K, committed 5248K, reserved 1048576K
}
Event: 5.343 GC heap before
{Heap before GC invocations=9 (full 0):
 garbage-first heap   total 71680K, used 59631K [0x0000000080000000, 0x0000000100000000)
  region size 1024K, 35 young (35840K), 2 survivors (2048K)
 Metaspace       used 41986K, committed 42816K, reserved 1114112K
  class space    used 5783K, committed 6208K, reserved 1048576K
}
Event: 5.346 GC heap after
{Heap after GC invocations=10 (full 0):
 garbage-first heap   total 71680K, used 28906K [0x0000000080000000, 0x0000000100000000)
  region size 1024K, 5 young (5120K), 5 survivors (5120K)
 Metaspace       used 41986K, committed 42816K, reserved 1114112K
  class space    used 5783K, committed 6208K, reserved 1048576K
}
Event: 5.772 GC heap before
{Heap before GC invocations=10 (full 0):
 garbage-first heap   total 71680K, used 59626K [0x0000000080000000, 0x0000000100000000)
  region size 1024K, 36 young (36864K), 5 survivors (5120K)
 Metaspace       used 44194K, committed 45056K, reserved 1114112K
  class space    used 6029K, committed 6400K, reserved 1048576K
}

Dll operation events (3 events):
Event: 0.011 Loaded shared library D:\My Profile\Programs\AndroidStudio\jbr\bin\java.dll
Event: 0.021 Loaded shared library D:\My Profile\Programs\AndroidStudio\jbr\bin\zip.dll
Event: 0.705 Loaded shared library D:\My Profile\Programs\AndroidStudio\jbr\bin\verify.dll

Deoptimization events (20 events):
Event: 5.546 Thread 0x0000021b9c3220c0 DEOPT PACKING pc=0x0000021b8abc4978 sp=0x000000e2becf7c60
Event: 5.546 Thread 0x0000021b9c3220c0 DEOPT UNPACKING pc=0x0000021b8a617da2 sp=0x000000e2becf7c08 mode 2
Event: 5.553 Thread 0x0000021b9c3220c0 Uncommon trap: trap_request=0xffffff6e fr.pc=0x0000021b8ac1da38 relative=0x00000000000007f8
Event: 5.553 Thread 0x0000021b9c3220c0 Uncommon trap: reason=loop_limit_check action=maybe_recompile pc=0x0000021b8ac1da38 method=java.util.regex.Pattern$Start.match(Ljava/util/regex/Matcher;ILjava/lang/CharSequence;)Z @ 34 c2
Event: 5.553 Thread 0x0000021b9c3220c0 DEOPT PACKING pc=0x0000021b8ac1da38 sp=0x000000e2becf7fe0
Event: 5.553 Thread 0x0000021b9c3220c0 DEOPT UNPACKING pc=0x0000021b8a617da2 sp=0x000000e2becf7f50 mode 2
Event: 5.560 Thread 0x0000021b9c3220c0 DEOPT PACKING pc=0x0000021b831795ea sp=0x000000e2becf7480
Event: 5.560 Thread 0x0000021b9c3220c0 DEOPT UNPACKING pc=0x0000021b8a6188e2 sp=0x000000e2becf68a0 mode 0
Event: 5.587 Thread 0x0000021b9c3220c0 DEOPT PACKING pc=0x0000021b83748fc0 sp=0x000000e2becf7d50
Event: 5.587 Thread 0x0000021b9c3220c0 DEOPT UNPACKING pc=0x0000021b8a6188e2 sp=0x000000e2becf7240 mode 0
Event: 5.589 Thread 0x0000021b9c3220c0 DEOPT PACKING pc=0x0000021b83748fc0 sp=0x000000e2becf7d50
Event: 5.589 Thread 0x0000021b9c3220c0 DEOPT UNPACKING pc=0x0000021b8a6188e2 sp=0x000000e2becf7240 mode 0
Event: 5.706 Thread 0x0000021b9c3220c0 Uncommon trap: trap_request=0xffffffc6 fr.pc=0x0000021b8ac57d20 relative=0x00000000000007c0
Event: 5.706 Thread 0x0000021b9c3220c0 Uncommon trap: reason=bimorphic_or_optimized_type_check action=maybe_recompile pc=0x0000021b8ac57d20 method=java.util.regex.Pattern$Start.match(Ljava/util/regex/Matcher;ILjava/lang/CharSequence;)Z @ 44 c2
Event: 5.706 Thread 0x0000021b9c3220c0 DEOPT PACKING pc=0x0000021b8ac57d20 sp=0x000000e2becf91b0
Event: 5.706 Thread 0x0000021b9c3220c0 DEOPT UNPACKING pc=0x0000021b8a617da2 sp=0x000000e2becf90a8 mode 2
Event: 5.708 Thread 0x0000021b9c3220c0 Uncommon trap: trap_request=0xffffffc6 fr.pc=0x0000021b8ac57d20 relative=0x00000000000007c0
Event: 5.708 Thread 0x0000021b9c3220c0 Uncommon trap: reason=bimorphic_or_optimized_type_check action=maybe_recompile pc=0x0000021b8ac57d20 method=java.util.regex.Pattern$Start.match(Ljava/util/regex/Matcher;ILjava/lang/CharSequence;)Z @ 44 c2
Event: 5.708 Thread 0x0000021b9c3220c0 DEOPT PACKING pc=0x0000021b8ac57d20 sp=0x000000e2becf91b0
Event: 5.708 Thread 0x0000021b9c3220c0 DEOPT UNPACKING pc=0x0000021b8a617da2 sp=0x000000e2becf90a8 mode 2

Classes loaded (20 events):
Event: 5.556 Loading class jdk/internal/jrtfs/SystemImage$1
Event: 5.556 Loading class jdk/internal/jrtfs/SystemImage$1 done
Event: 5.556 Loading class jdk/internal/jimage/ImageReader$SharedImageReader$LocationVisitor
Event: 5.556 Loading class jdk/internal/jimage/ImageReader$SharedImageReader$LocationVisitor done
Event: 5.556 Loading class java/nio/ByteBufferAsIntBufferL
Event: 5.556 Loading class java/nio/ByteBufferAsIntBufferL done
Event: 5.557 Loading class jdk/internal/jrtfs/JrtFileAttributes
Event: 5.558 Loading class jdk/internal/jrtfs/JrtFileAttributes done
Event: 5.558 Loading class jdk/internal/jrtfs/JrtDirectoryStream
Event: 5.558 Loading class jdk/internal/jrtfs/JrtDirectoryStream done
Event: 5.559 Loading class jdk/internal/jrtfs/JrtDirectoryStream$1
Event: 5.559 Loading class jdk/internal/jrtfs/JrtDirectoryStream$1 done
Event: 5.559 Loading class java/util/function/BooleanSupplier
Event: 5.559 Loading class java/util/function/BooleanSupplier done
Event: 5.559 Loading class jdk/internal/jimage/ImageReader$Resource
Event: 5.560 Loading class jdk/internal/jimage/ImageReader$Resource done
Event: 5.668 Loading class java/util/WeakHashMap$KeyIterator
Event: 5.668 Loading class java/util/WeakHashMap$HashIterator
Event: 5.668 Loading class java/util/WeakHashMap$HashIterator done
Event: 5.668 Loading class java/util/WeakHashMap$KeyIterator done

Classes unloaded (0 events):
No events

Classes redefined (0 events):
No events

Internal exceptions (20 events):
Event: 5.402 Thread 0x0000021b9c3220c0 Exception <a 'java/lang/ClassNotFoundException'{0x000000008673e850}: java/lang/ObjectCustomizer> (0x000000008673e850) 
thrown [s\src\hotspot\share\classfile\systemDictionary.cpp, line 312]
Event: 5.405 Thread 0x0000021b9c3220c0 Exception <a 'java/lang/IncompatibleClassChangeError'{0x000000008674cca8}: Found class java.lang.Object, but interface was expected> (0x000000008674cca8) 
thrown [s\src\hotspot\share\interpreter\linkResolver.cpp, line 851]
Event: 5.411 Thread 0x0000021b9c3220c0 Exception <a 'java/lang/ClassNotFoundException'{0x0000000086766f38}: groovy/lang/MetaClassImplCustomizer> (0x0000000086766f38) 
thrown [s\src\hotspot\share\classfile\systemDictionary.cpp, line 312]
Event: 5.414 Thread 0x0000021b9c3220c0 Exception <a 'java/lang/ClassNotFoundException'{0x000000008678f468}: groovy/lang/ExpandoMetaClassCustomizer> (0x000000008678f468) 
thrown [s\src\hotspot\share\classfile\systemDictionary.cpp, line 312]
Event: 5.673 Thread 0x0000021b9c3220c0 Exception <a 'java/lang/ClassNotFoundException'{0x00000000829791f8}: groovy/lang/BindingBeanInfo> (0x00000000829791f8) 
thrown [s\src\hotspot\share\classfile\systemDictionary.cpp, line 312]
Event: 5.673 Thread 0x0000021b9c3220c0 Exception <a 'java/lang/ClassNotFoundException'{0x0000000082981bd0}: groovy/lang/GroovyObjectSupportBeanInfo> (0x0000000082981bd0) 
thrown [s\src\hotspot\share\classfile\systemDictionary.cpp, line 312]
Event: 5.673 Thread 0x0000021b9c3220c0 Exception <a 'java/lang/ClassNotFoundException'{0x000000008298a360}: groovy/lang/GroovyObjectSupportCustomizer> (0x000000008298a360) 
thrown [s\src\hotspot\share\classfile\systemDictionary.cpp, line 312]
Event: 5.674 Thread 0x0000021b9c3220c0 Exception <a 'java/lang/ClassNotFoundException'{0x0000000082996e20}: groovy/lang/BindingCustomizer> (0x0000000082996e20) 
thrown [s\src\hotspot\share\classfile\systemDictionary.cpp, line 312]
Event: 5.697 Thread 0x0000021b9c3220c0 Exception <a 'java/lang/ClassNotFoundException'{0x00000000828c7ac8}: ijMapper1_22su61vej4v3nn7hit8w3eijuBeanInfo> (0x00000000828c7ac8) 
thrown [s\src\hotspot\share\classfile\systemDictionary.cpp, line 312]
Event: 5.698 Thread 0x0000021b9c3220c0 Exception <a 'java/lang/ClassNotFoundException'{0x00000000828d0280}: org/gradle/initialization/InitScriptBeanInfo> (0x00000000828d0280) 
thrown [s\src\hotspot\share\classfile\systemDictionary.cpp, line 312]
Event: 5.699 Thread 0x0000021b9c3220c0 Exception <a 'java/lang/ClassNotFoundException'{0x00000000828d8b98}: org/gradle/groovy/scripts/DefaultScriptBeanInfo> (0x00000000828d8b98) 
thrown [s\src\hotspot\share\classfile\systemDictionary.cpp, line 312]
Event: 5.699 Thread 0x0000021b9c3220c0 Exception <a 'java/lang/ClassNotFoundException'{0x00000000828e1390}: org/gradle/groovy/scripts/BasicScriptBeanInfo> (0x00000000828e1390) 
thrown [s\src\hotspot\share\classfile\systemDictionary.cpp, line 312]
Event: 5.700 Thread 0x0000021b9c3220c0 Exception <a 'java/lang/ClassNotFoundException'{0x00000000828eab48}: org/gradle/groovy/scripts/ScriptBeanInfo> (0x00000000828eab48) 
thrown [s\src\hotspot\share\classfile\systemDictionary.cpp, line 312]
Event: 5.700 Thread 0x0000021b9c3220c0 Exception <a 'java/lang/ClassNotFoundException'{0x00000000828f4018}: groovy/lang/ScriptBeanInfo> (0x00000000828f4018) 
thrown [s\src\hotspot\share\classfile\systemDictionary.cpp, line 312]
Event: 5.700 Thread 0x0000021b9c3220c0 Exception <a 'java/lang/ClassNotFoundException'{0x00000000828fd788}: groovy/lang/ScriptCustomizer> (0x00000000828fd788) 
thrown [s\src\hotspot\share\classfile\systemDictionary.cpp, line 312]
Event: 5.702 Thread 0x0000021b9c3220c0 Exception <a 'java/lang/ClassNotFoundException'{0x000000008270eda0}: org/gradle/groovy/scripts/ScriptCustomizer> (0x000000008270eda0) 
thrown [s\src\hotspot\share\classfile\systemDictionary.cpp, line 312]
Event: 5.704 Thread 0x0000021b9c3220c0 Exception <a 'java/lang/ClassNotFoundException'{0x000000008271e2b0}: org/gradle/groovy/scripts/BasicScriptCustomizer> (0x000000008271e2b0) 
thrown [s\src\hotspot\share\classfile\systemDictionary.cpp, line 312]
Event: 5.705 Thread 0x0000021b9c3220c0 Exception <a 'java/lang/ClassNotFoundException'{0x0000000082733db8}: org/gradle/groovy/scripts/DefaultScriptCustomizer> (0x0000000082733db8) 
thrown [s\src\hotspot\share\classfile\systemDictionary.cpp, line 312]
Event: 5.713 Thread 0x0000021b9c3220c0 Exception <a 'java/lang/ClassNotFoundException'{0x0000000082775c08}: org/gradle/initialization/InitScriptCustomizer> (0x0000000082775c08) 
thrown [s\src\hotspot\share\classfile\systemDictionary.cpp, line 312]
Event: 5.726 Thread 0x0000021b9c3220c0 Exception <a 'java/lang/ClassNotFoundException'{0x0000000082784298}: ijMapper1_22su61vej4v3nn7hit8w3eijuCustomizer> (0x0000000082784298) 
thrown [s\src\hotspot\share\classfile\systemDictionary.cpp, line 312]

ZGC Phase Switch (0 events):
No events

VM Operations (20 events):
Event: 4.788 Executing VM operation: HandshakeAllThreads (Deoptimize) done
Event: 4.886 Executing VM operation: HandshakeAllThreads (Deoptimize)
Event: 4.886 Executing VM operation: HandshakeAllThreads (Deoptimize) done
Event: 4.887 Executing VM operation: HandshakeAllThreads (Deoptimize)
Event: 4.887 Executing VM operation: HandshakeAllThreads (Deoptimize) done
Event: 4.997 Executing VM operation: HandshakeAllThreads (Deoptimize)
Event: 4.997 Executing VM operation: HandshakeAllThreads (Deoptimize) done
Event: 5.187 Executing VM operation: HandshakeAllThreads (Deoptimize)
Event: 5.188 Executing VM operation: HandshakeAllThreads (Deoptimize) done
Event: 5.343 Executing VM operation: G1CollectForAllocation (G1 Evacuation Pause)
Event: 5.346 Executing VM operation: G1CollectForAllocation (G1 Evacuation Pause) done
Event: 5.355 Executing VM operation: HandshakeAllThreads (Deoptimize)
Event: 5.355 Executing VM operation: HandshakeAllThreads (Deoptimize) done
Event: 5.479 Executing VM operation: HandshakeAllThreads (Deoptimize)
Event: 5.479 Executing VM operation: HandshakeAllThreads (Deoptimize) done
Event: 5.493 Executing VM operation: HandshakeAllThreads (Deoptimize)
Event: 5.493 Executing VM operation: HandshakeAllThreads (Deoptimize) done
Event: 5.557 Executing VM operation: HandshakeAllThreads (Deoptimize)
Event: 5.557 Executing VM operation: HandshakeAllThreads (Deoptimize) done
Event: 5.772 Executing VM operation: G1CollectForAllocation (G1 Evacuation Pause)

Memory protections (0 events):
No events

Nmethod flushes (20 events):
Event: 4.676 Thread 0x0000021bff93e8e0 flushing  nmethod 0x0000021b830f3490
Event: 4.676 Thread 0x0000021bff93e8e0 flushing  nmethod 0x0000021b830f4010
Event: 4.676 Thread 0x0000021bff93e8e0 flushing  nmethod 0x0000021b830f4510
Event: 4.676 Thread 0x0000021bff93e8e0 flushing  nmethod 0x0000021b830f5610
Event: 4.676 Thread 0x0000021bff93e8e0 flushing  nmethod 0x0000021b83155210
Event: 4.676 Thread 0x0000021bff93e8e0 flushing  nmethod 0x0000021b83155a90
Event: 4.676 Thread 0x0000021bff93e8e0 flushing  nmethod 0x0000021b83156a90
Event: 4.676 Thread 0x0000021bff93e8e0 flushing  nmethod 0x0000021b83157310
Event: 4.676 Thread 0x0000021bff93e8e0 flushing  nmethod 0x0000021b83159110
Event: 4.676 Thread 0x0000021bff93e8e0 flushing  nmethod 0x0000021b83159490
Event: 4.676 Thread 0x0000021bff93e8e0 flushing  nmethod 0x0000021b8315ae90
Event: 4.676 Thread 0x0000021bff93e8e0 flushing  nmethod 0x0000021b8315b390
Event: 4.676 Thread 0x0000021bff93e8e0 flushing  nmethod 0x0000021b8315c190
Event: 4.676 Thread 0x0000021bff93e8e0 flushing  nmethod 0x0000021b831fa290
Event: 4.676 Thread 0x0000021bff93e8e0 flushing  nmethod 0x0000021b831fec10
Event: 4.676 Thread 0x0000021bff93e8e0 flushing  nmethod 0x0000021b83208710
Event: 4.676 Thread 0x0000021bff93e8e0 flushing  nmethod 0x0000021b832a5e10
Event: 4.676 Thread 0x0000021bff93e8e0 flushing  nmethod 0x0000021b832adf10
Event: 4.676 Thread 0x0000021bff93e8e0 flushing  nmethod 0x0000021b83458b90
Event: 4.676 Thread 0x0000021bff93e8e0 flushing  nmethod 0x0000021b8345ce10

Events (20 events):
Event: 2.138 Loaded shared library D:\My Profile\Programs\AndroidStudio\jbr\bin\extnet.dll
Event: 2.263 Thread 0x0000021bfde71450 Thread added: 0x0000021b9614d9b0
Event: 2.340 Thread 0x0000021bfde71450 Thread added: 0x0000021b9614e040
Event: 2.414 Thread 0x0000021b9614d9b0 Thread added: 0x0000021b9614ed60
Event: 2.416 Thread 0x0000021b9614ed60 Thread added: 0x0000021b9614bf70
Event: 2.463 Thread 0x0000021b9614ed60 Thread added: 0x0000021b9614cc90
Event: 2.469 Thread 0x0000021b9614ed60 Thread added: 0x0000021b9c3220c0
Event: 2.479 Thread 0x0000021b9c3220c0 Thread added: 0x0000021b9c325540
Event: 2.485 Thread 0x0000021b9c3220c0 Thread added: 0x0000021b9c323b00
Event: 2.489 Thread 0x0000021b9c3220c0 Thread added: 0x0000021b9c325bd0
Event: 2.904 Thread 0x0000021b9c3220c0 Thread added: 0x0000021b9c322750
Event: 2.911 Thread 0x0000021b9c3220c0 Thread added: 0x0000021b9c324820
Event: 2.941 Thread 0x0000021b9c3220c0 Thread added: 0x0000021b9c324eb0
Event: 4.454 Thread 0x0000021b9c3220c0 Thread added: 0x0000021b9c324190
Event: 4.470 Thread 0x0000021b9c3220c0 Thread added: 0x0000021b9c323470
Event: 4.614 Thread 0x0000021b9c3220c0 Thread added: 0x0000021b9c322de0
Event: 4.621 Thread 0x0000021b9c3220c0 Thread added: 0x0000021b9c328330
Event: 4.838 Thread 0x0000021b9c3220c0 Thread added: 0x0000021b9c3289c0
Event: 4.872 Thread 0x0000021b9c3220c0 Thread added: 0x0000021b9c327ca0
Event: 4.976 Thread 0x0000021b96154160 Thread added: 0x0000021b9dd1cc70


Dynamic libraries:
0x00007ff692300000 - 0x00007ff69230a000 	D:\My Profile\Programs\AndroidStudio\jbr\bin\java.exe
0x00007ffd387a0000 - 0x00007ffd38a08000 	C:\WINDOWS\SYSTEM32\ntdll.dll
0x00007ffd37010000 - 0x00007ffd370d9000 	C:\WINDOWS\System32\KERNEL32.DLL
0x00007ffd358f0000 - 0x00007ffd35ce8000 	C:\WINDOWS\System32\KERNELBASE.dll
0x00007ffd35db0000 - 0x00007ffd35efb000 	C:\WINDOWS\System32\ucrtbase.dll
0x00007ffd2dc30000 - 0x00007ffd2dc4b000 	D:\My Profile\Programs\AndroidStudio\jbr\bin\VCRUNTIME140.dll
0x00007ffd0c160000 - 0x00007ffd0c178000 	D:\My Profile\Programs\AndroidStudio\jbr\bin\jli.dll
0x00007ffd366e0000 - 0x00007ffd368a7000 	C:\WINDOWS\System32\USER32.dll
0x00007ffd36250000 - 0x00007ffd36277000 	C:\WINDOWS\System32\win32u.dll
0x00007ffd1efc0000 - 0x00007ffd1f254000 	C:\WINDOWS\WinSxS\amd64_microsoft.windows.common-controls_6595b64144ccf1df_6.0.26100.7019_none_3e06ffa0e335b8a8\COMCTL32.dll
0x00007ffd38470000 - 0x00007ffd3849b000 	C:\WINDOWS\System32\GDI32.dll
0x00007ffd37660000 - 0x00007ffd37709000 	C:\WINDOWS\System32\msvcrt.dll
0x00007ffd35f00000 - 0x00007ffd3602c000 	C:\WINDOWS\System32\gdi32full.dll
0x00007ffd36280000 - 0x00007ffd36323000 	C:\WINDOWS\System32\msvcp_win.dll
0x00007ffd38430000 - 0x00007ffd38461000 	C:\WINDOWS\System32\IMM32.DLL
0x00007ffd2dba0000 - 0x00007ffd2dbac000 	D:\My Profile\Programs\AndroidStudio\jbr\bin\vcruntime140_1.dll
0x00007ffcbee10000 - 0x00007ffcbee9d000 	D:\My Profile\Programs\AndroidStudio\jbr\bin\msvcp140.dll
0x00007ffcbbcb0000 - 0x00007ffcbc946000 	D:\My Profile\Programs\AndroidStudio\jbr\bin\server\jvm.dll
0x00007ffd37d60000 - 0x00007ffd37e14000 	C:\WINDOWS\System32\ADVAPI32.dll
0x00007ffd38020000 - 0x00007ffd380c6000 	C:\WINDOWS\System32\sechost.dll
0x00007ffd371b0000 - 0x00007ffd372c8000 	C:\WINDOWS\System32\RPCRT4.dll
0x00007ffd383a0000 - 0x00007ffd38414000 	C:\WINDOWS\System32\WS2_32.dll
0x00007ffd27350000 - 0x00007ffd27385000 	C:\WINDOWS\SYSTEM32\WINMM.dll
0x00007ffd344e0000 - 0x00007ffd3453e000 	C:\WINDOWS\SYSTEM32\POWRPROF.dll
0x00007ffd2a1b0000 - 0x00007ffd2a1bb000 	C:\WINDOWS\SYSTEM32\VERSION.dll
0x00007ffd344c0000 - 0x00007ffd344d4000 	C:\WINDOWS\SYSTEM32\UMPDC.dll
0x00007ffd347a0000 - 0x00007ffd347bb000 	C:\WINDOWS\SYSTEM32\kernel.appcore.dll
0x00007ffd2db90000 - 0x00007ffd2db9a000 	D:\My Profile\Programs\AndroidStudio\jbr\bin\jimage.dll
0x00007ffd33020000 - 0x00007ffd33262000 	C:\WINDOWS\SYSTEM32\DBGHELP.DLL
0x00007ffd372d0000 - 0x00007ffd3765b000 	C:\WINDOWS\System32\combase.dll
0x00007ffd380d0000 - 0x00007ffd381a7000 	C:\WINDOWS\System32\OLEAUT32.dll
0x00007ffd08440000 - 0x00007ffd0847c000 	C:\WINDOWS\SYSTEM32\dbgcore.DLL
0x00007ffd361a0000 - 0x00007ffd36245000 	C:\WINDOWS\System32\bcryptPrimitives.dll
0x00007ffd0c390000 - 0x00007ffd0c39e000 	D:\My Profile\Programs\AndroidStudio\jbr\bin\instrument.dll
0x00007ffd2db70000 - 0x00007ffd2db90000 	D:\My Profile\Programs\AndroidStudio\jbr\bin\java.dll
0x00007ffd2db10000 - 0x00007ffd2db28000 	D:\My Profile\Programs\AndroidStudio\jbr\bin\zip.dll
0x00007ffd368b0000 - 0x00007ffd37001000 	C:\WINDOWS\System32\SHELL32.dll
0x00007ffd36030000 - 0x00007ffd3619b000 	C:\WINDOWS\System32\wintypes.dll
0x00007ffd33510000 - 0x00007ffd33d6d000 	C:\WINDOWS\SYSTEM32\windows.storage.dll
0x00007ffd37e20000 - 0x00007ffd37f12000 	C:\WINDOWS\System32\SHCORE.dll
0x00007ffd37140000 - 0x00007ffd371a7000 	C:\WINDOWS\System32\shlwapi.dll
0x00007ffd35810000 - 0x00007ffd35839000 	C:\WINDOWS\SYSTEM32\profapi.dll
0x00007ffd2db60000 - 0x00007ffd2db70000 	D:\My Profile\Programs\AndroidStudio\jbr\bin\net.dll
0x00007ffd2b5b0000 - 0x00007ffd2b6d8000 	C:\WINDOWS\SYSTEM32\WINHTTP.dll
0x00007ffd34d40000 - 0x00007ffd34dab000 	C:\WINDOWS\system32\mswsock.dll
0x00007ffd2daf0000 - 0x00007ffd2db06000 	D:\My Profile\Programs\AndroidStudio\jbr\bin\nio.dll
0x00007ffd2bf30000 - 0x00007ffd2bf40000 	D:\My Profile\Programs\AndroidStudio\jbr\bin\verify.dll
0x00007ffd0c920000 - 0x00007ffd0c947000 	C:\Users\User\.gradle\native\1def1411415f61bf3af743bc5b6707747c0891f09f0c88961ee8f79bc544acac\windows-amd64\native-platform.dll
0x00007ffcbe870000 - 0x00007ffcbe8e8000 	C:\Users\User\.gradle\native\0.2.7\x86_64-windows-gnu\gradle-fileevents.dll
0x00007ffd2dad0000 - 0x00007ffd2dad9000 	D:\My Profile\Programs\AndroidStudio\jbr\bin\management.dll
0x00007ffd2dac0000 - 0x00007ffd2dacb000 	D:\My Profile\Programs\AndroidStudio\jbr\bin\management_ext.dll
0x00007ffd38590000 - 0x00007ffd38598000 	C:\WINDOWS\System32\PSAPI.DLL
0x00007ffd340f0000 - 0x00007ffd34124000 	C:\WINDOWS\SYSTEM32\IPHLPAPI.DLL
0x00007ffd38420000 - 0x00007ffd3842a000 	C:\WINDOWS\System32\NSI.dll
0x00007ffd2dae0000 - 0x00007ffd2dae9000 	D:\My Profile\Programs\AndroidStudio\jbr\bin\extnet.dll
0x00007ffd35000000 - 0x00007ffd3501b000 	C:\WINDOWS\SYSTEM32\CRYPTSP.dll
0x00007ffd34700000 - 0x00007ffd3473a000 	C:\WINDOWS\system32\rsaenh.dll
0x00007ffd34df0000 - 0x00007ffd34e1b000 	C:\WINDOWS\SYSTEM32\USERENV.dll
0x00007ffd357e0000 - 0x00007ffd3580a000 	C:\WINDOWS\SYSTEM32\bcrypt.dll
0x00007ffd35020000 - 0x00007ffd3502c000 	C:\WINDOWS\SYSTEM32\CRYPTBASE.dll
0x00007ffc84ad0000 - 0x00007ffc84ad8000 	C:\WINDOWS\system32\wshunix.dll

JVMTI agents:
C:\Users\User\.gradle\wrapper\dists\gradle-8.13-bin\5xuhj0ry160q40clulazy9h7d\gradle-8.13\lib\agents\gradle-instrumentation-agent-8.13.jar path:D:\My Profile\Programs\AndroidStudio\jbr\bin\instrument.dll, loaded, initialized, instrumentlib options:none

dbghelp: loaded successfully - version: 4.0.5 - missing functions: none
symbol engine: initialized successfully - sym options: 0x614 - pdb path: .;D:\My Profile\Programs\AndroidStudio\jbr\bin;C:\WINDOWS\SYSTEM32;C:\WINDOWS\WinSxS\amd64_microsoft.windows.common-controls_6595b64144ccf1df_6.0.26100.7019_none_3e06ffa0e335b8a8;D:\My Profile\Programs\AndroidStudio\jbr\bin\server;C:\Users\User\.gradle\native\1def1411415f61bf3af743bc5b6707747c0891f09f0c88961ee8f79bc544acac\windows-amd64;C:\Users\User\.gradle\native\0.2.7\x86_64-windows-gnu

VM Arguments:
jvm_args: --add-opens=java.base/java.lang=ALL-UNNAMED --add-opens=java.base/java.lang.invoke=ALL-UNNAMED --add-opens=java.base/java.util=ALL-UNNAMED --add-opens=java.prefs/java.util.prefs=ALL-UNNAMED --add-exports=jdk.compiler/com.sun.tools.javac.api=ALL-UNNAMED --add-exports=jdk.compiler/com.sun.tools.javac.util=ALL-UNNAMED --add-opens=java.base/java.util=ALL-UNNAMED --add-opens=java.prefs/java.util.prefs=ALL-UNNAMED --add-opens=java.base/java.nio.charset=ALL-UNNAMED --add-opens=java.base/java.net=ALL-UNNAMED --add-opens=java.base/java.util.concurrent.atomic=ALL-UNNAMED --add-opens=java.xml/javax.xml.namespace=ALL-UNNAMED -Xmx2048m -Dfile.encoding=UTF-8 -Duser.country=UA -Duser.language=uk -Duser.variant -javaagent:C:\Users\User\.gradle\wrapper\dists\gradle-8.13-bin\5xuhj0ry160q40clulazy9h7d\gradle-8.13\lib\agents\gradle-instrumentation-agent-8.13.jar 
java_command: org.gradle.launcher.daemon.bootstrap.GradleDaemon 8.13
java_class_path (initial): C:\Users\User\.gradle\wrapper\dists\gradle-8.13-bin\5xuhj0ry160q40clulazy9h7d\gradle-8.13\lib\gradle-daemon-main-8.13.jar
Launcher Type: SUN_STANDARD

[Global flags]
     intx CICompilerCount                          = 4                                         {product} {ergonomic}
     uint ConcGCThreads                            = 3                                         {product} {ergonomic}
     uint G1ConcRefinementThreads                  = 10                                        {product} {ergonomic}
   size_t G1HeapRegionSize                         = 1048576                                   {product} {ergonomic}
    uintx GCDrainStackTargetSize                   = 64                                        {product} {ergonomic}
   size_t InitialHeapSize                          = 132120576                                 {product} {ergonomic}
   size_t MarkStackSize                            = 4194304                                   {product} {ergonomic}
   size_t MaxHeapSize                              = 2147483648                                {product} {command line}
   size_t MaxNewSize                               = 1287651328                                {product} {ergonomic}
   size_t MinHeapDeltaBytes                        = 1048576                                   {product} {ergonomic}
   size_t MinHeapSize                              = 8388608                                   {product} {ergonomic}
    uintx NonNMethodCodeHeapSize                   = 5839372                                {pd product} {ergonomic}
    uintx NonProfiledCodeHeapSize                  = 122909434                              {pd product} {ergonomic}
    uintx ProfiledCodeHeapSize                     = 122909434                              {pd product} {ergonomic}
    uintx ReservedCodeCacheSize                    = 251658240                              {pd product} {ergonomic}
     bool SegmentedCodeCache                       = true                                      {product} {ergonomic}
   size_t SoftMaxHeapSize                          = 2147483648                             {manageable} {ergonomic}
     bool UseCompressedOops                        = true                           {product lp64_product} {ergonomic}
     bool UseG1GC                                  = true                                      {product} {ergonomic}
     bool UseLargePagesIndividualAllocation        = false                                  {pd product} {ergonomic}

Logging:
Log output configuration:
 #0: stdout all=warning uptime,level,tags foldmultilines=false
 #1: stderr all=off uptime,level,tags foldmultilines=false

Environment Variables:
JAVA_HOME=D:\My Profile\Programs\Java HOME\graalvm-jdk-22.0.2+9.1
PATH=C:\Program Files\Common Files\Oracle\Java\javapath;C:\Program Files (x86)\Common Files\Oracle\Java\javapath;C:\ProgramData\Oracle\Java\javapath;C:\Windows\system32;C:\Windows;C:\Windows\System32\Wbem;C:\Windows\System32\WindowsPowerShell\v1.0\;C:\Windows\System32\OpenSSH\;C:\Program Files (x86)\NVIDIA Corporation\PhysX\Common;C:\WINDOWS\system32;C:\WINDOWS;C:\WINDOWS\System32\Wbem;C:\WINDOWS\System32\WindowsPowerShell\v1.0\;C:\WINDOWS\System32\OpenSSH\;C:\Program Files\dotnet\;C:\Program Files\NVIDIA Corporation\NVIDIA app\NvDLISR;D:\My Profile\Programs\Java HOME\graalvm-jdk-22.0.2+9.1\bin;C:\Users\User\AppData\Local\Programs\Python\Launcher\;C:\Users\User\AppData\Local\Microsoft\WindowsApps;;C:\Users\User\AppData\Roaming\Programs\Zero Install
USERNAME=User
OS=Windows_NT
PROCESSOR_IDENTIFIER=Intel64 Family 6 Model 141 Stepping 1, GenuineIntel
TMP=C:\Users\User\AppData\Local\Temp
TEMP=C:\Users\User\AppData\Local\Temp




Periodic native trim disabled

JNI global refs:
JNI global refs: 26, weak refs: 0

JNI global refs memory usage: 835, weak refs: 833

Process memory usage:
Resident Set Size: 264992K (3% of 8146232K total physical memory with 593496K free physical memory)

OOME stack traces (most recent first):
Classloader memory used:
Loader org.gradle.internal.classloader.VisitableURLClassLoader                         : 20678K
Loader bootstrap                                                                       : 20250K
Loader org.gradle.initialization.MixInLegacyTypesClassLoader                           : 2604K
Loader jdk.internal.loader.ClassLoaders$PlatformClassLoader                            : 534K
Loader jdk.internal.loader.ClassLoaders$AppClassLoader                                 : 235K
Loader org.gradle.groovy.scripts.internal.DefaultScriptCompilationHandler$ScriptClassLoader: 6352B

Classes loaded by more than one classloader:
Class org.gradle.internal.classloader.FilteringClassLoader                            : loaded 2 times (x 105B)
Class org.gradle.internal.classloader.ClassLoaderHierarchy                            : loaded 2 times (x 70B)
Class org.gradle.api.internal.classpath.ManifestUtil                                  : loaded 2 times (x 71B)
Class org.gradle.internal.classloader.DefaultClassLoaderFactory                       : loaded 2 times (x 82B)
Class org.gradle.internal.classloader.ClassLoaderVisitor                              : loaded 2 times (x 76B)
Class org.gradle.api.internal.classpath.EffectiveClassPath                            : loaded 2 times (x 90B)
Class org.gradle.api.internal.DefaultClassPathProvider                                : loaded 2 times (x 76B)
Class [Lorg.gradle.api.internal.ClassPathProvider;                                    : loaded 2 times (x 69B)
Class org.gradle.api.internal.ClassPathProvider                                       : loaded 2 times (x 70B)
Class org.gradle.internal.service.UnknownServiceException                             : loaded 2 times (x 83B)
Class org.gradle.internal.classpath.TransformedClassPath                              : loaded 2 times (x 96B)
Class org.gradle.internal.classloader.InstrumentingClassLoader                        : loaded 2 times (x 70B)
Class org.gradle.internal.service.ServiceLocator                                      : loaded 2 times (x 70B)
Class org.gradle.internal.InternalTransformer                                         : loaded 2 times (x 70B)
Class org.gradle.internal.classloader.ClasspathUtil$1                                 : loaded 2 times (x 76B)
Class org.gradle.api.internal.classpath.DefaultModuleRegistry$DefaultModule           : loaded 2 times (x 86B)
Class org.gradle.api.internal.classpath.Module                                        : loaded 2 times (x 70B)
Class org.gradle.api.internal.classpath.UnknownModuleException                        : loaded 2 times (x 82B)
Class org.gradle.api.internal.DefaultClassPathRegistry                                : loaded 2 times (x 76B)
Class org.gradle.api.internal.ClassPathRegistry                                       : loaded 2 times (x 70B)
Class org.gradle.internal.classpath.DefaultClassPath$ImmutableUniqueList              : loaded 2 times (x 199B)
Class org.gradle.internal.classpath.ClassPath                                         : loaded 2 times (x 70B)
Class org.gradle.api.UncheckedIOException                                             : loaded 2 times (x 82B)
Class org.gradle.internal.installation.GradleInstallation$1                           : loaded 2 times (x 75B)
Class org.gradle.api.internal.classpath.ModuleRegistry                                : loaded 2 times (x 70B)
Class org.gradle.api.internal.classpath.DefaultModuleRegistry                         : loaded 2 times (x 86B)
Class org.gradle.internal.service.ServiceLookupException                              : loaded 2 times (x 82B)
Class org.gradle.internal.classloader.ClassLoaderFactory                              : loaded 2 times (x 70B)
Class org.gradle.internal.service.CachingServiceLocator                               : loaded 2 times (x 82B)
Class org.gradle.internal.classloader.ClasspathUtil                                   : loaded 2 times (x 71B)
Class org.gradle.api.specs.Spec                                                       : loaded 2 times (x 70B)
Class org.gradle.internal.classloader.VisitableURLClassLoader$InstrumentingVisitableURLClassLoader: loaded 2 times (x 123B)
Class org.gradle.internal.classloader.VisitableURLClassLoader$Spec                    : loaded 2 times (x 74B)
Class org.gradle.internal.classpath.DefaultClassPath                                  : loaded 2 times (x 90B)
Class org.gradle.internal.classloader.ClassLoaderSpec                                 : loaded 2 times (x 71B)
Class org.gradle.internal.classloader.VisitableURLClassLoader                         : loaded 2 times (x 117B)
Class org.gradle.internal.Cast                                                        : loaded 2 times (x 71B)
Class org.gradle.api.Action                                                           : loaded 2 times (x 70B)
Class org.gradle.internal.classpath.DefaultClassPath$ImmutableUniqueList$Builder      : loaded 2 times (x 75B)
Class org.gradle.api.GradleException                                                  : loaded 2 times (x 82B)
Class org.gradle.internal.IoActions                                                   : loaded 2 times (x 71B)
Class org.gradle.internal.classloader.SystemClassLoaderSpec                           : loaded 2 times (x 71B)
Class org.gradle.api.internal.classpath.GlobalCacheRootsProvider                      : loaded 2 times (x 70B)
Class org.gradle.internal.installation.CurrentGradleInstallationLocator               : loaded 2 times (x 71B)
Class org.gradle.internal.service.DefaultServiceLocator                               : loaded 2 times (x 83B)
Class org.gradle.internal.installation.CurrentGradleInstallation                      : loaded 2 times (x 73B)
Class org.gradle.util.internal.GUtil                                                  : loaded 2 times (x 71B)
Class org.gradle.internal.installation.GradleInstallation                             : loaded 2 times (x 75B)

---------------  S Y S T E M  ---------------

OS:
 Windows 11 , 64 bit Build 26100 (10.0.26100.7019)
OS uptime: 0 days 2:11 hours
Hyper-V role detected

CPU: total 12 (initial active 12) (6 cores per cpu, 2 threads per core) family 6 model 141 stepping 1 microcode 0x3c, cx8, cmov, fxsr, ht, mmx, 3dnowpref, sse, sse2, sse3, ssse3, sse4.1, sse4.2, popcnt, lzcnt, tsc, tscinvbit, avx, avx2, aes, erms, clmul, bmi1, bmi2, adx, avx512f, avx512dq, avx512cd, avx512bw, avx512vl, sha, fma, vzeroupper, avx512_vpopcntdq, avx512_vpclmulqdq, avx512_vaes, avx512_vnni, clflush, clflushopt, clwb, avx512_vbmi2, avx512_vbmi, hv, rdtscp, rdpid, fsrm, gfni, avx512_bitalg, f16c, cet_ibt, cet_ss, avx512_ifma
Processor Information for the first 12 processors :
  Max Mhz: 2688, Current Mhz: 2688, Mhz Limit: 2688

Memory: 4k page, system-wide physical 7955M (581M free)
TotalPageFile size 16983M (AvailPageFile size 6M)
current process WorkingSet (physical memory assigned to process): 258M, peak: 265M
current process commit charge ("private bytes"): 298M, peak: 308M

vm_info: OpenJDK 64-Bit Server VM (21.0.8+-14018985-b1038.68) for windows-amd64 JRE (21.0.8+-14018985-b1038.68), built on 2025-08-29T19:56:34Z by "builder" with MS VC++ 16.10 / 16.11 (VS2019)

END.
