#
# There is insufficient memory for the Java Runtime Environment to continue.
# Native memory allocation (mmap) failed to map 18874368 bytes. Error detail: G1 virtual space
# Possible reasons:
#   The system is out of physical RAM or swap space
#   This process is running with CompressedOops enabled, and the Java Heap may be blocking the growth of the native heap
# Possible solutions:
#   Reduce memory load on the system
#   Increase physical memory or swap space
#   Check if swap backing store is full
#   Decrease Java heap size (-Xmx/-Xms)
#   Decrease number of Java threads
#   Decrease Java thread stack sizes (-Xss)
#   Set larger code cache with -XX:ReservedCodeCacheSize=
#   JVM is running with Unscaled Compressed Oops mode in which the Java heap is
#     placed in the first 4GB address space. The Java Heap base address is the
#     maximum limit for the native heap growth. Please use -XX:HeapBaseMinAddress
#     to set the Java Heap base and to place the Java Heap above 4GB virtual address.
# This output file may be truncated or incomplete.
#
#  Out of Memory Error (os_windows.cpp:3925), pid=4620, tid=10752
#
# JRE version: OpenJDK Runtime Environment (21.0.8) (build 21.0.8+-14018985-b1038.68)
# Java VM: OpenJDK 64-Bit Server VM (21.0.8+-14018985-b1038.68, mixed mode, tiered, compressed oops, compressed class ptrs, g1 gc, windows-amd64)
# No core dump will be written. Minidumps are not enabled by default on client versions of Windows
#

---------------  S U M M A R Y ------------

Command Line: --add-opens=java.base/java.lang=ALL-UNNAMED --add-opens=java.base/java.lang.invoke=ALL-UNNAMED --add-opens=java.base/java.util=ALL-UNNAMED --add-opens=java.prefs/java.util.prefs=ALL-UNNAMED --add-exports=jdk.compiler/com.sun.tools.javac.api=ALL-UNNAMED --add-exports=jdk.compiler/com.sun.tools.javac.util=ALL-UNNAMED --add-opens=java.base/java.util=ALL-UNNAMED --add-opens=java.prefs/java.util.prefs=ALL-UNNAMED --add-opens=java.base/java.nio.charset=ALL-UNNAMED --add-opens=java.base/java.net=ALL-UNNAMED --add-opens=java.base/java.util.concurrent.atomic=ALL-UNNAMED --add-opens=java.xml/javax.xml.namespace=ALL-UNNAMED -Xmx2048m -Dfile.encoding=UTF-8 -Duser.country=UA -Duser.language=uk -Duser.variant -javaagent:C:\Users\User\.gradle\wrapper\dists\gradle-8.13-bin\5xuhj0ry160q40clulazy9h7d\gradle-8.13\lib\agents\gradle-instrumentation-agent-8.13.jar org.gradle.launcher.daemon.bootstrap.GradleDaemon 8.13

Host: 11th Gen Intel(R) Core(TM) i5-11400H @ 2.70GHz, 12 cores, 7G,  Windows 11 , 64 bit Build 26100 (10.0.26100.7019)
Time: Tue Nov 11 23:57:31 2025 elapsed time: 4.287799 seconds (0d 0h 0m 4s)

---------------  T H R E A D  ---------------

Current thread (0x00000236fe5f95f0):  VMThread "VM Thread"          [id=10752, stack(0x0000005f47900000,0x0000005f47a00000) (1024K)]

Stack: [0x0000005f47900000,0x0000005f47a00000]
Native frames: (J=compiled Java code, j=interpreted, Vv=VM code, C=native code)
V  [jvm.dll+0x6d68d9]
V  [jvm.dll+0x866693]
V  [jvm.dll+0x868c4e]
V  [jvm.dll+0x869333]
V  [jvm.dll+0x280566]
V  [jvm.dll+0x6d3195]
V  [jvm.dll+0x6c69ea]
V  [jvm.dll+0x3586db]
V  [jvm.dll+0x360336]
V  [jvm.dll+0x3b23f6]
V  [jvm.dll+0x3b26c8]
V  [jvm.dll+0x32ae6c]
V  [jvm.dll+0x32d806]
V  [jvm.dll+0x3376dd]
V  [jvm.dll+0x36ee15]
V  [jvm.dll+0x86f0b8]
V  [jvm.dll+0x870434]
V  [jvm.dll+0x870970]
V  [jvm.dll+0x870c03]
V  [jvm.dll+0x80eac8]
V  [jvm.dll+0x6d512d]
C  [ucrtbase.dll+0x37b0]
C  [KERNEL32.DLL+0x2e8d7]
C  [ntdll.dll+0x8c53c]

VM_Operation (0x0000005f474ff8d0): G1PauseRemark, mode: safepoint, requested by thread 0x00000236e6b579b0


---------------  P R O C E S S  ---------------

Threads class SMR info:
_java_thread_list=0x0000023687e92760, length=42, elements={
0x00000236e46f6b40, 0x00000236fe7b8680, 0x00000236fe7ea2b0, 0x00000236fe7ea920,
0x00000236fe7d9870, 0x00000236fe7c9020, 0x00000236fe7ca200, 0x00000236fe7d4f20,
0x00000236fe7d84f0, 0x00000236fe7d8ba0, 0x00000236fe7d62d0, 0x00000236feb179e0,
0x00000236fe7d4200, 0x00000236fe7d4890, 0x00000236fe7d2e50, 0x00000236fe7d34e0,
0x00000236fe7d55b0, 0x00000236fe7d3b70, 0x00000236853bc070, 0x00000236853bb9e0,
0x00000236853b8bf0, 0x00000236853b9910, 0x00000236853bb350, 0x00000236853b9fa0,
0x00000236853ba630, 0x0000023686dff280, 0x00000236853bacc0, 0x00000236853b9280,
0x00000236853bdab0, 0x00000236853bcd90, 0x00000236853c0210, 0x00000236853bfb80,
0x00000236853bd420, 0x00000236853be140, 0x00000236853be7d0, 0x00000236853bf4f0,
0x00000236853bee60, 0x000002368690df70, 0x00000236869106d0, 0x0000023686910d60,
0x00000236869113f0, 0x0000023686910040
}

Java Threads: ( => current thread )
  0x00000236e46f6b40 JavaThread "main"                              [_thread_blocked, id=10776, stack(0x0000005f47200000,0x0000005f47300000) (1024K)]
  0x00000236fe7b8680 JavaThread "Common-Cleaner"             daemon [_thread_blocked, id=5100, stack(0x0000005f47a00000,0x0000005f47b00000) (1024K)]
  0x00000236fe7ea2b0 JavaThread "Reference Handler"          daemon [_thread_blocked, id=19464, stack(0x0000005f47b00000,0x0000005f47c00000) (1024K)]
  0x00000236fe7ea920 JavaThread "Finalizer"                  daemon [_thread_blocked, id=23492, stack(0x0000005f47c00000,0x0000005f47d00000) (1024K)]
  0x00000236fe7d9870 JavaThread "Signal Dispatcher"          daemon [_thread_blocked, id=22984, stack(0x0000005f47d00000,0x0000005f47e00000) (1024K)]
  0x00000236fe7c9020 JavaThread "Attach Listener"            daemon [_thread_blocked, id=10928, stack(0x0000005f47e00000,0x0000005f47f00000) (1024K)]
  0x00000236fe7ca200 JavaThread "Service Thread"             daemon [_thread_blocked, id=2800, stack(0x0000005f47f00000,0x0000005f48000000) (1024K)]
  0x00000236fe7d4f20 JavaThread "Monitor Deflation Thread"   daemon [_thread_blocked, id=11440, stack(0x0000005f48000000,0x0000005f48100000) (1024K)]
  0x00000236fe7d84f0 JavaThread "C2 CompilerThread0"         daemon [_thread_blocked, id=3708, stack(0x0000005f48100000,0x0000005f48200000) (1024K)]
  0x00000236fe7d8ba0 JavaThread "C1 CompilerThread0"         daemon [_thread_blocked, id=19356, stack(0x0000005f48200000,0x0000005f48300000) (1024K)]
  0x00000236fe7d62d0 JavaThread "Notification Thread"        daemon [_thread_blocked, id=21100, stack(0x0000005f48300000,0x0000005f48400000) (1024K)]
  0x00000236feb179e0 JavaThread "C2 CompilerThread1"         daemon [_thread_blocked, id=4456, stack(0x0000005f48400000,0x0000005f48500000) (1024K)]
  0x00000236fe7d4200 JavaThread "Daemon health stats"               [_thread_blocked, id=18008, stack(0x0000005f48d00000,0x0000005f48e00000) (1024K)]
  0x00000236fe7d4890 JavaThread "Incoming local TCP Connector on port 63946"        [_thread_in_native, id=14388, stack(0x0000005f48e00000,0x0000005f48f00000) (1024K)]
  0x00000236fe7d2e50 JavaThread "Daemon periodic checks"            [_thread_blocked, id=20044, stack(0x0000005f48f00000,0x0000005f49000000) (1024K)]
  0x00000236fe7d34e0 JavaThread "Daemon"                            [_thread_blocked, id=22656, stack(0x0000005f49000000,0x0000005f49100000) (1024K)]
  0x00000236fe7d55b0 JavaThread "Handler for socket connection from /127.0.0.1:63946 to /127.0.0.1:63947"        [_thread_in_native, id=10804, stack(0x0000005f49100000,0x0000005f49200000) (1024K)]
  0x00000236fe7d3b70 JavaThread "Cancel handler"                    [_thread_blocked, id=11156, stack(0x0000005f49200000,0x0000005f49300000) (1024K)]
  0x00000236853bc070 JavaThread "Daemon worker"                     [_thread_blocked, id=10788, stack(0x0000005f49300000,0x0000005f49400000) (1024K)]
  0x00000236853bb9e0 JavaThread "Asynchronous log dispatcher for DefaultDaemonConnection: socket connection from /127.0.0.1:63946 to /127.0.0.1:63947"        [_thread_blocked, id=8864, stack(0x0000005f49700000,0x0000005f49800000) (1024K)]
  0x00000236853b8bf0 JavaThread "Stdin handler"                     [_thread_blocked, id=10756, stack(0x0000005f49800000,0x0000005f49900000) (1024K)]
  0x00000236853b9910 JavaThread "Daemon client event forwarder"        [_thread_blocked, id=8688, stack(0x0000005f49900000,0x0000005f49a00000) (1024K)]
  0x00000236853bb350 JavaThread "Cache worker for journal cache (C:\Users\User\.gradle\caches\journal-1)"        [_thread_blocked, id=17472, stack(0x0000005f49a00000,0x0000005f49b00000) (1024K)]
  0x00000236853b9fa0 JavaThread "File lock request listener"        [_thread_in_native, id=22168, stack(0x0000005f49b00000,0x0000005f49c00000) (1024K)]
  0x00000236853ba630 JavaThread "Cache worker for file hash cache (C:\Users\User\.gradle\caches\8.13\fileHashes)"        [_thread_blocked, id=10192, stack(0x0000005f49c00000,0x0000005f49d00000) (1024K)]
  0x0000023686dff280 JavaThread "C2 CompilerThread2"         daemon [_thread_in_native, id=21988, stack(0x0000005f49d00000,0x0000005f49e00000) (1024K)]
  0x00000236853bacc0 JavaThread "Cache worker for file hash cache (C:\Users\User\StudioProjects\xVSoRPG\.gradle\8.13\fileHashes)"        [_thread_blocked, id=20060, stack(0x0000005f49e00000,0x0000005f49f00000) (1024K)]
  0x00000236853b9280 JavaThread "Cache worker for Build Output Cleanup Cache (C:\Users\User\StudioProjects\xVSoRPG\.gradle\buildOutputCleanup)"        [_thread_blocked, id=12816, stack(0x0000005f49f00000,0x0000005f4a000000) (1024K)]
  0x00000236853bdab0 JavaThread "File watcher server"        daemon [_thread_in_native, id=15140, stack(0x0000005f4a000000,0x0000005f4a100000) (1024K)]
  0x00000236853bcd90 JavaThread "File watcher consumer"      daemon [_thread_blocked, id=1992, stack(0x0000005f4a100000,0x0000005f4a200000) (1024K)]
  0x00000236853c0210 JavaThread "jar transforms"                    [_thread_blocked, id=5596, stack(0x0000005f4a200000,0x0000005f4a300000) (1024K)]
  0x00000236853bfb80 JavaThread "jar transforms Thread 2"           [_thread_blocked, id=19344, stack(0x0000005f4a300000,0x0000005f4a400000) (1024K)]
  0x00000236853bd420 JavaThread "jar transforms Thread 3"           [_thread_blocked, id=16132, stack(0x0000005f4a400000,0x0000005f4a500000) (1024K)]
  0x00000236853be140 JavaThread "jar transforms Thread 4"           [_thread_blocked, id=2088, stack(0x0000005f4a500000,0x0000005f4a600000) (1024K)]
  0x00000236853be7d0 JavaThread "jar transforms Thread 5"           [_thread_blocked, id=21728, stack(0x0000005f4a600000,0x0000005f4a700000) (1024K)]
  0x00000236853bf4f0 JavaThread "jar transforms Thread 6"           [_thread_blocked, id=6348, stack(0x0000005f4a700000,0x0000005f4a800000) (1024K)]
  0x00000236853bee60 JavaThread "jar transforms Thread 7"           [_thread_blocked, id=8860, stack(0x0000005f4a800000,0x0000005f4a900000) (1024K)]
  0x000002368690df70 JavaThread "jar transforms Thread 8"           [_thread_blocked, id=21544, stack(0x0000005f4a900000,0x0000005f4aa00000) (1024K)]
  0x00000236869106d0 JavaThread "jar transforms Thread 9"           [_thread_blocked, id=2936, stack(0x0000005f4aa00000,0x0000005f4ab00000) (1024K)]
  0x0000023686910d60 JavaThread "jar transforms Thread 10"          [_thread_blocked, id=4212, stack(0x0000005f4ab00000,0x0000005f4ac00000) (1024K)]
  0x00000236869113f0 JavaThread "jar transforms Thread 11"          [_thread_blocked, id=2168, stack(0x0000005f4ac00000,0x0000005f4ad00000) (1024K)]
  0x0000023686910040 JavaThread "jar transforms Thread 12"          [_thread_blocked, id=21564, stack(0x0000005f4ad00000,0x0000005f4ae00000) (1024K)]
Total: 42

Other Threads:
=>0x00000236fe5f95f0 VMThread "VM Thread"                           [id=10752, stack(0x0000005f47900000,0x0000005f47a00000) (1024K)]
  0x00000236fe5b1e50 WatcherThread "VM Periodic Task Thread"        [id=22744, stack(0x0000005f47800000,0x0000005f47900000) (1024K)]
  0x00000236e6b46960 WorkerThread "GC Thread#0"                     [id=11072, stack(0x0000005f47300000,0x0000005f47400000) (1024K)]
  0x00000236ff099fb0 WorkerThread "GC Thread#1"                     [id=23400, stack(0x0000005f48500000,0x0000005f48600000) (1024K)]
  0x00000236fef5d2e0 WorkerThread "GC Thread#2"                     [id=7696, stack(0x0000005f48600000,0x0000005f48700000) (1024K)]
  0x00000236feb4d6f0 WorkerThread "GC Thread#3"                     [id=10320, stack(0x0000005f48700000,0x0000005f48800000) (1024K)]
  0x0000023684481680 WorkerThread "GC Thread#4"                     [id=10412, stack(0x0000005f48800000,0x0000005f48900000) (1024K)]
  0x0000023685288ad0 WorkerThread "GC Thread#5"                     [id=8940, stack(0x0000005f48900000,0x0000005f48a00000) (1024K)]
  0x000002368529cec0 WorkerThread "GC Thread#6"                     [id=12568, stack(0x0000005f48a00000,0x0000005f48b00000) (1024K)]
  0x000002368529d260 WorkerThread "GC Thread#7"                     [id=22420, stack(0x0000005f48b00000,0x0000005f48c00000) (1024K)]
  0x00000236852a05b0 WorkerThread "GC Thread#8"                     [id=12528, stack(0x0000005f48c00000,0x0000005f48d00000) (1024K)]
  0x00000236852a0210 WorkerThread "GC Thread#9"                     [id=3224, stack(0x0000005f49400000,0x0000005f49500000) (1024K)]
  0x00000236e6b579b0 ConcurrentGCThread "G1 Main Marker"            [id=12776, stack(0x0000005f47400000,0x0000005f47500000) (1024K)]
  0x00000236e6b59f50 WorkerThread "G1 Conc#0"                       [id=19420, stack(0x0000005f47500000,0x0000005f47600000) (1024K)]
  0x00000236852a17d0 WorkerThread "G1 Conc#1"                       [id=3896, stack(0x0000005f49500000,0x0000005f49600000) (1024K)]
  0x00000236852a0950 WorkerThread "G1 Conc#2"                       [id=21324, stack(0x0000005f49600000,0x0000005f49700000) (1024K)]
  0x00000236e6baeaa0 ConcurrentGCThread "G1 Refine#0"               [id=8236, stack(0x0000005f47600000,0x0000005f47700000) (1024K)]
  0x00000236fe4841a0 ConcurrentGCThread "G1 Service"                [id=16264, stack(0x0000005f47700000,0x0000005f47800000) (1024K)]
Total: 18

Threads with active compile tasks:
C2 CompilerThread2  4302 3762   !   4       java.lang.ClassLoader::loadClass (121 bytes)
Total: 1

VM state: at safepoint (normal execution)

VM Mutex/Monitor currently owned by a thread:  ([mutex/lock_event])
[0x00007ffcbace85b8] Threads_lock - owner thread: 0x00000236fe5f95f0
[0x00007ffcbace86b8] Heap_lock - owner thread: 0x00000236e6b579b0

Heap address: 0x0000000080000000, size: 2048 MB, Compressed Oops mode: 32-bit

CDS archive(s) not mapped
Compressed class space mapped at: 0x0000000100000000-0x0000000140000000, reserved size: 1073741824
Narrow klass base: 0x0000000000000000, Narrow klass shift: 3, Narrow klass range: 0x140000000

GC Precious Log:
 CardTable entry size: 512
 Card Set container configuration: InlinePtr #cards 5 size 8 Array Of Cards #cards 12 size 40 Howl #buckets 4 coarsen threshold 1843 Howl Bitmap #cards 512 size 80 coarsen threshold 460 Card regions per heap region 1 cards per card region 2048
 CPUs: 12 total, 12 available
 Memory: 7955M
 Large Page Support: Disabled
 NUMA Support: Disabled
 Compressed Oops: Enabled (32-bit)
 Heap Region Size: 1M
 Heap Min Capacity: 8M
 Heap Initial Capacity: 126M
 Heap Max Capacity: 2G
 Pre-touch: Disabled
 Parallel Workers: 10
 Concurrent Workers: 3
 Concurrent Refinement Workers: 10
 Periodic GC: Disabled

Heap:
 garbage-first heap   total 93184K, used 65797K [0x0000000080000000, 0x0000000100000000)
  region size 1024K, 4 young (4096K), 3 survivors (3072K)
 Metaspace       used 46199K, committed 47168K, reserved 1114112K
  class space    used 6373K, committed 6848K, reserved 1048576K

Heap Regions: E=young(eden), S=young(survivor), O=old, HS=humongous(starts), HC=humongous(continues), CS=collection set, F=free, TAMS=top-at-mark-start, PB=parsable bottom
|   0|0x0000000080000000, 0x0000000080100000, 0x0000000080100000|100%|HS|  |TAMS 0x0000000080100000| PB 0x0000000080000000| Complete 
|   1|0x0000000080100000, 0x0000000080200000, 0x0000000080200000|100%|HC|  |TAMS 0x0000000080200000| PB 0x0000000080100000| Complete 
|   2|0x0000000080200000, 0x0000000080300000, 0x0000000080300000|100%|HC|  |TAMS 0x0000000080300000| PB 0x0000000080200000| Complete 
|   3|0x0000000080300000, 0x0000000080400000, 0x0000000080400000|100%| O|  |TAMS 0x0000000080400000| PB 0x0000000080400000| Untracked 
|   4|0x0000000080400000, 0x0000000080500000, 0x0000000080500000|100%| O|  |TAMS 0x0000000080500000| PB 0x0000000080500000| Untracked 
|   5|0x0000000080500000, 0x0000000080600000, 0x0000000080600000|100%| O|  |TAMS 0x0000000080600000| PB 0x0000000080600000| Untracked 
|   6|0x0000000080600000, 0x0000000080700000, 0x0000000080700000|100%|HS|  |TAMS 0x0000000080700000| PB 0x0000000080600000| Complete 
|   7|0x0000000080700000, 0x0000000080800000, 0x0000000080800000|100%| O|  |TAMS 0x0000000080800000| PB 0x0000000080800000| Untracked 
|   8|0x0000000080800000, 0x0000000080900000, 0x0000000080900000|100%| O|  |TAMS 0x0000000080900000| PB 0x0000000080900000| Untracked 
|   9|0x0000000080900000, 0x0000000080a00000, 0x0000000080a00000|100%| O|  |TAMS 0x0000000080900000| PB 0x0000000080900000| Untracked 
|  10|0x0000000080a00000, 0x0000000080b00000, 0x0000000080b00000|100%| O|  |TAMS 0x0000000080b00000| PB 0x0000000080b00000| Untracked 
|  11|0x0000000080b00000, 0x0000000080c00000, 0x0000000080c00000|100%| O|  |TAMS 0x0000000080c00000| PB 0x0000000080c00000| Untracked 
|  12|0x0000000080c00000, 0x0000000080d00000, 0x0000000080d00000|100%| O|  |TAMS 0x0000000080d00000| PB 0x0000000080d00000| Updating 
|  13|0x0000000080d00000, 0x0000000080e00000, 0x0000000080e00000|100%| O|  |TAMS 0x0000000080e00000| PB 0x0000000080e00000| Untracked 
|  14|0x0000000080e00000, 0x0000000080f00000, 0x0000000080f00000|100%| O|  |TAMS 0x0000000080f00000| PB 0x0000000080f00000| Untracked 
|  15|0x0000000080f00000, 0x0000000081000000, 0x0000000081000000|100%| O|  |TAMS 0x0000000081000000| PB 0x0000000081000000| Untracked 
|  16|0x0000000081000000, 0x0000000081100000, 0x0000000081100000|100%| O|  |TAMS 0x0000000081100000| PB 0x0000000081100000| Untracked 
|  17|0x0000000081100000, 0x0000000081200000, 0x0000000081200000|100%| O|  |TAMS 0x0000000081200000| PB 0x0000000081200000| Untracked 
|  18|0x0000000081200000, 0x0000000081300000, 0x0000000081300000|100%| O|  |TAMS 0x0000000081300000| PB 0x0000000081300000| Untracked 
|  19|0x0000000081300000, 0x0000000081400000, 0x0000000081400000|100%| O|  |TAMS 0x0000000081400000| PB 0x0000000081400000| Untracked 
|  20|0x0000000081400000, 0x0000000081500000, 0x0000000081500000|100%| O|  |TAMS 0x0000000081500000| PB 0x0000000081500000| Updating 
|  21|0x0000000081500000, 0x0000000081600000, 0x0000000081600000|100%| O|  |TAMS 0x0000000081600000| PB 0x0000000081600000| Untracked 
|  22|0x0000000081600000, 0x0000000081700000, 0x0000000081700000|100%| O|  |TAMS 0x0000000081700000| PB 0x0000000081700000| Untracked 
|  23|0x0000000081700000, 0x0000000081800000, 0x0000000081800000|100%| O|  |TAMS 0x0000000081800000| PB 0x0000000081800000| Updating 
|  24|0x0000000081800000, 0x0000000081900000, 0x0000000081900000|100%| O|  |TAMS 0x0000000081900000| PB 0x0000000081900000| Updating 
|  25|0x0000000081900000, 0x0000000081a00000, 0x0000000081a00000|100%|HS|  |TAMS 0x0000000081a00000| PB 0x0000000081900000| Complete 
|  26|0x0000000081a00000, 0x0000000081b00000, 0x0000000081b00000|100%|HC|  |TAMS 0x0000000081b00000| PB 0x0000000081a00000| Complete 
|  27|0x0000000081b00000, 0x0000000081c00000, 0x0000000081c00000|100%|HC|  |TAMS 0x0000000081c00000| PB 0x0000000081b00000| Complete 
|  28|0x0000000081c00000, 0x0000000081d00000, 0x0000000081d00000|100%|HC|  |TAMS 0x0000000081d00000| PB 0x0000000081c00000| Complete 
|  29|0x0000000081d00000, 0x0000000081e00000, 0x0000000081e00000|100%|HC|  |TAMS 0x0000000081e00000| PB 0x0000000081d00000| Complete 
|  30|0x0000000081e00000, 0x0000000081f00000, 0x0000000081f00000|100%|HC|  |TAMS 0x0000000081f00000| PB 0x0000000081e00000| Complete 
|  31|0x0000000081f00000, 0x0000000082000000, 0x0000000082000000|100%|HS|  |TAMS 0x0000000082000000| PB 0x0000000081f00000| Complete 
|  32|0x0000000082000000, 0x0000000082100000, 0x0000000082100000|100%|HS|  |TAMS 0x0000000082100000| PB 0x0000000082000000| Complete 
|  33|0x0000000082100000, 0x0000000082200000, 0x0000000082200000|100%|HC|  |TAMS 0x0000000082200000| PB 0x0000000082100000| Complete 
|  34|0x0000000082200000, 0x0000000082300000, 0x0000000082300000|100%|HC|  |TAMS 0x0000000082300000| PB 0x0000000082200000| Complete 
|  35|0x0000000082300000, 0x0000000082400000, 0x0000000082400000|100%|HC|  |TAMS 0x0000000082400000| PB 0x0000000082300000| Complete 
|  36|0x0000000082400000, 0x0000000082500000, 0x0000000082500000|100%|HS|  |TAMS 0x0000000082500000| PB 0x0000000082400000| Complete 
|  37|0x0000000082500000, 0x0000000082600000, 0x0000000082600000|100%|HC|  |TAMS 0x0000000082600000| PB 0x0000000082500000| Complete 
|  38|0x0000000082600000, 0x0000000082700000, 0x0000000082700000|100%|HS|  |TAMS 0x0000000082700000| PB 0x0000000082600000| Complete 
|  39|0x0000000082700000, 0x0000000082800000, 0x0000000082800000|100%|HS|  |TAMS 0x0000000082800000| PB 0x0000000082700000| Complete 
|  40|0x0000000082800000, 0x0000000082900000, 0x0000000082900000|100%|HC|  |TAMS 0x0000000082900000| PB 0x0000000082800000| Complete 
|  41|0x0000000082900000, 0x0000000082a00000, 0x0000000082a00000|100%|HC|  |TAMS 0x0000000082a00000| PB 0x0000000082900000| Complete 
|  42|0x0000000082a00000, 0x0000000082b00000, 0x0000000082b00000|100%|HC|  |TAMS 0x0000000082b00000| PB 0x0000000082a00000| Complete 
|  43|0x0000000082b00000, 0x0000000082c00000, 0x0000000082c00000|100%|HC|  |TAMS 0x0000000082c00000| PB 0x0000000082b00000| Complete 
|  44|0x0000000082c00000, 0x0000000082d00000, 0x0000000082d00000|100%|HC|  |TAMS 0x0000000082d00000| PB 0x0000000082c00000| Complete 
|  45|0x0000000082d00000, 0x0000000082e00000, 0x0000000082e00000|100%|HS|  |TAMS 0x0000000082e00000| PB 0x0000000082d00000| Complete 
|  46|0x0000000082e00000, 0x0000000082f00000, 0x0000000082f00000|100%|HS|  |TAMS 0x0000000082f00000| PB 0x0000000082e00000| Complete 
|  47|0x0000000082f00000, 0x0000000083000000, 0x0000000083000000|100%|HC|  |TAMS 0x0000000083000000| PB 0x0000000082f00000| Complete 
|  48|0x0000000083000000, 0x0000000083100000, 0x0000000083100000|100%|HC|  |TAMS 0x0000000083100000| PB 0x0000000083000000| Complete 
|  49|0x0000000083100000, 0x0000000083200000, 0x0000000083200000|100%|HC|  |TAMS 0x0000000083200000| PB 0x0000000083100000| Complete 
|  50|0x0000000083200000, 0x0000000083300000, 0x0000000083300000|100%| O|  |TAMS 0x0000000083300000| PB 0x0000000083300000| Updating 
|  51|0x0000000083300000, 0x0000000083400000, 0x0000000083400000|100%| O|  |TAMS 0x0000000083400000| PB 0x0000000083400000| Untracked 
|  52|0x0000000083400000, 0x0000000083500000, 0x0000000083500000|100%|HS|  |TAMS 0x0000000083500000| PB 0x0000000083400000| Complete 
|  53|0x0000000083500000, 0x0000000083600000, 0x0000000083600000|100%|HC|  |TAMS 0x0000000083600000| PB 0x0000000083500000| Complete 
|  54|0x0000000083600000, 0x0000000083700000, 0x0000000083700000|100%|HS|  |TAMS 0x0000000083700000| PB 0x0000000083600000| Complete 
|  55|0x0000000083700000, 0x0000000083800000, 0x0000000083800000|100%| O|  |TAMS 0x0000000083800000| PB 0x0000000083800000| Untracked 
|  56|0x0000000083800000, 0x0000000083900000, 0x0000000083900000|100%| O|  |TAMS 0x0000000083900000| PB 0x0000000083900000| Untracked 
|  57|0x0000000083900000, 0x0000000083a00000, 0x0000000083a00000|100%| O|  |TAMS 0x0000000083a00000| PB 0x0000000083a00000| Untracked 
|  58|0x0000000083a00000, 0x0000000083b00000, 0x0000000083b00000|100%| O|  |TAMS 0x0000000083b00000| PB 0x0000000083b00000| Untracked 
|  59|0x0000000083b00000, 0x0000000083c00000, 0x0000000083c00000|100%| O|  |TAMS 0x0000000083ba9948| PB 0x0000000083ba9948| Untracked 
|  60|0x0000000083c00000, 0x0000000083c416f0, 0x0000000083d00000| 25%| O|  |TAMS 0x0000000083c00000| PB 0x0000000083c00000| Updating 
|  61|0x0000000083d00000, 0x0000000083d00000, 0x0000000083e00000|  0%| F|  |TAMS 0x0000000083d00000| PB 0x0000000083d00000| Untracked 
|  62|0x0000000083e00000, 0x0000000083e00000, 0x0000000083f00000|  0%| F|  |TAMS 0x0000000083e00000| PB 0x0000000083e00000| Untracked 
|  63|0x0000000083f00000, 0x0000000083f00000, 0x0000000084000000|  0%| F|  |TAMS 0x0000000083f00000| PB 0x0000000083f00000| Untracked 
|  64|0x0000000084000000, 0x0000000084000000, 0x0000000084100000|  0%| F|  |TAMS 0x0000000084000000| PB 0x0000000084000000| Untracked 
|  65|0x0000000084100000, 0x0000000084100000, 0x0000000084200000|  0%| F|  |TAMS 0x0000000084100000| PB 0x0000000084100000| Untracked 
|  66|0x0000000084200000, 0x0000000084300000, 0x0000000084300000|100%| S|CS|TAMS 0x0000000084200000| PB 0x0000000084200000| Complete 
|  67|0x0000000084300000, 0x0000000084400000, 0x0000000084400000|100%| S|CS|TAMS 0x0000000084300000| PB 0x0000000084300000| Complete 
|  68|0x0000000084400000, 0x0000000084500000, 0x0000000084500000|100%| S|CS|TAMS 0x0000000084400000| PB 0x0000000084400000| Complete 
|  69|0x0000000084500000, 0x0000000084500000, 0x0000000084600000|  0%| F|  |TAMS 0x0000000084500000| PB 0x0000000084500000| Untracked 
|  70|0x0000000084600000, 0x0000000084600000, 0x0000000084700000|  0%| F|  |TAMS 0x0000000084600000| PB 0x0000000084600000| Untracked 
|  71|0x0000000084700000, 0x0000000084700000, 0x0000000084800000|  0%| F|  |TAMS 0x0000000084700000| PB 0x0000000084700000| Untracked 
|  72|0x0000000084800000, 0x0000000084800000, 0x0000000084900000|  0%| F|  |TAMS 0x0000000084800000| PB 0x0000000084800000| Untracked 
|  73|0x0000000084900000, 0x0000000084900000, 0x0000000084a00000|  0%| F|  |TAMS 0x0000000084900000| PB 0x0000000084900000| Untracked 
|  74|0x0000000084a00000, 0x0000000084a00000, 0x0000000084b00000|  0%| F|  |TAMS 0x0000000084a00000| PB 0x0000000084a00000| Untracked 
|  75|0x0000000084b00000, 0x0000000084b00000, 0x0000000084c00000|  0%| F|  |TAMS 0x0000000084b00000| PB 0x0000000084b00000| Untracked 
|  76|0x0000000084c00000, 0x0000000084c00000, 0x0000000084d00000|  0%| F|  |TAMS 0x0000000084c00000| PB 0x0000000084c00000| Untracked 
|  77|0x0000000084d00000, 0x0000000084d00000, 0x0000000084e00000|  0%| F|  |TAMS 0x0000000084d00000| PB 0x0000000084d00000| Untracked 
|  78|0x0000000084e00000, 0x0000000084e00000, 0x0000000084f00000|  0%| F|  |TAMS 0x0000000084e00000| PB 0x0000000084e00000| Untracked 
|  79|0x0000000084f00000, 0x0000000084f00000, 0x0000000085000000|  0%| F|  |TAMS 0x0000000084f00000| PB 0x0000000084f00000| Untracked 
|  80|0x0000000085000000, 0x0000000085000000, 0x0000000085100000|  0%| F|  |TAMS 0x0000000085000000| PB 0x0000000085000000| Untracked 
|  81|0x0000000085100000, 0x0000000085100000, 0x0000000085200000|  0%| F|  |TAMS 0x0000000085100000| PB 0x0000000085100000| Untracked 
|  82|0x0000000085200000, 0x0000000085200000, 0x0000000085300000|  0%| F|  |TAMS 0x0000000085200000| PB 0x0000000085200000| Untracked 
|  83|0x0000000085300000, 0x0000000085300000, 0x0000000085400000|  0%| F|  |TAMS 0x0000000085300000| PB 0x0000000085300000| Untracked 
|  84|0x0000000085400000, 0x0000000085400000, 0x0000000085500000|  0%| F|  |TAMS 0x0000000085400000| PB 0x0000000085400000| Untracked 
|  85|0x0000000085500000, 0x0000000085500000, 0x0000000085600000|  0%| F|  |TAMS 0x0000000085500000| PB 0x0000000085500000| Untracked 
| 105|0x0000000086900000, 0x0000000086900000, 0x0000000086a00000|  0%| F|  |TAMS 0x0000000086900000| PB 0x0000000086900000| Untracked 
| 106|0x0000000086a00000, 0x0000000086a00000, 0x0000000086b00000|  0%| F|  |TAMS 0x0000000086a00000| PB 0x0000000086a00000| Untracked 
| 107|0x0000000086b00000, 0x0000000086b00000, 0x0000000086c00000|  0%| F|  |TAMS 0x0000000086b00000| PB 0x0000000086b00000| Untracked 
| 125|0x0000000087d00000, 0x0000000087dd7e38, 0x0000000087e00000| 84%| E|  |TAMS 0x0000000087d00000| PB 0x0000000087d00000| Complete 
|2047|0x00000000fff00000, 0x0000000100000000, 0x0000000100000000|100%| O|  |TAMS 0x0000000100000000| PB 0x0000000100000000| Updating 

Card table byte_map: [0x00000236f9590000,0x00000236f9990000] _byte_map_base: 0x00000236f9190000

Marking Bits: (CMBitMap*) 0x00000236e6b46f70
 Bits: [0x00000236f9990000, 0x00000236fb990000)

Polling page: 0x00000236e4b50000

Metaspace:

Usage:
  Non-class:     38.89 MB used.
      Class:      6.22 MB used.
       Both:     45.12 MB used.

Virtual space:
  Non-class space:       64.00 MB reserved,      39.38 MB ( 62%) committed,  1 nodes.
      Class space:        1.00 GB reserved,       6.69 MB ( <1%) committed,  1 nodes.
             Both:        1.06 GB reserved,      46.06 MB (  4%) committed. 

Chunk freelists:
   Non-Class:  8.30 MB
       Class:  9.34 MB
        Both:  17.64 MB

MaxMetaspaceSize: unlimited
CompressedClassSpaceSize: 1.00 GB
Initial GC threshold: 21.00 MB
Current GC threshold: 58.69 MB
CDS: off
 - commit_granule_bytes: 65536.
 - commit_granule_words: 8192.
 - virtual_space_node_default_size: 8388608.
 - enlarge_chunks_in_place: 1.
 - use_allocation_guard: 0.


Internal statistics:

num_allocs_failed_limit: 6.
num_arena_births: 1622.
num_arena_deaths: 0.
num_vsnodes_births: 2.
num_vsnodes_deaths: 0.
num_space_committed: 737.
num_space_uncommitted: 0.
num_chunks_returned_to_freelist: 6.
num_chunks_taken_from_freelist: 3197.
num_chunk_merges: 6.
num_chunk_splits: 2056.
num_chunks_enlarged: 1275.
num_inconsistent_stats: 0.

CodeHeap 'non-profiled nmethods': size=120000Kb used=2319Kb max_used=2365Kb free=117680Kb
 bounds [0x00000236f1710000, 0x00000236f1980000, 0x00000236f8c40000]
CodeHeap 'profiled nmethods': size=120000Kb used=6941Kb max_used=7411Kb free=113058Kb
 bounds [0x00000236e9c40000, 0x00000236ea380000, 0x00000236f1170000]
CodeHeap 'non-nmethods': size=5760Kb used=2086Kb max_used=2108Kb free=3673Kb
 bounds [0x00000236f1170000, 0x00000236f13e0000, 0x00000236f1710000]
CodeCache: size=245760Kb, used=11346Kb, max_used=11884Kb, free=234411Kb
 total_blobs=4358, nmethods=3670, adapters=592, full_count=0
Compilation: enabled, stopped_count=0, restarted_count=0

Compilation events (20 events):
Event: 4.278 Thread 0x00000236fe7d8ba0 4219       3       java.util.HashMap$HashMapSpliterator::getFence (53 bytes)
Event: 4.278 Thread 0x00000236fe7d8ba0 nmethod 4219 0x00000236ea379a10 code [0x00000236ea379bc0, 0x00000236ea379d68]
Event: 4.278 Thread 0x00000236fe7d8ba0 4220       3       java.util.HashSet::spliterator (16 bytes)
Event: 4.278 Thread 0x00000236fe7d8ba0 nmethod 4220 0x00000236ea379e90 code [0x00000236ea37a040, 0x00000236ea37a200]
Event: 4.278 Thread 0x00000236fe7d8ba0 4227       3       java.util.HashMap$KeySpliterator::tryAdvance (138 bytes)
Event: 4.279 Thread 0x00000236feb179e0 nmethod 4212 0x00000236f195e110 code [0x00000236f195e2a0, 0x00000236f195e400]
Event: 4.279 Thread 0x00000236fe7d8ba0 nmethod 4227 0x00000236ea37a290 code [0x00000236ea37a4c0, 0x00000236ea37abc0]
Event: 4.279 Thread 0x00000236fe7d8ba0 4222       3       java.util.HashMap$HashMapSpliterator::<init> (32 bytes)
Event: 4.279 Thread 0x00000236fe7d8ba0 nmethod 4222 0x00000236ea37ae10 code [0x00000236ea37afc0, 0x00000236ea37b190]
Event: 4.279 Thread 0x00000236fe7d8ba0 4223       3       java.util.HashMap$KeySpliterator::<init> (12 bytes)
Event: 4.279 Thread 0x00000236fe7d8ba0 nmethod 4223 0x00000236ea37b290 code [0x00000236ea37b440, 0x00000236ea37b670]
Event: 4.279 Thread 0x00000236fe7d8ba0 4221       3       java.util.stream.Collectors$CollectorImpl::<init> (32 bytes)
Event: 4.279 Thread 0x00000236fe7d8ba0 nmethod 4221 0x00000236ea37b790 code [0x00000236ea37b940, 0x00000236ea37bcd0]
Event: 4.279 Thread 0x00000236fe7d8ba0 4224       3       java.util.HashMap$HashMapSpliterator::estimateSize (11 bytes)
Event: 4.279 Thread 0x00000236fe7d8ba0 nmethod 4224 0x00000236ea37bd90 code [0x00000236ea37bf40, 0x00000236ea37c090]
Event: 4.279 Thread 0x00000236fe7d8ba0 4225       3       java.util.RegularEnumSet::contains (57 bytes)
Event: 4.279 Thread 0x00000236fe7d8ba0 nmethod 4225 0x00000236ea37c110 code [0x00000236ea37c2e0, 0x00000236ea37c6b8]
Event: 4.279 Thread 0x00000236fe7d8ba0 4226       3       java.util.Collections$UnmodifiableCollection::contains (11 bytes)
Event: 4.279 Thread 0x00000236fe7d8ba0 nmethod 4226 0x00000236ea37c810 code [0x00000236ea37c9c0, 0x00000236ea37cb90]
Event: 4.280 Thread 0x00000236fe7d84f0 nmethod 4207 0x00000236f195e510 code [0x00000236f195e720, 0x00000236f195ef68]

GC Heap History (20 events):
Event: 0.395 GC heap before
{Heap before GC invocations=0 (full 0):
 garbage-first heap   total 129024K, used 22528K [0x0000000080000000, 0x0000000100000000)
  region size 1024K, 23 young (23552K), 0 survivors (0K)
 Metaspace       used 8115K, committed 8256K, reserved 1114112K
  class space    used 749K, committed 832K, reserved 1048576K
}
Event: 0.398 GC heap after
{Heap after GC invocations=1 (full 0):
 garbage-first heap   total 129024K, used 2367K [0x0000000080000000, 0x0000000100000000)
  region size 1024K, 3 young (3072K), 3 survivors (3072K)
 Metaspace       used 8115K, committed 8256K, reserved 1114112K
  class space    used 749K, committed 832K, reserved 1048576K
}
Event: 0.900 GC heap before
{Heap before GC invocations=1 (full 0):
 garbage-first heap   total 129024K, used 41279K [0x0000000080000000, 0x0000000100000000)
  region size 1024K, 39 young (39936K), 3 survivors (3072K)
 Metaspace       used 12380K, committed 12608K, reserved 1114112K
  class space    used 1352K, committed 1472K, reserved 1048576K
}
Event: 0.906 GC heap after
{Heap after GC invocations=2 (full 0):
 garbage-first heap   total 129024K, used 10615K [0x0000000080000000, 0x0000000100000000)
  region size 1024K, 5 young (5120K), 5 survivors (5120K)
 Metaspace       used 12380K, committed 12608K, reserved 1114112K
  class space    used 1352K, committed 1472K, reserved 1048576K
}
Event: 1.361 GC heap before
{Heap before GC invocations=2 (full 0):
 garbage-first heap   total 129024K, used 61815K [0x0000000080000000, 0x0000000100000000)
  region size 1024K, 53 young (54272K), 5 survivors (5120K)
 Metaspace       used 15559K, committed 15872K, reserved 1114112K
  class space    used 1794K, committed 1920K, reserved 1048576K
}
Event: 1.369 GC heap after
{Heap after GC invocations=3 (full 0):
 garbage-first heap   total 129024K, used 18293K [0x0000000080000000, 0x0000000100000000)
  region size 1024K, 6 young (6144K), 6 survivors (6144K)
 Metaspace       used 15559K, committed 15872K, reserved 1114112K
  class space    used 1794K, committed 1920K, reserved 1048576K
}
Event: 1.706 GC heap before
{Heap before GC invocations=3 (full 0):
 garbage-first heap   total 129024K, used 35701K [0x0000000080000000, 0x0000000100000000)
  region size 1024K, 24 young (24576K), 6 survivors (6144K)
 Metaspace       used 21190K, committed 21504K, reserved 1114112K
  class space    used 2518K, committed 2624K, reserved 1048576K
}
Event: 1.710 GC heap after
{Heap after GC invocations=4 (full 0):
 garbage-first heap   total 129024K, used 20418K [0x0000000080000000, 0x0000000100000000)
  region size 1024K, 3 young (3072K), 3 survivors (3072K)
 Metaspace       used 21190K, committed 21504K, reserved 1114112K
  class space    used 2518K, committed 2624K, reserved 1048576K
}
Event: 2.332 GC heap before
{Heap before GC invocations=5 (full 0):
 garbage-first heap   total 71680K, used 59330K [0x0000000080000000, 0x0000000100000000)
  region size 1024K, 42 young (43008K), 3 survivors (3072K)
 Metaspace       used 28128K, committed 28608K, reserved 1114112K
  class space    used 3628K, committed 3840K, reserved 1048576K
}
Event: 2.336 GC heap after
{Heap after GC invocations=6 (full 0):
 garbage-first heap   total 71680K, used 22192K [0x0000000080000000, 0x0000000100000000)
  region size 1024K, 4 young (4096K), 4 survivors (4096K)
 Metaspace       used 28128K, committed 28608K, reserved 1114112K
  class space    used 3628K, committed 3840K, reserved 1048576K
}
Event: 2.750 GC heap before
{Heap before GC invocations=6 (full 0):
 garbage-first heap   total 71680K, used 55984K [0x0000000080000000, 0x0000000100000000)
  region size 1024K, 38 young (38912K), 4 survivors (4096K)
 Metaspace       used 32651K, committed 33344K, reserved 1114112K
  class space    used 4442K, committed 4736K, reserved 1048576K
}
Event: 2.757 GC heap after
{Heap after GC invocations=7 (full 0):
 garbage-first heap   total 71680K, used 24792K [0x0000000080000000, 0x0000000100000000)
  region size 1024K, 5 young (5120K), 5 survivors (5120K)
 Metaspace       used 32651K, committed 33344K, reserved 1114112K
  class space    used 4442K, committed 4736K, reserved 1048576K
}
Event: 2.980 GC heap before
{Heap before GC invocations=7 (full 0):
 garbage-first heap   total 71680K, used 42200K [0x0000000080000000, 0x0000000100000000)
  region size 1024K, 23 young (23552K), 5 survivors (5120K)
 Metaspace       used 35195K, committed 35968K, reserved 1114112K
  class space    used 4898K, committed 5248K, reserved 1048576K
}
Event: 2.983 GC heap after
{Heap after GC invocations=8 (full 0):
 garbage-first heap   total 86016K, used 26061K [0x0000000080000000, 0x0000000100000000)
  region size 1024K, 2 young (2048K), 2 survivors (2048K)
 Metaspace       used 35195K, committed 35968K, reserved 1114112K
  class space    used 4898K, committed 5248K, reserved 1048576K
}
Event: 3.447 GC heap before
{Heap before GC invocations=9 (full 0):
 garbage-first heap   total 86016K, used 83405K [0x0000000080000000, 0x0000000100000000)
  region size 1024K, 31 young (31744K), 2 survivors (2048K)
 Metaspace       used 38219K, committed 39040K, reserved 1114112K
  class space    used 5374K, committed 5760K, reserved 1048576K
}
Event: 3.452 GC heap after
{Heap after GC invocations=10 (full 0):
 garbage-first heap   total 93184K, used 61259K [0x0000000080000000, 0x0000000100000000)
  region size 1024K, 6 young (6144K), 6 survivors (6144K)
 Metaspace       used 38219K, committed 39040K, reserved 1114112K
  class space    used 5374K, committed 5760K, reserved 1048576K
}
Event: 3.846 GC heap before
{Heap before GC invocations=10 (full 0):
 garbage-first heap   total 93184K, used 80715K [0x0000000080000000, 0x0000000100000000)
  region size 1024K, 25 young (25600K), 6 survivors (6144K)
 Metaspace       used 41078K, committed 42048K, reserved 1114112K
  class space    used 5855K, committed 6336K, reserved 1048576K
}
Event: 3.851 GC heap after
{Heap after GC invocations=11 (full 0):
 garbage-first heap   total 93184K, used 62537K [0x0000000080000000, 0x0000000100000000)
  region size 1024K, 2 young (2048K), 2 survivors (2048K)
 Metaspace       used 41078K, committed 42048K, reserved 1114112K
  class space    used 5855K, committed 6336K, reserved 1048576K
}
Event: 4.269 GC heap before
{Heap before GC invocations=11 (full 0):
 garbage-first heap   total 93184K, used 83017K [0x0000000080000000, 0x0000000100000000)
  region size 1024K, 23 young (23552K), 2 survivors (2048K)
 Metaspace       used 46066K, committed 46976K, reserved 1114112K
  class space    used 6363K, committed 6784K, reserved 1048576K
}
Event: 4.272 GC heap after
{Heap after GC invocations=12 (full 0):
 garbage-first heap   total 93184K, used 65797K [0x0000000080000000, 0x0000000100000000)
  region size 1024K, 3 young (3072K), 3 survivors (3072K)
 Metaspace       used 46066K, committed 46976K, reserved 1114112K
  class space    used 6363K, committed 6784K, reserved 1048576K
}

Dll operation events (3 events):
Event: 0.009 Loaded shared library D:\My Profile\Programs\AndroidStudio\jbr\bin\java.dll
Event: 0.013 Loaded shared library D:\My Profile\Programs\AndroidStudio\jbr\bin\zip.dll
Event: 0.449 Loaded shared library D:\My Profile\Programs\AndroidStudio\jbr\bin\verify.dll

Deoptimization events (20 events):
Event: 4.001 Thread 0x00000236853bc070 DEOPT PACKING pc=0x00000236f18c2d98 sp=0x0000005f493f68d0
Event: 4.001 Thread 0x00000236853bc070 DEOPT UNPACKING pc=0x00000236f11c7da2 sp=0x0000005f493f6868 mode 2
Event: 4.071 Thread 0x00000236853bc070 Uncommon trap: trap_request=0xffffff45 fr.pc=0x00000236f17c6474 relative=0x00000000000006b4
Event: 4.071 Thread 0x00000236853bc070 Uncommon trap: reason=unstable_if action=reinterpret pc=0x00000236f17c6474 method=java.util.Properties$LineReader.readLine()I @ 95 c2
Event: 4.071 Thread 0x00000236853bc070 DEOPT PACKING pc=0x00000236f17c6474 sp=0x0000005f493f6bf0
Event: 4.071 Thread 0x00000236853bc070 DEOPT UNPACKING pc=0x00000236f11c7da2 sp=0x0000005f493f6bb0 mode 2
Event: 4.100 Thread 0x00000236853bc070 Uncommon trap: trap_request=0xffffff45 fr.pc=0x00000236f17866ac relative=0x000000000000008c
Event: 4.100 Thread 0x00000236853bc070 Uncommon trap: reason=unstable_if action=reinterpret pc=0x00000236f17866ac method=jdk.internal.misc.Unsafe.convEndian(ZJ)J @ 4 c2
Event: 4.100 Thread 0x00000236853bc070 DEOPT PACKING pc=0x00000236f17866ac sp=0x0000005f493f1dc0
Event: 4.100 Thread 0x00000236853bc070 DEOPT UNPACKING pc=0x00000236f11c7da2 sp=0x0000005f493f1ce8 mode 2
Event: 4.123 Thread 0x00000236853bc070 DEOPT PACKING pc=0x00000236ea30cbb1 sp=0x0000005f493f6ba0
Event: 4.123 Thread 0x00000236853bc070 DEOPT UNPACKING pc=0x00000236f11c88e2 sp=0x0000005f493f6080 mode 0
Event: 4.281 Thread 0x00000236853bc070 Uncommon trap: trap_request=0xffffff45 fr.pc=0x00000236f180cfac relative=0x000000000000074c
Event: 4.281 Thread 0x00000236853bc070 Uncommon trap: reason=unstable_if action=reinterpret pc=0x00000236f180cfac method=java.net.URI.percentNormalizedComparison(Ljava/lang/String;Ljava/lang/String;Z)I @ 21 c2
Event: 4.281 Thread 0x00000236853bc070 DEOPT PACKING pc=0x00000236f180cfac sp=0x0000005f493f6de0
Event: 4.281 Thread 0x00000236853bc070 DEOPT UNPACKING pc=0x00000236f11c7da2 sp=0x0000005f493f6d50 mode 2
Event: 4.281 Thread 0x00000236853bc070 Uncommon trap: trap_request=0xffffff6e fr.pc=0x00000236f195cc48 relative=0x0000000000000808
Event: 4.281 Thread 0x00000236853bc070 Uncommon trap: reason=loop_limit_check action=maybe_recompile pc=0x00000236f195cc48 method=java.util.regex.Pattern$Start.match(Ljava/util/regex/Matcher;ILjava/lang/CharSequence;)Z @ 34 c2
Event: 4.281 Thread 0x00000236853bc070 DEOPT PACKING pc=0x00000236f195cc48 sp=0x0000005f493f69b0
Event: 4.281 Thread 0x00000236853bc070 DEOPT UNPACKING pc=0x00000236f11c7da2 sp=0x0000005f493f6920 mode 2

Classes loaded (20 events):
Event: 4.250 Loading class java/nio/file/SimpleFileVisitor
Event: 4.250 Loading class java/nio/file/SimpleFileVisitor done
Event: 4.253 Loading class java/util/regex/PatternSyntaxException
Event: 4.253 Loading class java/util/regex/PatternSyntaxException done
Event: 4.253 Loading class java/time/DateTimeException
Event: 4.253 Loading class java/time/DateTimeException done
Event: 4.253 Loading class java/time/temporal/TemporalAdjusters
Event: 4.253 Loading class java/time/temporal/TemporalAdjusters done
Event: 4.254 Loading class java/time/LocalDate$1
Event: 4.254 Loading class java/time/LocalDate$1 done
Event: 4.254 Loading class java/nio/file/ClosedDirectoryStreamException
Event: 4.254 Loading class java/nio/file/ClosedDirectoryStreamException done
Event: 4.254 Loading class java/nio/file/DirectoryIteratorException
Event: 4.254 Loading class java/nio/file/DirectoryIteratorException done
Event: 4.281 Loading class jdk/internal/jrtfs/JrtFileSystem
Event: 4.281 Loading class jdk/internal/jrtfs/JrtFileSystem done
Event: 4.281 Loading class jdk/internal/jrtfs/JrtPath
Event: 4.282 Loading class jdk/internal/jrtfs/JrtPath done
Event: 4.282 Loading class jdk/internal/jrtfs/SystemImage
Event: 4.282 Loading class jdk/internal/jrtfs/SystemImage done

Classes unloaded (0 events):
No events

Classes redefined (0 events):
No events

Internal exceptions (20 events):
Event: 3.156 Thread 0x00000236853bc070 Exception <a 'java/lang/NoSuchMethodError'{0x0000000084696ed0}: 'java.lang.Object java.lang.invoke.Invokers$Holder.linkToTargetMethod(java.lang.Object, java.lang.Object, int, java.lang.Object)'> (0x0000000084696ed0) 
thrown [s\src\hotspot\share\interpreter\linkResolver.cpp, line 784]
Event: 3.276 Thread 0x00000236853bc070 Exception <a 'java/lang/NoSuchMethodError'{0x00000000840eaa38}: 'void java.lang.invoke.DirectMethodHandle$Holder.invokeStaticInit(java.lang.Object, java.lang.Object, java.lang.Object, java.lang.Object)'> (0x00000000840eaa38) 
thrown [s\src\hotspot\share\interpreter\linkResolver.cpp, line 784]
Event: 3.427 Thread 0x00000236853bc070 Exception <a 'java/lang/NoSuchMethodError'{0x00000000839c0ce8}: 'void java.lang.invoke.DirectMethodHandle$Holder.invokeInterface(java.lang.Object, java.lang.Object, java.lang.Object, java.lang.Object, java.lang.Object)'> (0x00000000839c0ce8) 
thrown [s\src\hotspot\share\interpreter\linkResolver.cpp, line 784]
Event: 3.433 Thread 0x00000236853bc070 Exception <a 'java/lang/NoSuchMethodError'{0x000000008380ce40}: 'void java.lang.invoke.DirectMethodHandle$Holder.invokeStatic(java.lang.Object, java.lang.Object, java.lang.Object, java.lang.Object, java.lang.Object, java.lang.Object)'> (0x000000008380ce40) 
thrown [s\src\hotspot\share\interpreter\linkResolver.cpp, line 784]
Event: 3.578 Thread 0x00000236853bc070 Exception <a 'java/lang/IncompatibleClassChangeError'{0x0000000084c30f68}: Found class java.lang.Object, but interface was expected> (0x0000000084c30f68) 
thrown [s\src\hotspot\share\interpreter\linkResolver.cpp, line 851]
Event: 3.607 Thread 0x00000236853bc070 Exception <a 'java/lang/NoSuchMethodError'{0x0000000084bd8ff0}: 'java.lang.Object java.lang.invoke.DirectMethodHandle$Holder.invokeVirtual(java.lang.Object, java.lang.Object, int)'> (0x0000000084bd8ff0) 
thrown [s\src\hotspot\share\interpreter\linkResolver.cpp, line 784]
Event: 3.611 Thread 0x00000236853bc070 Exception <a 'java/lang/NoSuchMethodError'{0x0000000084a0c8d8}: 'void java.lang.invoke.DirectMethodHandle$Holder.invokeStatic(java.lang.Object, java.lang.Object, java.lang.Object, int)'> (0x0000000084a0c8d8) 
thrown [s\src\hotspot\share\interpreter\linkResolver.cpp, line 784]
Event: 3.660 Thread 0x00000236853bc070 Exception <a 'java/lang/NoSuchMethodError'{0x000000008487e1a0}: 'void java.lang.invoke.DirectMethodHandle$Holder.invokeInterface(java.lang.Object, java.lang.Object, java.lang.Object, java.lang.Object, java.lang.Object, java.lang.Object, java.lang.Object)'> (0x000000008487e1a0) 
thrown [s\src\hotspot\share\interpreter\linkResolver.cpp, line 784]
Event: 3.661 Thread 0x00000236853bc070 Exception <a 'java/lang/NoSuchMethodError'{0x00000000848d4d60}: 'void java.lang.invoke.DelegatingMethodHandle$Holder.reinvoke_L(java.lang.Object, java.lang.Object, java.lang.Object, java.lang.Object, java.lang.Object, java.lang.Object, java.lang.Object)'> (0x00000000848d4d60) 
thrown [s\src\hotspot\share\interpreter\linkResolver.cpp, line 784]
Event: 3.694 Thread 0x00000236853bc070 Exception <a 'java/lang/NoSuchMethodError'{0x00000000846d0130}: 'java.lang.Object java.lang.invoke.DirectMethodHandle$Holder.invokeSpecial(java.lang.Object, java.lang.Object, java.lang.Object, int, java.lang.Object, java.lang.Object)'> (0x00000000846d0130) 
thrown [s\src\hotspot\share\interpreter\linkResolver.cpp, line 784]
Event: 3.860 Thread 0x00000236853bc070 Implicit null exception at 0x00000236f183e2b5 to 0x00000236f183e7d8
Event: 3.861 Thread 0x00000236853bc070 Exception <a 'java/lang/NoSuchMethodError'{0x0000000087d4a8f8}: 'java.lang.reflect.Method[] java.lang.Class.getDeclaredMethods(java.lang.Class)'> (0x0000000087d4a8f8) 
thrown [s\src\hotspot\share\interpreter\linkResolver.cpp, line 784]
Event: 3.902 Thread 0x00000236853bc070 Exception <a 'java/lang/NoSuchMethodError'{0x0000000086a81928}: 'void java.lang.invoke.DirectMethodHandle$Holder.invokeStaticInit(java.lang.Object, java.lang.Object, java.lang.Object, java.lang.Object, java.lang.Object)'> (0x0000000086a81928) 
thrown [s\src\hotspot\share\interpreter\linkResolver.cpp, line 784]
Event: 4.164 Thread 0x00000236853bc070 Exception <a 'java/lang/ClassNotFoundException'{0x0000000084c8d078}: groovy/lang/ExpandoMetaClassBeanInfo> (0x0000000084c8d078) 
thrown [s\src\hotspot\share\classfile\systemDictionary.cpp, line 312]
Event: 4.164 Thread 0x00000236853bc070 Exception <a 'java/lang/ClassNotFoundException'{0x0000000084c97cf0}: groovy/lang/MetaClassImplBeanInfo> (0x0000000084c97cf0) 
thrown [s\src\hotspot\share\classfile\systemDictionary.cpp, line 312]
Event: 4.165 Thread 0x00000236853bc070 Exception <a 'java/lang/ClassNotFoundException'{0x0000000084c9ddc8}: java/lang/ObjectBeanInfo> (0x0000000084c9ddc8) 
thrown [s\src\hotspot\share\classfile\systemDictionary.cpp, line 312]
Event: 4.166 Thread 0x00000236853bc070 Exception <a 'java/lang/ClassNotFoundException'{0x0000000084ca4ef0}: java/lang/ObjectCustomizer> (0x0000000084ca4ef0) 
thrown [s\src\hotspot\share\classfile\systemDictionary.cpp, line 312]
Event: 4.169 Thread 0x00000236853bc070 Exception <a 'java/lang/IncompatibleClassChangeError'{0x0000000084cb3898}: Found class java.lang.Object, but interface was expected> (0x0000000084cb3898) 
thrown [s\src\hotspot\share\interpreter\linkResolver.cpp, line 851]
Event: 4.171 Thread 0x00000236853bc070 Exception <a 'java/lang/ClassNotFoundException'{0x0000000084ccfdf8}: groovy/lang/MetaClassImplCustomizer> (0x0000000084ccfdf8) 
thrown [s\src\hotspot\share\classfile\systemDictionary.cpp, line 312]
Event: 4.172 Thread 0x00000236853bc070 Exception <a 'java/lang/ClassNotFoundException'{0x0000000084cfa918}: groovy/lang/ExpandoMetaClassCustomizer> (0x0000000084cfa918) 
thrown [s\src\hotspot\share\classfile\systemDictionary.cpp, line 312]

ZGC Phase Switch (0 events):
No events

VM Operations (20 events):
Event: 3.580 Executing VM operation: HandshakeAllThreads (Deoptimize) done
Event: 3.663 Executing VM operation: HandshakeAllThreads (Deoptimize)
Event: 3.663 Executing VM operation: HandshakeAllThreads (Deoptimize) done
Event: 3.663 Executing VM operation: HandshakeAllThreads (Deoptimize)
Event: 3.664 Executing VM operation: HandshakeAllThreads (Deoptimize) done
Event: 3.841 Executing VM operation: HandshakeAllThreads (Deoptimize)
Event: 3.841 Executing VM operation: HandshakeAllThreads (Deoptimize) done
Event: 3.846 Executing VM operation: G1CollectForAllocation (G1 Evacuation Pause)
Event: 3.851 Executing VM operation: G1CollectForAllocation (G1 Evacuation Pause) done
Event: 4.021 Executing VM operation: HandshakeAllThreads (Deoptimize)
Event: 4.022 Executing VM operation: HandshakeAllThreads (Deoptimize) done
Event: 4.136 Executing VM operation: HandshakeAllThreads (Deoptimize)
Event: 4.136 Executing VM operation: HandshakeAllThreads (Deoptimize) done
Event: 4.229 Executing VM operation: HandshakeAllThreads (Deoptimize)
Event: 4.229 Executing VM operation: HandshakeAllThreads (Deoptimize) done
Event: 4.234 Executing VM operation: HandshakeAllThreads (Deoptimize)
Event: 4.234 Executing VM operation: HandshakeAllThreads (Deoptimize) done
Event: 4.269 Executing VM operation: G1CollectForAllocation (G1 Evacuation Pause)
Event: 4.272 Executing VM operation: G1CollectForAllocation (G1 Evacuation Pause) done
Event: 4.283 Executing VM operation: G1PauseRemark

Memory protections (0 events):
No events

Nmethod flushes (20 events):
Event: 4.285 Thread 0x00000236fe5f95f0 flushing  nmethod 0x00000236e9fbc390
Event: 4.285 Thread 0x00000236fe5f95f0 flushing  nmethod 0x00000236e9fbcb10
Event: 4.285 Thread 0x00000236fe5f95f0 flushing  nmethod 0x00000236e9fbe390
Event: 4.285 Thread 0x00000236fe5f95f0 flushing  nmethod 0x00000236e9fc0010
Event: 4.285 Thread 0x00000236fe5f95f0 flushing  nmethod 0x00000236e9fc1610
Event: 4.285 Thread 0x00000236fe5f95f0 flushing  nmethod 0x00000236e9fc2510
Event: 4.285 Thread 0x00000236fe5f95f0 flushing  nmethod 0x00000236e9fc2a90
Event: 4.285 Thread 0x00000236fe5f95f0 flushing  nmethod 0x00000236e9fc3b10
Event: 4.285 Thread 0x00000236fe5f95f0 flushing  nmethod 0x00000236e9fc4210
Event: 4.285 Thread 0x00000236fe5f95f0 flushing  nmethod 0x00000236ea03e690
Event: 4.285 Thread 0x00000236fe5f95f0 flushing  nmethod 0x00000236ea04ea10
Event: 4.285 Thread 0x00000236fe5f95f0 flushing  nmethod 0x00000236e9d79290
Event: 4.285 Thread 0x00000236fe5f95f0 flushing  nmethod 0x00000236e9de9b10
Event: 4.285 Thread 0x00000236fe5f95f0 flushing  nmethod 0x00000236e9ded710
Event: 4.285 Thread 0x00000236fe5f95f0 flushing  nmethod 0x00000236e9df1b10
Event: 4.285 Thread 0x00000236fe5f95f0 flushing  nmethod 0x00000236e9df3710
Event: 4.285 Thread 0x00000236fe5f95f0 flushing  nmethod 0x00000236e9df3d10
Event: 4.285 Thread 0x00000236fe5f95f0 flushing  nmethod 0x00000236ea000d10
Event: 4.285 Thread 0x00000236fe5f95f0 flushing  nmethod 0x00000236ea039390
Event: 4.285 Thread 0x00000236fe5f95f0 flushing  nmethod 0x00000236ea0a2f90

Events (20 events):
Event: 2.092 Thread 0x00000236853bc070 Thread added: 0x00000236853bb350
Event: 2.101 Thread 0x00000236853bc070 Thread added: 0x00000236853b9fa0
Event: 2.131 Thread 0x00000236853bc070 Thread added: 0x00000236853ba630
Event: 2.690 Thread 0x00000236fe7d8ba0 Thread added: 0x0000023686dff280
Event: 2.792 Thread 0x00000236853bc070 Thread added: 0x00000236853bacc0
Event: 2.805 Thread 0x00000236853bc070 Thread added: 0x00000236853b9280
Event: 2.959 Thread 0x00000236853bc070 Thread added: 0x00000236853bdab0
Event: 2.964 Thread 0x00000236853bc070 Thread added: 0x00000236853bcd90
Event: 3.035 Thread 0x00000236853bc070 Thread added: 0x00000236853c0210
Event: 3.035 Thread 0x00000236853bc070 Thread added: 0x00000236853bfb80
Event: 3.035 Thread 0x00000236853bc070 Thread added: 0x00000236853bd420
Event: 3.035 Thread 0x00000236853bc070 Thread added: 0x00000236853be140
Event: 3.036 Thread 0x00000236853bc070 Thread added: 0x00000236853be7d0
Event: 3.036 Thread 0x00000236853bc070 Thread added: 0x00000236853bf4f0
Event: 3.036 Thread 0x00000236853bc070 Thread added: 0x00000236853bee60
Event: 3.036 Thread 0x00000236853bc070 Thread added: 0x000002368690df70
Event: 3.036 Thread 0x00000236853bc070 Thread added: 0x00000236869106d0
Event: 3.036 Thread 0x00000236853bc070 Thread added: 0x0000023686910d60
Event: 3.036 Thread 0x00000236853bc070 Thread added: 0x00000236869113f0
Event: 3.036 Thread 0x00000236853bc070 Thread added: 0x0000023686910040


Dynamic libraries:
0x00007ff742750000 - 0x00007ff74275a000 	D:\My Profile\Programs\AndroidStudio\jbr\bin\java.exe
0x00007ffd387a0000 - 0x00007ffd38a08000 	C:\WINDOWS\SYSTEM32\ntdll.dll
0x00007ffd37010000 - 0x00007ffd370d9000 	C:\WINDOWS\System32\KERNEL32.DLL
0x00007ffd358f0000 - 0x00007ffd35ce8000 	C:\WINDOWS\System32\KERNELBASE.dll
0x00007ffd35db0000 - 0x00007ffd35efb000 	C:\WINDOWS\System32\ucrtbase.dll
0x00007ffd2dc30000 - 0x00007ffd2dc4b000 	D:\My Profile\Programs\AndroidStudio\jbr\bin\VCRUNTIME140.dll
0x00007ffd2db10000 - 0x00007ffd2db28000 	D:\My Profile\Programs\AndroidStudio\jbr\bin\jli.dll
0x00007ffd366e0000 - 0x00007ffd368a7000 	C:\WINDOWS\System32\USER32.dll
0x00007ffd36250000 - 0x00007ffd36277000 	C:\WINDOWS\System32\win32u.dll
0x00007ffd1efc0000 - 0x00007ffd1f254000 	C:\WINDOWS\WinSxS\amd64_microsoft.windows.common-controls_6595b64144ccf1df_6.0.26100.7019_none_3e06ffa0e335b8a8\COMCTL32.dll
0x00007ffd38470000 - 0x00007ffd3849b000 	C:\WINDOWS\System32\GDI32.dll
0x00007ffd37660000 - 0x00007ffd37709000 	C:\WINDOWS\System32\msvcrt.dll
0x00007ffd35f00000 - 0x00007ffd3602c000 	C:\WINDOWS\System32\gdi32full.dll
0x00007ffd36280000 - 0x00007ffd36323000 	C:\WINDOWS\System32\msvcp_win.dll
0x00007ffd38430000 - 0x00007ffd38461000 	C:\WINDOWS\System32\IMM32.DLL
0x00007ffd2db60000 - 0x00007ffd2db6c000 	D:\My Profile\Programs\AndroidStudio\jbr\bin\vcruntime140_1.dll
0x00007ffd040d0000 - 0x00007ffd0415d000 	D:\My Profile\Programs\AndroidStudio\jbr\bin\msvcp140.dll
0x00007ffcba130000 - 0x00007ffcbadc6000 	D:\My Profile\Programs\AndroidStudio\jbr\bin\server\jvm.dll
0x00007ffd37d60000 - 0x00007ffd37e14000 	C:\WINDOWS\System32\ADVAPI32.dll
0x00007ffd38020000 - 0x00007ffd380c6000 	C:\WINDOWS\System32\sechost.dll
0x00007ffd371b0000 - 0x00007ffd372c8000 	C:\WINDOWS\System32\RPCRT4.dll
0x00007ffd383a0000 - 0x00007ffd38414000 	C:\WINDOWS\System32\WS2_32.dll
0x00007ffd344e0000 - 0x00007ffd3453e000 	C:\WINDOWS\SYSTEM32\POWRPROF.dll
0x00007ffd27350000 - 0x00007ffd27385000 	C:\WINDOWS\SYSTEM32\WINMM.dll
0x00007ffd2a1b0000 - 0x00007ffd2a1bb000 	C:\WINDOWS\SYSTEM32\VERSION.dll
0x00007ffd344c0000 - 0x00007ffd344d4000 	C:\WINDOWS\SYSTEM32\UMPDC.dll
0x00007ffd347a0000 - 0x00007ffd347bb000 	C:\WINDOWS\SYSTEM32\kernel.appcore.dll
0x00007ffd2dae0000 - 0x00007ffd2daea000 	D:\My Profile\Programs\AndroidStudio\jbr\bin\jimage.dll
0x00007ffd33020000 - 0x00007ffd33262000 	C:\WINDOWS\SYSTEM32\DBGHELP.DLL
0x00007ffd372d0000 - 0x00007ffd3765b000 	C:\WINDOWS\System32\combase.dll
0x00007ffd380d0000 - 0x00007ffd381a7000 	C:\WINDOWS\System32\OLEAUT32.dll
0x00007ffd08440000 - 0x00007ffd0847c000 	C:\WINDOWS\SYSTEM32\dbgcore.DLL
0x00007ffd361a0000 - 0x00007ffd36245000 	C:\WINDOWS\System32\bcryptPrimitives.dll
0x00007ffd2db00000 - 0x00007ffd2db0e000 	D:\My Profile\Programs\AndroidStudio\jbr\bin\instrument.dll
0x00007ffd2dac0000 - 0x00007ffd2dae0000 	D:\My Profile\Programs\AndroidStudio\jbr\bin\java.dll
0x00007ffd2beb0000 - 0x00007ffd2bec8000 	D:\My Profile\Programs\AndroidStudio\jbr\bin\zip.dll
0x00007ffd368b0000 - 0x00007ffd37001000 	C:\WINDOWS\System32\SHELL32.dll
0x00007ffd36030000 - 0x00007ffd3619b000 	C:\WINDOWS\System32\wintypes.dll
0x00007ffd33510000 - 0x00007ffd33d6d000 	C:\WINDOWS\SYSTEM32\windows.storage.dll
0x00007ffd37e20000 - 0x00007ffd37f12000 	C:\WINDOWS\System32\SHCORE.dll
0x00007ffd37140000 - 0x00007ffd371a7000 	C:\WINDOWS\System32\shlwapi.dll
0x00007ffd35810000 - 0x00007ffd35839000 	C:\WINDOWS\SYSTEM32\profapi.dll
0x00007ffd2c4a0000 - 0x00007ffd2c4b0000 	D:\My Profile\Programs\AndroidStudio\jbr\bin\net.dll
0x00007ffd2b5b0000 - 0x00007ffd2b6d8000 	C:\WINDOWS\SYSTEM32\WINHTTP.dll
0x00007ffd34d40000 - 0x00007ffd34dab000 	C:\WINDOWS\system32\mswsock.dll
0x00007ffd2be90000 - 0x00007ffd2bea6000 	D:\My Profile\Programs\AndroidStudio\jbr\bin\nio.dll
0x00007ffd0c920000 - 0x00007ffd0c930000 	D:\My Profile\Programs\AndroidStudio\jbr\bin\verify.dll
0x00007ffd06c10000 - 0x00007ffd06c37000 	C:\Users\User\.gradle\native\1def1411415f61bf3af743bc5b6707747c0891f09f0c88961ee8f79bc544acac\windows-amd64\native-platform.dll
0x00007ffd04050000 - 0x00007ffd040c8000 	C:\Users\User\.gradle\native\0.2.7\x86_64-windows-gnu\gradle-fileevents.dll
0x00007ffd2be80000 - 0x00007ffd2be89000 	D:\My Profile\Programs\AndroidStudio\jbr\bin\management.dll
0x00007ffd0c940000 - 0x00007ffd0c94b000 	D:\My Profile\Programs\AndroidStudio\jbr\bin\management_ext.dll
0x00007ffd38590000 - 0x00007ffd38598000 	C:\WINDOWS\System32\PSAPI.DLL
0x00007ffd340f0000 - 0x00007ffd34124000 	C:\WINDOWS\SYSTEM32\IPHLPAPI.DLL
0x00007ffd38420000 - 0x00007ffd3842a000 	C:\WINDOWS\System32\NSI.dll
0x00007ffd2bf30000 - 0x00007ffd2bf39000 	D:\My Profile\Programs\AndroidStudio\jbr\bin\extnet.dll
0x00007ffd35000000 - 0x00007ffd3501b000 	C:\WINDOWS\SYSTEM32\CRYPTSP.dll
0x00007ffd34700000 - 0x00007ffd3473a000 	C:\WINDOWS\system32\rsaenh.dll
0x00007ffd34df0000 - 0x00007ffd34e1b000 	C:\WINDOWS\SYSTEM32\USERENV.dll
0x00007ffd357e0000 - 0x00007ffd3580a000 	C:\WINDOWS\SYSTEM32\bcrypt.dll
0x00007ffd35020000 - 0x00007ffd3502c000 	C:\WINDOWS\SYSTEM32\CRYPTBASE.dll
0x00007ffc84ad0000 - 0x00007ffc84ad8000 	C:\WINDOWS\system32\wshunix.dll

JVMTI agents:
C:\Users\User\.gradle\wrapper\dists\gradle-8.13-bin\5xuhj0ry160q40clulazy9h7d\gradle-8.13\lib\agents\gradle-instrumentation-agent-8.13.jar path:D:\My Profile\Programs\AndroidStudio\jbr\bin\instrument.dll, loaded, initialized, instrumentlib options:none

dbghelp: loaded successfully - version: 4.0.5 - missing functions: none
symbol engine: initialized successfully - sym options: 0x614 - pdb path: .;D:\My Profile\Programs\AndroidStudio\jbr\bin;C:\WINDOWS\SYSTEM32;C:\WINDOWS\WinSxS\amd64_microsoft.windows.common-controls_6595b64144ccf1df_6.0.26100.7019_none_3e06ffa0e335b8a8;D:\My Profile\Programs\AndroidStudio\jbr\bin\server;C:\Users\User\.gradle\native\1def1411415f61bf3af743bc5b6707747c0891f09f0c88961ee8f79bc544acac\windows-amd64;C:\Users\User\.gradle\native\0.2.7\x86_64-windows-gnu

VM Arguments:
jvm_args: --add-opens=java.base/java.lang=ALL-UNNAMED --add-opens=java.base/java.lang.invoke=ALL-UNNAMED --add-opens=java.base/java.util=ALL-UNNAMED --add-opens=java.prefs/java.util.prefs=ALL-UNNAMED --add-exports=jdk.compiler/com.sun.tools.javac.api=ALL-UNNAMED --add-exports=jdk.compiler/com.sun.tools.javac.util=ALL-UNNAMED --add-opens=java.base/java.util=ALL-UNNAMED --add-opens=java.prefs/java.util.prefs=ALL-UNNAMED --add-opens=java.base/java.nio.charset=ALL-UNNAMED --add-opens=java.base/java.net=ALL-UNNAMED --add-opens=java.base/java.util.concurrent.atomic=ALL-UNNAMED --add-opens=java.xml/javax.xml.namespace=ALL-UNNAMED -Xmx2048m -Dfile.encoding=UTF-8 -Duser.country=UA -Duser.language=uk -Duser.variant -javaagent:C:\Users\User\.gradle\wrapper\dists\gradle-8.13-bin\5xuhj0ry160q40clulazy9h7d\gradle-8.13\lib\agents\gradle-instrumentation-agent-8.13.jar 
java_command: org.gradle.launcher.daemon.bootstrap.GradleDaemon 8.13
java_class_path (initial): C:\Users\User\.gradle\wrapper\dists\gradle-8.13-bin\5xuhj0ry160q40clulazy9h7d\gradle-8.13\lib\gradle-daemon-main-8.13.jar
Launcher Type: SUN_STANDARD

[Global flags]
     intx CICompilerCount                          = 4                                         {product} {ergonomic}
     uint ConcGCThreads                            = 3                                         {product} {ergonomic}
     uint G1ConcRefinementThreads                  = 10                                        {product} {ergonomic}
   size_t G1HeapRegionSize                         = 1048576                                   {product} {ergonomic}
    uintx GCDrainStackTargetSize                   = 64                                        {product} {ergonomic}
   size_t InitialHeapSize                          = 132120576                                 {product} {ergonomic}
   size_t MarkStackSize                            = 4194304                                   {product} {ergonomic}
   size_t MaxHeapSize                              = 2147483648                                {product} {command line}
   size_t MaxNewSize                               = 1287651328                                {product} {ergonomic}
   size_t MinHeapDeltaBytes                        = 1048576                                   {product} {ergonomic}
   size_t MinHeapSize                              = 8388608                                   {product} {ergonomic}
    uintx NonNMethodCodeHeapSize                   = 5839372                                {pd product} {ergonomic}
    uintx NonProfiledCodeHeapSize                  = 122909434                              {pd product} {ergonomic}
    uintx ProfiledCodeHeapSize                     = 122909434                              {pd product} {ergonomic}
    uintx ReservedCodeCacheSize                    = 251658240                              {pd product} {ergonomic}
     bool SegmentedCodeCache                       = true                                      {product} {ergonomic}
   size_t SoftMaxHeapSize                          = 2147483648                             {manageable} {ergonomic}
     bool UseCompressedOops                        = true                           {product lp64_product} {ergonomic}
     bool UseG1GC                                  = true                                      {product} {ergonomic}
     bool UseLargePagesIndividualAllocation        = false                                  {pd product} {ergonomic}

Logging:
Log output configuration:
 #0: stdout all=warning uptime,level,tags foldmultilines=false
 #1: stderr all=off uptime,level,tags foldmultilines=false

Environment Variables:
JAVA_HOME=D:\My Profile\Programs\Java HOME\graalvm-jdk-22.0.2+9.1
PATH=C:\Program Files\Common Files\Oracle\Java\javapath;C:\Program Files (x86)\Common Files\Oracle\Java\javapath;C:\ProgramData\Oracle\Java\javapath;C:\Windows\system32;C:\Windows;C:\Windows\System32\Wbem;C:\Windows\System32\WindowsPowerShell\v1.0\;C:\Windows\System32\OpenSSH\;C:\Program Files (x86)\NVIDIA Corporation\PhysX\Common;C:\WINDOWS\system32;C:\WINDOWS;C:\WINDOWS\System32\Wbem;C:\WINDOWS\System32\WindowsPowerShell\v1.0\;C:\WINDOWS\System32\OpenSSH\;C:\Program Files\dotnet\;C:\Program Files\NVIDIA Corporation\NVIDIA app\NvDLISR;D:\My Profile\Programs\Java HOME\graalvm-jdk-22.0.2+9.1\bin;C:\Program Files\Git\cmd;C:\Users\User\AppData\Local\Programs\Python\Launcher\;C:\Users\User\AppData\Local\Microsoft\WindowsApps;;C:\Users\User\AppData\Roaming\Programs\Zero Install
USERNAME=User
OS=Windows_NT
PROCESSOR_IDENTIFIER=Intel64 Family 6 Model 141 Stepping 1, GenuineIntel
TMP=C:\Users\User\AppData\Local\Temp
TEMP=C:\Users\User\AppData\Local\Temp




Periodic native trim disabled

JNI global refs:
JNI global refs: 27, weak refs: 0

JNI global refs memory usage: 835, weak refs: 833

Process memory usage:
Resident Set Size: 278792K (3% of 8146232K total physical memory with 520984K free physical memory)

OOME stack traces (most recent first):
Classloader memory used:
Loader org.gradle.internal.classloader.VisitableURLClassLoader                         : 21133K
Loader bootstrap                                                                       : 20531K
Loader org.gradle.initialization.MixInLegacyTypesClassLoader                           : 2859K
Loader org.gradle.internal.classloader.VisitableURLClassLoader                         : 740K
Loader jdk.internal.loader.ClassLoaders$PlatformClassLoader                            : 533K
Loader jdk.internal.loader.ClassLoaders$AppClassLoader                                 : 235K
Loader jdk.internal.reflect.DelegatingClassLoader                                      : 159K
Loader org.gradle.groovy.scripts.internal.DefaultScriptCompilationHandler$ScriptClassLoader: 6352B

Classes loaded by more than one classloader:
Class org.gradle.api.GradleException                                                  : loaded 3 times (x 82B)
Class org.gradle.internal.classloader.FilteringClassLoader                            : loaded 2 times (x 105B)
Class org.gradle.internal.classloader.ClassLoaderHierarchy                            : loaded 2 times (x 70B)
Class org.gradle.api.internal.classpath.ManifestUtil                                  : loaded 2 times (x 71B)
Class org.gradle.internal.operations.MultipleBuildOperationFailures                   : loaded 2 times (x 95B)
Class org.gradle.internal.classloader.DefaultClassLoaderFactory                       : loaded 2 times (x 82B)
Class org.gradle.internal.classloader.ClassLoaderVisitor                              : loaded 2 times (x 76B)
Class org.gradle.api.internal.classpath.EffectiveClassPath                            : loaded 2 times (x 90B)
Class org.gradle.api.internal.DefaultClassPathProvider                                : loaded 2 times (x 76B)
Class [Lorg.gradle.api.internal.ClassPathProvider;                                    : loaded 2 times (x 69B)
Class org.gradle.api.internal.ClassPathProvider                                       : loaded 2 times (x 70B)
Class org.gradle.internal.service.UnknownServiceException                             : loaded 2 times (x 83B)
Class org.gradle.internal.classpath.TransformedClassPath                              : loaded 2 times (x 96B)
Class org.gradle.internal.classloader.InstrumentingClassLoader                        : loaded 2 times (x 70B)
Class org.gradle.internal.service.ServiceLocator                                      : loaded 2 times (x 70B)
Class org.gradle.internal.InternalTransformer                                         : loaded 2 times (x 70B)
Class org.gradle.internal.time.DefaultTimer                                           : loaded 2 times (x 80B)
Class org.gradle.internal.classloader.ClasspathUtil$1                                 : loaded 2 times (x 76B)
Class org.gradle.api.internal.classpath.DefaultModuleRegistry$DefaultModule           : loaded 2 times (x 86B)
Class org.gradle.internal.time.DefaultCountdownTimer                                  : loaded 2 times (x 88B)
Class kotlin.Function                                                                 : loaded 2 times (x 70B)
Class org.gradle.api.internal.classpath.Module                                        : loaded 2 times (x 70B)
Class org.gradle.api.internal.classpath.UnknownModuleException                        : loaded 2 times (x 82B)
Class org.gradle.api.internal.DefaultClassPathRegistry                                : loaded 2 times (x 76B)
Class org.gradle.api.internal.ClassPathRegistry                                       : loaded 2 times (x 70B)
Class org.gradle.internal.classpath.DefaultClassPath$ImmutableUniqueList              : loaded 2 times (x 199B)
Class org.gradle.internal.classpath.ClassPath                                         : loaded 2 times (x 70B)
Class org.gradle.api.UncheckedIOException                                             : loaded 2 times (x 82B)
Class kotlin.UninitializedPropertyAccessException                                     : loaded 2 times (x 82B)
Class org.gradle.internal.installation.GradleInstallation$1                           : loaded 2 times (x 75B)
Class org.gradle.api.internal.classpath.ModuleRegistry                                : loaded 2 times (x 70B)
Class org.gradle.api.internal.classpath.DefaultModuleRegistry                         : loaded 2 times (x 86B)
Class org.gradle.internal.time.MonotonicClock                                         : loaded 2 times (x 77B)
Class org.gradle.internal.service.ServiceLookupException                              : loaded 2 times (x 82B)
Class org.gradle.internal.classloader.ClassLoaderFactory                              : loaded 2 times (x 70B)
Class org.gradle.internal.service.CachingServiceLocator                               : loaded 2 times (x 82B)
Class org.gradle.internal.time.TimeSource                                             : loaded 2 times (x 70B)
Class org.gradle.internal.exceptions.ResolutionProvider                               : loaded 2 times (x 70B)
Class org.gradle.internal.classloader.ClasspathUtil                                   : loaded 2 times (x 71B)
Class org.gradle.internal.time.TimeSource$1                                           : loaded 2 times (x 77B)
Class org.gradle.api.specs.Spec                                                       : loaded 2 times (x 70B)
Class org.gradle.internal.time.Clock                                                  : loaded 2 times (x 70B)
Class org.gradle.internal.classloader.VisitableURLClassLoader$InstrumentingVisitableURLClassLoader: loaded 2 times (x 123B)
Class org.gradle.internal.classloader.VisitableURLClassLoader$Spec                    : loaded 2 times (x 74B)
Class org.gradle.internal.classpath.DefaultClassPath                                  : loaded 2 times (x 90B)
Class org.gradle.internal.classloader.ClassLoaderSpec                                 : loaded 2 times (x 71B)
Class org.gradle.internal.classloader.VisitableURLClassLoader                         : loaded 2 times (x 117B)
Class org.gradle.internal.Cast                                                        : loaded 2 times (x 71B)
Class org.gradle.api.Action                                                           : loaded 2 times (x 70B)
Class kotlin.jvm.functions.Function1                                                  : loaded 2 times (x 70B)
Class org.gradle.internal.classpath.DefaultClassPath$ImmutableUniqueList$Builder      : loaded 2 times (x 75B)
Class kotlin.NotImplementedError                                                      : loaded 2 times (x 82B)
Class org.gradle.internal.exceptions.NonGradleCauseExceptionsHolder                   : loaded 2 times (x 70B)
Class org.gradle.internal.IoActions                                                   : loaded 2 times (x 71B)
Class org.gradle.internal.classloader.SystemClassLoaderSpec                           : loaded 2 times (x 71B)
Class org.gradle.internal.exceptions.MultiCauseException                              : loaded 2 times (x 70B)
Class org.gradle.internal.time.CountdownTimer                                         : loaded 2 times (x 70B)
Class kotlin.jvm.internal.Intrinsics                                                  : loaded 2 times (x 71B)
Class org.gradle.tooling.model.ProjectModel                                           : loaded 2 times (x 70B)
Class kotlin.KotlinNullPointerException                                               : loaded 2 times (x 83B)
Class org.gradle.internal.exceptions.DefaultMultiCauseException                       : loaded 2 times (x 95B)
Class org.gradle.internal.time.Time                                                   : loaded 2 times (x 71B)
Class org.gradle.api.internal.classpath.GlobalCacheRootsProvider                      : loaded 2 times (x 70B)
Class org.gradle.internal.time.Timer                                                  : loaded 2 times (x 70B)
Class org.gradle.internal.installation.CurrentGradleInstallationLocator               : loaded 2 times (x 71B)
Class org.gradle.internal.service.DefaultServiceLocator                               : loaded 2 times (x 83B)
Class org.gradle.util.GradleVersion                                                   : loaded 2 times (x 79B)
Class org.gradle.internal.installation.CurrentGradleInstallation                      : loaded 2 times (x 73B)
Class org.gradle.util.internal.GUtil                                                  : loaded 2 times (x 71B)
Class org.gradle.internal.installation.GradleInstallation                             : loaded 2 times (x 75B)

---------------  S Y S T E M  ---------------

OS:
 Windows 11 , 64 bit Build 26100 (10.0.26100.7019)
OS uptime: 0 days 2:12 hours
Hyper-V role detected

CPU: total 12 (initial active 12) (6 cores per cpu, 2 threads per core) family 6 model 141 stepping 1 microcode 0x3c, cx8, cmov, fxsr, ht, mmx, 3dnowpref, sse, sse2, sse3, ssse3, sse4.1, sse4.2, popcnt, lzcnt, tsc, tscinvbit, avx, avx2, aes, erms, clmul, bmi1, bmi2, adx, avx512f, avx512dq, avx512cd, avx512bw, avx512vl, sha, fma, vzeroupper, avx512_vpopcntdq, avx512_vpclmulqdq, avx512_vaes, avx512_vnni, clflush, clflushopt, clwb, avx512_vbmi2, avx512_vbmi, hv, rdtscp, rdpid, fsrm, gfni, avx512_bitalg, f16c, cet_ibt, cet_ss, avx512_ifma
Processor Information for the first 12 processors :
  Max Mhz: 2688, Current Mhz: 2688, Mhz Limit: 2688

Memory: 4k page, system-wide physical 7955M (508M free)
TotalPageFile size 16983M (AvailPageFile size 11M)
current process WorkingSet (physical memory assigned to process): 272M, peak: 272M
current process commit charge ("private bytes"): 311M, peak: 330M

vm_info: OpenJDK 64-Bit Server VM (21.0.8+-14018985-b1038.68) for windows-amd64 JRE (21.0.8+-14018985-b1038.68), built on 2025-08-29T19:56:34Z by "builder" with MS VC++ 16.10 / 16.11 (VS2019)

END.
