#
# There is insufficient memory for the Java Runtime Environment to continue.
# Native memory allocation (malloc) failed to allocate 1109168 bytes. Error detail: Chunk::new
# Possible reasons:
#   The system is out of physical RAM or swap space
#   This process is running with CompressedOops enabled, and the Java Heap may be blocking the growth of the native heap
# Possible solutions:
#   Reduce memory load on the system
#   Increase physical memory or swap space
#   Check if swap backing store is full
#   Decrease Java heap size (-Xmx/-Xms)
#   Decrease number of Java threads
#   Decrease Java thread stack sizes (-Xss)
#   Set larger code cache with -XX:ReservedCodeCacheSize=
#   JVM is running with Unscaled Compressed Oops mode in which the Java heap is
#     placed in the first 4GB address space. The Java Heap base address is the
#     maximum limit for the native heap growth. Please use -XX:HeapBaseMinAddress
#     to set the Java Heap base and to place the Java Heap above 4GB virtual address.
# This output file may be truncated or incomplete.
#
#  Out of Memory Error (arena.cpp:168), pid=15060, tid=18012
#
# JRE version: OpenJDK Runtime Environment (21.0.8) (build 21.0.8+-14018985-b1038.68)
# Java VM: OpenJDK 64-Bit Server VM (21.0.8+-14018985-b1038.68, mixed mode, tiered, compressed oops, compressed class ptrs, g1 gc, windows-amd64)
# No core dump will be written. Minidumps are not enabled by default on client versions of Windows
#

---------------  S U M M A R Y ------------

Command Line: --add-opens=java.base/java.lang=ALL-UNNAMED --add-opens=java.base/java.lang.invoke=ALL-UNNAMED --add-opens=java.base/java.util=ALL-UNNAMED --add-opens=java.prefs/java.util.prefs=ALL-UNNAMED --add-exports=jdk.compiler/com.sun.tools.javac.api=ALL-UNNAMED --add-exports=jdk.compiler/com.sun.tools.javac.util=ALL-UNNAMED --add-opens=java.base/java.util=ALL-UNNAMED --add-opens=java.prefs/java.util.prefs=ALL-UNNAMED --add-opens=java.base/java.nio.charset=ALL-UNNAMED --add-opens=java.base/java.net=ALL-UNNAMED --add-opens=java.base/java.util.concurrent.atomic=ALL-UNNAMED --add-opens=java.xml/javax.xml.namespace=ALL-UNNAMED -Xmx2048m -Dfile.encoding=UTF-8 -Duser.country=UA -Duser.language=uk -Duser.variant -javaagent:C:\Users\User\.gradle\wrapper\dists\gradle-8.13-bin\5xuhj0ry160q40clulazy9h7d\gradle-8.13\lib\agents\gradle-instrumentation-agent-8.13.jar org.gradle.launcher.daemon.bootstrap.GradleDaemon 8.13

Host: 11th Gen Intel(R) Core(TM) i5-11400H @ 2.70GHz, 12 cores, 7G,  Windows 11 , 64 bit Build 26100 (10.0.26100.7019)
Time: Tue Nov 11 23:57:51 2025 elapsed time: 3.429440 seconds (0d 0h 0m 3s)

---------------  T H R E A D  ---------------

Current thread (0x000001a133544ac0):  JavaThread "C2 CompilerThread2" daemon [_thread_in_native, id=18012, stack(0x00000089daf00000,0x00000089db000000) (1024K)]


Current CompileTask:
C2:3429 3752       4       jdk.internal.loader.URLClassPath::getResource (74 bytes)

Stack: [0x00000089daf00000,0x00000089db000000]
Native frames: (J=compiled Java code, j=interpreted, Vv=VM code, C=native code)
V  [jvm.dll+0x6d68d9]
V  [jvm.dll+0x866693]
V  [jvm.dll+0x868c4e]
V  [jvm.dll+0x869333]
V  [jvm.dll+0x280566]
V  [jvm.dll+0xc07cd]
V  [jvm.dll+0xc0d03]
V  [jvm.dll+0x3b961b]
V  [jvm.dll+0x1dfd12]
V  [jvm.dll+0x2493a4]
V  [jvm.dll+0x248821]
V  [jvm.dll+0x1c73a4]
V  [jvm.dll+0x257f9e]
V  [jvm.dll+0x2564e6]
V  [jvm.dll+0x3f4696]
V  [jvm.dll+0x80eac8]
V  [jvm.dll+0x6d512d]
C  [ucrtbase.dll+0x37b0]
C  [KERNEL32.DLL+0x2e8d7]
C  [ntdll.dll+0x8c53c]


---------------  P R O C E S S  ---------------

Threads class SMR info:
_java_thread_list=0x000001a134096990, length=42, elements={
0x000001a1172ec640, 0x000001a133085740, 0x000001a13308bde0, 0x000001a13308c840,
0x000001a1330ae4c0, 0x000001a1330aef20, 0x000001a1330d2e60, 0x000001a1330b3810,
0x000001a1330d5030, 0x000001a1330e11f0, 0x000001a1330b4530, 0x000001a133544270,
0x000001a133544ac0, 0x000001a1330b10b0, 0x000001a1330b1740, 0x000001a1330b2460,
0x000001a1330b2af0, 0x000001a1330b3ea0, 0x000001a1330b3180, 0x000001a134f22620,
0x000001a134f1fec0, 0x000001a134f21900, 0x000001a134f20be0, 0x000001a134f21270,
0x000001a134f1f1a0, 0x000001a134f22cb0, 0x000001a134f23340, 0x000001a134f239d0,
0x000001a134f20550, 0x000001a134f24060, 0x000001a134f246f0, 0x000001a134f24d80,
0x000001a134f25410, 0x000001a134f21f90, 0x000001a134f25aa0, 0x000001a134f26130,
0x000001a134f267c0, 0x000001a1373d08d0, 0x000001a1373d15f0, 0x000001a1373cfbb0,
0x000001a1373d2310, 0x000001a1373d3030
}

Java Threads: ( => current thread )
  0x000001a1172ec640 JavaThread "main"                              [_thread_blocked, id=19188, stack(0x00000089d9c00000,0x00000089d9d00000) (1024K)]
  0x000001a133085740 JavaThread "Common-Cleaner"             daemon [_thread_blocked, id=14192, stack(0x00000089da400000,0x00000089da500000) (1024K)]
  0x000001a13308bde0 JavaThread "Reference Handler"          daemon [_thread_blocked, id=21872, stack(0x00000089da500000,0x00000089da600000) (1024K)]
  0x000001a13308c840 JavaThread "Finalizer"                  daemon [_thread_blocked, id=20940, stack(0x00000089da600000,0x00000089da700000) (1024K)]
  0x000001a1330ae4c0 JavaThread "Signal Dispatcher"          daemon [_thread_blocked, id=6640, stack(0x00000089da700000,0x00000089da800000) (1024K)]
  0x000001a1330aef20 JavaThread "Attach Listener"            daemon [_thread_blocked, id=17904, stack(0x00000089da800000,0x00000089da900000) (1024K)]
  0x000001a1330d2e60 JavaThread "Service Thread"             daemon [_thread_blocked, id=9392, stack(0x00000089da900000,0x00000089daa00000) (1024K)]
  0x000001a1330b3810 JavaThread "Monitor Deflation Thread"   daemon [_thread_blocked, id=18984, stack(0x00000089daa00000,0x00000089dab00000) (1024K)]
  0x000001a1330d5030 JavaThread "C2 CompilerThread0"         daemon [_thread_in_native, id=17276, stack(0x00000089dab00000,0x00000089dac00000) (1024K)]
  0x000001a1330e11f0 JavaThread "C1 CompilerThread0"         daemon [_thread_in_native, id=432, stack(0x00000089dac00000,0x00000089dad00000) (1024K)]
  0x000001a1330b4530 JavaThread "Notification Thread"        daemon [_thread_blocked, id=8532, stack(0x00000089dad00000,0x00000089dae00000) (1024K)]
  0x000001a133544270 JavaThread "C2 CompilerThread1"         daemon [_thread_in_native, id=10740, stack(0x00000089dae00000,0x00000089daf00000) (1024K)]
=>0x000001a133544ac0 JavaThread "C2 CompilerThread2"         daemon [_thread_in_native, id=18012, stack(0x00000089daf00000,0x00000089db000000) (1024K)]
  0x000001a1330b10b0 JavaThread "Daemon health stats"               [_thread_blocked, id=9704, stack(0x00000089db800000,0x00000089db900000) (1024K)]
  0x000001a1330b1740 JavaThread "Incoming local TCP Connector on port 63964"        [_thread_in_native, id=6188, stack(0x00000089db900000,0x00000089dba00000) (1024K)]
  0x000001a1330b2460 JavaThread "Daemon periodic checks"            [_thread_blocked, id=4704, stack(0x00000089dba00000,0x00000089dbb00000) (1024K)]
  0x000001a1330b2af0 JavaThread "Daemon"                            [_thread_blocked, id=14412, stack(0x00000089dbb00000,0x00000089dbc00000) (1024K)]
  0x000001a1330b3ea0 JavaThread "Handler for socket connection from /127.0.0.1:63964 to /127.0.0.1:63965"        [_thread_in_native, id=19508, stack(0x00000089dbc00000,0x00000089dbd00000) (1024K)]
  0x000001a1330b3180 JavaThread "Cancel handler"                    [_thread_blocked, id=1948, stack(0x00000089dbd00000,0x00000089dbe00000) (1024K)]
  0x000001a134f22620 JavaThread "Daemon worker"                     [_thread_in_Java, id=7820, stack(0x00000089dbe00000,0x00000089dbf00000) (1024K)]
  0x000001a134f1fec0 JavaThread "Asynchronous log dispatcher for DefaultDaemonConnection: socket connection from /127.0.0.1:63964 to /127.0.0.1:63965"        [_thread_blocked, id=23208, stack(0x00000089dc200000,0x00000089dc300000) (1024K)]
  0x000001a134f21900 JavaThread "Stdin handler"                     [_thread_blocked, id=18840, stack(0x00000089dc300000,0x00000089dc400000) (1024K)]
  0x000001a134f20be0 JavaThread "Daemon client event forwarder"        [_thread_blocked, id=8236, stack(0x00000089dc400000,0x00000089dc500000) (1024K)]
  0x000001a134f21270 JavaThread "Cache worker for journal cache (C:\Users\User\.gradle\caches\journal-1)"        [_thread_blocked, id=11072, stack(0x00000089dc500000,0x00000089dc600000) (1024K)]
  0x000001a134f1f1a0 JavaThread "File lock request listener"        [_thread_in_native, id=12776, stack(0x00000089dc600000,0x00000089dc700000) (1024K)]
  0x000001a134f22cb0 JavaThread "Cache worker for file hash cache (C:\Users\User\.gradle\caches\8.13\fileHashes)"        [_thread_blocked, id=19420, stack(0x00000089dc700000,0x00000089dc800000) (1024K)]
  0x000001a134f23340 JavaThread "Cache worker for file hash cache (C:\Users\User\StudioProjects\xVSoRPG\.gradle\8.13\fileHashes)"        [_thread_blocked, id=4456, stack(0x00000089dc800000,0x00000089dc900000) (1024K)]
  0x000001a134f239d0 JavaThread "Cache worker for Build Output Cleanup Cache (C:\Users\User\StudioProjects\xVSoRPG\.gradle\buildOutputCleanup)"        [_thread_blocked, id=10320, stack(0x00000089dc900000,0x00000089dca00000) (1024K)]
  0x000001a134f20550 JavaThread "File watcher server"        daemon [_thread_in_native, id=10412, stack(0x00000089dca00000,0x00000089dcb00000) (1024K)]
  0x000001a134f24060 JavaThread "File watcher consumer"      daemon [_thread_blocked, id=8940, stack(0x00000089dcb00000,0x00000089dcc00000) (1024K)]
  0x000001a134f246f0 JavaThread "jar transforms"                    [_thread_blocked, id=12568, stack(0x00000089dcc00000,0x00000089dcd00000) (1024K)]
  0x000001a134f24d80 JavaThread "jar transforms Thread 2"           [_thread_blocked, id=22420, stack(0x00000089dcd00000,0x00000089dce00000) (1024K)]
  0x000001a134f25410 JavaThread "jar transforms Thread 3"           [_thread_blocked, id=12528, stack(0x00000089dce00000,0x00000089dcf00000) (1024K)]
  0x000001a134f21f90 JavaThread "jar transforms Thread 4"           [_thread_blocked, id=18008, stack(0x00000089dcf00000,0x00000089dd000000) (1024K)]
  0x000001a134f25aa0 JavaThread "jar transforms Thread 5"           [_thread_blocked, id=15408, stack(0x00000089dd000000,0x00000089dd100000) (1024K)]
  0x000001a134f26130 JavaThread "jar transforms Thread 6"           [_thread_blocked, id=10776, stack(0x00000089dd100000,0x00000089dd200000) (1024K)]
  0x000001a134f267c0 JavaThread "jar transforms Thread 7"           [_thread_blocked, id=14388, stack(0x00000089dd200000,0x00000089dd300000) (1024K)]
  0x000001a1373d08d0 JavaThread "jar transforms Thread 8"           [_thread_blocked, id=20044, stack(0x00000089dd300000,0x00000089dd400000) (1024K)]
  0x000001a1373d15f0 JavaThread "jar transforms Thread 9"           [_thread_blocked, id=22656, stack(0x00000089dd400000,0x00000089dd500000) (1024K)]
  0x000001a1373cfbb0 JavaThread "jar transforms Thread 10"          [_thread_blocked, id=10804, stack(0x00000089dd500000,0x00000089dd600000) (1024K)]
  0x000001a1373d2310 JavaThread "jar transforms Thread 11"          [_thread_blocked, id=11156, stack(0x00000089dd600000,0x00000089dd700000) (1024K)]
  0x000001a1373d3030 JavaThread "jar transforms Thread 12"          [_thread_blocked, id=10788, stack(0x00000089dd700000,0x00000089dd800000) (1024K)]
Total: 42

Other Threads:
  0x000001a133038980 VMThread "VM Thread"                           [id=2024, stack(0x00000089da300000,0x00000089da400000) (1024K)]
  0x000001a12edd0080 WatcherThread "VM Periodic Task Thread"        [id=22308, stack(0x00000089da200000,0x00000089da300000) (1024K)]
  0x000001a117346b90 WorkerThread "GC Thread#0"                     [id=23032, stack(0x00000089d9d00000,0x00000089d9e00000) (1024K)]
  0x000001a133a946c0 WorkerThread "GC Thread#1"                     [id=22012, stack(0x00000089db000000,0x00000089db100000) (1024K)]
  0x000001a133a94a60 WorkerThread "GC Thread#2"                     [id=20780, stack(0x00000089db100000,0x00000089db200000) (1024K)]
  0x000001a13416ce80 WorkerThread "GC Thread#3"                     [id=15836, stack(0x00000089db200000,0x00000089db300000) (1024K)]
  0x000001a134202f90 WorkerThread "GC Thread#4"                     [id=2312, stack(0x00000089db300000,0x00000089db400000) (1024K)]
  0x000001a134ccdcf0 WorkerThread "GC Thread#5"                     [id=18784, stack(0x00000089db400000,0x00000089db500000) (1024K)]
  0x000001a134d66030 WorkerThread "GC Thread#6"                     [id=584, stack(0x00000089db500000,0x00000089db600000) (1024K)]
  0x000001a134dbc330 WorkerThread "GC Thread#7"                     [id=16380, stack(0x00000089db600000,0x00000089db700000) (1024K)]
  0x000001a134e476b0 WorkerThread "GC Thread#8"                     [id=7444, stack(0x00000089db700000,0x00000089db800000) (1024K)]
  0x000001a134db5e00 WorkerThread "GC Thread#9"                     [id=9660, stack(0x00000089dbf00000,0x00000089dc000000) (1024K)]
  0x000001a1173588c0 ConcurrentGCThread "G1 Main Marker"            [id=5668, stack(0x00000089d9e00000,0x00000089d9f00000) (1024K)]
  0x000001a1173592d0 WorkerThread "G1 Conc#0"                       [id=10724, stack(0x00000089d9f00000,0x00000089da000000) (1024K)]
  0x000001a134db68e0 WorkerThread "G1 Conc#1"                       [id=23400, stack(0x00000089dc000000,0x00000089dc100000) (1024K)]
  0x000001a134db5320 WorkerThread "G1 Conc#2"                       [id=16304, stack(0x00000089dc100000,0x00000089dc200000) (1024K)]
  0x000001a12eca0d90 ConcurrentGCThread "G1 Refine#0"               [id=20824, stack(0x00000089da000000,0x00000089da100000) (1024K)]
  0x000001a12eca1810 ConcurrentGCThread "G1 Service"                [id=16620, stack(0x00000089da100000,0x00000089da200000) (1024K)]
Total: 18

Threads with active compile tasks:
C2 CompilerThread0  3450 3833  s!   4       jdk.internal.loader.URLClassPath::getLoader (194 bytes)
C1 CompilerThread0  3450 3835       3       java.lang.invoke.MethodHandle::bindArgumentL (10 bytes)
C2 CompilerThread1  3450 3773   !   4       java.lang.ClassLoader::loadClass (121 bytes)
C2 CompilerThread2  3450 3752       4       jdk.internal.loader.URLClassPath::getResource (74 bytes)
Total: 4

VM state: not at safepoint (normal execution)

VM Mutex/Monitor currently owned by a thread: None

Heap address: 0x0000000080000000, size: 2048 MB, Compressed Oops mode: 32-bit

CDS archive(s) not mapped
Compressed class space mapped at: 0x0000000100000000-0x0000000140000000, reserved size: 1073741824
Narrow klass base: 0x0000000000000000, Narrow klass shift: 3, Narrow klass range: 0x140000000

GC Precious Log:
 CardTable entry size: 512
 Card Set container configuration: InlinePtr #cards 5 size 8 Array Of Cards #cards 12 size 40 Howl #buckets 4 coarsen threshold 1843 Howl Bitmap #cards 512 size 80 coarsen threshold 460 Card regions per heap region 1 cards per card region 2048
 CPUs: 12 total, 12 available
 Memory: 7955M
 Large Page Support: Disabled
 NUMA Support: Disabled
 Compressed Oops: Enabled (32-bit)
 Heap Region Size: 1M
 Heap Min Capacity: 8M
 Heap Initial Capacity: 126M
 Heap Max Capacity: 2G
 Pre-touch: Disabled
 Parallel Workers: 10
 Concurrent Workers: 3
 Concurrent Refinement Workers: 10
 Periodic GC: Disabled

Heap:
 garbage-first heap   total 93184K, used 62647K [0x0000000080000000, 0x0000000100000000)
  region size 1024K, 3 young (3072K), 2 survivors (2048K)
 Metaspace       used 41200K, committed 42176K, reserved 1114112K
  class space    used 5873K, committed 6336K, reserved 1048576K

Heap Regions: E=young(eden), S=young(survivor), O=old, HS=humongous(starts), HC=humongous(continues), CS=collection set, F=free, TAMS=top-at-mark-start, PB=parsable bottom
|   0|0x0000000080000000, 0x0000000080100000, 0x0000000080100000|100%|HS|  |TAMS 0x0000000080000000| PB 0x0000000080000000| Complete 
|   1|0x0000000080100000, 0x0000000080200000, 0x0000000080200000|100%|HC|  |TAMS 0x0000000080100000| PB 0x0000000080100000| Complete 
|   2|0x0000000080200000, 0x0000000080300000, 0x0000000080300000|100%|HC|  |TAMS 0x0000000080200000| PB 0x0000000080200000| Complete 
|   3|0x0000000080300000, 0x0000000080300000, 0x0000000080400000|  0%| F|  |TAMS 0x0000000080300000| PB 0x0000000080300000| Untracked 
|   4|0x0000000080400000, 0x0000000080500000, 0x0000000080500000|100%| O|  |TAMS 0x0000000080400000| PB 0x0000000080400000| Untracked 
|   5|0x0000000080500000, 0x0000000080600000, 0x0000000080600000|100%| O|  |TAMS 0x0000000080500000| PB 0x0000000080500000| Untracked 
|   6|0x0000000080600000, 0x0000000080700000, 0x0000000080700000|100%|HS|  |TAMS 0x0000000080600000| PB 0x0000000080600000| Complete 
|   7|0x0000000080700000, 0x0000000080800000, 0x0000000080800000|100%| O|  |TAMS 0x0000000080700000| PB 0x0000000080700000| Untracked 
|   8|0x0000000080800000, 0x0000000080900000, 0x0000000080900000|100%| O|  |TAMS 0x0000000080800000| PB 0x0000000080800000| Untracked 
|   9|0x0000000080900000, 0x0000000080a00000, 0x0000000080a00000|100%| O|  |TAMS 0x0000000080900000| PB 0x0000000080900000| Untracked 
|  10|0x0000000080a00000, 0x0000000080b00000, 0x0000000080b00000|100%| O|  |TAMS 0x0000000080a00000| PB 0x0000000080a00000| Untracked 
|  11|0x0000000080b00000, 0x0000000080c00000, 0x0000000080c00000|100%| O|  |TAMS 0x0000000080b00000| PB 0x0000000080b00000| Untracked 
|  12|0x0000000080c00000, 0x0000000080d00000, 0x0000000080d00000|100%| O|  |TAMS 0x0000000080c00000| PB 0x0000000080c00000| Untracked 
|  13|0x0000000080d00000, 0x0000000080e00000, 0x0000000080e00000|100%| O|  |TAMS 0x0000000080d00000| PB 0x0000000080d00000| Untracked 
|  14|0x0000000080e00000, 0x0000000080f00000, 0x0000000080f00000|100%| O|  |TAMS 0x0000000080e00000| PB 0x0000000080e00000| Untracked 
|  15|0x0000000080f00000, 0x0000000081000000, 0x0000000081000000|100%| O|  |TAMS 0x0000000080f00000| PB 0x0000000080f00000| Untracked 
|  16|0x0000000081000000, 0x0000000081100000, 0x0000000081100000|100%| O|  |TAMS 0x0000000081000000| PB 0x0000000081000000| Untracked 
|  17|0x0000000081100000, 0x0000000081200000, 0x0000000081200000|100%| O|  |TAMS 0x0000000081100000| PB 0x0000000081100000| Untracked 
|  18|0x0000000081200000, 0x0000000081300000, 0x0000000081300000|100%| O|  |TAMS 0x0000000081200000| PB 0x0000000081200000| Untracked 
|  19|0x0000000081300000, 0x0000000081400000, 0x0000000081400000|100%| O|  |TAMS 0x0000000081300000| PB 0x0000000081300000| Untracked 
|  20|0x0000000081400000, 0x0000000081500000, 0x0000000081500000|100%| O|  |TAMS 0x0000000081400000| PB 0x0000000081400000| Untracked 
|  21|0x0000000081500000, 0x0000000081600000, 0x0000000081600000|100%| O|  |TAMS 0x0000000081500000| PB 0x0000000081500000| Untracked 
|  22|0x0000000081600000, 0x0000000081700000, 0x0000000081700000|100%| O|  |TAMS 0x0000000081600000| PB 0x0000000081600000| Untracked 
|  23|0x0000000081700000, 0x0000000081800000, 0x0000000081800000|100%| O|  |TAMS 0x0000000081700000| PB 0x0000000081700000| Untracked 
|  24|0x0000000081800000, 0x0000000081900000, 0x0000000081900000|100%| O|  |TAMS 0x0000000081800000| PB 0x0000000081800000| Untracked 
|  25|0x0000000081900000, 0x0000000081a00000, 0x0000000081a00000|100%|HS|  |TAMS 0x0000000081900000| PB 0x0000000081900000| Complete 
|  26|0x0000000081a00000, 0x0000000081b00000, 0x0000000081b00000|100%|HC|  |TAMS 0x0000000081a00000| PB 0x0000000081a00000| Complete 
|  27|0x0000000081b00000, 0x0000000081c00000, 0x0000000081c00000|100%|HC|  |TAMS 0x0000000081b00000| PB 0x0000000081b00000| Complete 
|  28|0x0000000081c00000, 0x0000000081d00000, 0x0000000081d00000|100%|HC|  |TAMS 0x0000000081c00000| PB 0x0000000081c00000| Complete 
|  29|0x0000000081d00000, 0x0000000081e00000, 0x0000000081e00000|100%|HC|  |TAMS 0x0000000081d00000| PB 0x0000000081d00000| Complete 
|  30|0x0000000081e00000, 0x0000000081f00000, 0x0000000081f00000|100%|HC|  |TAMS 0x0000000081e00000| PB 0x0000000081e00000| Complete 
|  31|0x0000000081f00000, 0x0000000082000000, 0x0000000082000000|100%|HS|  |TAMS 0x0000000081f00000| PB 0x0000000081f00000| Complete 
|  32|0x0000000082000000, 0x0000000082100000, 0x0000000082100000|100%|HS|  |TAMS 0x0000000082000000| PB 0x0000000082000000| Complete 
|  33|0x0000000082100000, 0x0000000082200000, 0x0000000082200000|100%|HC|  |TAMS 0x0000000082100000| PB 0x0000000082100000| Complete 
|  34|0x0000000082200000, 0x0000000082300000, 0x0000000082300000|100%|HC|  |TAMS 0x0000000082200000| PB 0x0000000082200000| Complete 
|  35|0x0000000082300000, 0x0000000082400000, 0x0000000082400000|100%|HC|  |TAMS 0x0000000082300000| PB 0x0000000082300000| Complete 
|  36|0x0000000082400000, 0x0000000082500000, 0x0000000082500000|100%|HS|  |TAMS 0x0000000082400000| PB 0x0000000082400000| Complete 
|  37|0x0000000082500000, 0x0000000082600000, 0x0000000082600000|100%|HC|  |TAMS 0x0000000082500000| PB 0x0000000082500000| Complete 
|  38|0x0000000082600000, 0x0000000082700000, 0x0000000082700000|100%|HS|  |TAMS 0x0000000082600000| PB 0x0000000082600000| Complete 
|  39|0x0000000082700000, 0x0000000082800000, 0x0000000082800000|100%|HS|  |TAMS 0x0000000082700000| PB 0x0000000082700000| Complete 
|  40|0x0000000082800000, 0x0000000082900000, 0x0000000082900000|100%|HC|  |TAMS 0x0000000082800000| PB 0x0000000082800000| Complete 
|  41|0x0000000082900000, 0x0000000082a00000, 0x0000000082a00000|100%|HC|  |TAMS 0x0000000082900000| PB 0x0000000082900000| Complete 
|  42|0x0000000082a00000, 0x0000000082b00000, 0x0000000082b00000|100%|HC|  |TAMS 0x0000000082a00000| PB 0x0000000082a00000| Complete 
|  43|0x0000000082b00000, 0x0000000082c00000, 0x0000000082c00000|100%|HC|  |TAMS 0x0000000082b00000| PB 0x0000000082b00000| Complete 
|  44|0x0000000082c00000, 0x0000000082d00000, 0x0000000082d00000|100%|HC|  |TAMS 0x0000000082c00000| PB 0x0000000082c00000| Complete 
|  45|0x0000000082d00000, 0x0000000082e00000, 0x0000000082e00000|100%|HS|  |TAMS 0x0000000082d00000| PB 0x0000000082d00000| Complete 
|  46|0x0000000082e00000, 0x0000000082f00000, 0x0000000082f00000|100%|HS|  |TAMS 0x0000000082e00000| PB 0x0000000082e00000| Complete 
|  47|0x0000000082f00000, 0x0000000083000000, 0x0000000083000000|100%|HC|  |TAMS 0x0000000082f00000| PB 0x0000000082f00000| Complete 
|  48|0x0000000083000000, 0x0000000083100000, 0x0000000083100000|100%|HC|  |TAMS 0x0000000083000000| PB 0x0000000083000000| Complete 
|  49|0x0000000083100000, 0x0000000083200000, 0x0000000083200000|100%|HC|  |TAMS 0x0000000083100000| PB 0x0000000083100000| Complete 
|  50|0x0000000083200000, 0x0000000083300000, 0x0000000083300000|100%| O|  |TAMS 0x0000000083200000| PB 0x0000000083200000| Untracked 
|  51|0x0000000083300000, 0x0000000083400000, 0x0000000083400000|100%| O|  |TAMS 0x0000000083300000| PB 0x0000000083300000| Untracked 
|  52|0x0000000083400000, 0x0000000083500000, 0x0000000083500000|100%|HS|  |TAMS 0x0000000083400000| PB 0x0000000083400000| Complete 
|  53|0x0000000083500000, 0x0000000083600000, 0x0000000083600000|100%|HC|  |TAMS 0x0000000083500000| PB 0x0000000083500000| Complete 
|  54|0x0000000083600000, 0x0000000083700000, 0x0000000083700000|100%|HS|  |TAMS 0x0000000083600000| PB 0x0000000083600000| Complete 
|  55|0x0000000083700000, 0x0000000083800000, 0x0000000083800000|100%| O|  |TAMS 0x0000000083700000| PB 0x0000000083700000| Untracked 
|  56|0x0000000083800000, 0x0000000083900000, 0x0000000083900000|100%| O|  |TAMS 0x0000000083800000| PB 0x0000000083800000| Untracked 
|  57|0x0000000083900000, 0x0000000083a00000, 0x0000000083a00000|100%| O|  |TAMS 0x0000000083900000| PB 0x0000000083900000| Untracked 
|  58|0x0000000083a00000, 0x0000000083b00000, 0x0000000083b00000|100%| O|  |TAMS 0x0000000083a00000| PB 0x0000000083a00000| Untracked 
|  59|0x0000000083b00000, 0x0000000083bcc000, 0x0000000083c00000| 79%| O|  |TAMS 0x0000000083b00000| PB 0x0000000083b00000| Untracked 
|  60|0x0000000083c00000, 0x0000000083c00000, 0x0000000083d00000|  0%| F|  |TAMS 0x0000000083c00000| PB 0x0000000083c00000| Untracked 
|  61|0x0000000083d00000, 0x0000000083d00000, 0x0000000083e00000|  0%| F|  |TAMS 0x0000000083d00000| PB 0x0000000083d00000| Untracked 
|  62|0x0000000083e00000, 0x0000000083e00000, 0x0000000083f00000|  0%| F|  |TAMS 0x0000000083e00000| PB 0x0000000083e00000| Untracked 
|  63|0x0000000083f00000, 0x0000000083f61f78, 0x0000000084000000| 38%| S|CS|TAMS 0x0000000083f00000| PB 0x0000000083f00000| Complete 
|  64|0x0000000084000000, 0x0000000084100000, 0x0000000084100000|100%| S|CS|TAMS 0x0000000084000000| PB 0x0000000084000000| Complete 
|  65|0x0000000084100000, 0x0000000084100000, 0x0000000084200000|  0%| F|  |TAMS 0x0000000084100000| PB 0x0000000084100000| Untracked 
|  66|0x0000000084200000, 0x0000000084200000, 0x0000000084300000|  0%| F|  |TAMS 0x0000000084200000| PB 0x0000000084200000| Untracked 
|  67|0x0000000084300000, 0x0000000084300000, 0x0000000084400000|  0%| F|  |TAMS 0x0000000084300000| PB 0x0000000084300000| Untracked 
|  68|0x0000000084400000, 0x0000000084400000, 0x0000000084500000|  0%| F|  |TAMS 0x0000000084400000| PB 0x0000000084400000| Untracked 
|  69|0x0000000084500000, 0x0000000084500000, 0x0000000084600000|  0%| F|  |TAMS 0x0000000084500000| PB 0x0000000084500000| Untracked 
|  70|0x0000000084600000, 0x0000000084600000, 0x0000000084700000|  0%| F|  |TAMS 0x0000000084600000| PB 0x0000000084600000| Untracked 
|  71|0x0000000084700000, 0x0000000084700000, 0x0000000084800000|  0%| F|  |TAMS 0x0000000084700000| PB 0x0000000084700000| Untracked 
|  72|0x0000000084800000, 0x0000000084800000, 0x0000000084900000|  0%| F|  |TAMS 0x0000000084800000| PB 0x0000000084800000| Untracked 
|  73|0x0000000084900000, 0x0000000084900000, 0x0000000084a00000|  0%| F|  |TAMS 0x0000000084900000| PB 0x0000000084900000| Untracked 
|  74|0x0000000084a00000, 0x0000000084a00000, 0x0000000084b00000|  0%| F|  |TAMS 0x0000000084a00000| PB 0x0000000084a00000| Untracked 
|  75|0x0000000084b00000, 0x0000000084b00000, 0x0000000084c00000|  0%| F|  |TAMS 0x0000000084b00000| PB 0x0000000084b00000| Untracked 
|  76|0x0000000084c00000, 0x0000000084c00000, 0x0000000084d00000|  0%| F|  |TAMS 0x0000000084c00000| PB 0x0000000084c00000| Untracked 
|  77|0x0000000084d00000, 0x0000000084d00000, 0x0000000084e00000|  0%| F|  |TAMS 0x0000000084d00000| PB 0x0000000084d00000| Untracked 
|  78|0x0000000084e00000, 0x0000000084e00000, 0x0000000084f00000|  0%| F|  |TAMS 0x0000000084e00000| PB 0x0000000084e00000| Untracked 
|  79|0x0000000084f00000, 0x0000000084f00000, 0x0000000085000000|  0%| F|  |TAMS 0x0000000084f00000| PB 0x0000000084f00000| Untracked 
|  80|0x0000000085000000, 0x0000000085000000, 0x0000000085100000|  0%| F|  |TAMS 0x0000000085000000| PB 0x0000000085000000| Untracked 
|  81|0x0000000085100000, 0x0000000085100000, 0x0000000085200000|  0%| F|  |TAMS 0x0000000085100000| PB 0x0000000085100000| Untracked 
|  82|0x0000000085200000, 0x0000000085200000, 0x0000000085300000|  0%| F|  |TAMS 0x0000000085200000| PB 0x0000000085200000| Untracked 
|  83|0x0000000085300000, 0x0000000085300000, 0x0000000085400000|  0%| F|  |TAMS 0x0000000085300000| PB 0x0000000085300000| Untracked 
|  84|0x0000000085400000, 0x0000000085400000, 0x0000000085500000|  0%| F|  |TAMS 0x0000000085400000| PB 0x0000000085400000| Untracked 
|  85|0x0000000085500000, 0x0000000085500000, 0x0000000085600000|  0%| F|  |TAMS 0x0000000085500000| PB 0x0000000085500000| Untracked 
| 105|0x0000000086900000, 0x0000000086900000, 0x0000000086a00000|  0%| F|  |TAMS 0x0000000086900000| PB 0x0000000086900000| Untracked 
| 106|0x0000000086a00000, 0x0000000086a00000, 0x0000000086b00000|  0%| F|  |TAMS 0x0000000086a00000| PB 0x0000000086a00000| Untracked 
| 107|0x0000000086b00000, 0x0000000086b41130, 0x0000000086c00000| 25%| E|  |TAMS 0x0000000086b00000| PB 0x0000000086b00000| Complete 
| 125|0x0000000087d00000, 0x0000000087e00000, 0x0000000087e00000|100%| E|CS|TAMS 0x0000000087d00000| PB 0x0000000087d00000| Complete 
|2047|0x00000000fff00000, 0x0000000100000000, 0x0000000100000000|100%| O|  |TAMS 0x00000000fff00000| PB 0x00000000fff00000| Untracked 

Card table byte_map: [0x000001a129d90000,0x000001a12a190000] _byte_map_base: 0x000001a129990000

Marking Bits: (CMBitMap*) 0x000001a1173471a0
 Bits: [0x000001a12a190000, 0x000001a12c190000)

Polling page: 0x000001a115130000

Metaspace:

Usage:
  Non-class:     34.55 MB used.
      Class:      5.74 MB used.
       Both:     40.29 MB used.

Virtual space:
  Non-class space:       64.00 MB reserved,      35.00 MB ( 55%) committed,  1 nodes.
      Class space:        1.00 GB reserved,       6.19 MB ( <1%) committed,  1 nodes.
             Both:        1.06 GB reserved,      41.19 MB (  4%) committed. 

Chunk freelists:
   Non-Class:  12.50 MB
       Class:  9.73 MB
        Both:  22.23 MB

MaxMetaspaceSize: unlimited
CompressedClassSpaceSize: 1.00 GB
Initial GC threshold: 21.00 MB
Current GC threshold: 58.75 MB
CDS: off
 - commit_granule_bytes: 65536.
 - commit_granule_words: 8192.
 - virtual_space_node_default_size: 8388608.
 - enlarge_chunks_in_place: 1.
 - use_allocation_guard: 0.


Internal statistics:

num_allocs_failed_limit: 6.
num_arena_births: 1630.
num_arena_deaths: 0.
num_vsnodes_births: 2.
num_vsnodes_deaths: 0.
num_space_committed: 659.
num_space_uncommitted: 0.
num_chunks_returned_to_freelist: 6.
num_chunks_taken_from_freelist: 3140.
num_chunk_merges: 6.
num_chunk_splits: 1967.
num_chunks_enlarged: 1190.
num_inconsistent_stats: 0.

CodeHeap 'non-profiled nmethods': size=120000Kb used=2123Kb max_used=2123Kb free=117877Kb
 bounds [0x000001a121f10000, 0x000001a122180000, 0x000001a129440000]
CodeHeap 'profiled nmethods': size=120000Kb used=6689Kb max_used=6689Kb free=113310Kb
 bounds [0x000001a11a440000, 0x000001a11aad0000, 0x000001a121970000]
CodeHeap 'non-nmethods': size=5760Kb used=1671Kb max_used=1737Kb free=4088Kb
 bounds [0x000001a121970000, 0x000001a121be0000, 0x000001a121f10000]
CodeCache: size=245760Kb, used=10483Kb, max_used=10549Kb, free=235275Kb
 total_blobs=4013, nmethods=3419, adapters=498, full_count=0
Compilation: enabled, stopped_count=0, restarted_count=0

Compilation events (20 events):
Event: 3.390 Thread 0x000001a1330e11f0 3800       3       java.lang.invoke.AbstractValidatingLambdaMetafactory::validateMetafactoryArgs (607 bytes)
Event: 3.396 Thread 0x000001a1330e11f0 nmethod 3800 0x000001a11aaaa390 code [0x000001a11aaaae60, 0x000001a11aab2348]
Event: 3.396 Thread 0x000001a1330e11f0 3801       3       java.lang.invoke.MethodHandles$Lookup::findConstructor (61 bytes)
Event: 3.396 Thread 0x000001a1330e11f0 nmethod 3801 0x000001a11aab4b90 code [0x000001a11aab4e00, 0x000001a11aab55b0]
Event: 3.396 Thread 0x000001a1330e11f0 3802       3       java.lang.invoke.MethodHandles$Lookup::getDirectConstructor (10 bytes)
Event: 3.397 Thread 0x000001a1330e11f0 nmethod 3802 0x000001a11aab5910 code [0x000001a11aab5ac0, 0x000001a11aab5c00]
Event: 3.397 Thread 0x000001a1330d5030 nmethod 3797 0x000001a122004f10 code [0x000001a122005160, 0x000001a1220058c0]
Event: 3.401 Thread 0x000001a1330e11f0 3803       3       java.util.concurrent.locks.ReentrantLock::lockInterruptibly (8 bytes)
Event: 3.401 Thread 0x000001a1330e11f0 nmethod 3803 0x000001a11aab5c90 code [0x000001a11aab5ea0, 0x000001a11aab6420]
Event: 3.401 Thread 0x000001a1330d5030 3804       4       java.lang.ClassLoader::loadClass (7 bytes)
Event: 3.402 Thread 0x000001a1330d5030 nmethod 3804 0x000001a121fb8b10 code [0x000001a121fb8ca0, 0x000001a121fb8d50]
Event: 3.405 Thread 0x000001a1330d5030 3805   !   4       java.lang.ClassLoader::addClass (27 bytes)
Event: 3.412 Thread 0x000001a1330d5030 nmethod 3805 0x000001a122003e90 code [0x000001a122004060, 0x000001a122004b98]
Event: 3.412 Thread 0x000001a1330d5030 3806       4       sun.net.www.protocol.jar.Handler::checkNestedProtocol (18 bytes)
Event: 3.413 Thread 0x000001a1330e11f0 3807       3       org.codehaus.groovy.reflection.GeneratedMetaMethod$DgmMethodRecord::<init> (5 bytes)
Event: 3.413 Thread 0x000001a1330e11f0 nmethod 3807 0x000001a11aab6610 code [0x000001a11aab67c0, 0x000001a11aab6928]
Event: 3.414 Thread 0x000001a1330e11f0 3809       3       java.io.BufferedInputStream::implRead (112 bytes)
Event: 3.414 Thread 0x000001a1330e11f0 nmethod 3809 0x000001a11aab6a10 code [0x000001a11aab6c40, 0x000001a11aab7370]
Event: 3.415 Thread 0x000001a1330d5030 nmethod 3806 0x000001a122003890 code [0x000001a122003a20, 0x000001a122003c20]
Event: 3.415 Thread 0x000001a1330d5030 3810       4       java.io.BufferedInputStream::implRead (112 bytes)

GC Heap History (16 events):
Event: 0.408 GC heap before
{Heap before GC invocations=0 (full 0):
 garbage-first heap   total 129024K, used 22528K [0x0000000080000000, 0x0000000100000000)
  region size 1024K, 23 young (23552K), 0 survivors (0K)
 Metaspace       used 8112K, committed 8256K, reserved 1114112K
  class space    used 749K, committed 832K, reserved 1048576K
}
Event: 0.410 GC heap after
{Heap after GC invocations=1 (full 0):
 garbage-first heap   total 129024K, used 2367K [0x0000000080000000, 0x0000000100000000)
  region size 1024K, 3 young (3072K), 3 survivors (3072K)
 Metaspace       used 8112K, committed 8256K, reserved 1114112K
  class space    used 749K, committed 832K, reserved 1048576K
}
Event: 0.863 GC heap before
{Heap before GC invocations=1 (full 0):
 garbage-first heap   total 129024K, used 41279K [0x0000000080000000, 0x0000000100000000)
  region size 1024K, 39 young (39936K), 3 survivors (3072K)
 Metaspace       used 12361K, committed 12608K, reserved 1114112K
  class space    used 1354K, committed 1472K, reserved 1048576K
}
Event: 0.870 GC heap after
{Heap after GC invocations=2 (full 0):
 garbage-first heap   total 129024K, used 11264K [0x0000000080000000, 0x0000000100000000)
  region size 1024K, 5 young (5120K), 5 survivors (5120K)
 Metaspace       used 12361K, committed 12608K, reserved 1114112K
  class space    used 1354K, committed 1472K, reserved 1048576K
}
Event: 1.305 GC heap before
{Heap before GC invocations=2 (full 0):
 garbage-first heap   total 129024K, used 62464K [0x0000000080000000, 0x0000000100000000)
  region size 1024K, 53 young (54272K), 5 survivors (5120K)
 Metaspace       used 15556K, committed 15872K, reserved 1114112K
  class space    used 1793K, committed 1920K, reserved 1048576K
}
Event: 1.310 GC heap after
{Heap after GC invocations=3 (full 0):
 garbage-first heap   total 129024K, used 18315K [0x0000000080000000, 0x0000000100000000)
  region size 1024K, 6 young (6144K), 6 survivors (6144K)
 Metaspace       used 15556K, committed 15872K, reserved 1114112K
  class space    used 1793K, committed 1920K, reserved 1048576K
}
Event: 1.588 GC heap before
{Heap before GC invocations=3 (full 0):
 garbage-first heap   total 129024K, used 34699K [0x0000000080000000, 0x0000000100000000)
  region size 1024K, 24 young (24576K), 6 survivors (6144K)
 Metaspace       used 21194K, committed 21504K, reserved 1114112K
  class space    used 2517K, committed 2624K, reserved 1048576K
}
Event: 1.591 GC heap after
{Heap after GC invocations=4 (full 0):
 garbage-first heap   total 129024K, used 20462K [0x0000000080000000, 0x0000000100000000)
  region size 1024K, 3 young (3072K), 3 survivors (3072K)
 Metaspace       used 21194K, committed 21504K, reserved 1114112K
  class space    used 2517K, committed 2624K, reserved 1048576K
}
Event: 2.046 GC heap before
{Heap before GC invocations=5 (full 0):
 garbage-first heap   total 71680K, used 59374K [0x0000000080000000, 0x0000000100000000)
  region size 1024K, 42 young (43008K), 3 survivors (3072K)
 Metaspace       used 28106K, committed 28608K, reserved 1114112K
  class space    used 3614K, committed 3840K, reserved 1048576K
}
Event: 2.050 GC heap after
{Heap after GC invocations=6 (full 0):
 garbage-first heap   total 71680K, used 22268K [0x0000000080000000, 0x0000000100000000)
  region size 1024K, 5 young (5120K), 5 survivors (5120K)
 Metaspace       used 28106K, committed 28608K, reserved 1114112K
  class space    used 3614K, committed 3840K, reserved 1048576K
}
Event: 2.484 GC heap before
{Heap before GC invocations=6 (full 0):
 garbage-first heap   total 71680K, used 56060K [0x0000000080000000, 0x0000000100000000)
  region size 1024K, 39 young (39936K), 5 survivors (5120K)
 Metaspace       used 32633K, committed 33280K, reserved 1114112K
  class space    used 4437K, committed 4736K, reserved 1048576K
}
Event: 2.489 GC heap after
{Heap after GC invocations=7 (full 0):
 garbage-first heap   total 71680K, used 24780K [0x0000000080000000, 0x0000000100000000)
  region size 1024K, 5 young (5120K), 5 survivors (5120K)
 Metaspace       used 32633K, committed 33280K, reserved 1114112K
  class space    used 4437K, committed 4736K, reserved 1048576K
}
Event: 2.656 GC heap before
{Heap before GC invocations=7 (full 0):
 garbage-first heap   total 71680K, used 42188K [0x0000000080000000, 0x0000000100000000)
  region size 1024K, 23 young (23552K), 5 survivors (5120K)
 Metaspace       used 35207K, committed 35968K, reserved 1114112K
  class space    used 4898K, committed 5248K, reserved 1048576K
}
Event: 2.662 GC heap after
{Heap after GC invocations=8 (full 0):
 garbage-first heap   total 86016K, used 25893K [0x0000000080000000, 0x0000000100000000)
  region size 1024K, 2 young (2048K), 2 survivors (2048K)
 Metaspace       used 35207K, committed 35968K, reserved 1114112K
  class space    used 4898K, committed 5248K, reserved 1048576K
}
Event: 3.149 GC heap before
{Heap before GC invocations=9 (full 0):
 garbage-first heap   total 86016K, used 83237K [0x0000000080000000, 0x0000000100000000)
  region size 1024K, 31 young (31744K), 2 survivors (2048K)
 Metaspace       used 38227K, committed 39104K, reserved 1114112K
  class space    used 5371K, committed 5760K, reserved 1048576K
}
Event: 3.153 GC heap after
{Heap after GC invocations=10 (full 0):
 garbage-first heap   total 93184K, used 61071K [0x0000000080000000, 0x0000000100000000)
  region size 1024K, 6 young (6144K), 6 survivors (6144K)
 Metaspace       used 38227K, committed 39104K, reserved 1114112K
  class space    used 5371K, committed 5760K, reserved 1048576K
}

Dll operation events (3 events):
Event: 0.007 Loaded shared library D:\My Profile\Programs\AndroidStudio\jbr\bin\java.dll
Event: 0.010 Loaded shared library D:\My Profile\Programs\AndroidStudio\jbr\bin\zip.dll
Event: 0.472 Loaded shared library D:\My Profile\Programs\AndroidStudio\jbr\bin\verify.dll

Deoptimization events (20 events):
Event: 3.330 Thread 0x000001a134f22620 DEOPT PACKING pc=0x000001a1220eccb4 sp=0x00000089dbef8d90
Event: 3.330 Thread 0x000001a134f22620 DEOPT UNPACKING pc=0x000001a1219c7da2 sp=0x00000089dbef8d60 mode 2
Event: 3.382 Thread 0x000001a134f22620 DEOPT PACKING pc=0x000001a11a8eef21 sp=0x00000089dbef7fb0
Event: 3.382 Thread 0x000001a134f22620 DEOPT UNPACKING pc=0x000001a1219c88e2 sp=0x00000089dbef74b0 mode 0
Event: 3.413 Thread 0x000001a134f22620 Uncommon trap: trap_request=0xffffffc6 fr.pc=0x000001a121feda9c relative=0x000000000000053c
Event: 3.413 Thread 0x000001a134f22620 Uncommon trap: reason=bimorphic_or_optimized_type_check action=maybe_recompile pc=0x000001a121feda9c method=java.io.BufferedInputStream.implRead([BII)I @ 100 c2
Event: 3.413 Thread 0x000001a134f22620 DEOPT PACKING pc=0x000001a121feda9c sp=0x00000089dbef6df0
Event: 3.413 Thread 0x000001a134f22620 DEOPT UNPACKING pc=0x000001a1219c7da2 sp=0x00000089dbef6db8 mode 2
Event: 3.413 Thread 0x000001a134f22620 Uncommon trap: trap_request=0xffffffc6 fr.pc=0x000001a121feda9c relative=0x000000000000053c
Event: 3.413 Thread 0x000001a134f22620 Uncommon trap: reason=bimorphic_or_optimized_type_check action=maybe_recompile pc=0x000001a121feda9c method=java.io.BufferedInputStream.implRead([BII)I @ 100 c2
Event: 3.413 Thread 0x000001a134f22620 DEOPT PACKING pc=0x000001a121feda9c sp=0x00000089dbef6df0
Event: 3.413 Thread 0x000001a134f22620 DEOPT UNPACKING pc=0x000001a1219c7da2 sp=0x00000089dbef6db8 mode 2
Event: 3.413 Thread 0x000001a134f22620 Uncommon trap: trap_request=0xffffffc6 fr.pc=0x000001a121feda9c relative=0x000000000000053c
Event: 3.413 Thread 0x000001a134f22620 Uncommon trap: reason=bimorphic_or_optimized_type_check action=maybe_recompile pc=0x000001a121feda9c method=java.io.BufferedInputStream.implRead([BII)I @ 100 c2
Event: 3.413 Thread 0x000001a134f22620 DEOPT PACKING pc=0x000001a121feda9c sp=0x00000089dbef6df0
Event: 3.413 Thread 0x000001a134f22620 DEOPT UNPACKING pc=0x000001a1219c7da2 sp=0x00000089dbef6db8 mode 2
Event: 3.413 Thread 0x000001a134f22620 Uncommon trap: trap_request=0xffffffc6 fr.pc=0x000001a121feda9c relative=0x000000000000053c
Event: 3.413 Thread 0x000001a134f22620 Uncommon trap: reason=bimorphic_or_optimized_type_check action=maybe_recompile pc=0x000001a121feda9c method=java.io.BufferedInputStream.implRead([BII)I @ 100 c2
Event: 3.413 Thread 0x000001a134f22620 DEOPT PACKING pc=0x000001a121feda9c sp=0x00000089dbef6da0
Event: 3.413 Thread 0x000001a134f22620 DEOPT UNPACKING pc=0x000001a1219c7da2 sp=0x00000089dbef6d68 mode 2

Classes loaded (20 events):
Event: 3.341 Loading class java/util/stream/IntPipeline$1$1
Event: 3.341 Loading class java/util/stream/Sink$ChainedInt
Event: 3.341 Loading class java/util/stream/Sink$OfInt
Event: 3.341 Loading class java/util/stream/Sink$OfInt done
Event: 3.341 Loading class java/util/stream/Sink$ChainedInt done
Event: 3.341 Loading class java/util/stream/IntPipeline$1$1 done
Event: 3.345 Loading class java/lang/IllegalAccessError
Event: 3.345 Loading class java/lang/IllegalAccessError done
Event: 3.347 Loading class java/lang/Process
Event: 3.347 Loading class java/lang/Process done
Event: 3.347 Loading class java/lang/ProcessBuilder
Event: 3.347 Loading class java/lang/ProcessBuilder done
Event: 3.401 Loading class java/util/EventListener
Event: 3.401 Loading class java/util/EventListener done
Event: 3.406 Loading class java/util/BitSet
Event: 3.407 Loading class java/util/BitSet done
Event: 3.411 Loading class java/util/TimerTask
Event: 3.411 Loading class java/util/TimerTask done
Event: 3.411 Loading class java/util/Timer
Event: 3.411 Loading class java/util/Timer done

Classes unloaded (0 events):
No events

Classes redefined (0 events):
No events

Internal exceptions (20 events):
Event: 2.848 Thread 0x000001a134f22620 Exception <a 'java/lang/NoSuchMethodError'{0x00000000847adab8}: static Lorg/jetbrains/plugins/gradle/model/UnresolvedExternalDependency;.<clinit>()V> (0x00000000847adab8) 
thrown [s\src\hotspot\share\prims\jni.cpp, line 1144]
Event: 2.854 Thread 0x000001a134f22620 Exception <a 'java/lang/NoSuchMethodError'{0x000000008466daa0}: static Lorg/gradle/tooling/internal/consumer/versioning/VersionDetails;.<clinit>()V> (0x000000008466daa0) 
thrown [s\src\hotspot\share\prims\jni.cpp, line 1144]
Event: 2.855 Thread 0x000001a134f22620 Exception <a 'java/lang/NoSuchMethodError'{0x0000000084670710}: static Lorg/gradle/tooling/internal/consumer/versioning/VersionDetails$R26VersionDetails;.<clinit>()V> (0x0000000084670710) 
thrown [s\src\hotspot\share\prims\jni.cpp, line 1144]
Event: 2.855 Thread 0x000001a134f22620 Exception <a 'java/lang/NoSuchMethodError'{0x0000000084671da8}: static Lorg/gradle/tooling/internal/consumer/versioning/VersionDetails$R28VersionDetails;.<clinit>()V> (0x0000000084671da8) 
thrown [s\src\hotspot\share\prims\jni.cpp, line 1144]
Event: 2.855 Thread 0x000001a134f22620 Exception <a 'java/lang/NoSuchMethodError'{0x0000000084673350}: static Lorg/gradle/tooling/internal/consumer/versioning/VersionDetails$R35VersionDetails;.<clinit>()V> (0x0000000084673350) 
thrown [s\src\hotspot\share\prims\jni.cpp, line 1144]
Event: 2.855 Thread 0x000001a134f22620 Exception <a 'java/lang/NoSuchMethodError'{0x0000000084674ac0}: static Lorg/gradle/tooling/internal/consumer/versioning/VersionDetails$R44VersionDetails;.<clinit>()V> (0x0000000084674ac0) 
thrown [s\src\hotspot\share\prims\jni.cpp, line 1144]
Event: 2.855 Thread 0x000001a134f22620 Exception <a 'java/lang/NoSuchMethodError'{0x0000000084676168}: static Lorg/gradle/tooling/internal/consumer/versioning/VersionDetails$R48VersionDetails;.<clinit>()V> (0x0000000084676168) 
thrown [s\src\hotspot\share\prims\jni.cpp, line 1144]
Event: 2.855 Thread 0x000001a134f22620 Exception <a 'java/lang/NoSuchMethodError'{0x0000000084677400}: static Lorg/gradle/tooling/internal/consumer/versioning/VersionDetails$R51VersionDetails;.<clinit>()V> (0x0000000084677400) 
thrown [s\src\hotspot\share\prims\jni.cpp, line 1144]
Event: 2.860 Thread 0x000001a134f22620 Exception <a 'java/lang/NoSuchMethodError'{0x000000008469cbe8}: 'java.lang.Object java.lang.invoke.DirectMethodHandle$Holder.newInvokeSpecial(java.lang.Object, java.lang.Object, java.lang.Object, int)'> (0x000000008469cbe8) 
thrown [s\src\hotspot\share\interpreter\linkResolver.cpp, line 784]
Event: 2.861 Thread 0x000001a134f22620 Exception <a 'java/lang/NoSuchMethodError'{0x00000000846a1060}: 'java.lang.Object java.lang.invoke.DirectMethodHandle$Holder.invokeSpecial(java.lang.Object, java.lang.Object, java.lang.Object, java.lang.Object, int)'> (0x00000000846a1060) 
thrown [s\src\hotspot\share\interpreter\linkResolver.cpp, line 784]
Event: 2.861 Thread 0x000001a134f22620 Exception <a 'java/lang/NoSuchMethodError'{0x00000000846a4c68}: 'java.lang.Object java.lang.invoke.Invokers$Holder.linkToTargetMethod(java.lang.Object, java.lang.Object, int, java.lang.Object)'> (0x00000000846a4c68) 
thrown [s\src\hotspot\share\interpreter\linkResolver.cpp, line 784]
Event: 2.978 Thread 0x000001a134f22620 Exception <a 'java/lang/NoSuchMethodError'{0x00000000840f92d8}: 'void java.lang.invoke.DirectMethodHandle$Holder.invokeStaticInit(java.lang.Object, java.lang.Object, java.lang.Object, java.lang.Object)'> (0x00000000840f92d8) 
thrown [s\src\hotspot\share\interpreter\linkResolver.cpp, line 784]
Event: 3.120 Thread 0x000001a134f22620 Exception <a 'java/lang/NoSuchMethodError'{0x00000000839a8d70}: 'void java.lang.invoke.DirectMethodHandle$Holder.invokeInterface(java.lang.Object, java.lang.Object, java.lang.Object, java.lang.Object, java.lang.Object)'> (0x00000000839a8d70) 
thrown [s\src\hotspot\share\interpreter\linkResolver.cpp, line 784]
Event: 3.124 Thread 0x000001a134f22620 Exception <a 'java/lang/NoSuchMethodError'{0x00000000839f1858}: 'void java.lang.invoke.DirectMethodHandle$Holder.invokeStatic(java.lang.Object, java.lang.Object, java.lang.Object, java.lang.Object, java.lang.Object, java.lang.Object)'> (0x00000000839f1858) 
thrown [s\src\hotspot\share\interpreter\linkResolver.cpp, line 784]
Event: 3.245 Thread 0x000001a134f22620 Exception <a 'java/lang/IncompatibleClassChangeError'{0x0000000084c23cc0}: Found class java.lang.Object, but interface was expected> (0x0000000084c23cc0) 
thrown [s\src\hotspot\share\interpreter\linkResolver.cpp, line 851]
Event: 3.272 Thread 0x000001a134f22620 Exception <a 'java/lang/NoSuchMethodError'{0x0000000084bbbd40}: 'java.lang.Object java.lang.invoke.DirectMethodHandle$Holder.invokeVirtual(java.lang.Object, java.lang.Object, int)'> (0x0000000084bbbd40) 
thrown [s\src\hotspot\share\interpreter\linkResolver.cpp, line 784]
Event: 3.276 Thread 0x000001a134f22620 Exception <a 'java/lang/NoSuchMethodError'{0x0000000084bef3e8}: 'void java.lang.invoke.DirectMethodHandle$Holder.invokeStatic(java.lang.Object, java.lang.Object, java.lang.Object, int)'> (0x0000000084bef3e8) 
thrown [s\src\hotspot\share\interpreter\linkResolver.cpp, line 784]
Event: 3.324 Thread 0x000001a134f22620 Exception <a 'java/lang/NoSuchMethodError'{0x0000000084863b18}: 'void java.lang.invoke.DirectMethodHandle$Holder.invokeInterface(java.lang.Object, java.lang.Object, java.lang.Object, java.lang.Object, java.lang.Object, java.lang.Object, java.lang.Object)'> (0x0000000084863b18) 
thrown [s\src\hotspot\share\interpreter\linkResolver.cpp, line 784]
Event: 3.325 Thread 0x000001a134f22620 Exception <a 'java/lang/NoSuchMethodError'{0x0000000084868a00}: 'void java.lang.invoke.DelegatingMethodHandle$Holder.reinvoke_L(java.lang.Object, java.lang.Object, java.lang.Object, java.lang.Object, java.lang.Object, java.lang.Object, java.lang.Object)'> (0x0000000084868a00) 
thrown [s\src\hotspot\share\interpreter\linkResolver.cpp, line 784]
Event: 3.349 Thread 0x000001a134f22620 Exception <a 'java/lang/NoSuchMethodError'{0x00000000846e4210}: 'java.lang.Object java.lang.invoke.DirectMethodHandle$Holder.invokeSpecial(java.lang.Object, java.lang.Object, java.lang.Object, int, java.lang.Object, java.lang.Object)'> (0x00000000846e4210) 
thrown [s\src\hotspot\share\interpreter\linkResolver.cpp, line 784]

ZGC Phase Switch (0 events):
No events

VM Operations (20 events):
Event: 2.484 Executing VM operation: G1CollectForAllocation (G1 Evacuation Pause)
Event: 2.489 Executing VM operation: G1CollectForAllocation (G1 Evacuation Pause) done
Event: 2.656 Executing VM operation: CollectForMetadataAllocation (Metadata GC Threshold)
Event: 2.662 Executing VM operation: CollectForMetadataAllocation (Metadata GC Threshold) done
Event: 2.668 Executing VM operation: G1PauseRemark
Event: 2.670 Executing VM operation: G1PauseRemark done
Event: 2.673 Executing VM operation: G1PauseCleanup
Event: 2.674 Executing VM operation: G1PauseCleanup done
Event: 2.680 Executing VM operation: HandshakeAllThreads (Deoptimize)
Event: 2.680 Executing VM operation: HandshakeAllThreads (Deoptimize) done
Event: 3.097 Executing VM operation: HandshakeAllThreads (Deoptimize)
Event: 3.098 Executing VM operation: HandshakeAllThreads (Deoptimize) done
Event: 3.149 Executing VM operation: G1CollectForAllocation (G1 Evacuation Pause)
Event: 3.153 Executing VM operation: G1CollectForAllocation (G1 Evacuation Pause) done
Event: 3.247 Executing VM operation: HandshakeAllThreads (Deoptimize)
Event: 3.247 Executing VM operation: HandshakeAllThreads (Deoptimize) done
Event: 3.328 Executing VM operation: HandshakeAllThreads (Deoptimize)
Event: 3.328 Executing VM operation: HandshakeAllThreads (Deoptimize) done
Event: 3.328 Executing VM operation: HandshakeAllThreads (Deoptimize)
Event: 3.328 Executing VM operation: HandshakeAllThreads (Deoptimize) done

Memory protections (0 events):
No events

Nmethod flushes (20 events):
Event: 2.669 Thread 0x000001a133038980 flushing  nmethod 0x000001a11a4a3210
Event: 2.669 Thread 0x000001a133038980 flushing  nmethod 0x000001a11a4a3d90
Event: 2.669 Thread 0x000001a133038980 flushing  nmethod 0x000001a11a4a4290
Event: 2.669 Thread 0x000001a133038980 flushing  nmethod 0x000001a11a4e4590
Event: 2.669 Thread 0x000001a133038980 flushing  nmethod 0x000001a11a4e5c90
Event: 2.669 Thread 0x000001a133038980 flushing  nmethod 0x000001a11a4e6b90
Event: 2.669 Thread 0x000001a133038980 flushing  nmethod 0x000001a11a4e8910
Event: 2.669 Thread 0x000001a133038980 flushing  nmethod 0x000001a11a54d410
Event: 2.669 Thread 0x000001a133038980 flushing  nmethod 0x000001a11a54e190
Event: 2.669 Thread 0x000001a133038980 flushing  nmethod 0x000001a11a5bd710
Event: 2.669 Thread 0x000001a133038980 flushing  nmethod 0x000001a11a5c6a10
Event: 2.669 Thread 0x000001a133038980 flushing  nmethod 0x000001a11a604690
Event: 2.669 Thread 0x000001a133038980 flushing  nmethod 0x000001a11a607a90
Event: 2.669 Thread 0x000001a133038980 flushing  nmethod 0x000001a11a609910
Event: 2.669 Thread 0x000001a133038980 flushing  nmethod 0x000001a11a6a2610
Event: 2.669 Thread 0x000001a133038980 flushing  nmethod 0x000001a11a6a2990
Event: 2.669 Thread 0x000001a133038980 flushing  nmethod 0x000001a11a6a8c10
Event: 2.669 Thread 0x000001a133038980 flushing  nmethod 0x000001a11a6adb10
Event: 2.669 Thread 0x000001a133038980 flushing  nmethod 0x000001a11a6ae290
Event: 2.669 Thread 0x000001a133038980 flushing  nmethod 0x000001a11a724b90

Events (20 events):
Event: 1.607 Thread 0x000001a134f22620 Thread added: 0x000001a134f20be0
Event: 1.835 Thread 0x000001a134f22620 Thread added: 0x000001a134f21270
Event: 1.841 Thread 0x000001a134f22620 Thread added: 0x000001a134f1f1a0
Event: 1.864 Thread 0x000001a134f22620 Thread added: 0x000001a134f22cb0
Event: 2.514 Thread 0x000001a134f22620 Thread added: 0x000001a134f23340
Event: 2.521 Thread 0x000001a134f22620 Thread added: 0x000001a134f239d0
Event: 2.638 Thread 0x000001a134f22620 Thread added: 0x000001a134f20550
Event: 2.642 Thread 0x000001a134f22620 Thread added: 0x000001a134f24060
Event: 2.713 Thread 0x000001a134f22620 Thread added: 0x000001a134f246f0
Event: 2.713 Thread 0x000001a134f22620 Thread added: 0x000001a134f24d80
Event: 2.713 Thread 0x000001a134f22620 Thread added: 0x000001a134f25410
Event: 2.713 Thread 0x000001a134f22620 Thread added: 0x000001a134f21f90
Event: 2.714 Thread 0x000001a134f22620 Thread added: 0x000001a134f25aa0
Event: 2.714 Thread 0x000001a134f22620 Thread added: 0x000001a134f26130
Event: 2.714 Thread 0x000001a134f22620 Thread added: 0x000001a134f267c0
Event: 2.714 Thread 0x000001a134f22620 Thread added: 0x000001a1373d08d0
Event: 2.714 Thread 0x000001a134f22620 Thread added: 0x000001a1373d15f0
Event: 2.714 Thread 0x000001a134f22620 Thread added: 0x000001a1373cfbb0
Event: 2.714 Thread 0x000001a134f22620 Thread added: 0x000001a1373d2310
Event: 2.714 Thread 0x000001a134f22620 Thread added: 0x000001a1373d3030


Dynamic libraries:
0x00007ff742750000 - 0x00007ff74275a000 	D:\My Profile\Programs\AndroidStudio\jbr\bin\java.exe
0x00007ffd387a0000 - 0x00007ffd38a08000 	C:\WINDOWS\SYSTEM32\ntdll.dll
0x00007ffd37010000 - 0x00007ffd370d9000 	C:\WINDOWS\System32\KERNEL32.DLL
0x00007ffd358f0000 - 0x00007ffd35ce8000 	C:\WINDOWS\System32\KERNELBASE.dll
0x00007ffd35db0000 - 0x00007ffd35efb000 	C:\WINDOWS\System32\ucrtbase.dll
0x00007ffd2dc30000 - 0x00007ffd2dc4b000 	D:\My Profile\Programs\AndroidStudio\jbr\bin\VCRUNTIME140.dll
0x00007ffd2db10000 - 0x00007ffd2db28000 	D:\My Profile\Programs\AndroidStudio\jbr\bin\jli.dll
0x00007ffd366e0000 - 0x00007ffd368a7000 	C:\WINDOWS\System32\USER32.dll
0x00007ffd36250000 - 0x00007ffd36277000 	C:\WINDOWS\System32\win32u.dll
0x00007ffd1efc0000 - 0x00007ffd1f254000 	C:\WINDOWS\WinSxS\amd64_microsoft.windows.common-controls_6595b64144ccf1df_6.0.26100.7019_none_3e06ffa0e335b8a8\COMCTL32.dll
0x00007ffd38470000 - 0x00007ffd3849b000 	C:\WINDOWS\System32\GDI32.dll
0x00007ffd37660000 - 0x00007ffd37709000 	C:\WINDOWS\System32\msvcrt.dll
0x00007ffd35f00000 - 0x00007ffd3602c000 	C:\WINDOWS\System32\gdi32full.dll
0x00007ffd36280000 - 0x00007ffd36323000 	C:\WINDOWS\System32\msvcp_win.dll
0x00007ffd38430000 - 0x00007ffd38461000 	C:\WINDOWS\System32\IMM32.DLL
0x00007ffd2db60000 - 0x00007ffd2db6c000 	D:\My Profile\Programs\AndroidStudio\jbr\bin\vcruntime140_1.dll
0x00007ffd040d0000 - 0x00007ffd0415d000 	D:\My Profile\Programs\AndroidStudio\jbr\bin\msvcp140.dll
0x00007ffcba130000 - 0x00007ffcbadc6000 	D:\My Profile\Programs\AndroidStudio\jbr\bin\server\jvm.dll
0x00007ffd37d60000 - 0x00007ffd37e14000 	C:\WINDOWS\System32\ADVAPI32.dll
0x00007ffd38020000 - 0x00007ffd380c6000 	C:\WINDOWS\System32\sechost.dll
0x00007ffd371b0000 - 0x00007ffd372c8000 	C:\WINDOWS\System32\RPCRT4.dll
0x00007ffd383a0000 - 0x00007ffd38414000 	C:\WINDOWS\System32\WS2_32.dll
0x00007ffd344e0000 - 0x00007ffd3453e000 	C:\WINDOWS\SYSTEM32\POWRPROF.dll
0x00007ffd2a1b0000 - 0x00007ffd2a1bb000 	C:\WINDOWS\SYSTEM32\VERSION.dll
0x00007ffd27350000 - 0x00007ffd27385000 	C:\WINDOWS\SYSTEM32\WINMM.dll
0x00007ffd344c0000 - 0x00007ffd344d4000 	C:\WINDOWS\SYSTEM32\UMPDC.dll
0x00007ffd347a0000 - 0x00007ffd347bb000 	C:\WINDOWS\SYSTEM32\kernel.appcore.dll
0x00007ffd2dae0000 - 0x00007ffd2daea000 	D:\My Profile\Programs\AndroidStudio\jbr\bin\jimage.dll
0x00007ffd33020000 - 0x00007ffd33262000 	C:\WINDOWS\SYSTEM32\DBGHELP.DLL
0x00007ffd372d0000 - 0x00007ffd3765b000 	C:\WINDOWS\System32\combase.dll
0x00007ffd380d0000 - 0x00007ffd381a7000 	C:\WINDOWS\System32\OLEAUT32.dll
0x00007ffd08440000 - 0x00007ffd0847c000 	C:\WINDOWS\SYSTEM32\dbgcore.DLL
0x00007ffd361a0000 - 0x00007ffd36245000 	C:\WINDOWS\System32\bcryptPrimitives.dll
0x00007ffd2db00000 - 0x00007ffd2db0e000 	D:\My Profile\Programs\AndroidStudio\jbr\bin\instrument.dll
0x00007ffd2dac0000 - 0x00007ffd2dae0000 	D:\My Profile\Programs\AndroidStudio\jbr\bin\java.dll
0x00007ffd2beb0000 - 0x00007ffd2bec8000 	D:\My Profile\Programs\AndroidStudio\jbr\bin\zip.dll
0x00007ffd368b0000 - 0x00007ffd37001000 	C:\WINDOWS\System32\SHELL32.dll
0x00007ffd36030000 - 0x00007ffd3619b000 	C:\WINDOWS\System32\wintypes.dll
0x00007ffd33510000 - 0x00007ffd33d6d000 	C:\WINDOWS\SYSTEM32\windows.storage.dll
0x00007ffd37e20000 - 0x00007ffd37f12000 	C:\WINDOWS\System32\SHCORE.dll
0x00007ffd37140000 - 0x00007ffd371a7000 	C:\WINDOWS\System32\shlwapi.dll
0x00007ffd35810000 - 0x00007ffd35839000 	C:\WINDOWS\SYSTEM32\profapi.dll
0x00007ffd2c4a0000 - 0x00007ffd2c4b0000 	D:\My Profile\Programs\AndroidStudio\jbr\bin\net.dll
0x00007ffd2b5b0000 - 0x00007ffd2b6d8000 	C:\WINDOWS\SYSTEM32\WINHTTP.dll
0x00007ffd34d40000 - 0x00007ffd34dab000 	C:\WINDOWS\system32\mswsock.dll
0x00007ffd2be90000 - 0x00007ffd2bea6000 	D:\My Profile\Programs\AndroidStudio\jbr\bin\nio.dll
0x00007ffd0c920000 - 0x00007ffd0c930000 	D:\My Profile\Programs\AndroidStudio\jbr\bin\verify.dll
0x00007ffd06c10000 - 0x00007ffd06c37000 	C:\Users\User\.gradle\native\1def1411415f61bf3af743bc5b6707747c0891f09f0c88961ee8f79bc544acac\windows-amd64\native-platform.dll
0x00007ffd04050000 - 0x00007ffd040c8000 	C:\Users\User\.gradle\native\0.2.7\x86_64-windows-gnu\gradle-fileevents.dll
0x00007ffd2be80000 - 0x00007ffd2be89000 	D:\My Profile\Programs\AndroidStudio\jbr\bin\management.dll
0x00007ffd0c940000 - 0x00007ffd0c94b000 	D:\My Profile\Programs\AndroidStudio\jbr\bin\management_ext.dll
0x00007ffd38590000 - 0x00007ffd38598000 	C:\WINDOWS\System32\PSAPI.DLL
0x00007ffd340f0000 - 0x00007ffd34124000 	C:\WINDOWS\SYSTEM32\IPHLPAPI.DLL
0x00007ffd38420000 - 0x00007ffd3842a000 	C:\WINDOWS\System32\NSI.dll
0x00007ffd2bf30000 - 0x00007ffd2bf39000 	D:\My Profile\Programs\AndroidStudio\jbr\bin\extnet.dll
0x00007ffd35000000 - 0x00007ffd3501b000 	C:\WINDOWS\SYSTEM32\CRYPTSP.dll
0x00007ffd34700000 - 0x00007ffd3473a000 	C:\WINDOWS\system32\rsaenh.dll
0x00007ffd34df0000 - 0x00007ffd34e1b000 	C:\WINDOWS\SYSTEM32\USERENV.dll
0x00007ffd357e0000 - 0x00007ffd3580a000 	C:\WINDOWS\SYSTEM32\bcrypt.dll
0x00007ffd35020000 - 0x00007ffd3502c000 	C:\WINDOWS\SYSTEM32\CRYPTBASE.dll
0x00007ffc84ad0000 - 0x00007ffc84ad8000 	C:\WINDOWS\system32\wshunix.dll

JVMTI agents:
C:\Users\User\.gradle\wrapper\dists\gradle-8.13-bin\5xuhj0ry160q40clulazy9h7d\gradle-8.13\lib\agents\gradle-instrumentation-agent-8.13.jar path:D:\My Profile\Programs\AndroidStudio\jbr\bin\instrument.dll, loaded, initialized, instrumentlib options:none

dbghelp: loaded successfully - version: 4.0.5 - missing functions: none
symbol engine: initialized successfully - sym options: 0x614 - pdb path: .;D:\My Profile\Programs\AndroidStudio\jbr\bin;C:\WINDOWS\SYSTEM32;C:\WINDOWS\WinSxS\amd64_microsoft.windows.common-controls_6595b64144ccf1df_6.0.26100.7019_none_3e06ffa0e335b8a8;D:\My Profile\Programs\AndroidStudio\jbr\bin\server;C:\Users\User\.gradle\native\1def1411415f61bf3af743bc5b6707747c0891f09f0c88961ee8f79bc544acac\windows-amd64;C:\Users\User\.gradle\native\0.2.7\x86_64-windows-gnu

VM Arguments:
jvm_args: --add-opens=java.base/java.lang=ALL-UNNAMED --add-opens=java.base/java.lang.invoke=ALL-UNNAMED --add-opens=java.base/java.util=ALL-UNNAMED --add-opens=java.prefs/java.util.prefs=ALL-UNNAMED --add-exports=jdk.compiler/com.sun.tools.javac.api=ALL-UNNAMED --add-exports=jdk.compiler/com.sun.tools.javac.util=ALL-UNNAMED --add-opens=java.base/java.util=ALL-UNNAMED --add-opens=java.prefs/java.util.prefs=ALL-UNNAMED --add-opens=java.base/java.nio.charset=ALL-UNNAMED --add-opens=java.base/java.net=ALL-UNNAMED --add-opens=java.base/java.util.concurrent.atomic=ALL-UNNAMED --add-opens=java.xml/javax.xml.namespace=ALL-UNNAMED -Xmx2048m -Dfile.encoding=UTF-8 -Duser.country=UA -Duser.language=uk -Duser.variant -javaagent:C:\Users\User\.gradle\wrapper\dists\gradle-8.13-bin\5xuhj0ry160q40clulazy9h7d\gradle-8.13\lib\agents\gradle-instrumentation-agent-8.13.jar 
java_command: org.gradle.launcher.daemon.bootstrap.GradleDaemon 8.13
java_class_path (initial): C:\Users\User\.gradle\wrapper\dists\gradle-8.13-bin\5xuhj0ry160q40clulazy9h7d\gradle-8.13\lib\gradle-daemon-main-8.13.jar
Launcher Type: SUN_STANDARD

[Global flags]
     intx CICompilerCount                          = 4                                         {product} {ergonomic}
     uint ConcGCThreads                            = 3                                         {product} {ergonomic}
     uint G1ConcRefinementThreads                  = 10                                        {product} {ergonomic}
   size_t G1HeapRegionSize                         = 1048576                                   {product} {ergonomic}
    uintx GCDrainStackTargetSize                   = 64                                        {product} {ergonomic}
   size_t InitialHeapSize                          = 132120576                                 {product} {ergonomic}
   size_t MarkStackSize                            = 4194304                                   {product} {ergonomic}
   size_t MaxHeapSize                              = 2147483648                                {product} {command line}
   size_t MaxNewSize                               = 1287651328                                {product} {ergonomic}
   size_t MinHeapDeltaBytes                        = 1048576                                   {product} {ergonomic}
   size_t MinHeapSize                              = 8388608                                   {product} {ergonomic}
    uintx NonNMethodCodeHeapSize                   = 5839372                                {pd product} {ergonomic}
    uintx NonProfiledCodeHeapSize                  = 122909434                              {pd product} {ergonomic}
    uintx ProfiledCodeHeapSize                     = 122909434                              {pd product} {ergonomic}
    uintx ReservedCodeCacheSize                    = 251658240                              {pd product} {ergonomic}
     bool SegmentedCodeCache                       = true                                      {product} {ergonomic}
   size_t SoftMaxHeapSize                          = 2147483648                             {manageable} {ergonomic}
     bool UseCompressedOops                        = true                           {product lp64_product} {ergonomic}
     bool UseG1GC                                  = true                                      {product} {ergonomic}
     bool UseLargePagesIndividualAllocation        = false                                  {pd product} {ergonomic}

Logging:
Log output configuration:
 #0: stdout all=warning uptime,level,tags foldmultilines=false
 #1: stderr all=off uptime,level,tags foldmultilines=false

Environment Variables:
JAVA_HOME=D:\My Profile\Programs\Java HOME\graalvm-jdk-22.0.2+9.1
PATH=C:\Program Files\Common Files\Oracle\Java\javapath;C:\Program Files (x86)\Common Files\Oracle\Java\javapath;C:\ProgramData\Oracle\Java\javapath;C:\Windows\system32;C:\Windows;C:\Windows\System32\Wbem;C:\Windows\System32\WindowsPowerShell\v1.0\;C:\Windows\System32\OpenSSH\;C:\Program Files (x86)\NVIDIA Corporation\PhysX\Common;C:\WINDOWS\system32;C:\WINDOWS;C:\WINDOWS\System32\Wbem;C:\WINDOWS\System32\WindowsPowerShell\v1.0\;C:\WINDOWS\System32\OpenSSH\;C:\Program Files\dotnet\;C:\Program Files\NVIDIA Corporation\NVIDIA app\NvDLISR;D:\My Profile\Programs\Java HOME\graalvm-jdk-22.0.2+9.1\bin;C:\Program Files\Git\cmd;C:\Users\User\AppData\Local\Programs\Python\Launcher\;C:\Users\User\AppData\Local\Microsoft\WindowsApps;;C:\Users\User\AppData\Roaming\Programs\Zero Install
USERNAME=User
OS=Windows_NT
PROCESSOR_IDENTIFIER=Intel64 Family 6 Model 141 Stepping 1, GenuineIntel
TMP=C:\Users\User\AppData\Local\Temp
TEMP=C:\Users\User\AppData\Local\Temp




Periodic native trim disabled

JNI global refs:
JNI global refs: 27, weak refs: 0

JNI global refs memory usage: 835, weak refs: 833

Process memory usage:
Resident Set Size: 278320K (3% of 8146232K total physical memory with 621096K free physical memory)

OOME stack traces (most recent first):
Classloader memory used:
Loader org.gradle.internal.classloader.VisitableURLClassLoader                         : 18851K
Loader bootstrap                                                                       : 18343K
Loader org.gradle.initialization.MixInLegacyTypesClassLoader                           : 2860K
Loader org.gradle.internal.classloader.VisitableURLClassLoader                         : 739K
Loader jdk.internal.loader.ClassLoaders$AppClassLoader                                 : 235K
Loader jdk.internal.reflect.DelegatingClassLoader                                      : 158K
Loader jdk.internal.loader.ClassLoaders$PlatformClassLoader                            : 147K
Loader org.gradle.groovy.scripts.internal.DefaultScriptCompilationHandler$ScriptClassLoader: 6352B

Classes loaded by more than one classloader:
Class org.gradle.api.GradleException                                                  : loaded 3 times (x 82B)
Class org.gradle.internal.classloader.FilteringClassLoader                            : loaded 2 times (x 105B)
Class org.gradle.internal.classloader.ClassLoaderHierarchy                            : loaded 2 times (x 70B)
Class org.gradle.api.internal.classpath.ManifestUtil                                  : loaded 2 times (x 71B)
Class org.gradle.internal.operations.MultipleBuildOperationFailures                   : loaded 2 times (x 95B)
Class org.gradle.internal.classloader.DefaultClassLoaderFactory                       : loaded 2 times (x 82B)
Class org.gradle.internal.classloader.ClassLoaderVisitor                              : loaded 2 times (x 76B)
Class org.gradle.api.internal.classpath.EffectiveClassPath                            : loaded 2 times (x 90B)
Class org.gradle.api.internal.DefaultClassPathProvider                                : loaded 2 times (x 76B)
Class [Lorg.gradle.api.internal.ClassPathProvider;                                    : loaded 2 times (x 69B)
Class org.gradle.api.internal.ClassPathProvider                                       : loaded 2 times (x 70B)
Class org.gradle.internal.service.UnknownServiceException                             : loaded 2 times (x 83B)
Class org.gradle.internal.classpath.TransformedClassPath                              : loaded 2 times (x 96B)
Class org.gradle.internal.classloader.InstrumentingClassLoader                        : loaded 2 times (x 70B)
Class org.gradle.internal.service.ServiceLocator                                      : loaded 2 times (x 70B)
Class org.gradle.internal.InternalTransformer                                         : loaded 2 times (x 70B)
Class org.gradle.internal.time.DefaultTimer                                           : loaded 2 times (x 80B)
Class org.gradle.internal.classloader.ClasspathUtil$1                                 : loaded 2 times (x 76B)
Class org.gradle.api.internal.classpath.DefaultModuleRegistry$DefaultModule           : loaded 2 times (x 86B)
Class org.gradle.internal.time.DefaultCountdownTimer                                  : loaded 2 times (x 88B)
Class kotlin.Function                                                                 : loaded 2 times (x 70B)
Class org.gradle.api.internal.classpath.Module                                        : loaded 2 times (x 70B)
Class org.gradle.api.internal.classpath.UnknownModuleException                        : loaded 2 times (x 82B)
Class org.gradle.api.internal.DefaultClassPathRegistry                                : loaded 2 times (x 76B)
Class org.gradle.api.internal.ClassPathRegistry                                       : loaded 2 times (x 70B)
Class org.gradle.internal.classpath.DefaultClassPath$ImmutableUniqueList              : loaded 2 times (x 199B)
Class org.gradle.internal.classpath.ClassPath                                         : loaded 2 times (x 70B)
Class org.gradle.api.UncheckedIOException                                             : loaded 2 times (x 82B)
Class kotlin.UninitializedPropertyAccessException                                     : loaded 2 times (x 82B)
Class org.gradle.internal.installation.GradleInstallation$1                           : loaded 2 times (x 75B)
Class org.gradle.api.internal.classpath.ModuleRegistry                                : loaded 2 times (x 70B)
Class org.gradle.api.internal.classpath.DefaultModuleRegistry                         : loaded 2 times (x 86B)
Class org.gradle.internal.time.MonotonicClock                                         : loaded 2 times (x 77B)
Class org.gradle.internal.service.ServiceLookupException                              : loaded 2 times (x 82B)
Class org.gradle.internal.classloader.ClassLoaderFactory                              : loaded 2 times (x 70B)
Class org.gradle.internal.service.CachingServiceLocator                               : loaded 2 times (x 82B)
Class org.gradle.internal.time.TimeSource                                             : loaded 2 times (x 70B)
Class org.gradle.internal.exceptions.ResolutionProvider                               : loaded 2 times (x 70B)
Class org.gradle.internal.classloader.ClasspathUtil                                   : loaded 2 times (x 71B)
Class org.gradle.internal.time.TimeSource$1                                           : loaded 2 times (x 77B)
Class org.gradle.api.specs.Spec                                                       : loaded 2 times (x 70B)
Class org.gradle.internal.time.Clock                                                  : loaded 2 times (x 70B)
Class org.gradle.internal.classloader.VisitableURLClassLoader$InstrumentingVisitableURLClassLoader: loaded 2 times (x 123B)
Class org.gradle.internal.classloader.VisitableURLClassLoader$Spec                    : loaded 2 times (x 74B)
Class org.gradle.internal.classpath.DefaultClassPath                                  : loaded 2 times (x 90B)
Class org.gradle.internal.classloader.ClassLoaderSpec                                 : loaded 2 times (x 71B)
Class org.gradle.internal.classloader.VisitableURLClassLoader                         : loaded 2 times (x 117B)
Class org.gradle.internal.Cast                                                        : loaded 2 times (x 71B)
Class org.gradle.api.Action                                                           : loaded 2 times (x 70B)
Class kotlin.jvm.functions.Function1                                                  : loaded 2 times (x 70B)
Class org.gradle.internal.classpath.DefaultClassPath$ImmutableUniqueList$Builder      : loaded 2 times (x 75B)
Class kotlin.NotImplementedError                                                      : loaded 2 times (x 82B)
Class org.gradle.internal.exceptions.NonGradleCauseExceptionsHolder                   : loaded 2 times (x 70B)
Class org.gradle.internal.IoActions                                                   : loaded 2 times (x 71B)
Class org.gradle.internal.classloader.SystemClassLoaderSpec                           : loaded 2 times (x 71B)
Class org.gradle.internal.exceptions.MultiCauseException                              : loaded 2 times (x 70B)
Class org.gradle.internal.time.CountdownTimer                                         : loaded 2 times (x 70B)
Class kotlin.jvm.internal.Intrinsics                                                  : loaded 2 times (x 71B)
Class org.gradle.tooling.model.ProjectModel                                           : loaded 2 times (x 70B)
Class kotlin.KotlinNullPointerException                                               : loaded 2 times (x 83B)
Class org.gradle.internal.exceptions.DefaultMultiCauseException                       : loaded 2 times (x 95B)
Class org.gradle.internal.time.Time                                                   : loaded 2 times (x 71B)
Class org.gradle.api.internal.classpath.GlobalCacheRootsProvider                      : loaded 2 times (x 70B)
Class org.gradle.internal.time.Timer                                                  : loaded 2 times (x 70B)
Class org.gradle.internal.installation.CurrentGradleInstallationLocator               : loaded 2 times (x 71B)
Class org.gradle.internal.service.DefaultServiceLocator                               : loaded 2 times (x 83B)
Class org.gradle.util.GradleVersion                                                   : loaded 2 times (x 79B)
Class org.gradle.internal.installation.CurrentGradleInstallation                      : loaded 2 times (x 73B)
Class org.gradle.util.internal.GUtil                                                  : loaded 2 times (x 71B)
Class org.gradle.internal.installation.GradleInstallation                             : loaded 2 times (x 75B)

---------------  S Y S T E M  ---------------

OS:
 Windows 11 , 64 bit Build 26100 (10.0.26100.7019)
OS uptime: 0 days 2:13 hours
Hyper-V role detected

CPU: total 12 (initial active 12) (6 cores per cpu, 2 threads per core) family 6 model 141 stepping 1 microcode 0x3c, cx8, cmov, fxsr, ht, mmx, 3dnowpref, sse, sse2, sse3, ssse3, sse4.1, sse4.2, popcnt, lzcnt, tsc, tscinvbit, avx, avx2, aes, erms, clmul, bmi1, bmi2, adx, avx512f, avx512dq, avx512cd, avx512bw, avx512vl, sha, fma, vzeroupper, avx512_vpopcntdq, avx512_vpclmulqdq, avx512_vaes, avx512_vnni, clflush, clflushopt, clwb, avx512_vbmi2, avx512_vbmi, hv, rdtscp, rdpid, fsrm, gfni, avx512_bitalg, f16c, cet_ibt, cet_ss, avx512_ifma
Processor Information for the first 12 processors :
  Max Mhz: 2688, Current Mhz: 2688, Mhz Limit: 2688

Memory: 4k page, system-wide physical 7955M (607M free)
TotalPageFile size 16983M (AvailPageFile size 4M)
current process WorkingSet (physical memory assigned to process): 271M, peak: 271M
current process commit charge ("private bytes"): 312M, peak: 314M

vm_info: OpenJDK 64-Bit Server VM (21.0.8+-14018985-b1038.68) for windows-amd64 JRE (21.0.8+-14018985-b1038.68), built on 2025-08-29T19:56:34Z by "builder" with MS VC++ 16.10 / 16.11 (VS2019)

END.
