#
# There is insufficient memory for the Java Runtime Environment to continue.
# Native memory allocation (malloc) failed to allocate 81104 bytes. Error detail: Chunk::new
# Possible reasons:
#   The system is out of physical RAM or swap space
#   This process is running with CompressedOops enabled, and the Java Heap may be blocking the growth of the native heap
# Possible solutions:
#   Reduce memory load on the system
#   Increase physical memory or swap space
#   Check if swap backing store is full
#   Decrease Java heap size (-Xmx/-Xms)
#   Decrease number of Java threads
#   Decrease Java thread stack sizes (-Xss)
#   Set larger code cache with -XX:ReservedCodeCacheSize=
#   JVM is running with Unscaled Compressed Oops mode in which the Java heap is
#     placed in the first 4GB address space. The Java Heap base address is the
#     maximum limit for the native heap growth. Please use -XX:HeapBaseMinAddress
#     to set the Java Heap base and to place the Java Heap above 4GB virtual address.
# This output file may be truncated or incomplete.
#
#  Out of Memory Error (arena.cpp:168), pid=7116, tid=2812
#
# JRE version: OpenJDK Runtime Environment (21.0.8) (build 21.0.8+-14018985-b1038.68)
# Java VM: OpenJDK 64-Bit Server VM (21.0.8+-14018985-b1038.68, mixed mode, tiered, compressed oops, compressed class ptrs, g1 gc, windows-amd64)
# No core dump will be written. Minidumps are not enabled by default on client versions of Windows
#

---------------  S U M M A R Y ------------

Command Line: --add-opens=java.base/java.lang=ALL-UNNAMED --add-opens=java.base/java.lang.invoke=ALL-UNNAMED --add-opens=java.base/java.util=ALL-UNNAMED --add-opens=java.prefs/java.util.prefs=ALL-UNNAMED --add-exports=jdk.compiler/com.sun.tools.javac.api=ALL-UNNAMED --add-exports=jdk.compiler/com.sun.tools.javac.util=ALL-UNNAMED --add-opens=java.base/java.util=ALL-UNNAMED --add-opens=java.prefs/java.util.prefs=ALL-UNNAMED --add-opens=java.base/java.nio.charset=ALL-UNNAMED --add-opens=java.base/java.net=ALL-UNNAMED --add-opens=java.base/java.util.concurrent.atomic=ALL-UNNAMED --add-opens=java.xml/javax.xml.namespace=ALL-UNNAMED -Xmx2048m -Dfile.encoding=UTF-8 -Duser.country=UA -Duser.language=uk -Duser.variant -javaagent:C:\Users\User\.gradle\wrapper\dists\gradle-8.13-bin\5xuhj0ry160q40clulazy9h7d\gradle-8.13\lib\agents\gradle-instrumentation-agent-8.13.jar org.gradle.launcher.daemon.bootstrap.GradleDaemon 8.13

Host: 11th Gen Intel(R) Core(TM) i5-11400H @ 2.70GHz, 12 cores, 7G,  Windows 11 , 64 bit Build 26100 (10.0.26100.7019)
Time: Tue Nov 11 23:57:16 2025 elapsed time: 5.404316 seconds (0d 0h 0m 5s)

---------------  T H R E A D  ---------------

Current thread (0x0000024043767f60):  JavaThread "C2 CompilerThread2" daemon [_thread_in_native, id=2812, stack(0x000000d19ab00000,0x000000d19ac00000) (1024K)]


Current CompileTask:
C2:5404 6305       4       java.net.URLClassLoader$1::run (5 bytes)

Stack: [0x000000d19ab00000,0x000000d19ac00000]
Native frames: (J=compiled Java code, j=interpreted, Vv=VM code, C=native code)
V  [jvm.dll+0x6d68d9]
V  [jvm.dll+0x866693]
V  [jvm.dll+0x868c4e]
V  [jvm.dll+0x869333]
V  [jvm.dll+0x280566]
V  [jvm.dll+0xc07cd]
V  [jvm.dll+0xc0d03]
V  [jvm.dll+0x6fc081]
V  [jvm.dll+0x24a474]
V  [jvm.dll+0x24871e]
V  [jvm.dll+0x1c73a4]
V  [jvm.dll+0x257f9e]
V  [jvm.dll+0x2564e6]
V  [jvm.dll+0x3f4696]
V  [jvm.dll+0x80eac8]
V  [jvm.dll+0x6d512d]
C  [ucrtbase.dll+0x37b0]
C  [KERNEL32.DLL+0x2e8d7]
C  [ntdll.dll+0x8c53c]


---------------  P R O C E S S  ---------------

Threads class SMR info:
_java_thread_list=0x000002404d20f020, length=67, elements={
0x0000024029376210, 0x0000024043353aa0, 0x000002404335a200, 0x000002404335a870,
0x0000024043385050, 0x000002404336eed0, 0x0000024043370c20, 0x0000024043371290,
0x0000024043371c30, 0x0000024043396620, 0x000002404367bd90, 0x000002404376b5e0,
0x0000024049311470, 0x0000024049170840, 0x0000024049365750, 0x00000240491a6370,
0x00000240491dc610, 0x0000024049227710, 0x0000024049227d80, 0x00000240493acd70,
0x00000240493ac6e0, 0x00000240493ad400, 0x00000240493ada90, 0x000002404953c430,
0x000002404953b710, 0x0000024043767f60, 0x000002404953bda0, 0x000002404953cac0,
0x000002404953d150, 0x00000240495405d0, 0x000002404953f8b0, 0x0000024049540c60,
0x000002404953d7e0, 0x000002404953eb90, 0x00000240495412f0, 0x000002404953de70,
0x000002404953f220, 0x000002404953e500, 0x0000024049541980, 0x000002404953ff40,
0x0000024049542010, 0x00000240495426a0, 0x000002404a5615c0, 0x000002404a563d20,
0x000002404a5650d0, 0x000002404a562970, 0x000002404a563000, 0x000002404a561c50,
0x000002404a566480, 0x000002404a566b10, 0x000002404a5671a0, 0x000002404a567830,
0x000002404a565760, 0x000002404a565df0, 0x000002404a567ec0, 0x000002404a568550,
0x000002404bcc5530, 0x000002404bcc3460, 0x000002404bcc4180, 0x000002404bcc5bc0,
0x000002404bcc2740, 0x000002404bcc6250, 0x000002404bcc2dd0, 0x000002404bcc4810,
0x000002404bcc68e0, 0x000002404bcc4ea0, 0x000002404bcc6f70
}

Java Threads: ( => current thread )
  0x0000024029376210 JavaThread "main"                              [_thread_blocked, id=6744, stack(0x000000d198000000,0x000000d198100000) (1024K)]
  0x0000024043353aa0 JavaThread "Common-Cleaner"             daemon [_thread_blocked, id=22724, stack(0x000000d198800000,0x000000d198900000) (1024K)]
  0x000002404335a200 JavaThread "Reference Handler"          daemon [_thread_blocked, id=20656, stack(0x000000d198900000,0x000000d198a00000) (1024K)]
  0x000002404335a870 JavaThread "Finalizer"                  daemon [_thread_blocked, id=18288, stack(0x000000d198a00000,0x000000d198b00000) (1024K)]
  0x0000024043385050 JavaThread "Signal Dispatcher"          daemon [_thread_blocked, id=15380, stack(0x000000d198b00000,0x000000d198c00000) (1024K)]
  0x000002404336eed0 JavaThread "Attach Listener"            daemon [_thread_blocked, id=5976, stack(0x000000d198c00000,0x000000d198d00000) (1024K)]
  0x0000024043370c20 JavaThread "Service Thread"             daemon [_thread_blocked, id=19256, stack(0x000000d198d00000,0x000000d198e00000) (1024K)]
  0x0000024043371290 JavaThread "Monitor Deflation Thread"   daemon [_thread_blocked, id=5424, stack(0x000000d198e00000,0x000000d198f00000) (1024K)]
  0x0000024043371c30 JavaThread "C2 CompilerThread0"         daemon [_thread_in_native, id=8032, stack(0x000000d198f00000,0x000000d199000000) (1024K)]
  0x0000024043396620 JavaThread "C1 CompilerThread0"         daemon [_thread_blocked, id=8308, stack(0x000000d199000000,0x000000d199100000) (1024K)]
  0x000002404367bd90 JavaThread "Notification Thread"        daemon [_thread_blocked, id=12856, stack(0x000000d199100000,0x000000d199200000) (1024K)]
  0x000002404376b5e0 JavaThread "C2 CompilerThread1"         daemon [_thread_blocked, id=7012, stack(0x000000d199200000,0x000000d199300000) (1024K)]
  0x0000024049311470 JavaThread "Daemon health stats"               [_thread_blocked, id=16896, stack(0x000000d199b00000,0x000000d199c00000) (1024K)]
  0x0000024049170840 JavaThread "Incoming local TCP Connector on port 63937"        [_thread_in_native, id=18156, stack(0x000000d199c00000,0x000000d199d00000) (1024K)]
  0x0000024049365750 JavaThread "Daemon periodic checks"            [_thread_blocked, id=5792, stack(0x000000d199d00000,0x000000d199e00000) (1024K)]
  0x00000240491a6370 JavaThread "Daemon"                            [_thread_blocked, id=15400, stack(0x000000d199e00000,0x000000d199f00000) (1024K)]
  0x00000240491dc610 JavaThread "Handler for socket connection from /127.0.0.1:63937 to /127.0.0.1:63938"        [_thread_in_native, id=20600, stack(0x000000d199f00000,0x000000d19a000000) (1024K)]
  0x0000024049227710 JavaThread "Cancel handler"                    [_thread_blocked, id=18380, stack(0x000000d19a000000,0x000000d19a100000) (1024K)]
  0x0000024049227d80 JavaThread "Daemon worker"                     [_thread_in_vm, id=19204, stack(0x000000d19a100000,0x000000d19a200000) (1024K)]
  0x00000240493acd70 JavaThread "Asynchronous log dispatcher for DefaultDaemonConnection: socket connection from /127.0.0.1:63937 to /127.0.0.1:63938"        [_thread_blocked, id=21864, stack(0x000000d19a500000,0x000000d19a600000) (1024K)]
  0x00000240493ac6e0 JavaThread "Stdin handler"                     [_thread_blocked, id=16520, stack(0x000000d19a600000,0x000000d19a700000) (1024K)]
  0x00000240493ad400 JavaThread "Daemon client event forwarder"        [_thread_blocked, id=10692, stack(0x000000d19a700000,0x000000d19a800000) (1024K)]
  0x00000240493ada90 JavaThread "Cache worker for journal cache (C:\Users\User\.gradle\caches\journal-1)"        [_thread_blocked, id=5412, stack(0x000000d19a800000,0x000000d19a900000) (1024K)]
  0x000002404953c430 JavaThread "File lock request listener"        [_thread_in_native, id=10908, stack(0x000000d19a900000,0x000000d19aa00000) (1024K)]
  0x000002404953b710 JavaThread "Cache worker for file hash cache (C:\Users\User\.gradle\caches\8.13\fileHashes)"        [_thread_blocked, id=5876, stack(0x000000d19aa00000,0x000000d19ab00000) (1024K)]
=>0x0000024043767f60 JavaThread "C2 CompilerThread2"         daemon [_thread_in_native, id=2812, stack(0x000000d19ab00000,0x000000d19ac00000) (1024K)]
  0x000002404953bda0 JavaThread "Cache worker for file hash cache (C:\Users\User\StudioProjects\xVSoRPG\.gradle\8.13\fileHashes)"        [_thread_blocked, id=3676, stack(0x000000d19ac00000,0x000000d19ad00000) (1024K)]
  0x000002404953cac0 JavaThread "Cache worker for Build Output Cleanup Cache (C:\Users\User\StudioProjects\xVSoRPG\.gradle\buildOutputCleanup)"        [_thread_blocked, id=8180, stack(0x000000d19ad00000,0x000000d19ae00000) (1024K)]
  0x000002404953d150 JavaThread "File watcher server"        daemon [_thread_in_native, id=6448, stack(0x000000d19ae00000,0x000000d19af00000) (1024K)]
  0x00000240495405d0 JavaThread "File watcher consumer"      daemon [_thread_blocked, id=19660, stack(0x000000d19af00000,0x000000d19b000000) (1024K)]
  0x000002404953f8b0 JavaThread "jar transforms"                    [_thread_blocked, id=19728, stack(0x000000d19b000000,0x000000d19b100000) (1024K)]
  0x0000024049540c60 JavaThread "jar transforms Thread 2"           [_thread_blocked, id=8852, stack(0x000000d19b100000,0x000000d19b200000) (1024K)]
  0x000002404953d7e0 JavaThread "jar transforms Thread 3"           [_thread_blocked, id=11236, stack(0x000000d19b200000,0x000000d19b300000) (1024K)]
  0x000002404953eb90 JavaThread "jar transforms Thread 4"           [_thread_blocked, id=5788, stack(0x000000d19b300000,0x000000d19b400000) (1024K)]
  0x00000240495412f0 JavaThread "jar transforms Thread 5"           [_thread_blocked, id=19240, stack(0x000000d19b400000,0x000000d19b500000) (1024K)]
  0x000002404953de70 JavaThread "jar transforms Thread 6"           [_thread_blocked, id=18924, stack(0x000000d19b500000,0x000000d19b600000) (1024K)]
  0x000002404953f220 JavaThread "jar transforms Thread 7"           [_thread_blocked, id=19400, stack(0x000000d19b600000,0x000000d19b700000) (1024K)]
  0x000002404953e500 JavaThread "jar transforms Thread 8"           [_thread_blocked, id=18052, stack(0x000000d19b700000,0x000000d19b800000) (1024K)]
  0x0000024049541980 JavaThread "jar transforms Thread 9"           [_thread_blocked, id=6764, stack(0x000000d19b800000,0x000000d19b900000) (1024K)]
  0x000002404953ff40 JavaThread "jar transforms Thread 10"          [_thread_blocked, id=22732, stack(0x000000d19b900000,0x000000d19ba00000) (1024K)]
  0x0000024049542010 JavaThread "jar transforms Thread 11"          [_thread_blocked, id=5664, stack(0x000000d19ba00000,0x000000d19bb00000) (1024K)]
  0x00000240495426a0 JavaThread "jar transforms Thread 12"          [_thread_blocked, id=10924, stack(0x000000d19bb00000,0x000000d19bc00000) (1024K)]
  0x000002404a5615c0 JavaThread "Cache worker for checksums cache (C:\Users\User\StudioProjects\xVSoRPG\.gradle\8.13\checksums)"        [_thread_blocked, id=21556, stack(0x000000d19bc00000,0x000000d19bd00000) (1024K)]
  0x000002404a563d20 JavaThread "Cache worker for file content cache (C:\Users\User\.gradle\caches\8.13\fileContent)"        [_thread_blocked, id=4556, stack(0x000000d19bd00000,0x000000d19be00000) (1024K)]
  0x000002404a5650d0 JavaThread "Cache worker for cache directory md-supplier (C:\Users\User\.gradle\caches\8.13\md-supplier)"        [_thread_blocked, id=8772, stack(0x000000d19be00000,0x000000d19bf00000) (1024K)]
  0x000002404a562970 JavaThread "Cache worker for cache directory md-rule (C:\Users\User\.gradle\caches\8.13\md-rule)"        [_thread_blocked, id=19276, stack(0x000000d19bf00000,0x000000d19c000000) (1024K)]
  0x000002404a563000 JavaThread "Unconstrained build operations"        [_thread_blocked, id=17944, stack(0x000000d19c000000,0x000000d19c100000) (1024K)]
  0x000002404a561c50 JavaThread "Unconstrained build operations Thread 2"        [_thread_blocked, id=16096, stack(0x000000d19c100000,0x000000d19c200000) (1024K)]
  0x000002404a566480 JavaThread "Unconstrained build operations Thread 3"        [_thread_blocked, id=20972, stack(0x000000d19c200000,0x000000d19c300000) (1024K)]
  0x000002404a566b10 JavaThread "Unconstrained build operations Thread 4"        [_thread_blocked, id=22508, stack(0x000000d19c300000,0x000000d19c400000) (1024K)]
  0x000002404a5671a0 JavaThread "Unconstrained build operations Thread 5"        [_thread_blocked, id=16852, stack(0x000000d19c400000,0x000000d19c500000) (1024K)]
  0x000002404a567830 JavaThread "Unconstrained build operations Thread 6"        [_thread_blocked, id=11080, stack(0x000000d19c500000,0x000000d19c600000) (1024K)]
  0x000002404a565760 JavaThread "Unconstrained build operations Thread 7"        [_thread_blocked, id=19748, stack(0x000000d19c600000,0x000000d19c700000) (1024K)]
  0x000002404a565df0 JavaThread "Unconstrained build operations Thread 8"        [_thread_blocked, id=1228, stack(0x000000d19c700000,0x000000d19c800000) (1024K)]
  0x000002404a567ec0 JavaThread "Unconstrained build operations Thread 9"        [_thread_blocked, id=11396, stack(0x000000d19c800000,0x000000d19c900000) (1024K)]
  0x000002404a568550 JavaThread "Unconstrained build operations Thread 10"        [_thread_blocked, id=16696, stack(0x000000d19c900000,0x000000d19ca00000) (1024K)]
  0x000002404bcc5530 JavaThread "Unconstrained build operations Thread 11"        [_thread_blocked, id=13136, stack(0x000000d19ca00000,0x000000d19cb00000) (1024K)]
  0x000002404bcc3460 JavaThread "Unconstrained build operations Thread 12"        [_thread_blocked, id=4648, stack(0x000000d19cb00000,0x000000d19cc00000) (1024K)]
  0x000002404bcc4180 JavaThread "Unconstrained build operations Thread 13"        [_thread_blocked, id=1480, stack(0x000000d19cc00000,0x000000d19cd00000) (1024K)]
  0x000002404bcc5bc0 JavaThread "Unconstrained build operations Thread 14"        [_thread_blocked, id=22712, stack(0x000000d19cd00000,0x000000d19ce00000) (1024K)]
  0x000002404bcc2740 JavaThread "Unconstrained build operations Thread 15"        [_thread_blocked, id=21972, stack(0x000000d19ce00000,0x000000d19cf00000) (1024K)]
  0x000002404bcc6250 JavaThread "Unconstrained build operations Thread 16"        [_thread_blocked, id=2644, stack(0x000000d19cf00000,0x000000d19d000000) (1024K)]
  0x000002404bcc2dd0 JavaThread "Unconstrained build operations Thread 17"        [_thread_blocked, id=19412, stack(0x000000d19d000000,0x000000d19d100000) (1024K)]
  0x000002404bcc4810 JavaThread "Unconstrained build operations Thread 18"        [_thread_blocked, id=13928, stack(0x000000d19d100000,0x000000d19d200000) (1024K)]
  0x000002404bcc68e0 JavaThread "Unconstrained build operations Thread 19"        [_thread_blocked, id=20660, stack(0x000000d19d200000,0x000000d19d300000) (1024K)]
  0x000002404bcc4ea0 JavaThread "Unconstrained build operations Thread 20"        [_thread_blocked, id=4656, stack(0x000000d19d300000,0x000000d19d400000) (1024K)]
  0x000002404bcc6f70 JavaThread "Unconstrained build operations Thread 21"        [_thread_blocked, id=22292, stack(0x000000d19d400000,0x000000d19d500000) (1024K)]
Total: 67

Other Threads:
  0x00000240432ccaa0 VMThread "VM Thread"                           [id=3008, stack(0x000000d198700000,0x000000d198800000) (1024K)]
  0x0000024043101560 WatcherThread "VM Periodic Task Thread"        [id=9124, stack(0x000000d198600000,0x000000d198700000) (1024K)]
  0x000002402943e060 WorkerThread "GC Thread#0"                     [id=4156, stack(0x000000d198100000,0x000000d198200000) (1024K)]
  0x0000024043baa250 WorkerThread "GC Thread#1"                     [id=16108, stack(0x000000d199400000,0x000000d199500000) (1024K)]
  0x0000024043baa5f0 WorkerThread "GC Thread#2"                     [id=22476, stack(0x000000d199500000,0x000000d199600000) (1024K)]
  0x0000024043ea0570 WorkerThread "GC Thread#3"                     [id=23392, stack(0x000000d199600000,0x000000d199700000) (1024K)]
  0x0000024043c7b770 WorkerThread "GC Thread#4"                     [id=9088, stack(0x000000d199700000,0x000000d199800000) (1024K)]
  0x00000240483778a0 WorkerThread "GC Thread#5"                     [id=21228, stack(0x000000d199300000,0x000000d199400000) (1024K)]
  0x00000240483b6be0 WorkerThread "GC Thread#6"                     [id=16940, stack(0x000000d199800000,0x000000d199900000) (1024K)]
  0x0000024049318c70 WorkerThread "GC Thread#7"                     [id=10772, stack(0x000000d199900000,0x000000d199a00000) (1024K)]
  0x000002404930fd80 WorkerThread "GC Thread#8"                     [id=10764, stack(0x000000d199a00000,0x000000d199b00000) (1024K)]
  0x0000024049267600 WorkerThread "GC Thread#9"                     [id=18724, stack(0x000000d19a200000,0x000000d19a300000) (1024K)]
  0x000002402b696f40 ConcurrentGCThread "G1 Main Marker"            [id=5168, stack(0x000000d198200000,0x000000d198300000) (1024K)]
  0x000002402b698790 WorkerThread "G1 Conc#0"                       [id=1412, stack(0x000000d198300000,0x000000d198400000) (1024K)]
  0x0000024049268820 WorkerThread "G1 Conc#1"                       [id=22992, stack(0x000000d19a300000,0x000000d19a400000) (1024K)]
  0x00000240492679a0 WorkerThread "G1 Conc#2"                       [id=23284, stack(0x000000d19a400000,0x000000d19a500000) (1024K)]
  0x0000024042fd41a0 ConcurrentGCThread "G1 Refine#0"               [id=1940, stack(0x000000d198400000,0x000000d198500000) (1024K)]
  0x0000024042fd55e0 ConcurrentGCThread "G1 Service"                [id=3100, stack(0x000000d198500000,0x000000d198600000) (1024K)]
Total: 18

Threads with active compile tasks:
C2 CompilerThread0  5420 6306   !   4       java.net.URLClassLoader$1::run (81 bytes)
C2 CompilerThread2  5420 6305       4       java.net.URLClassLoader$1::run (5 bytes)
Total: 2

VM state: not at safepoint (normal execution)

VM Mutex/Monitor currently owned by a thread: None

Heap address: 0x0000000080000000, size: 2048 MB, Compressed Oops mode: 32-bit

CDS archive(s) not mapped
Compressed class space mapped at: 0x0000000100000000-0x0000000140000000, reserved size: 1073741824
Narrow klass base: 0x0000000000000000, Narrow klass shift: 3, Narrow klass range: 0x140000000

GC Precious Log:
 CardTable entry size: 512
 Card Set container configuration: InlinePtr #cards 5 size 8 Array Of Cards #cards 12 size 40 Howl #buckets 4 coarsen threshold 1843 Howl Bitmap #cards 512 size 80 coarsen threshold 460 Card regions per heap region 1 cards per card region 2048
 CPUs: 12 total, 12 available
 Memory: 7955M
 Large Page Support: Disabled
 NUMA Support: Disabled
 Compressed Oops: Enabled (32-bit)
 Heap Region Size: 1M
 Heap Min Capacity: 8M
 Heap Initial Capacity: 126M
 Heap Max Capacity: 2G
 Pre-touch: Disabled
 Parallel Workers: 10
 Concurrent Workers: 3
 Concurrent Refinement Workers: 10
 Periodic GC: Disabled

Heap:
 garbage-first heap   total 185344K, used 111255K [0x0000000080000000, 0x0000000100000000)
  region size 1024K, 19 young (19456K), 4 survivors (4096K)
 Metaspace       used 65464K, committed 67136K, reserved 1114112K
  class space    used 9251K, committed 10048K, reserved 1048576K

Heap Regions: E=young(eden), S=young(survivor), O=old, HS=humongous(starts), HC=humongous(continues), CS=collection set, F=free, TAMS=top-at-mark-start, PB=parsable bottom
|   0|0x0000000080000000, 0x0000000080100000, 0x0000000080100000|100%|HS|  |TAMS 0x0000000080000000| PB 0x0000000080000000| Complete 
|   1|0x0000000080100000, 0x0000000080200000, 0x0000000080200000|100%|HC|  |TAMS 0x0000000080100000| PB 0x0000000080100000| Complete 
|   2|0x0000000080200000, 0x0000000080300000, 0x0000000080300000|100%|HC|  |TAMS 0x0000000080200000| PB 0x0000000080200000| Complete 
|   3|0x0000000080300000, 0x0000000080400000, 0x0000000080400000|100%| O|  |TAMS 0x0000000080300000| PB 0x0000000080300000| Untracked 
|   4|0x0000000080400000, 0x0000000080500000, 0x0000000080500000|100%| O|  |TAMS 0x0000000080400000| PB 0x0000000080400000| Untracked 
|   5|0x0000000080500000, 0x0000000080600000, 0x0000000080600000|100%| O|  |TAMS 0x0000000080500000| PB 0x0000000080500000| Untracked 
|   6|0x0000000080600000, 0x0000000080700000, 0x0000000080700000|100%|HS|  |TAMS 0x0000000080600000| PB 0x0000000080600000| Complete 
|   7|0x0000000080700000, 0x0000000080800000, 0x0000000080800000|100%| O|  |TAMS 0x0000000080700000| PB 0x0000000080700000| Untracked 
|   8|0x0000000080800000, 0x0000000080900000, 0x0000000080900000|100%| O|  |TAMS 0x0000000080800000| PB 0x0000000080800000| Untracked 
|   9|0x0000000080900000, 0x0000000080a00000, 0x0000000080a00000|100%| O|  |TAMS 0x0000000080900000| PB 0x0000000080900000| Untracked 
|  10|0x0000000080a00000, 0x0000000080b00000, 0x0000000080b00000|100%| O|  |TAMS 0x0000000080a00000| PB 0x0000000080a00000| Untracked 
|  11|0x0000000080b00000, 0x0000000080c00000, 0x0000000080c00000|100%| O|  |TAMS 0x0000000080b00000| PB 0x0000000080b00000| Untracked 
|  12|0x0000000080c00000, 0x0000000080d00000, 0x0000000080d00000|100%| O|  |TAMS 0x0000000080c00000| PB 0x0000000080c00000| Untracked 
|  13|0x0000000080d00000, 0x0000000080e00000, 0x0000000080e00000|100%| O|  |TAMS 0x0000000080d00000| PB 0x0000000080d00000| Untracked 
|  14|0x0000000080e00000, 0x0000000080f00000, 0x0000000080f00000|100%| O|  |TAMS 0x0000000080e00000| PB 0x0000000080e00000| Untracked 
|  15|0x0000000080f00000, 0x0000000081000000, 0x0000000081000000|100%| O|  |TAMS 0x0000000080f00000| PB 0x0000000080f00000| Untracked 
|  16|0x0000000081000000, 0x0000000081100000, 0x0000000081100000|100%| O|  |TAMS 0x0000000081000000| PB 0x0000000081000000| Untracked 
|  17|0x0000000081100000, 0x0000000081200000, 0x0000000081200000|100%| O|  |TAMS 0x0000000081100000| PB 0x0000000081100000| Untracked 
|  18|0x0000000081200000, 0x0000000081300000, 0x0000000081300000|100%| O|  |TAMS 0x0000000081200000| PB 0x0000000081200000| Untracked 
|  19|0x0000000081300000, 0x0000000081400000, 0x0000000081400000|100%| O|  |TAMS 0x0000000081300000| PB 0x0000000081300000| Untracked 
|  20|0x0000000081400000, 0x0000000081500000, 0x0000000081500000|100%| O|  |TAMS 0x0000000081400000| PB 0x0000000081400000| Untracked 
|  21|0x0000000081500000, 0x0000000081600000, 0x0000000081600000|100%| O|  |TAMS 0x0000000081500000| PB 0x0000000081500000| Untracked 
|  22|0x0000000081600000, 0x0000000081700000, 0x0000000081700000|100%| O|  |TAMS 0x0000000081600000| PB 0x0000000081600000| Untracked 
|  23|0x0000000081700000, 0x0000000081800000, 0x0000000081800000|100%| O|  |TAMS 0x0000000081700000| PB 0x0000000081700000| Untracked 
|  24|0x0000000081800000, 0x0000000081900000, 0x0000000081900000|100%| O|  |TAMS 0x0000000081800000| PB 0x0000000081800000| Untracked 
|  25|0x0000000081900000, 0x0000000081a00000, 0x0000000081a00000|100%|HS|  |TAMS 0x0000000081900000| PB 0x0000000081900000| Complete 
|  26|0x0000000081a00000, 0x0000000081b00000, 0x0000000081b00000|100%|HC|  |TAMS 0x0000000081a00000| PB 0x0000000081a00000| Complete 
|  27|0x0000000081b00000, 0x0000000081c00000, 0x0000000081c00000|100%|HC|  |TAMS 0x0000000081b00000| PB 0x0000000081b00000| Complete 
|  28|0x0000000081c00000, 0x0000000081d00000, 0x0000000081d00000|100%|HC|  |TAMS 0x0000000081c00000| PB 0x0000000081c00000| Complete 
|  29|0x0000000081d00000, 0x0000000081e00000, 0x0000000081e00000|100%|HC|  |TAMS 0x0000000081d00000| PB 0x0000000081d00000| Complete 
|  30|0x0000000081e00000, 0x0000000081f00000, 0x0000000081f00000|100%|HC|  |TAMS 0x0000000081e00000| PB 0x0000000081e00000| Complete 
|  31|0x0000000081f00000, 0x0000000082000000, 0x0000000082000000|100%|HS|  |TAMS 0x0000000081f00000| PB 0x0000000081f00000| Complete 
|  32|0x0000000082000000, 0x0000000082100000, 0x0000000082100000|100%|HS|  |TAMS 0x0000000082000000| PB 0x0000000082000000| Complete 
|  33|0x0000000082100000, 0x0000000082200000, 0x0000000082200000|100%|HC|  |TAMS 0x0000000082100000| PB 0x0000000082100000| Complete 
|  34|0x0000000082200000, 0x0000000082300000, 0x0000000082300000|100%|HC|  |TAMS 0x0000000082200000| PB 0x0000000082200000| Complete 
|  35|0x0000000082300000, 0x0000000082400000, 0x0000000082400000|100%|HC|  |TAMS 0x0000000082300000| PB 0x0000000082300000| Complete 
|  36|0x0000000082400000, 0x0000000082500000, 0x0000000082500000|100%|HS|  |TAMS 0x0000000082400000| PB 0x0000000082400000| Complete 
|  37|0x0000000082500000, 0x0000000082600000, 0x0000000082600000|100%|HC|  |TAMS 0x0000000082500000| PB 0x0000000082500000| Complete 
|  38|0x0000000082600000, 0x0000000082700000, 0x0000000082700000|100%|HS|  |TAMS 0x0000000082600000| PB 0x0000000082600000| Complete 
|  39|0x0000000082700000, 0x0000000082800000, 0x0000000082800000|100%|HS|  |TAMS 0x0000000082700000| PB 0x0000000082700000| Complete 
|  40|0x0000000082800000, 0x0000000082900000, 0x0000000082900000|100%|HC|  |TAMS 0x0000000082800000| PB 0x0000000082800000| Complete 
|  41|0x0000000082900000, 0x0000000082a00000, 0x0000000082a00000|100%|HC|  |TAMS 0x0000000082900000| PB 0x0000000082900000| Complete 
|  42|0x0000000082a00000, 0x0000000082b00000, 0x0000000082b00000|100%|HC|  |TAMS 0x0000000082a00000| PB 0x0000000082a00000| Complete 
|  43|0x0000000082b00000, 0x0000000082c00000, 0x0000000082c00000|100%|HC|  |TAMS 0x0000000082b00000| PB 0x0000000082b00000| Complete 
|  44|0x0000000082c00000, 0x0000000082d00000, 0x0000000082d00000|100%|HC|  |TAMS 0x0000000082c00000| PB 0x0000000082c00000| Complete 
|  45|0x0000000082d00000, 0x0000000082e00000, 0x0000000082e00000|100%|HS|  |TAMS 0x0000000082d00000| PB 0x0000000082d00000| Complete 
|  46|0x0000000082e00000, 0x0000000082f00000, 0x0000000082f00000|100%|HS|  |TAMS 0x0000000082e00000| PB 0x0000000082e00000| Complete 
|  47|0x0000000082f00000, 0x0000000083000000, 0x0000000083000000|100%|HC|  |TAMS 0x0000000082f00000| PB 0x0000000082f00000| Complete 
|  48|0x0000000083000000, 0x0000000083100000, 0x0000000083100000|100%|HS|  |TAMS 0x0000000083000000| PB 0x0000000083000000| Complete 
|  49|0x0000000083100000, 0x0000000083200000, 0x0000000083200000|100%| O|  |TAMS 0x0000000083100000| PB 0x0000000083100000| Untracked 
|  50|0x0000000083200000, 0x0000000083300000, 0x0000000083300000|100%| O|  |TAMS 0x0000000083200000| PB 0x0000000083200000| Untracked 
|  51|0x0000000083300000, 0x0000000083400000, 0x0000000083400000|100%|HS|  |TAMS 0x0000000083300000| PB 0x0000000083300000| Complete 
|  52|0x0000000083400000, 0x0000000083500000, 0x0000000083500000|100%|HC|  |TAMS 0x0000000083400000| PB 0x0000000083400000| Complete 
|  53|0x0000000083500000, 0x0000000083600000, 0x0000000083600000|100%|HC|  |TAMS 0x0000000083500000| PB 0x0000000083500000| Complete 
|  54|0x0000000083600000, 0x0000000083700000, 0x0000000083700000|100%|HC|  |TAMS 0x0000000083600000| PB 0x0000000083600000| Complete 
|  55|0x0000000083700000, 0x0000000083800000, 0x0000000083800000|100%| O|  |TAMS 0x0000000083700000| PB 0x0000000083700000| Untracked 
|  56|0x0000000083800000, 0x0000000083900000, 0x0000000083900000|100%| O|  |TAMS 0x0000000083800000| PB 0x0000000083800000| Untracked 
|  57|0x0000000083900000, 0x0000000083a00000, 0x0000000083a00000|100%| O|  |TAMS 0x0000000083900000| PB 0x0000000083900000| Untracked 
|  58|0x0000000083a00000, 0x0000000083b00000, 0x0000000083b00000|100%| O|  |TAMS 0x0000000083a00000| PB 0x0000000083a00000| Untracked 
|  59|0x0000000083b00000, 0x0000000083b00000, 0x0000000083c00000|  0%| F|  |TAMS 0x0000000083b00000| PB 0x0000000083b00000| Untracked 
|  60|0x0000000083c00000, 0x0000000083d00000, 0x0000000083d00000|100%| O|  |TAMS 0x0000000083c00000| PB 0x0000000083c00000| Untracked 
|  61|0x0000000083d00000, 0x0000000083e00000, 0x0000000083e00000|100%| O|  |TAMS 0x0000000083d00000| PB 0x0000000083d00000| Untracked 
|  62|0x0000000083e00000, 0x0000000083f00000, 0x0000000083f00000|100%| O|  |TAMS 0x0000000083e00000| PB 0x0000000083e00000| Untracked 
|  63|0x0000000083f00000, 0x0000000084000000, 0x0000000084000000|100%| O|  |TAMS 0x0000000083f00000| PB 0x0000000083f00000| Untracked 
|  64|0x0000000084000000, 0x0000000084100000, 0x0000000084100000|100%|HS|  |TAMS 0x0000000084000000| PB 0x0000000084000000| Complete 
|  65|0x0000000084100000, 0x0000000084200000, 0x0000000084200000|100%|HC|  |TAMS 0x0000000084100000| PB 0x0000000084100000| Complete 
|  66|0x0000000084200000, 0x0000000084300000, 0x0000000084300000|100%|HS|  |TAMS 0x0000000084200000| PB 0x0000000084200000| Complete 
|  67|0x0000000084300000, 0x0000000084400000, 0x0000000084400000|100%|HS|  |TAMS 0x0000000084300000| PB 0x0000000084300000| Complete 
|  68|0x0000000084400000, 0x0000000084500000, 0x0000000084500000|100%| O|  |TAMS 0x0000000084400000| PB 0x0000000084400000| Untracked 
|  69|0x0000000084500000, 0x0000000084600000, 0x0000000084600000|100%| O|  |TAMS 0x0000000084500000| PB 0x0000000084500000| Untracked 
|  70|0x0000000084600000, 0x0000000084700000, 0x0000000084700000|100%| O|  |TAMS 0x0000000084600000| PB 0x0000000084600000| Untracked 
|  71|0x0000000084700000, 0x0000000084800000, 0x0000000084800000|100%| O|  |TAMS 0x0000000084700000| PB 0x0000000084700000| Untracked 
|  72|0x0000000084800000, 0x0000000084900000, 0x0000000084900000|100%| O|  |TAMS 0x0000000084800000| PB 0x0000000084800000| Untracked 
|  73|0x0000000084900000, 0x0000000084a00000, 0x0000000084a00000|100%| O|  |TAMS 0x0000000084900000| PB 0x0000000084900000| Untracked 
|  74|0x0000000084a00000, 0x0000000084b00000, 0x0000000084b00000|100%| O|  |TAMS 0x0000000084a00000| PB 0x0000000084a00000| Untracked 
|  75|0x0000000084b00000, 0x0000000084c00000, 0x0000000084c00000|100%| O|  |TAMS 0x0000000084b00000| PB 0x0000000084b00000| Untracked 
|  76|0x0000000084c00000, 0x0000000084c89910, 0x0000000084d00000| 53%| O|  |TAMS 0x0000000084c00000| PB 0x0000000084c00000| Untracked 
|  77|0x0000000084d00000, 0x0000000084d00000, 0x0000000084e00000|  0%| F|  |TAMS 0x0000000084d00000| PB 0x0000000084d00000| Untracked 
|  78|0x0000000084e00000, 0x0000000084e00000, 0x0000000084f00000|  0%| F|  |TAMS 0x0000000084e00000| PB 0x0000000084e00000| Untracked 
|  79|0x0000000084f00000, 0x0000000084f1c568, 0x0000000085000000| 11%| S|CS|TAMS 0x0000000084f00000| PB 0x0000000084f00000| Complete 
|  80|0x0000000085000000, 0x0000000085100000, 0x0000000085100000|100%| S|CS|TAMS 0x0000000085000000| PB 0x0000000085000000| Complete 
|  81|0x0000000085100000, 0x0000000085200000, 0x0000000085200000|100%| S|CS|TAMS 0x0000000085100000| PB 0x0000000085100000| Complete 
|  82|0x0000000085200000, 0x0000000085300000, 0x0000000085300000|100%| S|CS|TAMS 0x0000000085200000| PB 0x0000000085200000| Complete 
|  83|0x0000000085300000, 0x0000000085300000, 0x0000000085400000|  0%| F|  |TAMS 0x0000000085300000| PB 0x0000000085300000| Untracked 
|  84|0x0000000085400000, 0x0000000085500000, 0x0000000085500000|100%|HS|  |TAMS 0x0000000085400000| PB 0x0000000085400000| Complete 
|  85|0x0000000085500000, 0x0000000085600000, 0x0000000085600000|100%|HC|  |TAMS 0x0000000085500000| PB 0x0000000085500000| Complete 
|  86|0x0000000085600000, 0x0000000085700000, 0x0000000085700000|100%|HC|  |TAMS 0x0000000085600000| PB 0x0000000085600000| Complete 
|  87|0x0000000085700000, 0x0000000085800000, 0x0000000085800000|100%|HC|  |TAMS 0x0000000085700000| PB 0x0000000085700000| Complete 
|  88|0x0000000085800000, 0x0000000085900000, 0x0000000085900000|100%|HC|  |TAMS 0x0000000085800000| PB 0x0000000085800000| Complete 
|  89|0x0000000085900000, 0x0000000085a00000, 0x0000000085a00000|100%|HC|  |TAMS 0x0000000085900000| PB 0x0000000085900000| Complete 
|  90|0x0000000085a00000, 0x0000000085b00000, 0x0000000085b00000|100%|HS|  |TAMS 0x0000000085a00000| PB 0x0000000085a00000| Complete 
|  91|0x0000000085b00000, 0x0000000085c00000, 0x0000000085c00000|100%|HC|  |TAMS 0x0000000085b00000| PB 0x0000000085b00000| Complete 
|  92|0x0000000085c00000, 0x0000000085d00000, 0x0000000085d00000|100%|HC|  |TAMS 0x0000000085c00000| PB 0x0000000085c00000| Complete 
|  93|0x0000000085d00000, 0x0000000085e00000, 0x0000000085e00000|100%|HC|  |TAMS 0x0000000085d00000| PB 0x0000000085d00000| Complete 
|  94|0x0000000085e00000, 0x0000000085f00000, 0x0000000085f00000|100%|HC|  |TAMS 0x0000000085e00000| PB 0x0000000085e00000| Complete 
|  95|0x0000000085f00000, 0x0000000086000000, 0x0000000086000000|100%|HC|  |TAMS 0x0000000085f00000| PB 0x0000000085f00000| Complete 
|  96|0x0000000086000000, 0x0000000086000000, 0x0000000086100000|  0%| F|  |TAMS 0x0000000086000000| PB 0x0000000086000000| Untracked 
|  97|0x0000000086100000, 0x0000000086100000, 0x0000000086200000|  0%| F|  |TAMS 0x0000000086100000| PB 0x0000000086100000| Untracked 
|  98|0x0000000086200000, 0x0000000086200000, 0x0000000086300000|  0%| F|  |TAMS 0x0000000086200000| PB 0x0000000086200000| Untracked 
|  99|0x0000000086300000, 0x0000000086300000, 0x0000000086400000|  0%| F|  |TAMS 0x0000000086300000| PB 0x0000000086300000| Untracked 
| 100|0x0000000086400000, 0x0000000086400000, 0x0000000086500000|  0%| F|  |TAMS 0x0000000086400000| PB 0x0000000086400000| Untracked 
| 101|0x0000000086500000, 0x0000000086500000, 0x0000000086600000|  0%| F|  |TAMS 0x0000000086500000| PB 0x0000000086500000| Untracked 
| 102|0x0000000086600000, 0x0000000086600000, 0x0000000086700000|  0%| F|  |TAMS 0x0000000086600000| PB 0x0000000086600000| Untracked 
| 103|0x0000000086700000, 0x0000000086700000, 0x0000000086800000|  0%| F|  |TAMS 0x0000000086700000| PB 0x0000000086700000| Untracked 
| 104|0x0000000086800000, 0x0000000086800000, 0x0000000086900000|  0%| F|  |TAMS 0x0000000086800000| PB 0x0000000086800000| Untracked 
| 105|0x0000000086900000, 0x0000000086900000, 0x0000000086a00000|  0%| F|  |TAMS 0x0000000086900000| PB 0x0000000086900000| Untracked 
| 106|0x0000000086a00000, 0x0000000086a00000, 0x0000000086b00000|  0%| F|  |TAMS 0x0000000086a00000| PB 0x0000000086a00000| Untracked 
| 107|0x0000000086b00000, 0x0000000086b00000, 0x0000000086c00000|  0%| F|  |TAMS 0x0000000086b00000| PB 0x0000000086b00000| Untracked 
| 108|0x0000000086c00000, 0x0000000086c00000, 0x0000000086d00000|  0%| F|  |TAMS 0x0000000086c00000| PB 0x0000000086c00000| Untracked 
| 109|0x0000000086d00000, 0x0000000086d00000, 0x0000000086e00000|  0%| F|  |TAMS 0x0000000086d00000| PB 0x0000000086d00000| Untracked 
| 110|0x0000000086e00000, 0x0000000086e00000, 0x0000000086f00000|  0%| F|  |TAMS 0x0000000086e00000| PB 0x0000000086e00000| Untracked 
| 111|0x0000000086f00000, 0x0000000086f00000, 0x0000000087000000|  0%| F|  |TAMS 0x0000000086f00000| PB 0x0000000086f00000| Untracked 
| 112|0x0000000087000000, 0x0000000087000000, 0x0000000087100000|  0%| F|  |TAMS 0x0000000087000000| PB 0x0000000087000000| Untracked 
| 113|0x0000000087100000, 0x0000000087100000, 0x0000000087200000|  0%| F|  |TAMS 0x0000000087100000| PB 0x0000000087100000| Untracked 
| 114|0x0000000087200000, 0x0000000087200000, 0x0000000087300000|  0%| F|  |TAMS 0x0000000087200000| PB 0x0000000087200000| Untracked 
| 115|0x0000000087300000, 0x0000000087300000, 0x0000000087400000|  0%| F|  |TAMS 0x0000000087300000| PB 0x0000000087300000| Untracked 
| 116|0x0000000087400000, 0x0000000087400000, 0x0000000087500000|  0%| F|  |TAMS 0x0000000087400000| PB 0x0000000087400000| Untracked 
| 117|0x0000000087500000, 0x0000000087500000, 0x0000000087600000|  0%| F|  |TAMS 0x0000000087500000| PB 0x0000000087500000| Untracked 
| 118|0x0000000087600000, 0x0000000087600000, 0x0000000087700000|  0%| F|  |TAMS 0x0000000087600000| PB 0x0000000087600000| Untracked 
| 119|0x0000000087700000, 0x0000000087700000, 0x0000000087800000|  0%| F|  |TAMS 0x0000000087700000| PB 0x0000000087700000| Untracked 
| 120|0x0000000087800000, 0x0000000087800000, 0x0000000087900000|  0%| F|  |TAMS 0x0000000087800000| PB 0x0000000087800000| Untracked 
| 121|0x0000000087900000, 0x0000000087900000, 0x0000000087a00000|  0%| F|  |TAMS 0x0000000087900000| PB 0x0000000087900000| Untracked 
| 122|0x0000000087a00000, 0x0000000087a00000, 0x0000000087b00000|  0%| F|  |TAMS 0x0000000087a00000| PB 0x0000000087a00000| Untracked 
| 123|0x0000000087b00000, 0x0000000087b00000, 0x0000000087c00000|  0%| F|  |TAMS 0x0000000087b00000| PB 0x0000000087b00000| Untracked 
| 124|0x0000000087c00000, 0x0000000087c00000, 0x0000000087d00000|  0%| F|  |TAMS 0x0000000087c00000| PB 0x0000000087c00000| Untracked 
| 125|0x0000000087d00000, 0x0000000087d00000, 0x0000000087e00000|  0%| F|  |TAMS 0x0000000087d00000| PB 0x0000000087d00000| Untracked 
| 126|0x0000000087e00000, 0x0000000087e00000, 0x0000000087f00000|  0%| F|  |TAMS 0x0000000087e00000| PB 0x0000000087e00000| Untracked 
| 127|0x0000000087f00000, 0x0000000087f00000, 0x0000000088000000|  0%| F|  |TAMS 0x0000000087f00000| PB 0x0000000087f00000| Untracked 
| 128|0x0000000088000000, 0x0000000088000000, 0x0000000088100000|  0%| F|  |TAMS 0x0000000088000000| PB 0x0000000088000000| Untracked 
| 129|0x0000000088100000, 0x0000000088100000, 0x0000000088200000|  0%| F|  |TAMS 0x0000000088100000| PB 0x0000000088100000| Untracked 
| 130|0x0000000088200000, 0x0000000088200000, 0x0000000088300000|  0%| F|  |TAMS 0x0000000088200000| PB 0x0000000088200000| Untracked 
| 131|0x0000000088300000, 0x0000000088300000, 0x0000000088400000|  0%| F|  |TAMS 0x0000000088300000| PB 0x0000000088300000| Untracked 
| 132|0x0000000088400000, 0x0000000088400000, 0x0000000088500000|  0%| F|  |TAMS 0x0000000088400000| PB 0x0000000088400000| Untracked 
| 133|0x0000000088500000, 0x0000000088500000, 0x0000000088600000|  0%| F|  |TAMS 0x0000000088500000| PB 0x0000000088500000| Untracked 
| 134|0x0000000088600000, 0x0000000088600000, 0x0000000088700000|  0%| F|  |TAMS 0x0000000088600000| PB 0x0000000088600000| Untracked 
| 135|0x0000000088700000, 0x0000000088700000, 0x0000000088800000|  0%| F|  |TAMS 0x0000000088700000| PB 0x0000000088700000| Untracked 
| 136|0x0000000088800000, 0x0000000088800000, 0x0000000088900000|  0%| F|  |TAMS 0x0000000088800000| PB 0x0000000088800000| Untracked 
| 137|0x0000000088900000, 0x0000000088900000, 0x0000000088a00000|  0%| F|  |TAMS 0x0000000088900000| PB 0x0000000088900000| Untracked 
| 138|0x0000000088a00000, 0x0000000088a00000, 0x0000000088b00000|  0%| F|  |TAMS 0x0000000088a00000| PB 0x0000000088a00000| Untracked 
| 139|0x0000000088b00000, 0x0000000088b00000, 0x0000000088c00000|  0%| F|  |TAMS 0x0000000088b00000| PB 0x0000000088b00000| Untracked 
| 140|0x0000000088c00000, 0x0000000088c00000, 0x0000000088d00000|  0%| F|  |TAMS 0x0000000088c00000| PB 0x0000000088c00000| Untracked 
| 141|0x0000000088d00000, 0x0000000088d00000, 0x0000000088e00000|  0%| F|  |TAMS 0x0000000088d00000| PB 0x0000000088d00000| Untracked 
| 142|0x0000000088e00000, 0x0000000088e00000, 0x0000000088f00000|  0%| F|  |TAMS 0x0000000088e00000| PB 0x0000000088e00000| Untracked 
| 143|0x0000000088f00000, 0x0000000088f00000, 0x0000000089000000|  0%| F|  |TAMS 0x0000000088f00000| PB 0x0000000088f00000| Untracked 
| 144|0x0000000089000000, 0x0000000089000000, 0x0000000089100000|  0%| F|  |TAMS 0x0000000089000000| PB 0x0000000089000000| Untracked 
| 145|0x0000000089100000, 0x0000000089100000, 0x0000000089200000|  0%| F|  |TAMS 0x0000000089100000| PB 0x0000000089100000| Untracked 
| 146|0x0000000089200000, 0x0000000089200000, 0x0000000089300000|  0%| F|  |TAMS 0x0000000089200000| PB 0x0000000089200000| Untracked 
| 147|0x0000000089300000, 0x0000000089300000, 0x0000000089400000|  0%| F|  |TAMS 0x0000000089300000| PB 0x0000000089300000| Untracked 
| 148|0x0000000089400000, 0x0000000089400000, 0x0000000089500000|  0%| F|  |TAMS 0x0000000089400000| PB 0x0000000089400000| Untracked 
| 149|0x0000000089500000, 0x0000000089500000, 0x0000000089600000|  0%| F|  |TAMS 0x0000000089500000| PB 0x0000000089500000| Untracked 
| 150|0x0000000089600000, 0x0000000089600000, 0x0000000089700000|  0%| F|  |TAMS 0x0000000089600000| PB 0x0000000089600000| Untracked 
| 151|0x0000000089700000, 0x0000000089700000, 0x0000000089800000|  0%| F|  |TAMS 0x0000000089700000| PB 0x0000000089700000| Untracked 
| 152|0x0000000089800000, 0x0000000089800000, 0x0000000089900000|  0%| F|  |TAMS 0x0000000089800000| PB 0x0000000089800000| Untracked 
| 153|0x0000000089900000, 0x0000000089900000, 0x0000000089a00000|  0%| F|  |TAMS 0x0000000089900000| PB 0x0000000089900000| Untracked 
| 154|0x0000000089a00000, 0x0000000089a00000, 0x0000000089b00000|  0%| F|  |TAMS 0x0000000089a00000| PB 0x0000000089a00000| Untracked 
| 155|0x0000000089b00000, 0x0000000089b00000, 0x0000000089c00000|  0%| F|  |TAMS 0x0000000089b00000| PB 0x0000000089b00000| Untracked 
| 156|0x0000000089c00000, 0x0000000089c00000, 0x0000000089d00000|  0%| F|  |TAMS 0x0000000089c00000| PB 0x0000000089c00000| Untracked 
| 157|0x0000000089d00000, 0x0000000089d00000, 0x0000000089e00000|  0%| F|  |TAMS 0x0000000089d00000| PB 0x0000000089d00000| Untracked 
| 158|0x0000000089e00000, 0x0000000089e00000, 0x0000000089f00000|  0%| F|  |TAMS 0x0000000089e00000| PB 0x0000000089e00000| Untracked 
| 159|0x0000000089f00000, 0x0000000089f00000, 0x000000008a000000|  0%| F|  |TAMS 0x0000000089f00000| PB 0x0000000089f00000| Untracked 
| 160|0x000000008a000000, 0x000000008a000000, 0x000000008a100000|  0%| F|  |TAMS 0x000000008a000000| PB 0x000000008a000000| Untracked 
| 161|0x000000008a100000, 0x000000008a100000, 0x000000008a200000|  0%| F|  |TAMS 0x000000008a100000| PB 0x000000008a100000| Untracked 
| 162|0x000000008a200000, 0x000000008a300000, 0x000000008a300000|100%| E|  |TAMS 0x000000008a200000| PB 0x000000008a200000| Complete 
| 163|0x000000008a300000, 0x000000008a400000, 0x000000008a400000|100%| E|CS|TAMS 0x000000008a300000| PB 0x000000008a300000| Complete 
| 164|0x000000008a400000, 0x000000008a500000, 0x000000008a500000|100%| E|CS|TAMS 0x000000008a400000| PB 0x000000008a400000| Complete 
| 165|0x000000008a500000, 0x000000008a600000, 0x000000008a600000|100%| E|CS|TAMS 0x000000008a500000| PB 0x000000008a500000| Complete 
| 166|0x000000008a600000, 0x000000008a700000, 0x000000008a700000|100%| E|CS|TAMS 0x000000008a600000| PB 0x000000008a600000| Complete 
| 167|0x000000008a700000, 0x000000008a800000, 0x000000008a800000|100%| E|CS|TAMS 0x000000008a700000| PB 0x000000008a700000| Complete 
| 168|0x000000008a800000, 0x000000008a900000, 0x000000008a900000|100%| E|CS|TAMS 0x000000008a800000| PB 0x000000008a800000| Complete 
| 169|0x000000008a900000, 0x000000008aa00000, 0x000000008aa00000|100%| E|CS|TAMS 0x000000008a900000| PB 0x000000008a900000| Complete 
| 170|0x000000008aa00000, 0x000000008ab00000, 0x000000008ab00000|100%| E|CS|TAMS 0x000000008aa00000| PB 0x000000008aa00000| Complete 
| 171|0x000000008ab00000, 0x000000008ac00000, 0x000000008ac00000|100%| E|CS|TAMS 0x000000008ab00000| PB 0x000000008ab00000| Complete 
| 172|0x000000008ac00000, 0x000000008ad00000, 0x000000008ad00000|100%| E|CS|TAMS 0x000000008ac00000| PB 0x000000008ac00000| Complete 
| 173|0x000000008ad00000, 0x000000008ae00000, 0x000000008ae00000|100%| E|CS|TAMS 0x000000008ad00000| PB 0x000000008ad00000| Complete 
| 174|0x000000008ae00000, 0x000000008af00000, 0x000000008af00000|100%| E|CS|TAMS 0x000000008ae00000| PB 0x000000008ae00000| Complete 
| 175|0x000000008af00000, 0x000000008b000000, 0x000000008b000000|100%| E|CS|TAMS 0x000000008af00000| PB 0x000000008af00000| Complete 
|2043|0x00000000ffb00000, 0x00000000ffc00000, 0x00000000ffc00000|100%| O|  |TAMS 0x00000000ffb00000| PB 0x00000000ffb00000| Untracked 
|2044|0x00000000ffc00000, 0x00000000ffd00000, 0x00000000ffd00000|100%| O|  |TAMS 0x00000000ffc00000| PB 0x00000000ffc00000| Untracked 
|2045|0x00000000ffd00000, 0x00000000ffe00000, 0x00000000ffe00000|100%| O|  |TAMS 0x00000000ffd00000| PB 0x00000000ffd00000| Untracked 
|2046|0x00000000ffe00000, 0x00000000fff00000, 0x00000000fff00000|100%| O|  |TAMS 0x00000000ffe00000| PB 0x00000000ffe00000| Untracked 
|2047|0x00000000fff00000, 0x0000000100000000, 0x0000000100000000|100%| E|CS|TAMS 0x00000000fff00000| PB 0x00000000fff00000| Complete 

Card table byte_map: [0x000002403e0d0000,0x000002403e4d0000] _byte_map_base: 0x000002403dcd0000

Marking Bits: (CMBitMap*) 0x000002402943e670
 Bits: [0x000002403e4d0000, 0x00000240404d0000)

Polling page: 0x00000240296e0000

Metaspace:

Usage:
  Non-class:     54.93 MB used.
      Class:      9.04 MB used.
       Both:     63.97 MB used.

Virtual space:
  Non-class space:       64.00 MB reserved,      55.81 MB ( 87%) committed,  1 nodes.
      Class space:        1.00 GB reserved,       9.81 MB ( <1%) committed,  1 nodes.
             Both:        1.06 GB reserved,      65.62 MB (  6%) committed. 

Chunk freelists:
   Non-Class:  8.23 MB
       Class:  6.23 MB
        Both:  14.47 MB

MaxMetaspaceSize: unlimited
CompressedClassSpaceSize: 1.00 GB
Initial GC threshold: 21.00 MB
Current GC threshold: 96.06 MB
CDS: off
 - commit_granule_bytes: 65536.
 - commit_granule_words: 8192.
 - virtual_space_node_default_size: 8388608.
 - enlarge_chunks_in_place: 1.
 - use_allocation_guard: 0.


Internal statistics:

num_allocs_failed_limit: 6.
num_arena_births: 3048.
num_arena_deaths: 0.
num_vsnodes_births: 2.
num_vsnodes_deaths: 0.
num_space_committed: 1050.
num_space_uncommitted: 0.
num_chunks_returned_to_freelist: 6.
num_chunks_taken_from_freelist: 5677.
num_chunk_merges: 6.
num_chunk_splits: 3694.
num_chunks_enlarged: 2264.
num_inconsistent_stats: 0.

CodeHeap 'non-profiled nmethods': size=120000Kb used=3358Kb max_used=3358Kb free=116641Kb
 bounds [0x0000024036250000, 0x00000240365a0000, 0x000002403d780000]
CodeHeap 'profiled nmethods': size=120000Kb used=10431Kb max_used=10431Kb free=109568Kb
 bounds [0x000002402e780000, 0x000002402f1b0000, 0x0000024035cb0000]
CodeHeap 'non-nmethods': size=5760Kb used=2957Kb max_used=3006Kb free=2802Kb
 bounds [0x0000024035cb0000, 0x0000024035fb0000, 0x0000024036250000]
CodeCache: size=245760Kb, used=16746Kb, max_used=16795Kb, free=229011Kb
 total_blobs=6426, nmethods=5557, adapters=773, full_count=0
Compilation: enabled, stopped_count=0, restarted_count=0

Compilation events (20 events):
Event: 5.334 Thread 0x0000024043396620 6297       3       org.gradle.internal.serialize.graph.codecs.Binding::encodingForType (17 bytes)
Event: 5.334 Thread 0x0000024043396620 nmethod 6297 0x000002402f1a7710 code [0x000002402f1a7960, 0x000002402f1a80d8]
Event: 5.334 Thread 0x0000024043396620 6298       3       org.gradle.internal.serialize.graph.codecs.BindingsBuilder$producerForSubtypesOf$1::encodingForType (9 bytes)
Event: 5.334 Thread 0x0000024043396620 nmethod 6298 0x000002402f1a8410 code [0x000002402f1a85c0, 0x000002402f1a87f0]
Event: 5.336 Thread 0x0000024043396620 6299       3       org.gradle.internal.serialize.graph.codecs.BindingsBuilder$producerForSubtypesOf$1::encodingForType (36 bytes)
Event: 5.336 Thread 0x0000024043396620 nmethod 6299 0x000002402f1a8890 code [0x000002402f1a8ac0, 0x000002402f1a90f8]
Event: 5.348 Thread 0x0000024043371c30 6300       4       jdk.internal.loader.URLClassPath$JarLoader$2::getManifest (26 bytes)
Event: 5.350 Thread 0x0000024043371c30 nmethod 6300 0x0000024036595c90 code [0x0000024036595e80, 0x0000024036596358]
Event: 5.353 Thread 0x0000024043396620 6301       3       java.util.concurrent.locks.AbstractQueuedSynchronizer$ConditionObject::awaitNanos (207 bytes)
Event: 5.353 Thread 0x0000024043396620 nmethod 6301 0x000002402f1a9390 code [0x000002402f1a9680, 0x000002402f1aa530]
Event: 5.361 Thread 0x0000024043396620 6302       3       org.gradle.internal.serialize.graph.codecs.Binding::encodingForType (17 bytes)
Event: 5.361 Thread 0x0000024043767f60 6303       4       kotlin.jvm.internal.Intrinsics::checkNotNullParameter (9 bytes)
Event: 5.361 Thread 0x0000024043396620 nmethod 6302 0x000002402f1aab10 code [0x000002402f1aad40, 0x000002402f1ab3a0]
Event: 5.361 Thread 0x0000024043767f60 nmethod 6303 0x0000024036596690 code [0x0000024036596820, 0x00000240365968a8]
Event: 5.364 Thread 0x0000024043396620 6304       3       org.gradle.internal.serialize.graph.codecs.BindingsBuilder::bind (177 bytes)
Event: 5.365 Thread 0x0000024043767f60 6305       4       java.net.URLClassLoader$1::run (5 bytes)
Event: 5.365 Thread 0x0000024043396620 nmethod 6304 0x000002402f1ab610 code [0x000002402f1abb60, 0x000002402f1ae3e0]
Event: 5.366 Thread 0x0000024043371c30 6306   !   4       java.net.URLClassLoader$1::run (81 bytes)
Event: 5.369 Thread 0x000002404376b5e0 6307       4       org.gradle.internal.serialize.graph.codecs.BindingsBuilder$producerForSubtypesOf$1::encodingForType (9 bytes)
Event: 5.370 Thread 0x000002404376b5e0 nmethod 6307 0x0000024036596990 code [0x0000024036596b20, 0x0000024036596c70]

GC Heap History (20 events):
Event: 2.490 GC heap before
{Heap before GC invocations=6 (full 0):
 garbage-first heap   total 71680K, used 56153K [0x0000000080000000, 0x0000000100000000)
  region size 1024K, 39 young (39936K), 5 survivors (5120K)
 Metaspace       used 32633K, committed 33344K, reserved 1114112K
  class space    used 4434K, committed 4736K, reserved 1048576K
}
Event: 2.497 GC heap after
{Heap after GC invocations=7 (full 0):
 garbage-first heap   total 71680K, used 25016K [0x0000000080000000, 0x0000000100000000)
  region size 1024K, 5 young (5120K), 5 survivors (5120K)
 Metaspace       used 32633K, committed 33344K, reserved 1114112K
  class space    used 4434K, committed 4736K, reserved 1048576K
}
Event: 2.687 GC heap before
{Heap before GC invocations=7 (full 0):
 garbage-first heap   total 71680K, used 43448K [0x0000000080000000, 0x0000000100000000)
  region size 1024K, 24 young (24576K), 5 survivors (5120K)
 Metaspace       used 35272K, committed 36096K, reserved 1114112K
  class space    used 4913K, committed 5312K, reserved 1048576K
}
Event: 2.691 GC heap after
{Heap after GC invocations=8 (full 0):
 garbage-first heap   total 86016K, used 26144K [0x0000000080000000, 0x0000000100000000)
  region size 1024K, 2 young (2048K), 2 survivors (2048K)
 Metaspace       used 35272K, committed 36096K, reserved 1114112K
  class space    used 4913K, committed 5312K, reserved 1048576K
}
Event: 3.049 GC heap before
{Heap before GC invocations=9 (full 0):
 garbage-first heap   total 86016K, used 83488K [0x0000000080000000, 0x0000000100000000)
  region size 1024K, 31 young (31744K), 2 survivors (2048K)
 Metaspace       used 38276K, committed 39168K, reserved 1114112K
  class space    used 5380K, committed 5824K, reserved 1048576K
}
Event: 3.054 GC heap after
{Heap after GC invocations=10 (full 0):
 garbage-first heap   total 93184K, used 60872K [0x0000000080000000, 0x0000000100000000)
  region size 1024K, 6 young (6144K), 6 survivors (6144K)
 Metaspace       used 38276K, committed 39168K, reserved 1114112K
  class space    used 5380K, committed 5824K, reserved 1048576K
}
Event: 3.256 GC heap before
{Heap before GC invocations=10 (full 0):
 garbage-first heap   total 93184K, used 80328K [0x0000000080000000, 0x0000000100000000)
  region size 1024K, 25 young (25600K), 6 survivors (6144K)
 Metaspace       used 41127K, committed 42112K, reserved 1114112K
  class space    used 5859K, committed 6336K, reserved 1048576K
}
Event: 3.260 GC heap after
{Heap after GC invocations=11 (full 0):
 garbage-first heap   total 93184K, used 62156K [0x0000000080000000, 0x0000000100000000)
  region size 1024K, 2 young (2048K), 2 survivors (2048K)
 Metaspace       used 41127K, committed 42112K, reserved 1114112K
  class space    used 5859K, committed 6336K, reserved 1048576K
}
Event: 3.509 GC heap before
{Heap before GC invocations=11 (full 0):
 garbage-first heap   total 93184K, used 82636K [0x0000000080000000, 0x0000000100000000)
  region size 1024K, 23 young (23552K), 2 survivors (2048K)
 Metaspace       used 46103K, committed 47040K, reserved 1114112K
  class space    used 6368K, committed 6848K, reserved 1048576K
}
Event: 3.512 GC heap after
{Heap after GC invocations=12 (full 0):
 garbage-first heap   total 93184K, used 64984K [0x0000000080000000, 0x0000000100000000)
  region size 1024K, 3 young (3072K), 3 survivors (3072K)
 Metaspace       used 46103K, committed 47040K, reserved 1114112K
  class space    used 6368K, committed 6848K, reserved 1048576K
}
Event: 3.592 GC heap before
{Heap before GC invocations=13 (full 0):
 garbage-first heap   total 109568K, used 83416K [0x0000000080000000, 0x0000000100000000)
  region size 1024K, 21 young (21504K), 3 survivors (3072K)
 Metaspace       used 46323K, committed 47296K, reserved 1114112K
  class space    used 6384K, committed 6848K, reserved 1048576K
}
Event: 3.597 GC heap after
{Heap after GC invocations=14 (full 0):
 garbage-first heap   total 132096K, used 67574K [0x0000000080000000, 0x0000000100000000)
  region size 1024K, 3 young (3072K), 3 survivors (3072K)
 Metaspace       used 46323K, committed 47296K, reserved 1114112K
  class space    used 6384K, committed 6848K, reserved 1048576K
}
Event: 4.089 GC heap before
{Heap before GC invocations=14 (full 0):
 garbage-first heap   total 132096K, used 119798K [0x0000000080000000, 0x0000000100000000)
  region size 1024K, 50 young (51200K), 3 survivors (3072K)
 Metaspace       used 52139K, committed 53440K, reserved 1114112K
  class space    used 7203K, committed 7808K, reserved 1048576K
}
Event: 4.095 GC heap after
{Heap after GC invocations=15 (full 0):
 garbage-first heap   total 132096K, used 70137K [0x0000000080000000, 0x0000000100000000)
  region size 1024K, 5 young (5120K), 5 survivors (5120K)
 Metaspace       used 52139K, committed 53440K, reserved 1114112K
  class space    used 7203K, committed 7808K, reserved 1048576K
}
Event: 4.544 GC heap before
{Heap before GC invocations=15 (full 0):
 garbage-first heap   total 132096K, used 115193K [0x0000000080000000, 0x0000000100000000)
  region size 1024K, 50 young (51200K), 5 survivors (5120K)
 Metaspace       used 57367K, committed 58880K, reserved 1114112K
  class space    used 8122K, committed 8832K, reserved 1048576K
}
Event: 4.548 GC heap after
{Heap after GC invocations=16 (full 0):
 garbage-first heap   total 132096K, used 73195K [0x0000000080000000, 0x0000000100000000)
  region size 1024K, 7 young (7168K), 7 survivors (7168K)
 Metaspace       used 57367K, committed 58880K, reserved 1114112K
  class space    used 8122K, committed 8832K, reserved 1048576K
}
Event: 4.910 GC heap before
{Heap before GC invocations=17 (full 0):
 garbage-first heap   total 132096K, used 130539K [0x0000000080000000, 0x0000000100000000)
  region size 1024K, 46 young (47104K), 7 survivors (7168K)
 Metaspace       used 59874K, committed 61376K, reserved 1114112K
  class space    used 8344K, committed 9088K, reserved 1048576K
}
Event: 4.918 GC heap after
{Heap after GC invocations=18 (full 0):
 garbage-first heap   total 143360K, used 94117K [0x0000000080000000, 0x0000000100000000)
  region size 1024K, 7 young (7168K), 7 survivors (7168K)
 Metaspace       used 59874K, committed 61376K, reserved 1114112K
  class space    used 8344K, committed 9088K, reserved 1048576K
}
Event: 5.298 GC heap before
{Heap before GC invocations=18 (full 0):
 garbage-first heap   total 143360K, used 128933K [0x0000000080000000, 0x0000000100000000)
  region size 1024K, 41 young (41984K), 7 survivors (7168K)
 Metaspace       used 63702K, committed 65408K, reserved 1114112K
  class space    used 8983K, committed 9792K, reserved 1048576K
}
Event: 5.306 GC heap after
{Heap after GC invocations=19 (full 0):
 garbage-first heap   total 185344K, used 96919K [0x0000000080000000, 0x0000000100000000)
  region size 1024K, 4 young (4096K), 4 survivors (4096K)
 Metaspace       used 63702K, committed 65408K, reserved 1114112K
  class space    used 8983K, committed 9792K, reserved 1048576K
}

Dll operation events (3 events):
Event: 0.007 Loaded shared library D:\My Profile\Programs\AndroidStudio\jbr\bin\java.dll
Event: 0.011 Loaded shared library D:\My Profile\Programs\AndroidStudio\jbr\bin\zip.dll
Event: 0.590 Loaded shared library D:\My Profile\Programs\AndroidStudio\jbr\bin\verify.dll

Deoptimization events (20 events):
Event: 5.277 Thread 0x0000024049227d80 Uncommon trap: trap_request=0xffffff45 fr.pc=0x000002403644ba44 relative=0x00000000000007a4
Event: 5.277 Thread 0x0000024049227d80 Uncommon trap: reason=unstable_if action=reinterpret pc=0x000002403644ba44 method=java.util.HashMap.putVal(ILjava/lang/Object;Ljava/lang/Object;ZZ)Ljava/lang/Object; @ 109 c2
Event: 5.277 Thread 0x0000024049227d80 DEOPT PACKING pc=0x000002403644ba44 sp=0x000000d19a1f7b50
Event: 5.277 Thread 0x0000024049227d80 DEOPT UNPACKING pc=0x0000024035d07da2 sp=0x000000d19a1f7a80 mode 2
Event: 5.277 Thread 0x0000024049227d80 Uncommon trap: trap_request=0xffffff45 fr.pc=0x0000024036283cac relative=0x000000000000098c
Event: 5.277 Thread 0x0000024049227d80 Uncommon trap: reason=unstable_if action=reinterpret pc=0x0000024036283cac method=java.util.HashMap.resize()[Ljava/util/HashMap$Node; @ 203 c2
Event: 5.277 Thread 0x0000024049227d80 DEOPT PACKING pc=0x0000024036283cac sp=0x000000d19a1f7a20
Event: 5.277 Thread 0x0000024049227d80 DEOPT UNPACKING pc=0x0000024035d07da2 sp=0x000000d19a1f79c0 mode 2
Event: 5.277 Thread 0x0000024049227d80 Uncommon trap: trap_request=0xffffff45 fr.pc=0x0000024036421e2c relative=0x00000000000002cc
Event: 5.277 Thread 0x0000024049227d80 Uncommon trap: reason=unstable_if action=reinterpret pc=0x0000024036421e2c method=java.util.HashMap.getNode(Ljava/lang/Object;)Ljava/util/HashMap$Node; @ 85 c2
Event: 5.277 Thread 0x0000024049227d80 DEOPT PACKING pc=0x0000024036421e2c sp=0x000000d19a1f7b90
Event: 5.277 Thread 0x0000024049227d80 DEOPT UNPACKING pc=0x0000024035d07da2 sp=0x000000d19a1f7aa0 mode 2
Event: 5.277 Thread 0x0000024049227d80 Uncommon trap: trap_request=0xffffff45 fr.pc=0x0000024036425af0 relative=0x00000000000006d0
Event: 5.277 Thread 0x0000024049227d80 Uncommon trap: reason=unstable_if action=reinterpret pc=0x0000024036425af0 method=java.util.HashMap.putVal(ILjava/lang/Object;Ljava/lang/Object;ZZ)Ljava/lang/Object; @ 109 c2
Event: 5.277 Thread 0x0000024049227d80 DEOPT PACKING pc=0x0000024036425af0 sp=0x000000d19a1f7ac0
Event: 5.277 Thread 0x0000024049227d80 DEOPT UNPACKING pc=0x0000024035d07da2 sp=0x000000d19a1f7a78 mode 2
Event: 5.386 Thread 0x0000024049227d80 Uncommon trap: trap_request=0xffffff45 fr.pc=0x0000024036596bb0 relative=0x0000000000000090
Event: 5.386 Thread 0x0000024049227d80 Uncommon trap: reason=unstable_if action=reinterpret pc=0x0000024036596bb0 method=org.gradle.internal.serialize.graph.codecs.BindingsBuilder$producerForSubtypesOf$1.encodingForType(Ljava/lang/Class;)Lorg/gradle/internal/serialize/graph/Codec; @ 27 c2
Event: 5.386 Thread 0x0000024049227d80 DEOPT PACKING pc=0x0000024036596bb0 sp=0x000000d19a1f88a0
Event: 5.386 Thread 0x0000024049227d80 DEOPT UNPACKING pc=0x0000024035d07da2 sp=0x000000d19a1f87a8 mode 2

Classes loaded (20 events):
Event: 5.105 Loading class javax/naming/NamingException
Event: 5.105 Loading class javax/naming/NamingException done
Event: 5.105 Loading class javax/naming/InvalidNameException
Event: 5.105 Loading class javax/naming/InvalidNameException done
Event: 5.105 Loading class javax/net/ssl/SSLPeerUnverifiedException
Event: 5.105 Loading class javax/net/ssl/SSLPeerUnverifiedException done
Event: 5.105 Loading class java/security/cert/CertificateParsingException
Event: 5.105 Loading class java/security/cert/CertificateException
Event: 5.105 Loading class java/security/cert/CertificateException done
Event: 5.105 Loading class java/security/cert/CertificateParsingException done
Event: 5.139 Loading class java/nio/channels/Channels$ReadableByteChannelImpl
Event: 5.139 Loading class java/nio/channels/Channels$ReadableByteChannelImpl done
Event: 5.145 Loading class java/util/EmptyStackException
Event: 5.145 Loading class java/util/EmptyStackException done
Event: 5.148 Loading class java/io/InvalidClassException
Event: 5.148 Loading class java/io/InvalidClassException done
Event: 5.225 Loading class java/util/Comparators$NaturalOrderComparator
Event: 5.225 Loading class java/util/Comparators$NaturalOrderComparator done
Event: 5.268 Loading class java/io/FileWriter
Event: 5.268 Loading class java/io/FileWriter done

Classes unloaded (0 events):
No events

Classes redefined (0 events):
No events

Internal exceptions (20 events):
Event: 4.990 Thread 0x0000024049227d80 Exception <a 'java/lang/ClassNotFoundException'{0x000000008781e0c8}: java/lang/EnumCustomizer> (0x000000008781e0c8) 
thrown [s\src\hotspot\share\classfile\systemDictionary.cpp, line 312]
Event: 4.993 Thread 0x0000024049227d80 Exception <a 'java/lang/ClassNotFoundException'{0x0000000087838848}: org/gradle/api/initialization/resolve/RepositoriesModeCustomizer> (0x0000000087838848) 
thrown [s\src\hotspot\share\classfile\systemDictionary.cpp, line 312]
Event: 4.998 Thread 0x0000024049227d80 Exception <a 'java/lang/ClassNotFoundException'{0x00000000878ae178}: org/gradle/api/internal/provider/DefaultPropertyBeanInfo> (0x00000000878ae178) 
thrown [s\src\hotspot\share\classfile\systemDictionary.cpp, line 312]
Event: 4.998 Thread 0x0000024049227d80 Exception <a 'java/lang/ClassNotFoundException'{0x00000000878c1288}: org/gradle/api/internal/provider/AbstractPropertyBeanInfo> (0x00000000878c1288) 
thrown [s\src\hotspot\share\classfile\systemDictionary.cpp, line 312]
Event: 4.999 Thread 0x0000024049227d80 Exception <a 'java/lang/ClassNotFoundException'{0x00000000878d4580}: org/gradle/api/internal/provider/AbstractMinimalProviderBeanInfo> (0x00000000878d4580) 
thrown [s\src\hotspot\share\classfile\systemDictionary.cpp, line 312]
Event: 4.999 Thread 0x0000024049227d80 Exception <a 'java/lang/ClassNotFoundException'{0x00000000878e7898}: org/gradle/api/internal/provider/AbstractMinimalProviderCustomizer> (0x00000000878e7898) 
thrown [s\src\hotspot\share\classfile\systemDictionary.cpp, line 312]
Event: 5.002 Thread 0x0000024049227d80 Exception <a 'java/lang/ClassNotFoundException'{0x000000008771cfb8}: org/gradle/api/internal/provider/AbstractPropertyCustomizer> (0x000000008771cfb8) 
thrown [s\src\hotspot\share\classfile\systemDictionary.cpp, line 312]
Event: 5.004 Thread 0x0000024049227d80 Exception <a 'java/lang/ClassNotFoundException'{0x0000000087745dc0}: org/gradle/api/internal/provider/DefaultPropertyCustomizer> (0x0000000087745dc0) 
thrown [s\src\hotspot\share\classfile\systemDictionary.cpp, line 312]
Event: 5.013 Thread 0x0000024049227d80 Exception <a 'java/lang/ClassNotFoundException'{0x00000000877abd20}: org/gradle/initialization/DefaultProjectDescriptorBeanInfo> (0x00000000877abd20) 
thrown [s\src\hotspot\share\classfile\systemDictionary.cpp, line 312]
Event: 5.013 Thread 0x0000024049227d80 Exception <a 'java/lang/ClassNotFoundException'{0x00000000877bc5e0}: org/gradle/initialization/DefaultProjectDescriptorCustomizer> (0x00000000877bc5e0) 
thrown [s\src\hotspot\share\classfile\systemDictionary.cpp, line 312]
Event: 5.015 Thread 0x0000024049227d80 Exception <a 'java/lang/IncompatibleClassChangeError'{0x00000000877e04c0}: Found class java.lang.Object, but interface was expected> (0x00000000877e04c0) 
thrown [s\src\hotspot\share\interpreter\linkResolver.cpp, line 851]
Event: 5.064 Thread 0x00000240493ad400 Exception <a 'java/lang/NoSuchMethodError'{0x0000000087394e60}: static Lorg/gradle/internal/build/event/types/DefaultOperationStartedProgressEvent;.<clinit>()V> (0x0000000087394e60) 
thrown [s\src\hotspot\share\prims\jni.cpp, line 1144]
Event: 5.064 Thread 0x00000240493ad400 Exception <a 'java/lang/NoSuchMethodError'{0x0000000087396920}: static Lorg/gradle/internal/build/event/types/AbstractProgressEvent;.<clinit>()V> (0x0000000087396920) 
thrown [s\src\hotspot\share\prims\jni.cpp, line 1144]
Event: 5.065 Thread 0x00000240493ad400 Exception <a 'java/lang/NoSuchMethodError'{0x00000000873ab858}: static Lorg/gradle/internal/build/event/types/DefaultBuildPhaseDescriptor;.<clinit>()V> (0x00000000873ab858) 
thrown [s\src\hotspot\share\prims\jni.cpp, line 1144]
Event: 5.065 Thread 0x00000240493ad400 Exception <a 'java/lang/NoSuchMethodError'{0x00000000873af410}: static Lorg/gradle/internal/build/event/types/DefaultOperationDescriptor;.<clinit>()V> (0x00000000873af410) 
thrown [s\src\hotspot\share\prims\jni.cpp, line 1144]
Event: 5.065 Thread 0x00000240493ad400 Exception <a 'java/lang/NoSuchMethodError'{0x00000000873ca958}: static Lorg/gradle/internal/operations/OperationIdentifier;.<clinit>()V> (0x00000000873ca958) 
thrown [s\src\hotspot\share\prims\jni.cpp, line 1144]
Event: 5.130 Thread 0x0000024049227d80 Exception <a 'sun/nio/fs/WindowsException'{0x0000000086ee3348}> (0x0000000086ee3348) 
thrown [s\src\hotspot\share\prims\jni.cpp, line 537]
Event: 5.130 Thread 0x0000024049227d80 Exception <a 'sun/nio/fs/WindowsException'{0x0000000086ee4d08}> (0x0000000086ee4d08) 
thrown [s\src\hotspot\share\prims\jni.cpp, line 537]
Event: 5.131 Thread 0x0000024049227d80 Exception <a 'sun/nio/fs/WindowsException'{0x0000000086eeded0}> (0x0000000086eeded0) 
thrown [s\src\hotspot\share\prims\jni.cpp, line 537]
Event: 5.222 Thread 0x0000024049227d80 Exception <a 'java/lang/NoSuchMethodError'{0x0000000086686da0}: 'void java.lang.invoke.DirectMethodHandle$Holder.invokeStatic(java.lang.Object, java.lang.Object, java.lang.Object, java.lang.Object, java.lang.Object, java.lang.Object, java.lang.Object)'> (0x0000000086686da0) 
thrown [s\src\hotspot\share\interpreter\linkResolver.cpp, line 784]

ZGC Phase Switch (0 events):
No events

VM Operations (20 events):
Event: 4.575 Executing VM operation: G1PauseCleanup
Event: 4.575 Executing VM operation: G1PauseCleanup done
Event: 4.731 Executing VM operation: HandshakeAllThreads (Deoptimize)
Event: 4.731 Executing VM operation: HandshakeAllThreads (Deoptimize) done
Event: 4.806 Executing VM operation: ICBufferFull
Event: 4.806 Executing VM operation: ICBufferFull done
Event: 4.832 Executing VM operation: HandshakeAllThreads (Deoptimize)
Event: 4.832 Executing VM operation: HandshakeAllThreads (Deoptimize) done
Event: 4.910 Executing VM operation: G1CollectForAllocation (G1 Evacuation Pause)
Event: 4.918 Executing VM operation: G1CollectForAllocation (G1 Evacuation Pause) done
Event: 5.196 Executing VM operation: ICBufferFull
Event: 5.196 Executing VM operation: ICBufferFull done
Event: 5.228 Executing VM operation: HandshakeAllThreads (Deoptimize)
Event: 5.228 Executing VM operation: HandshakeAllThreads (Deoptimize) done
Event: 5.268 Executing VM operation: HandshakeAllThreads (Deoptimize)
Event: 5.269 Executing VM operation: HandshakeAllThreads (Deoptimize) done
Event: 5.298 Executing VM operation: G1CollectForAllocation (G1 Evacuation Pause)
Event: 5.306 Executing VM operation: G1CollectForAllocation (G1 Evacuation Pause) done
Event: 5.358 Executing VM operation: HandshakeAllThreads (Deoptimize)
Event: 5.358 Executing VM operation: HandshakeAllThreads (Deoptimize) done

Memory protections (0 events):
No events

Nmethod flushes (20 events):
Event: 4.568 Thread 0x00000240432ccaa0 flushing  nmethod 0x000002402eb6c490
Event: 4.568 Thread 0x00000240432ccaa0 flushing  nmethod 0x000002402ec44410
Event: 4.568 Thread 0x00000240432ccaa0 flushing  nmethod 0x000002403631c390
Event: 4.568 Thread 0x00000240432ccaa0 flushing  nmethod 0x000002402e7a7490
Event: 4.568 Thread 0x00000240432ccaa0 flushing  nmethod 0x000002402e7f1710
Event: 4.568 Thread 0x00000240432ccaa0 flushing  nmethod 0x000002402e855e90
Event: 4.568 Thread 0x00000240432ccaa0 flushing  nmethod 0x000002402e860b10
Event: 4.568 Thread 0x00000240432ccaa0 flushing  nmethod 0x000002402e8cb310
Event: 4.568 Thread 0x00000240432ccaa0 flushing  nmethod 0x000002402e8cdd10
Event: 4.568 Thread 0x00000240432ccaa0 flushing  nmethod 0x000002402e8ce190
Event: 4.568 Thread 0x00000240432ccaa0 flushing  nmethod 0x000002402e8d1490
Event: 4.568 Thread 0x00000240432ccaa0 flushing  nmethod 0x000002402e8d2a90
Event: 4.568 Thread 0x00000240432ccaa0 flushing  nmethod 0x000002402e948910
Event: 4.568 Thread 0x00000240432ccaa0 flushing  nmethod 0x000002402e99d710
Event: 4.568 Thread 0x00000240432ccaa0 flushing  nmethod 0x000002402ea6c690
Event: 4.568 Thread 0x00000240432ccaa0 flushing  nmethod 0x000002402eb04390
Event: 4.568 Thread 0x00000240432ccaa0 flushing  nmethod 0x000002402eb07990
Event: 4.568 Thread 0x00000240432ccaa0 flushing  nmethod 0x000002402ed60690
Event: 4.568 Thread 0x00000240432ccaa0 flushing  nmethod 0x000002402ee7ae10
Event: 4.568 Thread 0x00000240432ccaa0 flushing  nmethod 0x000002402ee7b310

Events (20 events):
Event: 4.464 Thread 0x0000024049227d80 Thread added: 0x000002404a561c50
Event: 4.488 Thread 0x0000024049227d80 Thread added: 0x000002404a566480
Event: 4.488 Thread 0x0000024049227d80 Thread added: 0x000002404a566b10
Event: 4.617 Thread 0x0000024049227d80 Thread added: 0x000002404a5671a0
Event: 4.618 Thread 0x0000024049227d80 Thread added: 0x000002404a567830
Event: 4.618 Thread 0x0000024049227d80 Thread added: 0x000002404a565760
Event: 4.618 Thread 0x0000024049227d80 Thread added: 0x000002404a565df0
Event: 4.618 Thread 0x0000024049227d80 Thread added: 0x000002404a567ec0
Event: 4.619 Thread 0x0000024049227d80 Thread added: 0x000002404a568550
Event: 4.619 Thread 0x0000024049227d80 Thread added: 0x000002404bcc5530
Event: 4.620 Thread 0x0000024049227d80 Thread added: 0x000002404bcc3460
Event: 4.632 Thread 0x0000024049227d80 Thread added: 0x000002404bcc4180
Event: 4.632 Thread 0x0000024049227d80 Thread added: 0x000002404bcc5bc0
Event: 4.633 Thread 0x0000024049227d80 Thread added: 0x000002404bcc2740
Event: 4.633 Thread 0x0000024049227d80 Thread added: 0x000002404bcc6250
Event: 4.633 Thread 0x0000024049227d80 Thread added: 0x000002404bcc2dd0
Event: 4.633 Thread 0x0000024049227d80 Thread added: 0x000002404bcc4810
Event: 4.634 Thread 0x0000024049227d80 Thread added: 0x000002404bcc68e0
Event: 4.634 Thread 0x0000024049227d80 Thread added: 0x000002404bcc4ea0
Event: 4.634 Thread 0x0000024049227d80 Thread added: 0x000002404bcc6f70


Dynamic libraries:
0x00007ff742750000 - 0x00007ff74275a000 	D:\My Profile\Programs\AndroidStudio\jbr\bin\java.exe
0x00007ffd387a0000 - 0x00007ffd38a08000 	C:\WINDOWS\SYSTEM32\ntdll.dll
0x00007ffd37010000 - 0x00007ffd370d9000 	C:\WINDOWS\System32\KERNEL32.DLL
0x00007ffd358f0000 - 0x00007ffd35ce8000 	C:\WINDOWS\System32\KERNELBASE.dll
0x00007ffd35db0000 - 0x00007ffd35efb000 	C:\WINDOWS\System32\ucrtbase.dll
0x00007ffd2dc30000 - 0x00007ffd2dc4b000 	D:\My Profile\Programs\AndroidStudio\jbr\bin\VCRUNTIME140.dll
0x00007ffd2db10000 - 0x00007ffd2db28000 	D:\My Profile\Programs\AndroidStudio\jbr\bin\jli.dll
0x00007ffd366e0000 - 0x00007ffd368a7000 	C:\WINDOWS\System32\USER32.dll
0x00007ffd36250000 - 0x00007ffd36277000 	C:\WINDOWS\System32\win32u.dll
0x00007ffd1efc0000 - 0x00007ffd1f254000 	C:\WINDOWS\WinSxS\amd64_microsoft.windows.common-controls_6595b64144ccf1df_6.0.26100.7019_none_3e06ffa0e335b8a8\COMCTL32.dll
0x00007ffd38470000 - 0x00007ffd3849b000 	C:\WINDOWS\System32\GDI32.dll
0x00007ffd37660000 - 0x00007ffd37709000 	C:\WINDOWS\System32\msvcrt.dll
0x00007ffd35f00000 - 0x00007ffd3602c000 	C:\WINDOWS\System32\gdi32full.dll
0x00007ffd36280000 - 0x00007ffd36323000 	C:\WINDOWS\System32\msvcp_win.dll
0x00007ffd38430000 - 0x00007ffd38461000 	C:\WINDOWS\System32\IMM32.DLL
0x00007ffd2db60000 - 0x00007ffd2db6c000 	D:\My Profile\Programs\AndroidStudio\jbr\bin\vcruntime140_1.dll
0x00007ffd040d0000 - 0x00007ffd0415d000 	D:\My Profile\Programs\AndroidStudio\jbr\bin\msvcp140.dll
0x00007ffcba130000 - 0x00007ffcbadc6000 	D:\My Profile\Programs\AndroidStudio\jbr\bin\server\jvm.dll
0x00007ffd37d60000 - 0x00007ffd37e14000 	C:\WINDOWS\System32\ADVAPI32.dll
0x00007ffd38020000 - 0x00007ffd380c6000 	C:\WINDOWS\System32\sechost.dll
0x00007ffd371b0000 - 0x00007ffd372c8000 	C:\WINDOWS\System32\RPCRT4.dll
0x00007ffd383a0000 - 0x00007ffd38414000 	C:\WINDOWS\System32\WS2_32.dll
0x00007ffd344e0000 - 0x00007ffd3453e000 	C:\WINDOWS\SYSTEM32\POWRPROF.dll
0x00007ffd27350000 - 0x00007ffd27385000 	C:\WINDOWS\SYSTEM32\WINMM.dll
0x00007ffd2a1b0000 - 0x00007ffd2a1bb000 	C:\WINDOWS\SYSTEM32\VERSION.dll
0x00007ffd344c0000 - 0x00007ffd344d4000 	C:\WINDOWS\SYSTEM32\UMPDC.dll
0x00007ffd347a0000 - 0x00007ffd347bb000 	C:\WINDOWS\SYSTEM32\kernel.appcore.dll
0x00007ffd2dae0000 - 0x00007ffd2daea000 	D:\My Profile\Programs\AndroidStudio\jbr\bin\jimage.dll
0x00007ffd33020000 - 0x00007ffd33262000 	C:\WINDOWS\SYSTEM32\DBGHELP.DLL
0x00007ffd372d0000 - 0x00007ffd3765b000 	C:\WINDOWS\System32\combase.dll
0x00007ffd380d0000 - 0x00007ffd381a7000 	C:\WINDOWS\System32\OLEAUT32.dll
0x00007ffd08440000 - 0x00007ffd0847c000 	C:\WINDOWS\SYSTEM32\dbgcore.DLL
0x00007ffd361a0000 - 0x00007ffd36245000 	C:\WINDOWS\System32\bcryptPrimitives.dll
0x00007ffd2db00000 - 0x00007ffd2db0e000 	D:\My Profile\Programs\AndroidStudio\jbr\bin\instrument.dll
0x00007ffd2dac0000 - 0x00007ffd2dae0000 	D:\My Profile\Programs\AndroidStudio\jbr\bin\java.dll
0x00007ffd2beb0000 - 0x00007ffd2bec8000 	D:\My Profile\Programs\AndroidStudio\jbr\bin\zip.dll
0x00007ffd368b0000 - 0x00007ffd37001000 	C:\WINDOWS\System32\SHELL32.dll
0x00007ffd36030000 - 0x00007ffd3619b000 	C:\WINDOWS\System32\wintypes.dll
0x00007ffd33510000 - 0x00007ffd33d6d000 	C:\WINDOWS\SYSTEM32\windows.storage.dll
0x00007ffd37e20000 - 0x00007ffd37f12000 	C:\WINDOWS\System32\SHCORE.dll
0x00007ffd37140000 - 0x00007ffd371a7000 	C:\WINDOWS\System32\shlwapi.dll
0x00007ffd35810000 - 0x00007ffd35839000 	C:\WINDOWS\SYSTEM32\profapi.dll
0x00007ffd2c4a0000 - 0x00007ffd2c4b0000 	D:\My Profile\Programs\AndroidStudio\jbr\bin\net.dll
0x00007ffd2b5b0000 - 0x00007ffd2b6d8000 	C:\WINDOWS\SYSTEM32\WINHTTP.dll
0x00007ffd34d40000 - 0x00007ffd34dab000 	C:\WINDOWS\system32\mswsock.dll
0x00007ffd2be90000 - 0x00007ffd2bea6000 	D:\My Profile\Programs\AndroidStudio\jbr\bin\nio.dll
0x00007ffd0c920000 - 0x00007ffd0c930000 	D:\My Profile\Programs\AndroidStudio\jbr\bin\verify.dll
0x00007ffd06c10000 - 0x00007ffd06c37000 	C:\Users\User\.gradle\native\1def1411415f61bf3af743bc5b6707747c0891f09f0c88961ee8f79bc544acac\windows-amd64\native-platform.dll
0x00007ffd04050000 - 0x00007ffd040c8000 	C:\Users\User\.gradle\native\0.2.7\x86_64-windows-gnu\gradle-fileevents.dll
0x00007ffd2be80000 - 0x00007ffd2be89000 	D:\My Profile\Programs\AndroidStudio\jbr\bin\management.dll
0x00007ffd0c940000 - 0x00007ffd0c94b000 	D:\My Profile\Programs\AndroidStudio\jbr\bin\management_ext.dll
0x00007ffd38590000 - 0x00007ffd38598000 	C:\WINDOWS\System32\PSAPI.DLL
0x00007ffd340f0000 - 0x00007ffd34124000 	C:\WINDOWS\SYSTEM32\IPHLPAPI.DLL
0x00007ffd38420000 - 0x00007ffd3842a000 	C:\WINDOWS\System32\NSI.dll
0x00007ffd2bf30000 - 0x00007ffd2bf39000 	D:\My Profile\Programs\AndroidStudio\jbr\bin\extnet.dll
0x00007ffd35000000 - 0x00007ffd3501b000 	C:\WINDOWS\SYSTEM32\CRYPTSP.dll
0x00007ffd34700000 - 0x00007ffd3473a000 	C:\WINDOWS\system32\rsaenh.dll
0x00007ffd34df0000 - 0x00007ffd34e1b000 	C:\WINDOWS\SYSTEM32\USERENV.dll
0x00007ffd357e0000 - 0x00007ffd3580a000 	C:\WINDOWS\SYSTEM32\bcrypt.dll
0x00007ffd35020000 - 0x00007ffd3502c000 	C:\WINDOWS\SYSTEM32\CRYPTBASE.dll
0x00007ffc84ad0000 - 0x00007ffc84ad8000 	C:\WINDOWS\system32\wshunix.dll

JVMTI agents:
C:\Users\User\.gradle\wrapper\dists\gradle-8.13-bin\5xuhj0ry160q40clulazy9h7d\gradle-8.13\lib\agents\gradle-instrumentation-agent-8.13.jar path:D:\My Profile\Programs\AndroidStudio\jbr\bin\instrument.dll, loaded, initialized, instrumentlib options:none

dbghelp: loaded successfully - version: 4.0.5 - missing functions: none
symbol engine: initialized successfully - sym options: 0x614 - pdb path: .;D:\My Profile\Programs\AndroidStudio\jbr\bin;C:\WINDOWS\SYSTEM32;C:\WINDOWS\WinSxS\amd64_microsoft.windows.common-controls_6595b64144ccf1df_6.0.26100.7019_none_3e06ffa0e335b8a8;D:\My Profile\Programs\AndroidStudio\jbr\bin\server;C:\Users\User\.gradle\native\1def1411415f61bf3af743bc5b6707747c0891f09f0c88961ee8f79bc544acac\windows-amd64;C:\Users\User\.gradle\native\0.2.7\x86_64-windows-gnu

VM Arguments:
jvm_args: --add-opens=java.base/java.lang=ALL-UNNAMED --add-opens=java.base/java.lang.invoke=ALL-UNNAMED --add-opens=java.base/java.util=ALL-UNNAMED --add-opens=java.prefs/java.util.prefs=ALL-UNNAMED --add-exports=jdk.compiler/com.sun.tools.javac.api=ALL-UNNAMED --add-exports=jdk.compiler/com.sun.tools.javac.util=ALL-UNNAMED --add-opens=java.base/java.util=ALL-UNNAMED --add-opens=java.prefs/java.util.prefs=ALL-UNNAMED --add-opens=java.base/java.nio.charset=ALL-UNNAMED --add-opens=java.base/java.net=ALL-UNNAMED --add-opens=java.base/java.util.concurrent.atomic=ALL-UNNAMED --add-opens=java.xml/javax.xml.namespace=ALL-UNNAMED -Xmx2048m -Dfile.encoding=UTF-8 -Duser.country=UA -Duser.language=uk -Duser.variant -javaagent:C:\Users\User\.gradle\wrapper\dists\gradle-8.13-bin\5xuhj0ry160q40clulazy9h7d\gradle-8.13\lib\agents\gradle-instrumentation-agent-8.13.jar 
java_command: org.gradle.launcher.daemon.bootstrap.GradleDaemon 8.13
java_class_path (initial): C:\Users\User\.gradle\wrapper\dists\gradle-8.13-bin\5xuhj0ry160q40clulazy9h7d\gradle-8.13\lib\gradle-daemon-main-8.13.jar
Launcher Type: SUN_STANDARD

[Global flags]
     intx CICompilerCount                          = 4                                         {product} {ergonomic}
     uint ConcGCThreads                            = 3                                         {product} {ergonomic}
     uint G1ConcRefinementThreads                  = 10                                        {product} {ergonomic}
   size_t G1HeapRegionSize                         = 1048576                                   {product} {ergonomic}
    uintx GCDrainStackTargetSize                   = 64                                        {product} {ergonomic}
   size_t InitialHeapSize                          = 132120576                                 {product} {ergonomic}
   size_t MarkStackSize                            = 4194304                                   {product} {ergonomic}
   size_t MaxHeapSize                              = 2147483648                                {product} {command line}
   size_t MaxNewSize                               = 1287651328                                {product} {ergonomic}
   size_t MinHeapDeltaBytes                        = 1048576                                   {product} {ergonomic}
   size_t MinHeapSize                              = 8388608                                   {product} {ergonomic}
    uintx NonNMethodCodeHeapSize                   = 5839372                                {pd product} {ergonomic}
    uintx NonProfiledCodeHeapSize                  = 122909434                              {pd product} {ergonomic}
    uintx ProfiledCodeHeapSize                     = 122909434                              {pd product} {ergonomic}
    uintx ReservedCodeCacheSize                    = 251658240                              {pd product} {ergonomic}
     bool SegmentedCodeCache                       = true                                      {product} {ergonomic}
   size_t SoftMaxHeapSize                          = 2147483648                             {manageable} {ergonomic}
     bool UseCompressedOops                        = true                           {product lp64_product} {ergonomic}
     bool UseG1GC                                  = true                                      {product} {ergonomic}
     bool UseLargePagesIndividualAllocation        = false                                  {pd product} {ergonomic}

Logging:
Log output configuration:
 #0: stdout all=warning uptime,level,tags foldmultilines=false
 #1: stderr all=off uptime,level,tags foldmultilines=false

Environment Variables:
JAVA_HOME=D:\My Profile\Programs\Java HOME\graalvm-jdk-22.0.2+9.1
PATH=C:\Program Files\Common Files\Oracle\Java\javapath;C:\Program Files (x86)\Common Files\Oracle\Java\javapath;C:\ProgramData\Oracle\Java\javapath;C:\Windows\system32;C:\Windows;C:\Windows\System32\Wbem;C:\Windows\System32\WindowsPowerShell\v1.0\;C:\Windows\System32\OpenSSH\;C:\Program Files (x86)\NVIDIA Corporation\PhysX\Common;C:\WINDOWS\system32;C:\WINDOWS;C:\WINDOWS\System32\Wbem;C:\WINDOWS\System32\WindowsPowerShell\v1.0\;C:\WINDOWS\System32\OpenSSH\;C:\Program Files\dotnet\;C:\Program Files\NVIDIA Corporation\NVIDIA app\NvDLISR;D:\My Profile\Programs\Java HOME\graalvm-jdk-22.0.2+9.1\bin;C:\Program Files\Git\cmd;C:\Users\User\AppData\Local\Programs\Python\Launcher\;C:\Users\User\AppData\Local\Microsoft\WindowsApps;;C:\Users\User\AppData\Roaming\Programs\Zero Install
USERNAME=User
OS=Windows_NT
PROCESSOR_IDENTIFIER=Intel64 Family 6 Model 141 Stepping 1, GenuineIntel
TMP=C:\Users\User\AppData\Local\Temp
TEMP=C:\Users\User\AppData\Local\Temp




Periodic native trim disabled

JNI global refs:
JNI global refs: 27, weak refs: 0

JNI global refs memory usage: 835, weak refs: 833

Process memory usage:
Resident Set Size: 353260K (4% of 8146232K total physical memory with 600044K free physical memory)

OOME stack traces (most recent first):
Classloader memory used:
Loader org.gradle.internal.classloader.VisitableURLClassLoader                         : 31350K
Loader bootstrap                                                                       : 22939K
Loader org.gradle.initialization.MixInLegacyTypesClassLoader                           : 8641K
Loader org.gradle.internal.classloader.VisitableURLClassLoader                         : 835K
Loader org.gradle.internal.classloader.VisitableURLClassLoader$InstrumentingVisitableURLClassLoader: 640K
Loader jdk.internal.loader.ClassLoaders$PlatformClassLoader                            : 528K
Loader jdk.internal.loader.ClassLoaders$AppClassLoader                                 : 235K
Loader jdk.internal.reflect.DelegatingClassLoader                                      : 189K
Loader org.gradle.groovy.scripts.internal.DefaultScriptCompilationHandler$ScriptClassLoader: 150K
Loader org.codehaus.groovy.runtime.callsite.CallSiteClassLoader                        : 52872B

Classes loaded by more than one classloader:
Class org.gradle.api.GradleException                                                  : loaded 3 times (x 82B)
Class org.gradle.internal.classloader.FilteringClassLoader                            : loaded 2 times (x 105B)
Class org.gradle.internal.classloader.ClassLoaderHierarchy                            : loaded 2 times (x 70B)
Class org.gradle.api.internal.classpath.ManifestUtil                                  : loaded 2 times (x 71B)
Class org.jetbrains.plugins.gradle.model.GradleExtensions                             : loaded 2 times (x 70B)
Class org.jetbrains.plugins.gradle.model.AnnotationProcessingModel                    : loaded 2 times (x 70B)
Class org.gradle.internal.operations.MultipleBuildOperationFailures                   : loaded 2 times (x 95B)
Class settings_b2qee4lmpx32fmzfdw1erecik                                              : loaded 2 times (x 179B)
Class org.gradle.internal.classloader.DefaultClassLoaderFactory                       : loaded 2 times (x 82B)
Class kotlin.collections.AbstractList$Companion                                       : loaded 2 times (x 71B)
Class org.gradle.internal.classloader.ClassLoaderVisitor                              : loaded 2 times (x 76B)
Class org.gradle.api.internal.classpath.EffectiveClassPath                            : loaded 2 times (x 90B)
Class org.gradle.tooling.internal.gradle.DefaultProjectIdentifier                     : loaded 2 times (x 86B)
Class org.gradle.api.internal.DefaultClassPathProvider                                : loaded 2 times (x 76B)
Class [Lorg.gradle.api.internal.ClassPathProvider;                                    : loaded 2 times (x 69B)
Class org.gradle.api.internal.ClassPathProvider                                       : loaded 2 times (x 70B)
Class org.gradle.internal.service.UnknownServiceException                             : loaded 2 times (x 83B)
Class org.jetbrains.kotlin.idea.gradleTooling.KotlinDslScriptAdditionalTask           : loaded 2 times (x 70B)
Class org.gradle.internal.classpath.TransformedClassPath                              : loaded 2 times (x 96B)
Class org.gradle.internal.classloader.InstrumentingClassLoader                        : loaded 2 times (x 70B)
Class kotlin.enums.EnumEntriesList                                                    : loaded 2 times (x 223B)
Class org.jetbrains.kotlin.idea.gradleTooling.KotlinSourceSetContainer                : loaded 2 times (x 70B)
Class org.jetbrains.plugins.gradle.model.IntelliJSettings                             : loaded 2 times (x 70B)
Class org.gradle.internal.service.ServiceLocator                                      : loaded 2 times (x 70B)
Class org.gradle.tooling.model.UnsupportedMethodException                             : loaded 2 times (x 82B)
Class com.intellij.compose.ide.plugin.gradleTooling.rt.ComposeResourcesModel          : loaded 2 times (x 70B)
Class org.gradle.internal.InternalTransformer                                         : loaded 2 times (x 70B)
Class org.gradle.internal.time.DefaultTimer                                           : loaded 2 times (x 80B)
Class org.gradle.internal.classloader.ClasspathUtil$1                                 : loaded 2 times (x 76B)
Class org.gradle.api.internal.classpath.DefaultModuleRegistry$DefaultModule           : loaded 2 times (x 86B)
Class settings_b2qee4lmpx32fmzfdw1erecik$_run_closure1$_closure2                      : loaded 2 times (x 139B)
Class org.gradle.internal.time.DefaultCountdownTimer                                  : loaded 2 times (x 88B)
Class org.gradle.tooling.internal.gradle.DefaultBuildIdentifier                       : loaded 2 times (x 79B)
Class kotlin.Function                                                                 : loaded 2 times (x 70B)
Class org.gradle.api.internal.classpath.Module                                        : loaded 2 times (x 70B)
Class org.gradle.api.internal.classpath.UnknownModuleException                        : loaded 2 times (x 82B)
Class com.intellij.openapi.externalSystem.model.project.dependencies.ProjectDependencies: loaded 2 times (x 70B)
Class org.gradle.tooling.internal.gradle.GradleProjectIdentity                        : loaded 2 times (x 70B)
Class org.gradle.api.internal.DefaultClassPathRegistry                                : loaded 2 times (x 76B)
Class org.gradle.api.internal.ClassPathRegistry                                       : loaded 2 times (x 70B)
Class org.gradle.internal.classpath.DefaultClassPath$ImmutableUniqueList              : loaded 2 times (x 199B)
Class ijInit1_35dm7hl684e41ngwa7vmcdovq                                               : loaded 2 times (x 179B)
Class org.gradle.internal.classpath.ClassPath                                         : loaded 2 times (x 70B)
Class org.gradle.api.UncheckedIOException                                             : loaded 2 times (x 82B)
Class org.jetbrains.kotlin.idea.gradleTooling.KotlinGradleModel                       : loaded 2 times (x 70B)
Class org.gradle.tooling.model.Model                                                  : loaded 2 times (x 70B)
Class kotlin.UninitializedPropertyAccessException                                     : loaded 2 times (x 82B)
Class org.jetbrains.plugins.gradle.model.IntelliJProjectSettings                      : loaded 2 times (x 70B)
Class org.gradle.internal.installation.GradleInstallation$1                           : loaded 2 times (x 75B)
Class org.gradle.api.internal.classpath.ModuleRegistry                                : loaded 2 times (x 70B)
Class org.jetbrains.plugins.gradle.model.VersionCatalogsModel                         : loaded 2 times (x 70B)
Class org.gradle.api.internal.classpath.DefaultModuleRegistry                         : loaded 2 times (x 86B)
Class org.gradle.internal.time.MonotonicClock                                         : loaded 2 times (x 77B)
Class org.gradle.internal.service.ServiceLookupException                              : loaded 2 times (x 82B)
Class sync_studio_tooling1_ed0r1j2xv81dumfuvz8p57d3v                                  : loaded 2 times (x 179B)
Class org.gradle.internal.classloader.ClassLoaderFactory                              : loaded 2 times (x 70B)
Class org.gradle.internal.service.CachingServiceLocator                               : loaded 2 times (x 82B)
Class org.jetbrains.plugins.gradle.model.RepositoryModels                             : loaded 2 times (x 70B)
Class org.gradle.internal.time.TimeSource                                             : loaded 2 times (x 70B)
Class org.gradle.tooling.internal.gradle.GradleBuildIdentity                          : loaded 2 times (x 70B)
Class kotlin.enums.EnumEntries                                                        : loaded 2 times (x 70B)
Class org.gradle.internal.exceptions.ResolutionProvider                               : loaded 2 times (x 70B)
Class org.gradle.tooling.model.ProjectIdentifier                                      : loaded 2 times (x 70B)
Class org.gradle.internal.classloader.ClasspathUtil                                   : loaded 2 times (x 71B)
Class org.gradle.internal.time.TimeSource$1                                           : loaded 2 times (x 77B)
Class kotlin.jvm.internal.DefaultConstructorMarker                                    : loaded 2 times (x 71B)
Class org.gradle.api.specs.Spec                                                       : loaded 2 times (x 70B)
Class org.gradle.internal.time.Clock                                                  : loaded 2 times (x 70B)
Class kotlin.collections.AbstractList                                                 : loaded 2 times (x 197B)
Class kotlin.collections.AbstractCollection                                           : loaded 2 times (x 117B)
Class org.gradle.internal.classloader.VisitableURLClassLoader$InstrumentingVisitableURLClassLoader: loaded 2 times (x 123B)
Class org.gradle.internal.classloader.VisitableURLClassLoader$Spec                    : loaded 2 times (x 74B)
Class org.gradle.internal.classpath.DefaultClassPath                                  : loaded 2 times (x 90B)
Class org.gradle.internal.classloader.ClassLoaderSpec                                 : loaded 2 times (x 71B)
Class kotlin.Unit                                                                     : loaded 2 times (x 71B)
Class org.gradle.internal.classloader.VisitableURLClassLoader                         : loaded 2 times (x 117B)
Class org.gradle.internal.Cast                                                        : loaded 2 times (x 71B)
Class org.gradle.api.Action                                                           : loaded 2 times (x 70B)
Class kotlin.jvm.functions.Function1                                                  : loaded 2 times (x 70B)
Class org.gradle.internal.classpath.DefaultClassPath$ImmutableUniqueList$Builder      : loaded 2 times (x 75B)
Class kotlin.NotImplementedError                                                      : loaded 2 times (x 82B)
Class org.gradle.internal.exceptions.NonGradleCauseExceptionsHolder                   : loaded 2 times (x 70B)
Class org.jetbrains.plugins.gradle.tooling.ModelBuilderService$Parameter              : loaded 2 times (x 70B)
Class kotlin.enums.EnumEntriesKt                                                      : loaded 2 times (x 71B)
Class org.gradle.internal.IoActions                                                   : loaded 2 times (x 71B)
Class org.gradle.internal.classloader.SystemClassLoaderSpec                           : loaded 2 times (x 71B)
Class org.gradle.internal.exceptions.MultiCauseException                              : loaded 2 times (x 70B)
Class org.gradle.internal.time.CountdownTimer                                         : loaded 2 times (x 70B)
Class kotlin.jvm.internal.Intrinsics                                                  : loaded 2 times (x 71B)
Class org.gradle.tooling.model.ProjectModel                                           : loaded 2 times (x 70B)
Class kotlin.KotlinNullPointerException                                               : loaded 2 times (x 83B)
Class org.jetbrains.plugins.gradle.model.tests.ExternalTestsModel                     : loaded 2 times (x 70B)
Class org.gradle.internal.exceptions.DefaultMultiCauseException                       : loaded 2 times (x 95B)
Class org.gradle.internal.time.Time                                                   : loaded 2 times (x 71B)
Class org.jetbrains.plugins.gradle.model.DependencyAccessorsModel                     : loaded 2 times (x 70B)
Class org.gradle.api.internal.classpath.GlobalCacheRootsProvider                      : loaded 2 times (x 70B)
Class org.jetbrains.kotlin.idea.gradleTooling.KotlinMPPGradleModel                    : loaded 2 times (x 70B)
Class org.gradle.tooling.model.BuildIdentifier                                        : loaded 2 times (x 70B)
Class org.jetbrains.kotlin.idea.gradleTooling.PrepareKotlinIdeImportTaskModel         : loaded 2 times (x 70B)
Class org.gradle.internal.time.Timer                                                  : loaded 2 times (x 70B)
Class kotlin.jvm.internal.markers.KMappedMarker                                       : loaded 2 times (x 70B)
Class org.gradle.internal.installation.CurrentGradleInstallationLocator               : loaded 2 times (x 71B)
Class org.gradle.internal.service.DefaultServiceLocator                               : loaded 2 times (x 83B)
Class settings_b2qee4lmpx32fmzfdw1erecik$_run_closure1                                : loaded 2 times (x 139B)
Class org.gradle.util.GradleVersion                                                   : loaded 2 times (x 79B)
Class org.gradle.internal.installation.CurrentGradleInstallation                      : loaded 2 times (x 73B)
Class org.jetbrains.plugins.gradle.javaModel.JavaGradleManifestModel                  : loaded 2 times (x 70B)
Class org.gradle.util.internal.GUtil                                                  : loaded 2 times (x 71B)
Class org.gradle.internal.installation.GradleInstallation                             : loaded 2 times (x 75B)

---------------  S Y S T E M  ---------------

OS:
 Windows 11 , 64 bit Build 26100 (10.0.26100.7019)
OS uptime: 0 days 2:12 hours
Hyper-V role detected

CPU: total 12 (initial active 12) (6 cores per cpu, 2 threads per core) family 6 model 141 stepping 1 microcode 0x3c, cx8, cmov, fxsr, ht, mmx, 3dnowpref, sse, sse2, sse3, ssse3, sse4.1, sse4.2, popcnt, lzcnt, tsc, tscinvbit, avx, avx2, aes, erms, clmul, bmi1, bmi2, adx, avx512f, avx512dq, avx512cd, avx512bw, avx512vl, sha, fma, vzeroupper, avx512_vpopcntdq, avx512_vpclmulqdq, avx512_vaes, avx512_vnni, clflush, clflushopt, clwb, avx512_vbmi2, avx512_vbmi, hv, rdtscp, rdpid, fsrm, gfni, avx512_bitalg, f16c, cet_ibt, cet_ss, avx512_ifma
Processor Information for the first 12 processors :
  Max Mhz: 2688, Current Mhz: 2688, Mhz Limit: 2688

Memory: 4k page, system-wide physical 7955M (578M free)
TotalPageFile size 16983M (AvailPageFile size 0M)
current process WorkingSet (physical memory assigned to process): 346M, peak: 347M
current process commit charge ("private bytes"): 418M, peak: 419M

vm_info: OpenJDK 64-Bit Server VM (21.0.8+-14018985-b1038.68) for windows-amd64 JRE (21.0.8+-14018985-b1038.68), built on 2025-08-29T19:56:34Z by "builder" with MS VC++ 16.10 / 16.11 (VS2019)

END.
