#
# There is insufficient memory for the Java Runtime Environment to continue.
# Native memory allocation (malloc) failed to allocate 541936 bytes. Error detail: Chunk::new
# Possible reasons:
#   The system is out of physical RAM or swap space
#   This process is running with CompressedOops enabled, and the Java Heap may be blocking the growth of the native heap
# Possible solutions:
#   Reduce memory load on the system
#   Increase physical memory or swap space
#   Check if swap backing store is full
#   Decrease Java heap size (-Xmx/-Xms)
#   Decrease number of Java threads
#   Decrease Java thread stack sizes (-Xss)
#   Set larger code cache with -XX:ReservedCodeCacheSize=
#   JVM is running with Unscaled Compressed Oops mode in which the Java heap is
#     placed in the first 4GB address space. The Java Heap base address is the
#     maximum limit for the native heap growth. Please use -XX:HeapBaseMinAddress
#     to set the Java Heap base and to place the Java Heap above 4GB virtual address.
# This output file may be truncated or incomplete.
#
#  Out of Memory Error (arena.cpp:168), pid=22860, tid=15440
#
# JRE version: OpenJDK Runtime Environment (21.0.8) (build 21.0.8+-14018985-b1038.68)
# Java VM: OpenJDK 64-Bit Server VM (21.0.8+-14018985-b1038.68, mixed mode, tiered, compressed oops, compressed class ptrs, g1 gc, windows-amd64)
# No core dump will be written. Minidumps are not enabled by default on client versions of Windows
#

---------------  S U M M A R Y ------------

Command Line: --add-opens=java.base/java.lang=ALL-UNNAMED --add-opens=java.base/java.lang.invoke=ALL-UNNAMED --add-opens=java.base/java.util=ALL-UNNAMED --add-opens=java.prefs/java.util.prefs=ALL-UNNAMED --add-exports=jdk.compiler/com.sun.tools.javac.api=ALL-UNNAMED --add-exports=jdk.compiler/com.sun.tools.javac.util=ALL-UNNAMED --add-opens=java.base/java.util=ALL-UNNAMED --add-opens=java.prefs/java.util.prefs=ALL-UNNAMED --add-opens=java.base/java.nio.charset=ALL-UNNAMED --add-opens=java.base/java.net=ALL-UNNAMED --add-opens=java.base/java.util.concurrent.atomic=ALL-UNNAMED --add-opens=java.xml/javax.xml.namespace=ALL-UNNAMED -Xmx2048m -Dfile.encoding=UTF-8 -Duser.country=UA -Duser.language=uk -Duser.variant -javaagent:C:\Users\User\.gradle\wrapper\dists\gradle-8.13-bin\5xuhj0ry160q40clulazy9h7d\gradle-8.13\lib\agents\gradle-instrumentation-agent-8.13.jar org.gradle.launcher.daemon.bootstrap.GradleDaemon 8.13

Host: 11th Gen Intel(R) Core(TM) i5-11400H @ 2.70GHz, 12 cores, 7G,  Windows 11 , 64 bit Build 26100 (10.0.26100.7019)
Time: Tue Nov 11 23:58:57 2025 elapsed time: 1.877914 seconds (0d 0h 0m 1s)

---------------  T H R E A D  ---------------

Current thread (0x000001d3265f26f0):  JavaThread "C2 CompilerThread2" daemon [_thread_in_native, id=15440, stack(0x0000006cc3a00000,0x0000006cc3b00000) (1024K)]


Current CompileTask:
C2:1877 2678   !   4       java.lang.ClassLoader::loadClass (121 bytes)

Stack: [0x0000006cc3a00000,0x0000006cc3b00000]
Native frames: (J=compiled Java code, j=interpreted, Vv=VM code, C=native code)
V  [jvm.dll+0x6d68d9]
V  [jvm.dll+0x866693]
V  [jvm.dll+0x868c4e]
V  [jvm.dll+0x869333]
V  [jvm.dll+0x280566]
V  [jvm.dll+0xc07cd]
V  [jvm.dll+0xc0d03]
V  [jvm.dll+0x2f5970]
V  [jvm.dll+0x5ff719]
V  [jvm.dll+0x252362]
V  [jvm.dll+0x24ab5d]
V  [jvm.dll+0x24871e]
V  [jvm.dll+0x1c73a4]
V  [jvm.dll+0x257f9e]
V  [jvm.dll+0x2564e6]
V  [jvm.dll+0x3f4696]
V  [jvm.dll+0x80eac8]
V  [jvm.dll+0x6d512d]
C  [ucrtbase.dll+0x37b0]
C  [KERNEL32.DLL+0x2e8d7]
C  [ntdll.dll+0x8c53c]


---------------  P R O C E S S  ---------------

Threads class SMR info:
_java_thread_list=0x000001d328481830, length=26, elements={
0x000001d309e0e0d0, 0x000001d321b2ce60, 0x000001d321b31270, 0x000001d321b5d5f0,
0x000001d321b3db10, 0x000001d321b3e390, 0x000001d321b3edf0, 0x000001d321b3f850,
0x000001d321b82af0, 0x000001d321ba3ae0, 0x000001d321e7dfc0, 0x000001d32600c0c0,
0x000001d3265f26f0, 0x000001d3279fcd10, 0x000001d327b208c0, 0x000001d3279d36e0,
0x000001d327ac1ad0, 0x000001d327ac2550, 0x000001d327c55be0, 0x000001d327a3a290,
0x000001d327a38850, 0x000001d327a3a920, 0x000001d327a3afb0, 0x000001d327a3b640,
0x000001d327a381c0, 0x000001d327a38ee0
}

Java Threads: ( => current thread )
  0x000001d309e0e0d0 JavaThread "main"                              [_thread_blocked, id=6296, stack(0x0000006cc2700000,0x0000006cc2800000) (1024K)]
  0x000001d321b2ce60 JavaThread "Common-Cleaner"             daemon [_thread_blocked, id=21868, stack(0x0000006cc2f00000,0x0000006cc3000000) (1024K)]
  0x000001d321b31270 JavaThread "Reference Handler"          daemon [_thread_blocked, id=3032, stack(0x0000006cc3000000,0x0000006cc3100000) (1024K)]
  0x000001d321b5d5f0 JavaThread "Finalizer"                  daemon [_thread_blocked, id=23316, stack(0x0000006cc3100000,0x0000006cc3200000) (1024K)]
  0x000001d321b3db10 JavaThread "Signal Dispatcher"          daemon [_thread_blocked, id=22360, stack(0x0000006cc3200000,0x0000006cc3300000) (1024K)]
  0x000001d321b3e390 JavaThread "Attach Listener"            daemon [_thread_blocked, id=22532, stack(0x0000006cc3300000,0x0000006cc3400000) (1024K)]
  0x000001d321b3edf0 JavaThread "Service Thread"             daemon [_thread_blocked, id=14872, stack(0x0000006cc3400000,0x0000006cc3500000) (1024K)]
  0x000001d321b3f850 JavaThread "Monitor Deflation Thread"   daemon [_thread_blocked, id=15168, stack(0x0000006cc3500000,0x0000006cc3600000) (1024K)]
  0x000001d321b82af0 JavaThread "C2 CompilerThread0"         daemon [_thread_in_native, id=2104, stack(0x0000006cc3600000,0x0000006cc3700000) (1024K)]
  0x000001d321ba3ae0 JavaThread "C1 CompilerThread0"         daemon [_thread_blocked, id=7308, stack(0x0000006cc3700000,0x0000006cc3800000) (1024K)]
  0x000001d321e7dfc0 JavaThread "Notification Thread"        daemon [_thread_blocked, id=23220, stack(0x0000006cc3800000,0x0000006cc3900000) (1024K)]
  0x000001d32600c0c0 JavaThread "C2 CompilerThread1"         daemon [_thread_blocked, id=22440, stack(0x0000006cc3900000,0x0000006cc3a00000) (1024K)]
=>0x000001d3265f26f0 JavaThread "C2 CompilerThread2"         daemon [_thread_in_native, id=15440, stack(0x0000006cc3a00000,0x0000006cc3b00000) (1024K)]
  0x000001d3279fcd10 JavaThread "Daemon health stats"               [_thread_blocked, id=2188, stack(0x0000006cc4300000,0x0000006cc4400000) (1024K)]
  0x000001d327b208c0 JavaThread "Incoming local TCP Connector on port 63990"        [_thread_in_native, id=3548, stack(0x0000006cc4400000,0x0000006cc4500000) (1024K)]
  0x000001d3279d36e0 JavaThread "Daemon periodic checks"            [_thread_blocked, id=23132, stack(0x0000006cc4500000,0x0000006cc4600000) (1024K)]
  0x000001d327ac1ad0 JavaThread "Daemon"                            [_thread_blocked, id=812, stack(0x0000006cc4600000,0x0000006cc4700000) (1024K)]
  0x000001d327ac2550 JavaThread "Handler for socket connection from /127.0.0.1:63990 to /127.0.0.1:63991"        [_thread_in_native, id=14764, stack(0x0000006cc4700000,0x0000006cc4800000) (1024K)]
  0x000001d327c55be0 JavaThread "Cancel handler"                    [_thread_blocked, id=1788, stack(0x0000006cc4800000,0x0000006cc4900000) (1024K)]
  0x000001d327a3a290 JavaThread "Daemon worker"                     [_thread_in_vm, id=3392, stack(0x0000006cc4900000,0x0000006cc4a00000) (1024K)]
  0x000001d327a38850 JavaThread "Asynchronous log dispatcher for DefaultDaemonConnection: socket connection from /127.0.0.1:63990 to /127.0.0.1:63991"        [_thread_blocked, id=10728, stack(0x0000006cc4d00000,0x0000006cc4e00000) (1024K)]
  0x000001d327a3a920 JavaThread "Stdin handler"                     [_thread_blocked, id=18160, stack(0x0000006cc4e00000,0x0000006cc4f00000) (1024K)]
  0x000001d327a3afb0 JavaThread "Daemon client event forwarder"        [_thread_blocked, id=2680, stack(0x0000006cc4f00000,0x0000006cc5000000) (1024K)]
  0x000001d327a3b640 JavaThread "Cache worker for journal cache (C:\Users\User\.gradle\caches\journal-1)"        [_thread_blocked, id=5696, stack(0x0000006cc5000000,0x0000006cc5100000) (1024K)]
  0x000001d327a381c0 JavaThread "File lock request listener"        [_thread_in_native, id=572, stack(0x0000006cc5100000,0x0000006cc5200000) (1024K)]
  0x000001d327a38ee0 JavaThread "Cache worker for file hash cache (C:\Users\User\.gradle\caches\8.13\fileHashes)"        [_thread_blocked, id=21644, stack(0x0000006cc5200000,0x0000006cc5300000) (1024K)]
Total: 26

Other Threads:
  0x000001d321ab4f30 VMThread "VM Thread"                           [id=6308, stack(0x0000006cc2e00000,0x0000006cc2f00000) (1024K)]
  0x000001d32181e400 WatcherThread "VM Periodic Task Thread"        [id=2676, stack(0x0000006cc2d00000,0x0000006cc2e00000) (1024K)]
  0x000001d307ade020 WorkerThread "GC Thread#0"                     [id=19764, stack(0x0000006cc2800000,0x0000006cc2900000) (1024K)]
  0x000001d32651b140 WorkerThread "GC Thread#1"                     [id=19712, stack(0x0000006cc3b00000,0x0000006cc3c00000) (1024K)]
  0x000001d32651b4e0 WorkerThread "GC Thread#2"                     [id=14232, stack(0x0000006cc3c00000,0x0000006cc3d00000) (1024K)]
  0x000001d326196130 WorkerThread "GC Thread#3"                     [id=16292, stack(0x0000006cc3d00000,0x0000006cc3e00000) (1024K)]
  0x000001d326e7fdb0 WorkerThread "GC Thread#4"                     [id=16344, stack(0x0000006cc3e00000,0x0000006cc3f00000) (1024K)]
  0x000001d326c77ba0 WorkerThread "GC Thread#5"                     [id=11240, stack(0x0000006cc3f00000,0x0000006cc4000000) (1024K)]
  0x000001d3272f2690 WorkerThread "GC Thread#6"                     [id=21920, stack(0x0000006cc4000000,0x0000006cc4100000) (1024K)]
  0x000001d3278360b0 WorkerThread "GC Thread#7"                     [id=11000, stack(0x0000006cc4100000,0x0000006cc4200000) (1024K)]
  0x000001d327a0e250 WorkerThread "GC Thread#8"                     [id=8488, stack(0x0000006cc4200000,0x0000006cc4300000) (1024K)]
  0x000001d3279fb340 WorkerThread "GC Thread#9"                     [id=15404, stack(0x0000006cc4a00000,0x0000006cc4b00000) (1024K)]
  0x000001d309e74860 ConcurrentGCThread "G1 Main Marker"            [id=8424, stack(0x0000006cc2900000,0x0000006cc2a00000) (1024K)]
  0x000001d309e760b0 WorkerThread "G1 Conc#0"                       [id=16564, stack(0x0000006cc2a00000,0x0000006cc2b00000) (1024K)]
  0x000001d3279fa860 WorkerThread "G1 Conc#1"                       [id=22604, stack(0x0000006cc4b00000,0x0000006cc4c00000) (1024K)]
  0x000001d3279fba80 WorkerThread "G1 Conc#2"                       [id=3444, stack(0x0000006cc4c00000,0x0000006cc4d00000) (1024K)]
  0x000001d309ece760 ConcurrentGCThread "G1 Refine#0"               [id=16240, stack(0x0000006cc2b00000,0x0000006cc2c00000) (1024K)]
  0x000001d3216f40a0 ConcurrentGCThread "G1 Service"                [id=6684, stack(0x0000006cc2c00000,0x0000006cc2d00000) (1024K)]
Total: 18

Threads with active compile tasks:
C2 CompilerThread0  1899 2689       4       java.lang.invoke.MethodType::makeImpl (109 bytes)
C2 CompilerThread2  1899 2678   !   4       java.lang.ClassLoader::loadClass (121 bytes)
Total: 2

VM state: not at safepoint (normal execution)

VM Mutex/Monitor currently owned by a thread: None

Heap address: 0x0000000080000000, size: 2048 MB, Compressed Oops mode: 32-bit

CDS archive(s) not mapped
Compressed class space mapped at: 0x0000000100000000-0x0000000140000000, reserved size: 1073741824
Narrow klass base: 0x0000000000000000, Narrow klass shift: 3, Narrow klass range: 0x140000000

GC Precious Log:
 CardTable entry size: 512
 Card Set container configuration: InlinePtr #cards 5 size 8 Array Of Cards #cards 12 size 40 Howl #buckets 4 coarsen threshold 1843 Howl Bitmap #cards 512 size 80 coarsen threshold 460 Card regions per heap region 1 cards per card region 2048
 CPUs: 12 total, 12 available
 Memory: 7955M
 Large Page Support: Disabled
 NUMA Support: Disabled
 Compressed Oops: Enabled (32-bit)
 Heap Region Size: 1M
 Heap Min Capacity: 8M
 Heap Initial Capacity: 126M
 Heap Max Capacity: 2G
 Pre-touch: Disabled
 Parallel Workers: 10
 Concurrent Workers: 3
 Concurrent Refinement Workers: 10
 Periodic GC: Disabled

Heap:
 garbage-first heap   total 71680K, used 45909K [0x0000000080000000, 0x0000000100000000)
  region size 1024K, 30 young (30720K), 3 survivors (3072K)
 Metaspace       used 26199K, committed 26624K, reserved 1114112K
  class space    used 3273K, committed 3456K, reserved 1048576K

Heap Regions: E=young(eden), S=young(survivor), O=old, HS=humongous(starts), HC=humongous(continues), CS=collection set, F=free, TAMS=top-at-mark-start, PB=parsable bottom
|   0|0x0000000080000000, 0x0000000080100000, 0x0000000080100000|100%|HS|  |TAMS 0x0000000080000000| PB 0x0000000080000000| Complete 
|   1|0x0000000080100000, 0x0000000080200000, 0x0000000080200000|100%|HC|  |TAMS 0x0000000080100000| PB 0x0000000080100000| Complete 
|   2|0x0000000080200000, 0x0000000080300000, 0x0000000080300000|100%|HC|  |TAMS 0x0000000080200000| PB 0x0000000080200000| Complete 
|   3|0x0000000080300000, 0x0000000080400000, 0x0000000080400000|100%| O|  |TAMS 0x0000000080300000| PB 0x0000000080300000| Untracked 
|   4|0x0000000080400000, 0x0000000080500000, 0x0000000080500000|100%| O|  |TAMS 0x0000000080400000| PB 0x0000000080400000| Untracked 
|   5|0x0000000080500000, 0x0000000080600000, 0x0000000080600000|100%| O|  |TAMS 0x0000000080500000| PB 0x0000000080500000| Untracked 
|   6|0x0000000080600000, 0x0000000080700000, 0x0000000080700000|100%|HS|  |TAMS 0x0000000080600000| PB 0x0000000080600000| Complete 
|   7|0x0000000080700000, 0x0000000080800000, 0x0000000080800000|100%| O|  |TAMS 0x0000000080700000| PB 0x0000000080700000| Untracked 
|   8|0x0000000080800000, 0x0000000080900000, 0x0000000080900000|100%| O|  |TAMS 0x0000000080800000| PB 0x0000000080800000| Untracked 
|   9|0x0000000080900000, 0x0000000080a00000, 0x0000000080a00000|100%| O|  |TAMS 0x0000000080900000| PB 0x0000000080900000| Untracked 
|  10|0x0000000080a00000, 0x0000000080b00000, 0x0000000080b00000|100%| O|  |TAMS 0x0000000080a00000| PB 0x0000000080a00000| Untracked 
|  11|0x0000000080b00000, 0x0000000080c00000, 0x0000000080c00000|100%| O|  |TAMS 0x0000000080b00000| PB 0x0000000080b00000| Untracked 
|  12|0x0000000080c00000, 0x0000000080d00000, 0x0000000080d00000|100%| O|  |TAMS 0x0000000080c00000| PB 0x0000000080c00000| Untracked 
|  13|0x0000000080d00000, 0x0000000080e00000, 0x0000000080e00000|100%| O|  |TAMS 0x0000000080d00000| PB 0x0000000080d00000| Untracked 
|  14|0x0000000080e00000, 0x0000000080f00000, 0x0000000080f00000|100%| O|  |TAMS 0x0000000080e00000| PB 0x0000000080e00000| Untracked 
|  15|0x0000000080f00000, 0x0000000081000000, 0x0000000081000000|100%| O|  |TAMS 0x0000000080f00000| PB 0x0000000080f00000| Untracked 
|  16|0x0000000081000000, 0x0000000081100000, 0x0000000081100000|100%| O|  |TAMS 0x0000000081000000| PB 0x0000000081000000| Untracked 
|  17|0x0000000081100000, 0x00000000811846c8, 0x0000000081200000| 51%| O|Cm|TAMS 0x0000000081100000| PB 0x0000000081100000| Complete 
|  18|0x0000000081200000, 0x0000000081200000, 0x0000000081300000|  0%| F|  |TAMS 0x0000000081200000| PB 0x0000000081200000| Untracked 
|  19|0x0000000081300000, 0x0000000081300000, 0x0000000081400000|  0%| F|  |TAMS 0x0000000081300000| PB 0x0000000081300000| Untracked 
|  20|0x0000000081400000, 0x0000000081400000, 0x0000000081500000|  0%| F|  |TAMS 0x0000000081400000| PB 0x0000000081400000| Untracked 
|  21|0x0000000081500000, 0x0000000081500000, 0x0000000081600000|  0%| F|  |TAMS 0x0000000081500000| PB 0x0000000081500000| Untracked 
|  22|0x0000000081600000, 0x0000000081600000, 0x0000000081700000|  0%| F|  |TAMS 0x0000000081600000| PB 0x0000000081600000| Untracked 
|  23|0x0000000081700000, 0x0000000081700000, 0x0000000081800000|  0%| F|  |TAMS 0x0000000081700000| PB 0x0000000081700000| Untracked 
|  24|0x0000000081800000, 0x0000000081800000, 0x0000000081900000|  0%| F|  |TAMS 0x0000000081800000| PB 0x0000000081800000| Untracked 
|  25|0x0000000081900000, 0x0000000081900000, 0x0000000081a00000|  0%| F|  |TAMS 0x0000000081900000| PB 0x0000000081900000| Untracked 
|  26|0x0000000081a00000, 0x0000000081a00000, 0x0000000081b00000|  0%| F|  |TAMS 0x0000000081a00000| PB 0x0000000081a00000| Untracked 
|  27|0x0000000081b00000, 0x0000000081b00000, 0x0000000081c00000|  0%| F|  |TAMS 0x0000000081b00000| PB 0x0000000081b00000| Untracked 
|  28|0x0000000081c00000, 0x0000000081c00000, 0x0000000081d00000|  0%| F|  |TAMS 0x0000000081c00000| PB 0x0000000081c00000| Untracked 
|  29|0x0000000081d00000, 0x0000000081d00000, 0x0000000081e00000|  0%| F|  |TAMS 0x0000000081d00000| PB 0x0000000081d00000| Untracked 
|  30|0x0000000081e00000, 0x0000000081e00000, 0x0000000081f00000|  0%| F|  |TAMS 0x0000000081e00000| PB 0x0000000081e00000| Untracked 
|  31|0x0000000081f00000, 0x0000000081f00000, 0x0000000082000000|  0%| F|  |TAMS 0x0000000081f00000| PB 0x0000000081f00000| Untracked 
|  32|0x0000000082000000, 0x0000000082000000, 0x0000000082100000|  0%| F|  |TAMS 0x0000000082000000| PB 0x0000000082000000| Untracked 
|  33|0x0000000082100000, 0x0000000082100000, 0x0000000082200000|  0%| F|  |TAMS 0x0000000082100000| PB 0x0000000082100000| Untracked 
|  34|0x0000000082200000, 0x0000000082200000, 0x0000000082300000|  0%| F|  |TAMS 0x0000000082200000| PB 0x0000000082200000| Untracked 
|  35|0x0000000082300000, 0x0000000082300000, 0x0000000082400000|  0%| F|  |TAMS 0x0000000082300000| PB 0x0000000082300000| Untracked 
|  36|0x0000000082400000, 0x0000000082400000, 0x0000000082500000|  0%| F|  |TAMS 0x0000000082400000| PB 0x0000000082400000| Untracked 
|  37|0x0000000082500000, 0x0000000082500000, 0x0000000082600000|  0%| F|  |TAMS 0x0000000082500000| PB 0x0000000082500000| Untracked 
|  38|0x0000000082600000, 0x0000000082600000, 0x0000000082700000|  0%| F|  |TAMS 0x0000000082600000| PB 0x0000000082600000| Untracked 
|  39|0x0000000082700000, 0x000000008277ae20, 0x0000000082800000| 48%| E|  |TAMS 0x0000000082700000| PB 0x0000000082700000| Complete 
|  40|0x0000000082800000, 0x0000000082900000, 0x0000000082900000|100%| E|CS|TAMS 0x0000000082800000| PB 0x0000000082800000| Complete 
|  41|0x0000000082900000, 0x0000000082a00000, 0x0000000082a00000|100%| E|CS|TAMS 0x0000000082900000| PB 0x0000000082900000| Complete 
|  42|0x0000000082a00000, 0x0000000082b00000, 0x0000000082b00000|100%| E|CS|TAMS 0x0000000082a00000| PB 0x0000000082a00000| Complete 
|  43|0x0000000082b00000, 0x0000000082c00000, 0x0000000082c00000|100%| E|CS|TAMS 0x0000000082b00000| PB 0x0000000082b00000| Complete 
|  44|0x0000000082c00000, 0x0000000082d00000, 0x0000000082d00000|100%| E|CS|TAMS 0x0000000082c00000| PB 0x0000000082c00000| Complete 
|  45|0x0000000082d00000, 0x0000000082e00000, 0x0000000082e00000|100%| E|CS|TAMS 0x0000000082d00000| PB 0x0000000082d00000| Complete 
|  46|0x0000000082e00000, 0x0000000082f00000, 0x0000000082f00000|100%| E|CS|TAMS 0x0000000082e00000| PB 0x0000000082e00000| Complete 
|  47|0x0000000082f00000, 0x0000000083000000, 0x0000000083000000|100%| E|CS|TAMS 0x0000000082f00000| PB 0x0000000082f00000| Complete 
|  48|0x0000000083000000, 0x0000000083100000, 0x0000000083100000|100%| E|CS|TAMS 0x0000000083000000| PB 0x0000000083000000| Complete 
|  49|0x0000000083100000, 0x0000000083200000, 0x0000000083200000|100%| E|CS|TAMS 0x0000000083100000| PB 0x0000000083100000| Complete 
|  50|0x0000000083200000, 0x0000000083300000, 0x0000000083300000|100%| E|CS|TAMS 0x0000000083200000| PB 0x0000000083200000| Complete 
|  51|0x0000000083300000, 0x0000000083400000, 0x0000000083400000|100%| E|CS|TAMS 0x0000000083300000| PB 0x0000000083300000| Complete 
|  52|0x0000000083400000, 0x0000000083500000, 0x0000000083500000|100%| E|CS|TAMS 0x0000000083400000| PB 0x0000000083400000| Complete 
|  53|0x0000000083500000, 0x0000000083600000, 0x0000000083600000|100%| E|CS|TAMS 0x0000000083500000| PB 0x0000000083500000| Complete 
|  54|0x0000000083600000, 0x0000000083700000, 0x0000000083700000|100%| E|CS|TAMS 0x0000000083600000| PB 0x0000000083600000| Complete 
|  55|0x0000000083700000, 0x0000000083800000, 0x0000000083800000|100%| E|CS|TAMS 0x0000000083700000| PB 0x0000000083700000| Complete 
|  56|0x0000000083800000, 0x0000000083900000, 0x0000000083900000|100%| E|  |TAMS 0x0000000083800000| PB 0x0000000083800000| Complete 
|  57|0x0000000083900000, 0x0000000083a00000, 0x0000000083a00000|100%| E|CS|TAMS 0x0000000083900000| PB 0x0000000083900000| Complete 
|  58|0x0000000083a00000, 0x0000000083b00000, 0x0000000083b00000|100%| E|CS|TAMS 0x0000000083a00000| PB 0x0000000083a00000| Complete 
|  59|0x0000000083b00000, 0x0000000083c00000, 0x0000000083c00000|100%| E|CS|TAMS 0x0000000083b00000| PB 0x0000000083b00000| Complete 
|  60|0x0000000083c00000, 0x0000000083d00000, 0x0000000083d00000|100%| E|CS|TAMS 0x0000000083c00000| PB 0x0000000083c00000| Complete 
|  61|0x0000000083d00000, 0x0000000083e00000, 0x0000000083e00000|100%| E|CS|TAMS 0x0000000083d00000| PB 0x0000000083d00000| Complete 
|  62|0x0000000083e00000, 0x0000000083f00000, 0x0000000083f00000|100%| E|CS|TAMS 0x0000000083e00000| PB 0x0000000083e00000| Complete 
|  63|0x0000000083f00000, 0x0000000084000000, 0x0000000084000000|100%| E|CS|TAMS 0x0000000083f00000| PB 0x0000000083f00000| Complete 
|  64|0x0000000084000000, 0x0000000084100000, 0x0000000084100000|100%| E|CS|TAMS 0x0000000084000000| PB 0x0000000084000000| Complete 
|  65|0x0000000084100000, 0x0000000084200000, 0x0000000084200000|100%| E|CS|TAMS 0x0000000084100000| PB 0x0000000084100000| Complete 
| 105|0x0000000086900000, 0x0000000086950d40, 0x0000000086a00000| 31%| S|CS|TAMS 0x0000000086900000| PB 0x0000000086900000| Complete 
| 106|0x0000000086a00000, 0x0000000086b00000, 0x0000000086b00000|100%| S|CS|TAMS 0x0000000086a00000| PB 0x0000000086a00000| Complete 
| 107|0x0000000086b00000, 0x0000000086c00000, 0x0000000086c00000|100%| S|CS|TAMS 0x0000000086b00000| PB 0x0000000086b00000| Complete 
| 125|0x0000000087d00000, 0x0000000087e00000, 0x0000000087e00000|100%| E|CS|TAMS 0x0000000087d00000| PB 0x0000000087d00000| Complete 

Card table byte_map: [0x000001d31c8c0000,0x000001d31ccc0000] _byte_map_base: 0x000001d31c4c0000

Marking Bits: (CMBitMap*) 0x000001d307ade630
 Bits: [0x000001d31ccc0000, 0x000001d31ecc0000)

Polling page: 0x000001d307c50000

Metaspace:

Usage:
  Non-class:     22.40 MB used.
      Class:      3.20 MB used.
       Both:     25.60 MB used.

Virtual space:
  Non-class space:       64.00 MB reserved,      22.62 MB ( 35%) committed,  1 nodes.
      Class space:        1.00 GB reserved,       3.38 MB ( <1%) committed,  1 nodes.
             Both:        1.06 GB reserved,      26.00 MB (  2%) committed. 

Chunk freelists:
   Non-Class:  9.11 MB
       Class:  12.44 MB
        Both:  21.55 MB

MaxMetaspaceSize: unlimited
CompressedClassSpaceSize: 1.00 GB
Initial GC threshold: 21.00 MB
Current GC threshold: 35.12 MB
CDS: off
 - commit_granule_bytes: 65536.
 - commit_granule_words: 8192.
 - virtual_space_node_default_size: 8388608.
 - enlarge_chunks_in_place: 1.
 - use_allocation_guard: 0.


Internal statistics:

num_allocs_failed_limit: 3.
num_arena_births: 526.
num_arena_deaths: 0.
num_vsnodes_births: 2.
num_vsnodes_deaths: 0.
num_space_committed: 416.
num_space_uncommitted: 0.
num_chunks_returned_to_freelist: 3.
num_chunks_taken_from_freelist: 1114.
num_chunk_merges: 3.
num_chunk_splits: 713.
num_chunks_enlarged: 481.
num_inconsistent_stats: 0.

CodeHeap 'non-profiled nmethods': size=120000Kb used=1325Kb max_used=1325Kb free=118675Kb
 bounds [0x000001d314a30000, 0x000001d314ca0000, 0x000001d31bf60000]
CodeHeap 'profiled nmethods': size=120000Kb used=5448Kb max_used=5448Kb free=114551Kb
 bounds [0x000001d30cf60000, 0x000001d30d4c0000, 0x000001d314490000]
CodeHeap 'non-nmethods': size=5760Kb used=1606Kb max_used=1632Kb free=4153Kb
 bounds [0x000001d314490000, 0x000001d314700000, 0x000001d314a30000]
CodeCache: size=245760Kb, used=8379Kb, max_used=8405Kb, free=237379Kb
 total_blobs=3272, nmethods=2714, adapters=462, full_count=0
Compilation: enabled, stopped_count=0, restarted_count=0

Compilation events (20 events):
Event: 1.864 Thread 0x000001d321ba3ae0 2699       3       org.gradle.util.internal.DefaultGradleVersion::compareTo (294 bytes)
Event: 1.868 Thread 0x000001d321ba3ae0 nmethod 2699 0x000001d30d4a9390 code [0x000001d30d4a9760, 0x000001d30d4aad08]
Event: 1.868 Thread 0x000001d321ba3ae0 2703       3       org.gradle.util.internal.DefaultGradleVersion::compareTo (9 bytes)
Event: 1.868 Thread 0x000001d321ba3ae0 nmethod 2703 0x000001d30d4ab510 code [0x000001d30d4ab6c0, 0x000001d30d4ab8d8]
Event: 1.868 Thread 0x000001d321ba3ae0 2700       3       java.util.regex.Pattern$GroupTail::match (111 bytes)
Event: 1.869 Thread 0x000001d321ba3ae0 nmethod 2700 0x000001d30d4ab990 code [0x000001d30d4abb60, 0x000001d30d4abf08]
Event: 1.869 Thread 0x000001d321ba3ae0 2701       1       java.lang.Character::charValue (5 bytes)
Event: 1.869 Thread 0x000001d321ba3ae0 nmethod 2701 0x000001d314b7a090 code [0x000001d314b7a220, 0x000001d314b7a2f0]
Event: 1.869 Thread 0x000001d321ba3ae0 2702       3       java.util.regex.Pattern$TreeInfo::reset (21 bytes)
Event: 1.869 Thread 0x000001d321ba3ae0 nmethod 2702 0x000001d30d4ac110 code [0x000001d30d4ac2a0, 0x000001d30d4ac3c0]
Event: 1.869 Thread 0x000001d321ba3ae0 2704       3       java.util.TreeMap::setColor (10 bytes)
Event: 1.869 Thread 0x000001d321ba3ae0 nmethod 2704 0x000001d30d4ac490 code [0x000001d30d4ac620, 0x000001d30d4ac748]
Event: 1.874 Thread 0x000001d321ba3ae0 2705       3       org.gradle.internal.service.DefaultServiceRegistry::assertValidServiceType (51 bytes)
Event: 1.874 Thread 0x000001d321ba3ae0 nmethod 2705 0x000001d30d4ac810 code [0x000001d30d4aca20, 0x000001d30d4acf60]
Event: 1.874 Thread 0x000001d321ba3ae0 2706       3       org.gradle.internal.service.DefaultServiceRegistry::find (151 bytes)
Event: 1.876 Thread 0x000001d321ba3ae0 nmethod 2706 0x000001d30d4ad190 code [0x000001d30d4ad580, 0x000001d30d4af0d8]
Event: 1.876 Thread 0x000001d321ba3ae0 2707       3       java.lang.invoke.VarHandleReferences$FieldInstanceReadWrite::compareAndSet (48 bytes)
Event: 1.876 Thread 0x000001d321ba3ae0 nmethod 2707 0x000001d30d4af910 code [0x000001d30d4afb80, 0x000001d30d4b0578]
Event: 1.876 Thread 0x000001d321ba3ae0 2708       1       java.lang.reflect.Method::getMethodAccessor (5 bytes)
Event: 1.876 Thread 0x000001d321ba3ae0 nmethod 2708 0x000001d314b7a390 code [0x000001d314b7a520, 0x000001d314b7a5e8]

GC Heap History (8 events):
Event: 0.397 GC heap before
{Heap before GC invocations=0 (full 0):
 garbage-first heap   total 129024K, used 22528K [0x0000000080000000, 0x0000000100000000)
  region size 1024K, 23 young (23552K), 0 survivors (0K)
 Metaspace       used 8111K, committed 8256K, reserved 1114112K
  class space    used 749K, committed 832K, reserved 1048576K
}
Event: 0.400 GC heap after
{Heap after GC invocations=1 (full 0):
 garbage-first heap   total 129024K, used 2367K [0x0000000080000000, 0x0000000100000000)
  region size 1024K, 3 young (3072K), 3 survivors (3072K)
 Metaspace       used 8111K, committed 8256K, reserved 1114112K
  class space    used 749K, committed 832K, reserved 1048576K
}
Event: 0.808 GC heap before
{Heap before GC invocations=1 (full 0):
 garbage-first heap   total 129024K, used 41279K [0x0000000080000000, 0x0000000100000000)
  region size 1024K, 39 young (39936K), 3 survivors (3072K)
 Metaspace       used 12368K, committed 12608K, reserved 1114112K
  class space    used 1352K, committed 1472K, reserved 1048576K
}
Event: 0.814 GC heap after
{Heap after GC invocations=2 (full 0):
 garbage-first heap   total 129024K, used 10907K [0x0000000080000000, 0x0000000100000000)
  region size 1024K, 5 young (5120K), 5 survivors (5120K)
 Metaspace       used 12368K, committed 12608K, reserved 1114112K
  class space    used 1352K, committed 1472K, reserved 1048576K
}
Event: 1.244 GC heap before
{Heap before GC invocations=2 (full 0):
 garbage-first heap   total 129024K, used 61083K [0x0000000080000000, 0x0000000100000000)
  region size 1024K, 53 young (54272K), 5 survivors (5120K)
 Metaspace       used 15538K, committed 15808K, reserved 1114112K
  class space    used 1790K, committed 1920K, reserved 1048576K
}
Event: 1.253 GC heap after
{Heap after GC invocations=3 (full 0):
 garbage-first heap   total 129024K, used 17995K [0x0000000080000000, 0x0000000100000000)
  region size 1024K, 6 young (6144K), 6 survivors (6144K)
 Metaspace       used 15538K, committed 15808K, reserved 1114112K
  class space    used 1790K, committed 1920K, reserved 1048576K
}
Event: 1.562 GC heap before
{Heap before GC invocations=3 (full 0):
 garbage-first heap   total 129024K, used 35403K [0x0000000080000000, 0x0000000100000000)
  region size 1024K, 24 young (24576K), 6 survivors (6144K)
 Metaspace       used 21207K, committed 21504K, reserved 1114112K
  class space    used 2518K, committed 2624K, reserved 1048576K
}
Event: 1.565 GC heap after
{Heap after GC invocations=4 (full 0):
 garbage-first heap   total 129024K, used 20309K [0x0000000080000000, 0x0000000100000000)
  region size 1024K, 3 young (3072K), 3 survivors (3072K)
 Metaspace       used 21207K, committed 21504K, reserved 1114112K
  class space    used 2518K, committed 2624K, reserved 1048576K
}

Dll operation events (3 events):
Event: 0.006 Loaded shared library D:\My Profile\Programs\AndroidStudio\jbr\bin\java.dll
Event: 0.009 Loaded shared library D:\My Profile\Programs\AndroidStudio\jbr\bin\zip.dll
Event: 0.456 Loaded shared library D:\My Profile\Programs\AndroidStudio\jbr\bin\verify.dll

Deoptimization events (20 events):
Event: 1.544 Thread 0x000001d327ac2550 Uncommon trap: trap_request=0xffffff45 fr.pc=0x000001d314a68ff8 relative=0x0000000000000058
Event: 1.544 Thread 0x000001d327ac2550 Uncommon trap: reason=unstable_if action=reinterpret pc=0x000001d314a68ff8 method=java.net.URI.match(CJJ)Z @ 19 c2
Event: 1.544 Thread 0x000001d327ac2550 DEOPT PACKING pc=0x000001d314a68ff8 sp=0x0000006cc47fcf70
Event: 1.544 Thread 0x000001d327ac2550 DEOPT UNPACKING pc=0x000001d3144e7da2 sp=0x0000006cc47fcf00 mode 2
Event: 1.665 Thread 0x000001d327a3a290 Uncommon trap: trap_request=0xffffffcc fr.pc=0x000001d314b5c308 relative=0x0000000000000348
Event: 1.665 Thread 0x000001d327a3a290 Uncommon trap: reason=intrinsic_or_type_checked_inlining action=make_not_entrant pc=0x000001d314b5c308 method=java.util.Arrays.copyOf([Ljava/lang/Object;ILjava/lang/Class;)[Ljava/lang/Object; @ 35 c2
Event: 1.665 Thread 0x000001d327a3a290 DEOPT PACKING pc=0x000001d314b5c308 sp=0x0000006cc49fcc00
Event: 1.665 Thread 0x000001d327a3a290 DEOPT UNPACKING pc=0x000001d3144e7da2 sp=0x0000006cc49fcba8 mode 2
Event: 1.676 Thread 0x000001d327a3a290 Uncommon trap: trap_request=0xffffff45 fr.pc=0x000001d314b30e58 relative=0x0000000000000478
Event: 1.676 Thread 0x000001d327a3a290 Uncommon trap: reason=unstable_if action=reinterpret pc=0x000001d314b30e58 method=java.util.HashMap.getNode(Ljava/lang/Object;)Ljava/util/HashMap$Node; @ 66 c2
Event: 1.676 Thread 0x000001d327a3a290 DEOPT PACKING pc=0x000001d314b30e58 sp=0x0000006cc49fc630
Event: 1.676 Thread 0x000001d327a3a290 DEOPT UNPACKING pc=0x000001d3144e7da2 sp=0x0000006cc49fc550 mode 2
Event: 1.682 Thread 0x000001d327a3a290 Uncommon trap: trap_request=0xffffff45 fr.pc=0x000001d314ac71ac relative=0x000000000000026c
Event: 1.682 Thread 0x000001d327a3a290 Uncommon trap: reason=unstable_if action=reinterpret pc=0x000001d314ac71ac method=java.util.concurrent.ConcurrentHashMap.get(Ljava/lang/Object;)Ljava/lang/Object; @ 76 c2
Event: 1.682 Thread 0x000001d327a3a290 DEOPT PACKING pc=0x000001d314ac71ac sp=0x0000006cc49fbb70
Event: 1.682 Thread 0x000001d327a3a290 DEOPT UNPACKING pc=0x000001d3144e7da2 sp=0x0000006cc49fbae8 mode 2
Event: 1.843 Thread 0x000001d327a381c0 Uncommon trap: trap_request=0xffffff45 fr.pc=0x000001d314b2841c relative=0x000000000000017c
Event: 1.843 Thread 0x000001d327a381c0 Uncommon trap: reason=unstable_if action=reinterpret pc=0x000001d314b2841c method=java.util.concurrent.locks.ReentrantLock$NonfairSync.initialTryLock()Z @ 25 c2
Event: 1.843 Thread 0x000001d327a381c0 DEOPT PACKING pc=0x000001d314b2841c sp=0x0000006cc51ff010
Event: 1.843 Thread 0x000001d327a381c0 DEOPT UNPACKING pc=0x000001d3144e7da2 sp=0x0000006cc51fefb0 mode 2

Classes loaded (20 events):
Event: 1.810 Loading class java/nio/file/NoSuchFileException
Event: 1.810 Loading class java/nio/file/FileSystemException
Event: 1.810 Loading class java/nio/file/FileSystemException done
Event: 1.810 Loading class java/nio/file/NoSuchFileException done
Event: 1.811 Loading class java/nio/file/attribute/PosixFilePermissions
Event: 1.811 Loading class java/nio/file/attribute/PosixFilePermissions done
Event: 1.811 Loading class java/util/RegularEnumSet$EnumSetIterator
Event: 1.811 Loading class java/util/RegularEnumSet$EnumSetIterator done
Event: 1.811 Loading class java/nio/file/attribute/PosixFilePermissions$1
Event: 1.811 Loading class java/nio/file/attribute/PosixFilePermissions$1 done
Event: 1.835 Loading class java/util/concurrent/ArrayBlockingQueue
Event: 1.835 Loading class java/util/concurrent/ArrayBlockingQueue done
Event: 1.836 Loading class java/util/concurrent/locks/ReentrantLock$FairSync
Event: 1.836 Loading class java/util/concurrent/locks/ReentrantLock$FairSync done
Event: 1.839 Loading class sun/misc/Unsafe
Event: 1.839 Loading class sun/misc/Unsafe done
Event: 1.844 Loading class java/net/DatagramPacket
Event: 1.844 Loading class java/net/DatagramPacket done
Event: 1.844 Loading class sun/nio/ch/DatagramChannelImpl$DatagramPackets
Event: 1.844 Loading class sun/nio/ch/DatagramChannelImpl$DatagramPackets done

Classes unloaded (0 events):
No events

Classes redefined (0 events):
No events

Internal exceptions (20 events):
Event: 1.407 Thread 0x000001d309e0e0d0 Exception <a 'java/lang/NoSuchMethodError'{0x000000008765b310}: 'java.lang.Object java.lang.invoke.DirectMethodHandle$Holder.invokeStaticInit(java.lang.Object, java.lang.Object, int, int, int, int)'> (0x000000008765b310) 
thrown [s\src\hotspot\share\interpreter\linkResolver.cpp, line 784]
Event: 1.464 Thread 0x000001d309e0e0d0 Exception <a 'java/io/IOException'{0x000000008735df20}> (0x000000008735df20) 
thrown [s\src\hotspot\share\prims\jni.cpp, line 537]
Event: 1.470 Thread 0x000001d309e0e0d0 Implicit null exception at 0x000001d314a81ba4 to 0x000001d314a8226c
Event: 1.473 Thread 0x000001d309e0e0d0 Exception <a 'java/lang/NoSuchMethodError'{0x00000000873cf7a8}: 'java.lang.Object java.lang.invoke.DirectMethodHandle$Holder.newInvokeSpecial(java.lang.Object, java.lang.Object, java.lang.Object, java.lang.Object, java.lang.Object)'> (0x00000000873cf7a8) 
thrown [s\src\hotspot\share\interpreter\linkResolver.cpp, line 784]
Event: 1.534 Thread 0x000001d327ac2550 Exception <a 'java/lang/NoSuchMethodError'{0x0000000086eb08b0}: 'long java.lang.invoke.DirectMethodHandle$Holder.invokeSpecial(java.lang.Object, java.lang.Object)'> (0x0000000086eb08b0) 
thrown [s\src\hotspot\share\interpreter\linkResolver.cpp, line 784]
Event: 1.534 Thread 0x000001d327ac2550 Exception <a 'java/lang/NoSuchMethodError'{0x0000000086eb3ce8}: 'long java.lang.invoke.Invokers$Holder.invokeExact_MT(java.lang.Object, java.lang.Object)'> (0x0000000086eb3ce8) 
thrown [s\src\hotspot\share\interpreter\linkResolver.cpp, line 784]
Event: 1.537 Thread 0x000001d327ac2550 Exception <a 'java/lang/NoSuchMethodError'{0x0000000086ed5d68}: 'void java.lang.invoke.DirectMethodHandle$Holder.invokeSpecial(java.lang.Object, java.lang.Object, java.lang.Object)'> (0x0000000086ed5d68) 
thrown [s\src\hotspot\share\interpreter\linkResolver.cpp, line 784]
Event: 1.539 Thread 0x000001d327ac2550 Exception <a 'java/lang/NoSuchMethodError'{0x0000000086d04338}: static Lorg/gradle/tooling/internal/provider/serialization/ClassLoaderDetails;.<clinit>()V> (0x0000000086d04338) 
thrown [s\src\hotspot\share\prims\jni.cpp, line 1144]
Event: 1.541 Thread 0x000001d327ac2550 Exception <a 'java/lang/NoSuchMethodError'{0x0000000086d1e238}: static Lorg/gradle/internal/classloader/ClassLoaderSpec;.<clinit>()V> (0x0000000086d1e238) 
thrown [s\src\hotspot\share\prims\jni.cpp, line 1144]
Event: 1.541 Thread 0x000001d327ac2550 Exception <a 'java/lang/NoSuchMethodError'{0x0000000086d27ce8}: static Lorg/gradle/tooling/internal/provider/serialization/WellKnownClassLoaderRegistry$KnownClassLoaderSpec;.<clinit>()V> (0x0000000086d27ce8) 
thrown [s\src\hotspot\share\prims\jni.cpp, line 1144]
Event: 1.542 Thread 0x000001d327ac2550 Exception <a 'java/lang/NoSuchMethodError'{0x0000000086d3e1c8}: static Lorg/gradle/tooling/internal/provider/serialization/ClientOwnedClassLoaderSpec;.<clinit>()V> (0x0000000086d3e1c8) 
thrown [s\src\hotspot\share\prims\jni.cpp, line 1144]
Event: 1.611 Thread 0x000001d327a3a290 Exception <a 'java/lang/NoSuchMethodError'{0x0000000083e7aec0}: 'long java.lang.invoke.DirectMethodHandle$Holder.invokeInterface(java.lang.Object, java.lang.Object)'> (0x0000000083e7aec0) 
thrown [s\src\hotspot\share\interpreter\linkResolver.cpp, line 784]
Event: 1.662 Thread 0x000001d327a3a290 Exception <a 'java/lang/NoSuchMethodError'{0x0000000083ac8528}: 'java.lang.Object java.lang.invoke.DirectMethodHandle$Holder.invokeVirtual(java.lang.Object, java.lang.Object, java.lang.Object, java.lang.Object, java.lang.Object, java.lang.Object, java.lang.Object, java.lang.Object, java.lang.Object, java.lang.Object, java.lang.Object, java.lang.Object)'> (0x0000000083ac8528) 
thrown [s\src\hotspot\share\interpreter\linkResolver.cpp, line 784]
Event: 1.662 Thread 0x000001d327a3a290 Exception <a 'java/lang/NoSuchMethodError'{0x0000000083acd678}: 'java.lang.Object java.lang.invoke.DirectMethodHandle$Holder.invokeSpecial(java.lang.Object, java.lang.Object, java.lang.Object, java.lang.Object, java.lang.Object, java.lang.Object, java.lang.Object, java.lang.Object, java.lang.Object, java.lang.Object, java.lang.Object, java.lang.Object, java.lang.Object)'> (0x0000000083acd678) 
thrown [s\src\hotspot\share\interpreter\linkResolver.cpp, line 784]
Event: 1.712 Thread 0x000001d327a3a290 Exception <a 'java/lang/NoSuchMethodError'{0x000000008351d790}: 'java.lang.Object java.lang.invoke.DirectMethodHandle$Holder.newInvokeSpecial(java.lang.Object, java.lang.Object, java.lang.Object, java.lang.Object, java.lang.Object, java.lang.Object)'> (0x000000008351d790) 
thrown [s\src\hotspot\share\interpreter\linkResolver.cpp, line 784]
Event: 1.748 Thread 0x000001d327a3a290 Exception <a 'java/lang/NoSuchMethodError'{0x00000000833f12f8}: 'void java.lang.invoke.DelegatingMethodHandle$Holder.reinvoke_L(java.lang.Object, java.lang.Object, java.lang.Object, java.lang.Object, java.lang.Object, java.lang.Object, java.lang.Object, java.lang.Object, java.lang.Object, java.lang.Object)'> (0x00000000833f12f8) 
thrown [s\src\hotspot\share\interpreter\linkResolver.cpp, line 784]
Event: 1.749 Thread 0x000001d327a3a290 Exception <a 'java/lang/NoSuchMethodError'{0x00000000833f9260}: 'java.lang.Object java.lang.invoke.Invokers$Holder.invoker(java.lang.Object, java.lang.Object, java.lang.Object, java.lang.Object, java.lang.Object, java.lang.Object, java.lang.Object, java.lang.Object, java.lang.Object, java.lang.Object)'> (0x00000000833f9260) 
thrown [s\src\hotspot\share\interpreter\linkResolver.cpp, line 784]
Event: 1.815 Thread 0x000001d327a3a290 Exception <a 'java/lang/NoSuchMethodError'{0x0000000082c21e20}: 'void java.lang.invoke.DirectMethodHandle$Holder.invokeInterface(java.lang.Object, java.lang.Object)'> (0x0000000082c21e20) 
thrown [s\src\hotspot\share\interpreter\linkResolver.cpp, line 784]
Event: 1.815 Thread 0x000001d327a3a290 Exception <a 'java/lang/IncompatibleClassChangeError'{0x0000000082c255a0}: Found class java.lang.Object, but interface was expected> (0x0000000082c255a0) 
thrown [s\src\hotspot\share\interpreter\linkResolver.cpp, line 851]
Event: 1.838 Thread 0x000001d327a3a290 Exception <a 'java/lang/NoSuchMethodError'{0x0000000082b4e878}: 'java.lang.Object java.lang.invoke.DirectMethodHandle$Holder.newInvokeSpecial(java.lang.Object, java.lang.Object, int)'> (0x0000000082b4e878) 
thrown [s\src\hotspot\share\interpreter\linkResolver.cpp, line 784]

ZGC Phase Switch (0 events):
No events

VM Operations (20 events):
Event: 1.263 Executing VM operation: HandshakeAllThreads (Deoptimize)
Event: 1.263 Executing VM operation: HandshakeAllThreads (Deoptimize) done
Event: 1.283 Executing VM operation: HandshakeAllThreads (Deoptimize)
Event: 1.283 Executing VM operation: HandshakeAllThreads (Deoptimize) done
Event: 1.342 Executing VM operation: HandshakeAllThreads (Deoptimize)
Event: 1.342 Executing VM operation: HandshakeAllThreads (Deoptimize) done
Event: 1.365 Executing VM operation: HandshakeAllThreads (Deoptimize)
Event: 1.365 Executing VM operation: HandshakeAllThreads (Deoptimize) done
Event: 1.404 Executing VM operation: HandshakeAllThreads (Deoptimize)
Event: 1.404 Executing VM operation: HandshakeAllThreads (Deoptimize) done
Event: 1.488 Executing VM operation: HandshakeAllThreads (Deoptimize)
Event: 1.488 Executing VM operation: HandshakeAllThreads (Deoptimize) done
Event: 1.562 Executing VM operation: CollectForMetadataAllocation (Metadata GC Threshold)
Event: 1.566 Executing VM operation: CollectForMetadataAllocation (Metadata GC Threshold) done
Event: 1.570 Executing VM operation: G1PauseRemark
Event: 1.571 Executing VM operation: G1PauseRemark done
Event: 1.572 Executing VM operation: G1PauseCleanup
Event: 1.576 Executing VM operation: G1PauseCleanup done
Event: 1.836 Executing VM operation: HandshakeAllThreads (Deoptimize)
Event: 1.836 Executing VM operation: HandshakeAllThreads (Deoptimize) done

Memory protections (0 events):
No events

Nmethod flushes (0 events):
No events

Events (20 events):
Event: 0.187 Thread 0x000001d321ba3ae0 Thread added: 0x000001d32600c0c0
Event: 0.344 Thread 0x000001d321b82af0 Thread added: 0x000001d3265f26f0
Event: 0.348 Loaded shared library D:\My Profile\Programs\AndroidStudio\jbr\bin\jimage.dll
Event: 0.517 Loaded shared library C:\Users\User\.gradle\native\1def1411415f61bf3af743bc5b6707747c0891f09f0c88961ee8f79bc544acac\windows-amd64\native-platform.dll
Event: 0.525 Loaded shared library C:\Users\User\.gradle\native\0.2.7\x86_64-windows-gnu\gradle-fileevents.dll
Event: 1.230 Loaded shared library D:\My Profile\Programs\AndroidStudio\jbr\bin\management.dll
Event: 1.232 Loaded shared library D:\My Profile\Programs\AndroidStudio\jbr\bin\management_ext.dll
Event: 1.263 Thread 0x000001d309e0e0d0 Thread added: 0x000001d3279fcd10
Event: 1.334 Loaded shared library D:\My Profile\Programs\AndroidStudio\jbr\bin\extnet.dll
Event: 1.415 Thread 0x000001d309e0e0d0 Thread added: 0x000001d327b208c0
Event: 1.476 Thread 0x000001d309e0e0d0 Thread added: 0x000001d3279d36e0
Event: 1.508 Thread 0x000001d327b208c0 Thread added: 0x000001d327ac1ad0
Event: 1.510 Thread 0x000001d327ac1ad0 Thread added: 0x000001d327ac2550
Event: 1.550 Thread 0x000001d327ac1ad0 Thread added: 0x000001d327c55be0
Event: 1.559 Thread 0x000001d327ac1ad0 Thread added: 0x000001d327a3a290
Event: 1.573 Thread 0x000001d327a3a290 Thread added: 0x000001d327a38850
Event: 1.577 Thread 0x000001d327a3a290 Thread added: 0x000001d327a3a920
Event: 1.578 Thread 0x000001d327a3a290 Thread added: 0x000001d327a3afb0
Event: 1.837 Thread 0x000001d327a3a290 Thread added: 0x000001d327a3b640
Event: 1.843 Thread 0x000001d327a3a290 Thread added: 0x000001d327a381c0


Dynamic libraries:
0x00007ff742750000 - 0x00007ff74275a000 	D:\My Profile\Programs\AndroidStudio\jbr\bin\java.exe
0x00007ffd387a0000 - 0x00007ffd38a08000 	C:\WINDOWS\SYSTEM32\ntdll.dll
0x00007ffd37010000 - 0x00007ffd370d9000 	C:\WINDOWS\System32\KERNEL32.DLL
0x00007ffd358f0000 - 0x00007ffd35ce8000 	C:\WINDOWS\System32\KERNELBASE.dll
0x00007ffd35db0000 - 0x00007ffd35efb000 	C:\WINDOWS\System32\ucrtbase.dll
0x00007ffd2db10000 - 0x00007ffd2db28000 	D:\My Profile\Programs\AndroidStudio\jbr\bin\jli.dll
0x00007ffd2dc30000 - 0x00007ffd2dc4b000 	D:\My Profile\Programs\AndroidStudio\jbr\bin\VCRUNTIME140.dll
0x00007ffd366e0000 - 0x00007ffd368a7000 	C:\WINDOWS\System32\USER32.dll
0x00007ffd36250000 - 0x00007ffd36277000 	C:\WINDOWS\System32\win32u.dll
0x00007ffd1efc0000 - 0x00007ffd1f254000 	C:\WINDOWS\WinSxS\amd64_microsoft.windows.common-controls_6595b64144ccf1df_6.0.26100.7019_none_3e06ffa0e335b8a8\COMCTL32.dll
0x00007ffd38470000 - 0x00007ffd3849b000 	C:\WINDOWS\System32\GDI32.dll
0x00007ffd37660000 - 0x00007ffd37709000 	C:\WINDOWS\System32\msvcrt.dll
0x00007ffd35f00000 - 0x00007ffd3602c000 	C:\WINDOWS\System32\gdi32full.dll
0x00007ffd36280000 - 0x00007ffd36323000 	C:\WINDOWS\System32\msvcp_win.dll
0x00007ffd38430000 - 0x00007ffd38461000 	C:\WINDOWS\System32\IMM32.DLL
0x00007ffd2db60000 - 0x00007ffd2db6c000 	D:\My Profile\Programs\AndroidStudio\jbr\bin\vcruntime140_1.dll
0x00007ffd0bed0000 - 0x00007ffd0bf5d000 	D:\My Profile\Programs\AndroidStudio\jbr\bin\msvcp140.dll
0x00007ffcba130000 - 0x00007ffcbadc6000 	D:\My Profile\Programs\AndroidStudio\jbr\bin\server\jvm.dll
0x00007ffd37d60000 - 0x00007ffd37e14000 	C:\WINDOWS\System32\ADVAPI32.dll
0x00007ffd38020000 - 0x00007ffd380c6000 	C:\WINDOWS\System32\sechost.dll
0x00007ffd371b0000 - 0x00007ffd372c8000 	C:\WINDOWS\System32\RPCRT4.dll
0x00007ffd383a0000 - 0x00007ffd38414000 	C:\WINDOWS\System32\WS2_32.dll
0x00007ffd344e0000 - 0x00007ffd3453e000 	C:\WINDOWS\SYSTEM32\POWRPROF.dll
0x00007ffd2a1b0000 - 0x00007ffd2a1bb000 	C:\WINDOWS\SYSTEM32\VERSION.dll
0x00007ffd27350000 - 0x00007ffd27385000 	C:\WINDOWS\SYSTEM32\WINMM.dll
0x00007ffd344c0000 - 0x00007ffd344d4000 	C:\WINDOWS\SYSTEM32\UMPDC.dll
0x00007ffd347a0000 - 0x00007ffd347bb000 	C:\WINDOWS\SYSTEM32\kernel.appcore.dll
0x00007ffd2dae0000 - 0x00007ffd2daea000 	D:\My Profile\Programs\AndroidStudio\jbr\bin\jimage.dll
0x00007ffd33020000 - 0x00007ffd33262000 	C:\WINDOWS\SYSTEM32\DBGHELP.DLL
0x00007ffd372d0000 - 0x00007ffd3765b000 	C:\WINDOWS\System32\combase.dll
0x00007ffd380d0000 - 0x00007ffd381a7000 	C:\WINDOWS\System32\OLEAUT32.dll
0x00007ffd08440000 - 0x00007ffd0847c000 	C:\WINDOWS\SYSTEM32\dbgcore.DLL
0x00007ffd361a0000 - 0x00007ffd36245000 	C:\WINDOWS\System32\bcryptPrimitives.dll
0x00007ffd2db00000 - 0x00007ffd2db0e000 	D:\My Profile\Programs\AndroidStudio\jbr\bin\instrument.dll
0x00007ffd2dac0000 - 0x00007ffd2dae0000 	D:\My Profile\Programs\AndroidStudio\jbr\bin\java.dll
0x00007ffd2beb0000 - 0x00007ffd2bec8000 	D:\My Profile\Programs\AndroidStudio\jbr\bin\zip.dll
0x00007ffd368b0000 - 0x00007ffd37001000 	C:\WINDOWS\System32\SHELL32.dll
0x00007ffd36030000 - 0x00007ffd3619b000 	C:\WINDOWS\System32\wintypes.dll
0x00007ffd33510000 - 0x00007ffd33d6d000 	C:\WINDOWS\SYSTEM32\windows.storage.dll
0x00007ffd37e20000 - 0x00007ffd37f12000 	C:\WINDOWS\System32\SHCORE.dll
0x00007ffd37140000 - 0x00007ffd371a7000 	C:\WINDOWS\System32\shlwapi.dll
0x00007ffd35810000 - 0x00007ffd35839000 	C:\WINDOWS\SYSTEM32\profapi.dll
0x00007ffd2c4a0000 - 0x00007ffd2c4b0000 	D:\My Profile\Programs\AndroidStudio\jbr\bin\net.dll
0x00007ffd2b5b0000 - 0x00007ffd2b6d8000 	C:\WINDOWS\SYSTEM32\WINHTTP.dll
0x00007ffd34d40000 - 0x00007ffd34dab000 	C:\WINDOWS\system32\mswsock.dll
0x00007ffd2be90000 - 0x00007ffd2bea6000 	D:\My Profile\Programs\AndroidStudio\jbr\bin\nio.dll
0x00007ffd0c920000 - 0x00007ffd0c930000 	D:\My Profile\Programs\AndroidStudio\jbr\bin\verify.dll
0x00007ffd06c10000 - 0x00007ffd06c37000 	C:\Users\User\.gradle\native\1def1411415f61bf3af743bc5b6707747c0891f09f0c88961ee8f79bc544acac\windows-amd64\native-platform.dll
0x00007ffd03ff0000 - 0x00007ffd04068000 	C:\Users\User\.gradle\native\0.2.7\x86_64-windows-gnu\gradle-fileevents.dll
0x00007ffd2be80000 - 0x00007ffd2be89000 	D:\My Profile\Programs\AndroidStudio\jbr\bin\management.dll
0x00007ffd0c940000 - 0x00007ffd0c94b000 	D:\My Profile\Programs\AndroidStudio\jbr\bin\management_ext.dll
0x00007ffd38590000 - 0x00007ffd38598000 	C:\WINDOWS\System32\PSAPI.DLL
0x00007ffd340f0000 - 0x00007ffd34124000 	C:\WINDOWS\SYSTEM32\IPHLPAPI.DLL
0x00007ffd38420000 - 0x00007ffd3842a000 	C:\WINDOWS\System32\NSI.dll
0x00007ffd2bf30000 - 0x00007ffd2bf39000 	D:\My Profile\Programs\AndroidStudio\jbr\bin\extnet.dll
0x00007ffd35000000 - 0x00007ffd3501b000 	C:\WINDOWS\SYSTEM32\CRYPTSP.dll
0x00007ffd34700000 - 0x00007ffd3473a000 	C:\WINDOWS\system32\rsaenh.dll
0x00007ffd34df0000 - 0x00007ffd34e1b000 	C:\WINDOWS\SYSTEM32\USERENV.dll
0x00007ffd357e0000 - 0x00007ffd3580a000 	C:\WINDOWS\SYSTEM32\bcrypt.dll
0x00007ffd35020000 - 0x00007ffd3502c000 	C:\WINDOWS\SYSTEM32\CRYPTBASE.dll
0x00007ffc84ad0000 - 0x00007ffc84ad8000 	C:\WINDOWS\system32\wshunix.dll

JVMTI agents:
C:\Users\User\.gradle\wrapper\dists\gradle-8.13-bin\5xuhj0ry160q40clulazy9h7d\gradle-8.13\lib\agents\gradle-instrumentation-agent-8.13.jar path:D:\My Profile\Programs\AndroidStudio\jbr\bin\instrument.dll, loaded, initialized, instrumentlib options:none

dbghelp: loaded successfully - version: 4.0.5 - missing functions: none
symbol engine: initialized successfully - sym options: 0x614 - pdb path: .;D:\My Profile\Programs\AndroidStudio\jbr\bin;C:\WINDOWS\SYSTEM32;C:\WINDOWS\WinSxS\amd64_microsoft.windows.common-controls_6595b64144ccf1df_6.0.26100.7019_none_3e06ffa0e335b8a8;D:\My Profile\Programs\AndroidStudio\jbr\bin\server;C:\Users\User\.gradle\native\1def1411415f61bf3af743bc5b6707747c0891f09f0c88961ee8f79bc544acac\windows-amd64;C:\Users\User\.gradle\native\0.2.7\x86_64-windows-gnu

VM Arguments:
jvm_args: --add-opens=java.base/java.lang=ALL-UNNAMED --add-opens=java.base/java.lang.invoke=ALL-UNNAMED --add-opens=java.base/java.util=ALL-UNNAMED --add-opens=java.prefs/java.util.prefs=ALL-UNNAMED --add-exports=jdk.compiler/com.sun.tools.javac.api=ALL-UNNAMED --add-exports=jdk.compiler/com.sun.tools.javac.util=ALL-UNNAMED --add-opens=java.base/java.util=ALL-UNNAMED --add-opens=java.prefs/java.util.prefs=ALL-UNNAMED --add-opens=java.base/java.nio.charset=ALL-UNNAMED --add-opens=java.base/java.net=ALL-UNNAMED --add-opens=java.base/java.util.concurrent.atomic=ALL-UNNAMED --add-opens=java.xml/javax.xml.namespace=ALL-UNNAMED -Xmx2048m -Dfile.encoding=UTF-8 -Duser.country=UA -Duser.language=uk -Duser.variant -javaagent:C:\Users\User\.gradle\wrapper\dists\gradle-8.13-bin\5xuhj0ry160q40clulazy9h7d\gradle-8.13\lib\agents\gradle-instrumentation-agent-8.13.jar 
java_command: org.gradle.launcher.daemon.bootstrap.GradleDaemon 8.13
java_class_path (initial): C:\Users\User\.gradle\wrapper\dists\gradle-8.13-bin\5xuhj0ry160q40clulazy9h7d\gradle-8.13\lib\gradle-daemon-main-8.13.jar
Launcher Type: SUN_STANDARD

[Global flags]
     intx CICompilerCount                          = 4                                         {product} {ergonomic}
     uint ConcGCThreads                            = 3                                         {product} {ergonomic}
     uint G1ConcRefinementThreads                  = 10                                        {product} {ergonomic}
   size_t G1HeapRegionSize                         = 1048576                                   {product} {ergonomic}
    uintx GCDrainStackTargetSize                   = 64                                        {product} {ergonomic}
   size_t InitialHeapSize                          = 132120576                                 {product} {ergonomic}
   size_t MarkStackSize                            = 4194304                                   {product} {ergonomic}
   size_t MaxHeapSize                              = 2147483648                                {product} {command line}
   size_t MaxNewSize                               = 1287651328                                {product} {ergonomic}
   size_t MinHeapDeltaBytes                        = 1048576                                   {product} {ergonomic}
   size_t MinHeapSize                              = 8388608                                   {product} {ergonomic}
    uintx NonNMethodCodeHeapSize                   = 5839372                                {pd product} {ergonomic}
    uintx NonProfiledCodeHeapSize                  = 122909434                              {pd product} {ergonomic}
    uintx ProfiledCodeHeapSize                     = 122909434                              {pd product} {ergonomic}
    uintx ReservedCodeCacheSize                    = 251658240                              {pd product} {ergonomic}
     bool SegmentedCodeCache                       = true                                      {product} {ergonomic}
   size_t SoftMaxHeapSize                          = 2147483648                             {manageable} {ergonomic}
     bool UseCompressedOops                        = true                           {product lp64_product} {ergonomic}
     bool UseG1GC                                  = true                                      {product} {ergonomic}
     bool UseLargePagesIndividualAllocation        = false                                  {pd product} {ergonomic}

Logging:
Log output configuration:
 #0: stdout all=warning uptime,level,tags foldmultilines=false
 #1: stderr all=off uptime,level,tags foldmultilines=false

Environment Variables:
JAVA_HOME=D:\My Profile\Programs\Java HOME\graalvm-jdk-22.0.2+9.1
PATH=C:\Program Files\Common Files\Oracle\Java\javapath;C:\Program Files (x86)\Common Files\Oracle\Java\javapath;C:\ProgramData\Oracle\Java\javapath;C:\Windows\system32;C:\Windows;C:\Windows\System32\Wbem;C:\Windows\System32\WindowsPowerShell\v1.0\;C:\Windows\System32\OpenSSH\;C:\Program Files (x86)\NVIDIA Corporation\PhysX\Common;C:\WINDOWS\system32;C:\WINDOWS;C:\WINDOWS\System32\Wbem;C:\WINDOWS\System32\WindowsPowerShell\v1.0\;C:\WINDOWS\System32\OpenSSH\;C:\Program Files\dotnet\;C:\Program Files\NVIDIA Corporation\NVIDIA app\NvDLISR;D:\My Profile\Programs\Java HOME\graalvm-jdk-22.0.2+9.1\bin;C:\Program Files\Git\cmd;C:\Users\User\AppData\Local\Programs\Python\Launcher\;C:\Users\User\AppData\Local\Microsoft\WindowsApps;;C:\Users\User\AppData\Roaming\Programs\Zero Install
USERNAME=User
OS=Windows_NT
PROCESSOR_IDENTIFIER=Intel64 Family 6 Model 141 Stepping 1, GenuineIntel
TMP=C:\Users\User\AppData\Local\Temp
TEMP=C:\Users\User\AppData\Local\Temp




Periodic native trim disabled

JNI global refs:
JNI global refs: 26, weak refs: 0

JNI global refs memory usage: 835, weak refs: 833

Process memory usage:
Resident Set Size: 154944K (1% of 8146232K total physical memory with 555076K free physical memory)

OOME stack traces (most recent first):
Classloader memory used:
Loader bootstrap                                                                       : 16327K
Loader org.gradle.internal.classloader.VisitableURLClassLoader                         : 8922K
Loader org.gradle.initialization.MixInLegacyTypesClassLoader                           : 596K
Loader jdk.internal.loader.ClassLoaders$AppClassLoader                                 : 235K
Loader jdk.internal.loader.ClassLoaders$PlatformClassLoader                            : 147K
Loader jdk.internal.reflect.DelegatingClassLoader                                      : 38272B

Classes loaded by more than one classloader:
Class org.gradle.internal.classloader.FilteringClassLoader                            : loaded 2 times (x 105B)
Class org.gradle.internal.classloader.ClassLoaderHierarchy                            : loaded 2 times (x 70B)
Class org.gradle.api.internal.classpath.ManifestUtil                                  : loaded 2 times (x 71B)
Class org.gradle.internal.classloader.ClassLoaderVisitor                              : loaded 2 times (x 76B)
Class org.gradle.api.internal.classpath.EffectiveClassPath                            : loaded 2 times (x 90B)
Class org.gradle.api.internal.DefaultClassPathProvider                                : loaded 2 times (x 76B)
Class [Lorg.gradle.api.internal.ClassPathProvider;                                    : loaded 2 times (x 69B)
Class org.gradle.api.internal.ClassPathProvider                                       : loaded 2 times (x 70B)
Class org.gradle.internal.service.UnknownServiceException                             : loaded 2 times (x 83B)
Class org.gradle.internal.classpath.TransformedClassPath                              : loaded 2 times (x 96B)
Class org.gradle.internal.classloader.InstrumentingClassLoader                        : loaded 2 times (x 70B)
Class org.gradle.internal.service.ServiceLocator                                      : loaded 2 times (x 70B)
Class org.gradle.internal.InternalTransformer                                         : loaded 2 times (x 70B)
Class org.gradle.internal.classloader.ClasspathUtil$1                                 : loaded 2 times (x 76B)
Class org.gradle.api.internal.classpath.DefaultModuleRegistry$DefaultModule           : loaded 2 times (x 86B)
Class org.gradle.api.internal.classpath.Module                                        : loaded 2 times (x 70B)
Class org.gradle.api.internal.classpath.UnknownModuleException                        : loaded 2 times (x 82B)
Class org.gradle.api.internal.DefaultClassPathRegistry                                : loaded 2 times (x 76B)
Class org.gradle.api.internal.ClassPathRegistry                                       : loaded 2 times (x 70B)
Class org.gradle.internal.classpath.DefaultClassPath$ImmutableUniqueList              : loaded 2 times (x 199B)
Class org.gradle.internal.classpath.ClassPath                                         : loaded 2 times (x 70B)
Class org.gradle.api.UncheckedIOException                                             : loaded 2 times (x 82B)
Class org.gradle.internal.installation.GradleInstallation$1                           : loaded 2 times (x 75B)
Class org.gradle.api.internal.classpath.ModuleRegistry                                : loaded 2 times (x 70B)
Class org.gradle.api.internal.classpath.DefaultModuleRegistry                         : loaded 2 times (x 86B)
Class org.gradle.internal.service.ServiceLookupException                              : loaded 2 times (x 82B)
Class org.gradle.internal.classloader.ClassLoaderFactory                              : loaded 2 times (x 70B)
Class org.gradle.internal.service.CachingServiceLocator                               : loaded 2 times (x 82B)
Class org.gradle.internal.classloader.ClasspathUtil                                   : loaded 2 times (x 71B)
Class org.gradle.api.specs.Spec                                                       : loaded 2 times (x 70B)
Class org.gradle.internal.classloader.VisitableURLClassLoader$InstrumentingVisitableURLClassLoader: loaded 2 times (x 123B)
Class org.gradle.internal.classloader.VisitableURLClassLoader$Spec                    : loaded 2 times (x 74B)
Class org.gradle.internal.classpath.DefaultClassPath                                  : loaded 2 times (x 90B)
Class org.gradle.internal.classloader.ClassLoaderSpec                                 : loaded 2 times (x 71B)
Class org.gradle.internal.classloader.VisitableURLClassLoader                         : loaded 2 times (x 117B)
Class org.gradle.internal.Cast                                                        : loaded 2 times (x 71B)
Class org.gradle.api.Action                                                           : loaded 2 times (x 70B)
Class org.gradle.internal.classpath.DefaultClassPath$ImmutableUniqueList$Builder      : loaded 2 times (x 75B)
Class org.gradle.api.GradleException                                                  : loaded 2 times (x 82B)
Class org.gradle.internal.IoActions                                                   : loaded 2 times (x 71B)
Class org.gradle.internal.classloader.SystemClassLoaderSpec                           : loaded 2 times (x 71B)
Class org.gradle.api.internal.classpath.GlobalCacheRootsProvider                      : loaded 2 times (x 70B)
Class org.gradle.internal.installation.CurrentGradleInstallationLocator               : loaded 2 times (x 71B)
Class org.gradle.internal.service.DefaultServiceLocator                               : loaded 2 times (x 83B)
Class org.gradle.internal.installation.CurrentGradleInstallation                      : loaded 2 times (x 73B)
Class org.gradle.util.internal.GUtil                                                  : loaded 2 times (x 71B)
Class org.gradle.internal.installation.GradleInstallation                             : loaded 2 times (x 75B)

---------------  S Y S T E M  ---------------

OS:
 Windows 11 , 64 bit Build 26100 (10.0.26100.7019)
OS uptime: 0 days 2:14 hours
Hyper-V role detected

CPU: total 12 (initial active 12) (6 cores per cpu, 2 threads per core) family 6 model 141 stepping 1 microcode 0x3c, cx8, cmov, fxsr, ht, mmx, 3dnowpref, sse, sse2, sse3, ssse3, sse4.1, sse4.2, popcnt, lzcnt, tsc, tscinvbit, avx, avx2, aes, erms, clmul, bmi1, bmi2, adx, avx512f, avx512dq, avx512cd, avx512bw, avx512vl, sha, fma, vzeroupper, avx512_vpopcntdq, avx512_vpclmulqdq, avx512_vaes, avx512_vnni, clflush, clflushopt, clwb, avx512_vbmi2, avx512_vbmi, hv, rdtscp, rdpid, fsrm, gfni, avx512_bitalg, f16c, cet_ibt, cet_ss, avx512_ifma
Processor Information for the first 12 processors :
  Max Mhz: 2688, Current Mhz: 2688, Mhz Limit: 2688

Memory: 4k page, system-wide physical 7955M (582M free)
TotalPageFile size 16983M (AvailPageFile size 68M)
current process WorkingSet (physical memory assigned to process): 151M, peak: 161M
current process commit charge ("private bytes"): 215M, peak: 255M

vm_info: OpenJDK 64-Bit Server VM (21.0.8+-14018985-b1038.68) for windows-amd64 JRE (21.0.8+-14018985-b1038.68), built on 2025-08-29T19:56:34Z by "builder" with MS VC++ 16.10 / 16.11 (VS2019)

END.
