#
# There is insufficient memory for the Java Runtime Environment to continue.
# Native memory allocation (malloc) failed to allocate 919056 bytes. Error detail: Chunk::new
# Possible reasons:
#   The system is out of physical RAM or swap space
#   This process is running with CompressedOops enabled, and the Java Heap may be blocking the growth of the native heap
# Possible solutions:
#   Reduce memory load on the system
#   Increase physical memory or swap space
#   Check if swap backing store is full
#   Decrease Java heap size (-Xmx/-Xms)
#   Decrease number of Java threads
#   Decrease Java thread stack sizes (-Xss)
#   Set larger code cache with -XX:ReservedCodeCacheSize=
#   JVM is running with Unscaled Compressed Oops mode in which the Java heap is
#     placed in the first 4GB address space. The Java Heap base address is the
#     maximum limit for the native heap growth. Please use -XX:HeapBaseMinAddress
#     to set the Java Heap base and to place the Java Heap above 4GB virtual address.
# This output file may be truncated or incomplete.
#
#  Out of Memory Error (arena.cpp:168), pid=3964, tid=22508
#
# JRE version: OpenJDK Runtime Environment (21.0.8) (build 21.0.8+-14018985-b1038.68)
# Java VM: OpenJDK 64-Bit Server VM (21.0.8+-14018985-b1038.68, mixed mode, tiered, compressed oops, compressed class ptrs, g1 gc, windows-amd64)
# No core dump will be written. Minidumps are not enabled by default on client versions of Windows
#

---------------  S U M M A R Y ------------

Command Line: --add-opens=java.base/java.lang=ALL-UNNAMED --add-opens=java.base/java.lang.invoke=ALL-UNNAMED --add-opens=java.base/java.util=ALL-UNNAMED --add-opens=java.prefs/java.util.prefs=ALL-UNNAMED --add-exports=jdk.compiler/com.sun.tools.javac.api=ALL-UNNAMED --add-exports=jdk.compiler/com.sun.tools.javac.util=ALL-UNNAMED --add-opens=java.base/java.util=ALL-UNNAMED --add-opens=java.prefs/java.util.prefs=ALL-UNNAMED --add-opens=java.base/java.nio.charset=ALL-UNNAMED --add-opens=java.base/java.net=ALL-UNNAMED --add-opens=java.base/java.util.concurrent.atomic=ALL-UNNAMED --add-opens=java.xml/javax.xml.namespace=ALL-UNNAMED -Xmx2048m -Dfile.encoding=UTF-8 -Duser.country=UA -Duser.language=uk -Duser.variant -javaagent:C:\Users\User\.gradle\wrapper\dists\gradle-8.13-bin\5xuhj0ry160q40clulazy9h7d\gradle-8.13\lib\agents\gradle-instrumentation-agent-8.13.jar org.gradle.launcher.daemon.bootstrap.GradleDaemon 8.13

Host: 11th Gen Intel(R) Core(TM) i5-11400H @ 2.70GHz, 12 cores, 7G,  Windows 11 , 64 bit Build 26100 (10.0.26100.7019)
Time: Tue Nov 11 23:57:39 2025 elapsed time: 3.869969 seconds (0d 0h 0m 3s)

---------------  T H R E A D  ---------------

Current thread (0x000002d5b17c94b0):  JavaThread "C2 CompilerThread1" daemon [_thread_in_native, id=22508, stack(0x000000db4a200000,0x000000db4a300000) (1024K)]


Current CompileTask:
C2:3870 4357       4       java.util.regex.Pattern::compile (537 bytes)

Stack: [0x000000db4a200000,0x000000db4a300000]
Native frames: (J=compiled Java code, j=interpreted, Vv=VM code, C=native code)
V  [jvm.dll+0x6d68d9]
V  [jvm.dll+0x866693]
V  [jvm.dll+0x868c4e]
V  [jvm.dll+0x869333]
V  [jvm.dll+0x280566]
V  [jvm.dll+0xc07cd]
V  [jvm.dll+0xc0d03]
V  [jvm.dll+0x3b95e1]
V  [jvm.dll+0x385507]
V  [jvm.dll+0x38497a]
V  [jvm.dll+0x249252]
V  [jvm.dll+0x248821]
V  [jvm.dll+0x1c73a4]
V  [jvm.dll+0x257f9e]
V  [jvm.dll+0x2564e6]
V  [jvm.dll+0x3f4696]
V  [jvm.dll+0x80eac8]
V  [jvm.dll+0x6d512d]
C  [ucrtbase.dll+0x37b0]
C  [KERNEL32.DLL+0x2e8d7]
C  [ntdll.dll+0x8c53c]


---------------  P R O C E S S  ---------------

Threads class SMR info:
_java_thread_list=0x000002d5b9a9cae0, length=42, elements={
0x000002d5995ec760, 0x000002d5b12eb090, 0x000002d5b12eeda0, 0x000002d5b12ef410,
0x000002d5b13274e0, 0x000002d5b131b090, 0x000002d5b131b700, 0x000002d5b131bd70,
0x000002d5b131c3e0, 0x000002d5b131cdc0, 0x000002d5b1622730, 0x000002d5b17c94b0,
0x000002d5b17cb7a0, 0x000002d5b72cd810, 0x000002d5b7166c50, 0x000002d5b731a070,
0x000002d5b71de270, 0x000002d5b71c03e0, 0x000002d5b71d8e90, 0x000002d5b73adf00,
0x000002d5b736c510, 0x000002d5b7369db0, 0x000002d5b736a440, 0x000002d5b7369720,
0x000002d5b736cba0, 0x000002d5b736aad0, 0x000002d5b736b7f0, 0x000002d5b736be80,
0x000002d5b7d94cd0, 0x000002d5b7d95360, 0x000002d5b7d93fb0, 0x000002d5b7d93290,
0x000002d5b7d93920, 0x000002d5b7d94640, 0x000002d5b7d959f0, 0x000002d5b7d92570,
0x000002d5b7d92c00, 0x000002d5badb23b0, 0x000002d5badb1d20, 0x000002d5badb1000,
0x000002d5badb1690, 0x000002d5badb30d0
}

Java Threads: ( => current thread )
  0x000002d5995ec760 JavaThread "main"                              [_thread_blocked, id=1476, stack(0x000000db49000000,0x000000db49100000) (1024K)]
  0x000002d5b12eb090 JavaThread "Common-Cleaner"             daemon [_thread_blocked, id=23356, stack(0x000000db49800000,0x000000db49900000) (1024K)]
  0x000002d5b12eeda0 JavaThread "Reference Handler"          daemon [_thread_blocked, id=2004, stack(0x000000db49900000,0x000000db49a00000) (1024K)]
  0x000002d5b12ef410 JavaThread "Finalizer"                  daemon [_thread_blocked, id=18324, stack(0x000000db49a00000,0x000000db49b00000) (1024K)]
  0x000002d5b13274e0 JavaThread "Signal Dispatcher"          daemon [_thread_blocked, id=6692, stack(0x000000db49b00000,0x000000db49c00000) (1024K)]
  0x000002d5b131b090 JavaThread "Attach Listener"            daemon [_thread_blocked, id=22388, stack(0x000000db49c00000,0x000000db49d00000) (1024K)]
  0x000002d5b131b700 JavaThread "Service Thread"             daemon [_thread_blocked, id=17456, stack(0x000000db49d00000,0x000000db49e00000) (1024K)]
  0x000002d5b131bd70 JavaThread "Monitor Deflation Thread"   daemon [_thread_blocked, id=12628, stack(0x000000db49e00000,0x000000db49f00000) (1024K)]
  0x000002d5b131c3e0 JavaThread "C2 CompilerThread0"         daemon [_thread_in_native, id=5172, stack(0x000000db49f00000,0x000000db4a000000) (1024K)]
  0x000002d5b131cdc0 JavaThread "C1 CompilerThread0"         daemon [_thread_blocked, id=8684, stack(0x000000db4a000000,0x000000db4a100000) (1024K)]
  0x000002d5b1622730 JavaThread "Notification Thread"        daemon [_thread_blocked, id=12856, stack(0x000000db4a100000,0x000000db4a200000) (1024K)]
=>0x000002d5b17c94b0 JavaThread "C2 CompilerThread1"         daemon [_thread_in_native, id=22508, stack(0x000000db4a200000,0x000000db4a300000) (1024K)]
  0x000002d5b17cb7a0 JavaThread "C2 CompilerThread2"         daemon [_thread_in_native, id=20972, stack(0x000000db4a300000,0x000000db4a400000) (1024K)]
  0x000002d5b72cd810 JavaThread "Daemon health stats"               [_thread_blocked, id=16696, stack(0x000000db4a800000,0x000000db4a900000) (1024K)]
  0x000002d5b7166c50 JavaThread "Incoming local TCP Connector on port 63955"        [_thread_in_native, id=22292, stack(0x000000db4ad00000,0x000000db4ae00000) (1024K)]
  0x000002d5b731a070 JavaThread "Daemon periodic checks"            [_thread_blocked, id=21972, stack(0x000000db4ae00000,0x000000db4af00000) (1024K)]
  0x000002d5b71de270 JavaThread "Daemon"                            [_thread_blocked, id=13928, stack(0x000000db4af00000,0x000000db4b000000) (1024K)]
  0x000002d5b71c03e0 JavaThread "Handler for socket connection from /127.0.0.1:63955 to /127.0.0.1:63956"        [_thread_in_native, id=2644, stack(0x000000db4b000000,0x000000db4b100000) (1024K)]
  0x000002d5b71d8e90 JavaThread "Cancel handler"                    [_thread_blocked, id=10692, stack(0x000000db4b100000,0x000000db4b200000) (1024K)]
  0x000002d5b73adf00 JavaThread "Daemon worker"                     [_thread_in_vm, id=2812, stack(0x000000db4b200000,0x000000db4b300000) (1024K)]
  0x000002d5b736c510 JavaThread "Asynchronous log dispatcher for DefaultDaemonConnection: socket connection from /127.0.0.1:63955 to /127.0.0.1:63956"        [_thread_blocked, id=22244, stack(0x000000db4b300000,0x000000db4b400000) (1024K)]
  0x000002d5b7369db0 JavaThread "Stdin handler"                     [_thread_blocked, id=7116, stack(0x000000db4b700000,0x000000db4b800000) (1024K)]
  0x000002d5b736a440 JavaThread "Daemon client event forwarder"        [_thread_blocked, id=1836, stack(0x000000db4b800000,0x000000db4b900000) (1024K)]
  0x000002d5b7369720 JavaThread "Cache worker for journal cache (C:\Users\User\.gradle\caches\journal-1)"        [_thread_blocked, id=3772, stack(0x000000db4b900000,0x000000db4ba00000) (1024K)]
  0x000002d5b736cba0 JavaThread "File lock request listener"        [_thread_in_native, id=17460, stack(0x000000db4ba00000,0x000000db4bb00000) (1024K)]
  0x000002d5b736aad0 JavaThread "Cache worker for file hash cache (C:\Users\User\.gradle\caches\8.13\fileHashes)"        [_thread_blocked, id=7800, stack(0x000000db4bb00000,0x000000db4bc00000) (1024K)]
  0x000002d5b736b7f0 JavaThread "Cache worker for file hash cache (C:\Users\User\StudioProjects\xVSoRPG\.gradle\8.13\fileHashes)"        [_thread_blocked, id=11948, stack(0x000000db4bc00000,0x000000db4bd00000) (1024K)]
  0x000002d5b736be80 JavaThread "Cache worker for Build Output Cleanup Cache (C:\Users\User\StudioProjects\xVSoRPG\.gradle\buildOutputCleanup)"        [_thread_blocked, id=9368, stack(0x000000db4bd00000,0x000000db4be00000) (1024K)]
  0x000002d5b7d94cd0 JavaThread "File watcher server"        daemon [_thread_in_native, id=22072, stack(0x000000db4be00000,0x000000db4bf00000) (1024K)]
  0x000002d5b7d95360 JavaThread "File watcher consumer"      daemon [_thread_blocked, id=20756, stack(0x000000db4bf00000,0x000000db4c000000) (1024K)]
  0x000002d5b7d93fb0 JavaThread "jar transforms"                    [_thread_blocked, id=17844, stack(0x000000db4c000000,0x000000db4c100000) (1024K)]
  0x000002d5b7d93290 JavaThread "jar transforms Thread 2"           [_thread_blocked, id=22720, stack(0x000000db4c100000,0x000000db4c200000) (1024K)]
  0x000002d5b7d93920 JavaThread "jar transforms Thread 3"           [_thread_blocked, id=2188, stack(0x000000db4c200000,0x000000db4c300000) (1024K)]
  0x000002d5b7d94640 JavaThread "jar transforms Thread 4"           [_thread_blocked, id=15800, stack(0x000000db4c300000,0x000000db4c400000) (1024K)]
  0x000002d5b7d959f0 JavaThread "jar transforms Thread 5"           [_thread_blocked, id=12724, stack(0x000000db4c400000,0x000000db4c500000) (1024K)]
  0x000002d5b7d92570 JavaThread "jar transforms Thread 6"           [_thread_blocked, id=6304, stack(0x000000db4c500000,0x000000db4c600000) (1024K)]
  0x000002d5b7d92c00 JavaThread "jar transforms Thread 7"           [_thread_blocked, id=23024, stack(0x000000db4c600000,0x000000db4c700000) (1024K)]
  0x000002d5badb23b0 JavaThread "jar transforms Thread 8"           [_thread_blocked, id=16300, stack(0x000000db4c700000,0x000000db4c800000) (1024K)]
  0x000002d5badb1d20 JavaThread "jar transforms Thread 9"           [_thread_blocked, id=18800, stack(0x000000db4c800000,0x000000db4c900000) (1024K)]
  0x000002d5badb1000 JavaThread "jar transforms Thread 10"          [_thread_blocked, id=3596, stack(0x000000db4c900000,0x000000db4ca00000) (1024K)]
  0x000002d5badb1690 JavaThread "jar transforms Thread 11"          [_thread_blocked, id=21808, stack(0x000000db4ca00000,0x000000db4cb00000) (1024K)]
  0x000002d5badb30d0 JavaThread "jar transforms Thread 12"          [_thread_blocked, id=796, stack(0x000000db4cb00000,0x000000db4cc00000) (1024K)]
Total: 42

Other Threads:
  0x000002d5b12a0a80 VMThread "VM Thread"                           [id=15896, stack(0x000000db49700000,0x000000db49800000) (1024K)]
  0x000002d5b10da5f0 WatcherThread "VM Periodic Task Thread"        [id=20644, stack(0x000000db49600000,0x000000db49700000) (1024K)]
  0x000002d599646b30 WorkerThread "GC Thread#0"                     [id=15484, stack(0x000000db49100000,0x000000db49200000) (1024K)]
  0x000002d5b1b49d20 WorkerThread "GC Thread#1"                     [id=1480, stack(0x000000db4a400000,0x000000db4a500000) (1024K)]
  0x000002d5b1b10760 WorkerThread "GC Thread#2"                     [id=4656, stack(0x000000db4a500000,0x000000db4a600000) (1024K)]
  0x000002d5b64fab10 WorkerThread "GC Thread#3"                     [id=11080, stack(0x000000db4a600000,0x000000db4a700000) (1024K)]
  0x000002d5b68918d0 WorkerThread "GC Thread#4"                     [id=19748, stack(0x000000db4a700000,0x000000db4a800000) (1024K)]
  0x000002d5b683b5c0 WorkerThread "GC Thread#5"                     [id=22712, stack(0x000000db4a900000,0x000000db4aa00000) (1024K)]
  0x000002d5b1a53550 WorkerThread "GC Thread#6"                     [id=13136, stack(0x000000db4aa00000,0x000000db4ab00000) (1024K)]
  0x000002d5b1a538f0 WorkerThread "GC Thread#7"                     [id=4648, stack(0x000000db4ab00000,0x000000db4ac00000) (1024K)]
  0x000002d5b713e7a0 WorkerThread "GC Thread#8"                     [id=20660, stack(0x000000db4ac00000,0x000000db4ad00000) (1024K)]
  0x000002d5b713ce40 WorkerThread "GC Thread#9"                     [id=9296, stack(0x000000db4b400000,0x000000db4b500000) (1024K)]
  0x000002d599657b80 ConcurrentGCThread "G1 Main Marker"            [id=22700, stack(0x000000db49200000,0x000000db49300000) (1024K)]
  0x000002d599659270 WorkerThread "G1 Conc#0"                       [id=2928, stack(0x000000db49300000,0x000000db49400000) (1024K)]
  0x000002d5b713d1e0 WorkerThread "G1 Conc#1"                       [id=12564, stack(0x000000db4b500000,0x000000db4b600000) (1024K)]
  0x000002d5b713e060 WorkerThread "G1 Conc#2"                       [id=23000, stack(0x000000db4b600000,0x000000db4b700000) (1024K)]
  0x000002d5b0fa45a0 ConcurrentGCThread "G1 Refine#0"               [id=21912, stack(0x000000db49400000,0x000000db49500000) (1024K)]
  0x000002d5b0fa59e0 ConcurrentGCThread "G1 Service"                [id=9688, stack(0x000000db49500000,0x000000db49600000) (1024K)]
Total: 18

Threads with active compile tasks:
C2 CompilerThread0  3884 3776   !   4       java.lang.ClassLoader::loadClass (121 bytes)
C2 CompilerThread1  3884 4357       4       java.util.regex.Pattern::compile (537 bytes)
C2 CompilerThread2  3884 4355       4       jdk.internal.jimage.ImageLocation::getFullName (109 bytes)
Total: 3

VM state: not at safepoint (normal execution)

VM Mutex/Monitor currently owned by a thread:  ([mutex/lock_event])
[0x00007ffcbace7038] MethodCompileQueue_lock - owner thread: 0x0000000000000000

Heap address: 0x0000000080000000, size: 2048 MB, Compressed Oops mode: 32-bit

CDS archive(s) not mapped
Compressed class space mapped at: 0x0000000100000000-0x0000000140000000, reserved size: 1073741824
Narrow klass base: 0x0000000000000000, Narrow klass shift: 3, Narrow klass range: 0x140000000

GC Precious Log:
 CardTable entry size: 512
 Card Set container configuration: InlinePtr #cards 5 size 8 Array Of Cards #cards 12 size 40 Howl #buckets 4 coarsen threshold 1843 Howl Bitmap #cards 512 size 80 coarsen threshold 460 Card regions per heap region 1 cards per card region 2048
 CPUs: 12 total, 12 available
 Memory: 7955M
 Large Page Support: Disabled
 NUMA Support: Disabled
 Compressed Oops: Enabled (32-bit)
 Heap Region Size: 1M
 Heap Min Capacity: 8M
 Heap Initial Capacity: 126M
 Heap Max Capacity: 2G
 Pre-touch: Disabled
 Parallel Workers: 10
 Concurrent Workers: 3
 Concurrent Refinement Workers: 10
 Periodic GC: Disabled

Heap:
 garbage-first heap   total 109568K, used 92042K [0x0000000080000000, 0x0000000100000000)
  region size 1024K, 31 young (31744K), 4 survivors (4096K)
 Metaspace       used 46603K, committed 47552K, reserved 1114112K
  class space    used 6421K, committed 6848K, reserved 1048576K

Heap Regions: E=young(eden), S=young(survivor), O=old, HS=humongous(starts), HC=humongous(continues), CS=collection set, F=free, TAMS=top-at-mark-start, PB=parsable bottom
|   0|0x0000000080000000, 0x0000000080100000, 0x0000000080100000|100%|HS|  |TAMS 0x0000000080000000| PB 0x0000000080000000| Complete 
|   1|0x0000000080100000, 0x0000000080200000, 0x0000000080200000|100%|HC|  |TAMS 0x0000000080100000| PB 0x0000000080100000| Complete 
|   2|0x0000000080200000, 0x0000000080300000, 0x0000000080300000|100%|HC|  |TAMS 0x0000000080200000| PB 0x0000000080200000| Complete 
|   3|0x0000000080300000, 0x0000000080400000, 0x0000000080400000|100%| O|  |TAMS 0x0000000080300000| PB 0x0000000080300000| Untracked 
|   4|0x0000000080400000, 0x0000000080500000, 0x0000000080500000|100%| O|  |TAMS 0x0000000080400000| PB 0x0000000080400000| Untracked 
|   5|0x0000000080500000, 0x0000000080600000, 0x0000000080600000|100%| O|  |TAMS 0x0000000080500000| PB 0x0000000080500000| Untracked 
|   6|0x0000000080600000, 0x0000000080700000, 0x0000000080700000|100%|HS|  |TAMS 0x0000000080600000| PB 0x0000000080600000| Complete 
|   7|0x0000000080700000, 0x0000000080800000, 0x0000000080800000|100%| O|  |TAMS 0x0000000080700000| PB 0x0000000080700000| Untracked 
|   8|0x0000000080800000, 0x0000000080900000, 0x0000000080900000|100%| O|  |TAMS 0x0000000080800000| PB 0x0000000080800000| Untracked 
|   9|0x0000000080900000, 0x0000000080a00000, 0x0000000080a00000|100%| O|  |TAMS 0x0000000080900000| PB 0x0000000080900000| Untracked 
|  10|0x0000000080a00000, 0x0000000080b00000, 0x0000000080b00000|100%| O|  |TAMS 0x0000000080a00000| PB 0x0000000080a00000| Untracked 
|  11|0x0000000080b00000, 0x0000000080c00000, 0x0000000080c00000|100%| O|  |TAMS 0x0000000080b00000| PB 0x0000000080b00000| Untracked 
|  12|0x0000000080c00000, 0x0000000080c00000, 0x0000000080d00000|  0%| F|  |TAMS 0x0000000080c00000| PB 0x0000000080c00000| Untracked 
|  13|0x0000000080d00000, 0x0000000080e00000, 0x0000000080e00000|100%| O|  |TAMS 0x0000000080d00000| PB 0x0000000080d00000| Untracked 
|  14|0x0000000080e00000, 0x0000000080f00000, 0x0000000080f00000|100%| O|  |TAMS 0x0000000080e00000| PB 0x0000000080e00000| Untracked 
|  15|0x0000000080f00000, 0x0000000081000000, 0x0000000081000000|100%| O|  |TAMS 0x0000000080f00000| PB 0x0000000080f00000| Untracked 
|  16|0x0000000081000000, 0x0000000081100000, 0x0000000081100000|100%| O|  |TAMS 0x0000000081000000| PB 0x0000000081000000| Untracked 
|  17|0x0000000081100000, 0x0000000081200000, 0x0000000081200000|100%| O|  |TAMS 0x0000000081100000| PB 0x0000000081100000| Untracked 
|  18|0x0000000081200000, 0x0000000081300000, 0x0000000081300000|100%| O|  |TAMS 0x0000000081200000| PB 0x0000000081200000| Untracked 
|  19|0x0000000081300000, 0x0000000081400000, 0x0000000081400000|100%| O|  |TAMS 0x0000000081300000| PB 0x0000000081300000| Untracked 
|  20|0x0000000081400000, 0x0000000081500000, 0x0000000081500000|100%| O|  |TAMS 0x0000000081400000| PB 0x0000000081400000| Untracked 
|  21|0x0000000081500000, 0x0000000081600000, 0x0000000081600000|100%| O|  |TAMS 0x0000000081500000| PB 0x0000000081500000| Untracked 
|  22|0x0000000081600000, 0x0000000081700000, 0x0000000081700000|100%| O|  |TAMS 0x0000000081600000| PB 0x0000000081600000| Untracked 
|  23|0x0000000081700000, 0x0000000081800000, 0x0000000081800000|100%|HS|  |TAMS 0x0000000081700000| PB 0x0000000081700000| Complete 
|  24|0x0000000081800000, 0x0000000081900000, 0x0000000081900000|100%|HC|  |TAMS 0x0000000081800000| PB 0x0000000081800000| Complete 
|  25|0x0000000081900000, 0x0000000081a00000, 0x0000000081a00000|100%|HC|  |TAMS 0x0000000081900000| PB 0x0000000081900000| Complete 
|  26|0x0000000081a00000, 0x0000000081b00000, 0x0000000081b00000|100%|HC|  |TAMS 0x0000000081a00000| PB 0x0000000081a00000| Complete 
|  27|0x0000000081b00000, 0x0000000081c00000, 0x0000000081c00000|100%|HC|  |TAMS 0x0000000081b00000| PB 0x0000000081b00000| Complete 
|  28|0x0000000081c00000, 0x0000000081d00000, 0x0000000081d00000|100%|HC|  |TAMS 0x0000000081c00000| PB 0x0000000081c00000| Complete 
|  29|0x0000000081d00000, 0x0000000081e00000, 0x0000000081e00000|100%|HS|  |TAMS 0x0000000081d00000| PB 0x0000000081d00000| Complete 
|  30|0x0000000081e00000, 0x0000000081f00000, 0x0000000081f00000|100%|HS|  |TAMS 0x0000000081e00000| PB 0x0000000081e00000| Complete 
|  31|0x0000000081f00000, 0x0000000082000000, 0x0000000082000000|100%|HC|  |TAMS 0x0000000081f00000| PB 0x0000000081f00000| Complete 
|  32|0x0000000082000000, 0x0000000082100000, 0x0000000082100000|100%|HC|  |TAMS 0x0000000082000000| PB 0x0000000082000000| Complete 
|  33|0x0000000082100000, 0x0000000082200000, 0x0000000082200000|100%|HC|  |TAMS 0x0000000082100000| PB 0x0000000082100000| Complete 
|  34|0x0000000082200000, 0x0000000082300000, 0x0000000082300000|100%|HS|  |TAMS 0x0000000082200000| PB 0x0000000082200000| Complete 
|  35|0x0000000082300000, 0x0000000082400000, 0x0000000082400000|100%|HC|  |TAMS 0x0000000082300000| PB 0x0000000082300000| Complete 
|  36|0x0000000082400000, 0x0000000082500000, 0x0000000082500000|100%|HS|  |TAMS 0x0000000082400000| PB 0x0000000082400000| Complete 
|  37|0x0000000082500000, 0x0000000082600000, 0x0000000082600000|100%|HS|  |TAMS 0x0000000082500000| PB 0x0000000082500000| Complete 
|  38|0x0000000082600000, 0x0000000082700000, 0x0000000082700000|100%|HC|  |TAMS 0x0000000082600000| PB 0x0000000082600000| Complete 
|  39|0x0000000082700000, 0x0000000082800000, 0x0000000082800000|100%|HC|  |TAMS 0x0000000082700000| PB 0x0000000082700000| Complete 
|  40|0x0000000082800000, 0x0000000082900000, 0x0000000082900000|100%|HC|  |TAMS 0x0000000082800000| PB 0x0000000082800000| Complete 
|  41|0x0000000082900000, 0x0000000082a00000, 0x0000000082a00000|100%|HC|  |TAMS 0x0000000082900000| PB 0x0000000082900000| Complete 
|  42|0x0000000082a00000, 0x0000000082b00000, 0x0000000082b00000|100%|HC|  |TAMS 0x0000000082a00000| PB 0x0000000082a00000| Complete 
|  43|0x0000000082b00000, 0x0000000082c00000, 0x0000000082c00000|100%|HS|  |TAMS 0x0000000082b00000| PB 0x0000000082b00000| Complete 
|  44|0x0000000082c00000, 0x0000000082d00000, 0x0000000082d00000|100%|HS|  |TAMS 0x0000000082c00000| PB 0x0000000082c00000| Complete 
|  45|0x0000000082d00000, 0x0000000082e00000, 0x0000000082e00000|100%|HC|  |TAMS 0x0000000082d00000| PB 0x0000000082d00000| Complete 
|  46|0x0000000082e00000, 0x0000000082f00000, 0x0000000082f00000|100%|HC|  |TAMS 0x0000000082e00000| PB 0x0000000082e00000| Complete 
|  47|0x0000000082f00000, 0x0000000083000000, 0x0000000083000000|100%|HC|  |TAMS 0x0000000082f00000| PB 0x0000000082f00000| Complete 
|  48|0x0000000083000000, 0x0000000083100000, 0x0000000083100000|100%|HS|  |TAMS 0x0000000083000000| PB 0x0000000083000000| Complete 
|  49|0x0000000083100000, 0x0000000083200000, 0x0000000083200000|100%|HC|  |TAMS 0x0000000083100000| PB 0x0000000083100000| Complete 
|  50|0x0000000083200000, 0x0000000083300000, 0x0000000083300000|100%|HS|  |TAMS 0x0000000083200000| PB 0x0000000083200000| Complete 
|  51|0x0000000083300000, 0x0000000083400000, 0x0000000083400000|100%| O|  |TAMS 0x0000000083300000| PB 0x0000000083300000| Untracked 
|  52|0x0000000083400000, 0x0000000083500000, 0x0000000083500000|100%| O|Cm|TAMS 0x0000000083400000| PB 0x0000000083400000| Complete 
|  53|0x0000000083500000, 0x0000000083600000, 0x0000000083600000|100%| O|  |TAMS 0x0000000083500000| PB 0x0000000083500000| Untracked 
|  54|0x0000000083600000, 0x0000000083700000, 0x0000000083700000|100%| O|  |TAMS 0x0000000083600000| PB 0x0000000083600000| Untracked 
|  55|0x0000000083700000, 0x0000000083800000, 0x0000000083800000|100%| O|  |TAMS 0x0000000083700000| PB 0x0000000083700000| Untracked 
|  56|0x0000000083800000, 0x0000000083900000, 0x0000000083900000|100%| O|  |TAMS 0x0000000083800000| PB 0x0000000083800000| Untracked 
|  57|0x0000000083900000, 0x0000000083a00000, 0x0000000083a00000|100%| O|  |TAMS 0x0000000083900000| PB 0x0000000083900000| Untracked 
|  58|0x0000000083a00000, 0x0000000083ae2808, 0x0000000083b00000| 88%| O|  |TAMS 0x0000000083a00000| PB 0x0000000083a00000| Untracked 
|  59|0x0000000083b00000, 0x0000000083b00000, 0x0000000083c00000|  0%| F|  |TAMS 0x0000000083b00000| PB 0x0000000083b00000| Untracked 
|  60|0x0000000083c00000, 0x0000000083c00000, 0x0000000083d00000|  0%| F|  |TAMS 0x0000000083c00000| PB 0x0000000083c00000| Untracked 
|  61|0x0000000083d00000, 0x0000000083d00000, 0x0000000083e00000|  0%| F|  |TAMS 0x0000000083d00000| PB 0x0000000083d00000| Untracked 
|  62|0x0000000083e00000, 0x0000000083e00000, 0x0000000083f00000|  0%| F|  |TAMS 0x0000000083e00000| PB 0x0000000083e00000| Untracked 
|  63|0x0000000083f00000, 0x0000000083f00000, 0x0000000084000000|  0%| F|  |TAMS 0x0000000083f00000| PB 0x0000000083f00000| Untracked 
|  64|0x0000000084000000, 0x0000000084000000, 0x0000000084100000|  0%| F|  |TAMS 0x0000000084000000| PB 0x0000000084000000| Untracked 
|  65|0x0000000084100000, 0x0000000084100000, 0x0000000084200000|  0%| F|  |TAMS 0x0000000084100000| PB 0x0000000084100000| Untracked 
|  66|0x0000000084200000, 0x0000000084200000, 0x0000000084300000|  0%| F|  |TAMS 0x0000000084200000| PB 0x0000000084200000| Untracked 
|  67|0x0000000084300000, 0x0000000084300000, 0x0000000084400000|  0%| F|  |TAMS 0x0000000084300000| PB 0x0000000084300000| Untracked 
|  68|0x0000000084400000, 0x0000000084500000, 0x0000000084500000|100%| S|CS|TAMS 0x0000000084400000| PB 0x0000000084400000| Complete 
|  69|0x0000000084500000, 0x0000000084600000, 0x0000000084600000|100%| S|CS|TAMS 0x0000000084500000| PB 0x0000000084500000| Complete 
|  70|0x0000000084600000, 0x0000000084700000, 0x0000000084700000|100%| S|CS|TAMS 0x0000000084600000| PB 0x0000000084600000| Complete 
|  71|0x0000000084700000, 0x0000000084800000, 0x0000000084800000|100%| S|CS|TAMS 0x0000000084700000| PB 0x0000000084700000| Complete 
|  72|0x0000000084800000, 0x0000000084800000, 0x0000000084900000|  0%| F|  |TAMS 0x0000000084800000| PB 0x0000000084800000| Untracked 
|  73|0x0000000084900000, 0x0000000084900000, 0x0000000084a00000|  0%| F|  |TAMS 0x0000000084900000| PB 0x0000000084900000| Untracked 
|  74|0x0000000084a00000, 0x0000000084a00000, 0x0000000084b00000|  0%| F|  |TAMS 0x0000000084a00000| PB 0x0000000084a00000| Untracked 
|  75|0x0000000084b00000, 0x0000000084b00000, 0x0000000084c00000|  0%| F|  |TAMS 0x0000000084b00000| PB 0x0000000084b00000| Untracked 
|  76|0x0000000084c00000, 0x0000000084c00000, 0x0000000084d00000|  0%| F|  |TAMS 0x0000000084c00000| PB 0x0000000084c00000| Untracked 
|  77|0x0000000084d00000, 0x0000000084d00000, 0x0000000084e00000|  0%| F|  |TAMS 0x0000000084d00000| PB 0x0000000084d00000| Untracked 
|  78|0x0000000084e00000, 0x0000000084f00000, 0x0000000084f00000|100%| E|  |TAMS 0x0000000084e00000| PB 0x0000000084e00000| Complete 
|  79|0x0000000084f00000, 0x0000000085000000, 0x0000000085000000|100%| E|CS|TAMS 0x0000000084f00000| PB 0x0000000084f00000| Complete 
|  80|0x0000000085000000, 0x0000000085100000, 0x0000000085100000|100%| E|CS|TAMS 0x0000000085000000| PB 0x0000000085000000| Complete 
|  81|0x0000000085100000, 0x0000000085200000, 0x0000000085200000|100%| E|CS|TAMS 0x0000000085100000| PB 0x0000000085100000| Complete 
|  82|0x0000000085200000, 0x0000000085300000, 0x0000000085300000|100%| E|CS|TAMS 0x0000000085200000| PB 0x0000000085200000| Complete 
|  83|0x0000000085300000, 0x0000000085400000, 0x0000000085400000|100%| E|CS|TAMS 0x0000000085300000| PB 0x0000000085300000| Complete 
|  84|0x0000000085400000, 0x0000000085500000, 0x0000000085500000|100%| E|CS|TAMS 0x0000000085400000| PB 0x0000000085400000| Complete 
|  85|0x0000000085500000, 0x0000000085600000, 0x0000000085600000|100%| E|CS|TAMS 0x0000000085500000| PB 0x0000000085500000| Complete 
|  86|0x0000000085600000, 0x0000000085700000, 0x0000000085700000|100%| E|CS|TAMS 0x0000000085600000| PB 0x0000000085600000| Complete 
|  87|0x0000000085700000, 0x0000000085800000, 0x0000000085800000|100%| E|CS|TAMS 0x0000000085700000| PB 0x0000000085700000| Complete 
|  88|0x0000000085800000, 0x0000000085900000, 0x0000000085900000|100%| E|CS|TAMS 0x0000000085800000| PB 0x0000000085800000| Complete 
|  89|0x0000000085900000, 0x0000000085a00000, 0x0000000085a00000|100%| E|CS|TAMS 0x0000000085900000| PB 0x0000000085900000| Complete 
|  90|0x0000000085a00000, 0x0000000085b00000, 0x0000000085b00000|100%| E|CS|TAMS 0x0000000085a00000| PB 0x0000000085a00000| Complete 
|  91|0x0000000085b00000, 0x0000000085c00000, 0x0000000085c00000|100%| E|CS|TAMS 0x0000000085b00000| PB 0x0000000085b00000| Complete 
|  92|0x0000000085c00000, 0x0000000085d00000, 0x0000000085d00000|100%| E|CS|TAMS 0x0000000085c00000| PB 0x0000000085c00000| Complete 
|  93|0x0000000085d00000, 0x0000000085e00000, 0x0000000085e00000|100%| E|CS|TAMS 0x0000000085d00000| PB 0x0000000085d00000| Complete 
|  94|0x0000000085e00000, 0x0000000085f00000, 0x0000000085f00000|100%| E|CS|TAMS 0x0000000085e00000| PB 0x0000000085e00000| Complete 
|  95|0x0000000085f00000, 0x0000000086000000, 0x0000000086000000|100%| E|CS|TAMS 0x0000000085f00000| PB 0x0000000085f00000| Complete 
|  96|0x0000000086000000, 0x0000000086100000, 0x0000000086100000|100%| E|CS|TAMS 0x0000000086000000| PB 0x0000000086000000| Complete 
|  97|0x0000000086100000, 0x0000000086200000, 0x0000000086200000|100%| E|CS|TAMS 0x0000000086100000| PB 0x0000000086100000| Complete 
|  98|0x0000000086200000, 0x0000000086300000, 0x0000000086300000|100%| E|CS|TAMS 0x0000000086200000| PB 0x0000000086200000| Complete 
|  99|0x0000000086300000, 0x0000000086400000, 0x0000000086400000|100%| E|CS|TAMS 0x0000000086300000| PB 0x0000000086300000| Complete 
| 100|0x0000000086400000, 0x0000000086500000, 0x0000000086500000|100%| E|CS|TAMS 0x0000000086400000| PB 0x0000000086400000| Complete 
| 105|0x0000000086900000, 0x0000000086a00000, 0x0000000086a00000|100%| E|CS|TAMS 0x0000000086900000| PB 0x0000000086900000| Complete 
| 106|0x0000000086a00000, 0x0000000086b00000, 0x0000000086b00000|100%| E|CS|TAMS 0x0000000086a00000| PB 0x0000000086a00000| Complete 
| 107|0x0000000086b00000, 0x0000000086c00000, 0x0000000086c00000|100%| E|CS|TAMS 0x0000000086b00000| PB 0x0000000086b00000| Complete 
| 125|0x0000000087d00000, 0x0000000087e00000, 0x0000000087e00000|100%| E|CS|TAMS 0x0000000087d00000| PB 0x0000000087d00000| Complete 
|2046|0x00000000ffe00000, 0x00000000fff00000, 0x00000000fff00000|100%| O|  |TAMS 0x00000000ffe00000| PB 0x00000000ffe00000| Untracked 
|2047|0x00000000fff00000, 0x0000000100000000, 0x0000000100000000|100%| O|  |TAMS 0x00000000fff00000| PB 0x00000000fff00000| Untracked 

Card table byte_map: [0x000002d5ac090000,0x000002d5ac490000] _byte_map_base: 0x000002d5abc90000

Marking Bits: (CMBitMap*) 0x000002d599647140
 Bits: [0x000002d5ac490000, 0x000002d5ae490000)

Polling page: 0x000002d597380000

Metaspace:

Usage:
  Non-class:     39.26 MB used.
      Class:      6.28 MB used.
       Both:     45.53 MB used.

Virtual space:
  Non-class space:       64.00 MB reserved,      39.75 MB ( 62%) committed,  1 nodes.
      Class space:        1.00 GB reserved,       6.69 MB ( <1%) committed,  1 nodes.
             Both:        1.06 GB reserved,      46.44 MB (  4%) committed. 

Chunk freelists:
   Non-Class:  7.81 MB
       Class:  9.32 MB
        Both:  17.14 MB

MaxMetaspaceSize: unlimited
CompressedClassSpaceSize: 1.00 GB
Initial GC threshold: 21.00 MB
Current GC threshold: 75.88 MB
CDS: off
 - commit_granule_bytes: 65536.
 - commit_granule_words: 8192.
 - virtual_space_node_default_size: 8388608.
 - enlarge_chunks_in_place: 1.
 - use_allocation_guard: 0.


Internal statistics:

num_allocs_failed_limit: 6.
num_arena_births: 1660.
num_arena_deaths: 0.
num_vsnodes_births: 2.
num_vsnodes_deaths: 0.
num_space_committed: 743.
num_space_uncommitted: 0.
num_chunks_returned_to_freelist: 6.
num_chunks_taken_from_freelist: 3249.
num_chunk_merges: 3.
num_chunk_splits: 2069.
num_chunks_enlarged: 1303.
num_inconsistent_stats: 0.

CodeHeap 'non-profiled nmethods': size=120000Kb used=2385Kb max_used=2385Kb free=117614Kb
 bounds [0x000002d5a4210000, 0x000002d5a4480000, 0x000002d5ab740000]
CodeHeap 'profiled nmethods': size=120000Kb used=7408Kb max_used=7408Kb free=112591Kb
 bounds [0x000002d59c740000, 0x000002d59ce80000, 0x000002d5a3c70000]
CodeHeap 'non-nmethods': size=5760Kb used=2089Kb max_used=2120Kb free=3670Kb
 bounds [0x000002d5a3c70000, 0x000002d5a3ee0000, 0x000002d5a4210000]
CodeCache: size=245760Kb, used=11882Kb, max_used=11913Kb, free=233875Kb
 total_blobs=4545, nmethods=3856, adapters=593, full_count=0
Compilation: enabled, stopped_count=0, restarted_count=0

Compilation events (20 events):
Event: 3.865 Thread 0x000002d5b131cdc0 nmethod 4428 0x000002d59ce72990 code [0x000002d59ce72b60, 0x000002d59ce72f78]
Event: 3.865 Thread 0x000002d5b131cdc0 4429  s!   3       java.beans.PropertyDescriptor::getReadMethod (149 bytes)
Event: 3.865 Thread 0x000002d5b131cdc0 nmethod 4429 0x000002d59ce73110 code [0x000002d59ce734a0, 0x000002d59ce74e20]
Event: 3.865 Thread 0x000002d5b131cdc0 4430       1       java.util.TreeMap::size (5 bytes)
Event: 3.865 Thread 0x000002d5b131cdc0 nmethod 4430 0x000002d5a4463d90 code [0x000002d5a4463f20, 0x000002d5a4463fe8]
Event: 3.865 Thread 0x000002d5b131cdc0 4431       3       org.codehaus.groovy.util.SingleKeyHashMap::put (10 bytes)
Event: 3.866 Thread 0x000002d5b131cdc0 nmethod 4431 0x000002d59ce75590 code [0x000002d59ce75740, 0x000002d59ce75960]
Event: 3.866 Thread 0x000002d5b131cdc0 4432       3       groovy.lang.MetaProperty::<init> (15 bytes)
Event: 3.866 Thread 0x000002d5b131cdc0 nmethod 4432 0x000002d59ce75a90 code [0x000002d59ce75c40, 0x000002d59ce75e60]
Event: 3.866 Thread 0x000002d5b131cdc0 4434       3       org.codehaus.groovy.util.SingleKeyHashMap::get (67 bytes)
Event: 3.866 Thread 0x000002d5b131cdc0 nmethod 4434 0x000002d59ce75f10 code [0x000002d59ce76120, 0x000002d59ce767a0]
Event: 3.866 Thread 0x000002d5b131cdc0 4433       3       java.lang.CharacterDataLatin1::isUpperCase (16 bytes)
Event: 3.866 Thread 0x000002d5b131cdc0 nmethod 4433 0x000002d59ce76a10 code [0x000002d59ce76bc0, 0x000002d59ce76dc8]
Event: 3.866 Thread 0x000002d5b131cdc0 4436       3       groovy.lang.MetaClassImpl$$Lambda/0x000000010068ee40::<init> (10 bytes)
Event: 3.866 Thread 0x000002d5b131cdc0 nmethod 4436 0x000002d59ce76f10 code [0x000002d59ce770c0, 0x000002d59ce77278]
Event: 3.866 Thread 0x000002d5b131cdc0 4437       3       groovy.lang.MetaClassImpl::createMetaBeanProperty (35 bytes)
Event: 3.866 Thread 0x000002d5b131cdc0 nmethod 4437 0x000002d59ce77310 code [0x000002d59ce77500, 0x000002d59ce779b0]
Event: 3.866 Thread 0x000002d5b131cdc0 4435       3       groovy.lang.MetaClassImpl::getPropName (19 bytes)
Event: 3.867 Thread 0x000002d5b131cdc0 nmethod 4435 0x000002d59ce77b90 code [0x000002d59ce77da0, 0x000002d59ce78488]
Event: 3.867 Thread 0x000002d5b131cdc0 4438       3       groovy.lang.MetaClassImpl::makeReplacementMetaProperty (241 bytes)

GC Heap History (20 events):
Event: 0.605 GC heap before
{Heap before GC invocations=0 (full 0):
 garbage-first heap   total 129024K, used 22528K [0x0000000080000000, 0x0000000100000000)
  region size 1024K, 23 young (23552K), 0 survivors (0K)
 Metaspace       used 8120K, committed 8256K, reserved 1114112K
  class space    used 749K, committed 832K, reserved 1048576K
}
Event: 0.607 GC heap after
{Heap after GC invocations=1 (full 0):
 garbage-first heap   total 129024K, used 2367K [0x0000000080000000, 0x0000000100000000)
  region size 1024K, 3 young (3072K), 3 survivors (3072K)
 Metaspace       used 8120K, committed 8256K, reserved 1114112K
  class space    used 749K, committed 832K, reserved 1048576K
}
Event: 1.066 GC heap before
{Heap before GC invocations=1 (full 0):
 garbage-first heap   total 129024K, used 41279K [0x0000000080000000, 0x0000000100000000)
  region size 1024K, 39 young (39936K), 3 survivors (3072K)
 Metaspace       used 12372K, committed 12544K, reserved 1114112K
  class space    used 1349K, committed 1408K, reserved 1048576K
}
Event: 1.070 GC heap after
{Heap after GC invocations=2 (full 0):
 garbage-first heap   total 129024K, used 10863K [0x0000000080000000, 0x0000000100000000)
  region size 1024K, 5 young (5120K), 5 survivors (5120K)
 Metaspace       used 12372K, committed 12544K, reserved 1114112K
  class space    used 1349K, committed 1408K, reserved 1048576K
}
Event: 1.508 GC heap before
{Heap before GC invocations=2 (full 0):
 garbage-first heap   total 129024K, used 62063K [0x0000000080000000, 0x0000000100000000)
  region size 1024K, 54 young (55296K), 5 survivors (5120K)
 Metaspace       used 15908K, committed 16128K, reserved 1114112K
  class space    used 1841K, committed 1920K, reserved 1048576K
}
Event: 1.514 GC heap after
{Heap after GC invocations=3 (full 0):
 garbage-first heap   total 129024K, used 17874K [0x0000000080000000, 0x0000000100000000)
  region size 1024K, 6 young (6144K), 6 survivors (6144K)
 Metaspace       used 15908K, committed 16128K, reserved 1114112K
  class space    used 1841K, committed 1920K, reserved 1048576K
}
Event: 1.794 GC heap before
{Heap before GC invocations=3 (full 0):
 garbage-first heap   total 129024K, used 34258K [0x0000000080000000, 0x0000000100000000)
  region size 1024K, 24 young (24576K), 6 survivors (6144K)
 Metaspace       used 21271K, committed 21504K, reserved 1114112K
  class space    used 2524K, committed 2624K, reserved 1048576K
}
Event: 1.797 GC heap after
{Heap after GC invocations=4 (full 0):
 garbage-first heap   total 129024K, used 20112K [0x0000000080000000, 0x0000000100000000)
  region size 1024K, 3 young (3072K), 3 survivors (3072K)
 Metaspace       used 21271K, committed 21504K, reserved 1114112K
  class space    used 2524K, committed 2624K, reserved 1048576K
}
Event: 2.387 GC heap before
{Heap before GC invocations=5 (full 0):
 garbage-first heap   total 71680K, used 69264K [0x0000000080000000, 0x0000000100000000)
  region size 1024K, 52 young (53248K), 3 survivors (3072K)
 Metaspace       used 29532K, committed 30016K, reserved 1114112K
  class space    used 3873K, committed 4096K, reserved 1048576K
}
Event: 2.392 GC heap after
{Heap after GC invocations=6 (full 0):
 garbage-first heap   total 76800K, used 22949K [0x0000000080000000, 0x0000000100000000)
  region size 1024K, 5 young (5120K), 5 survivors (5120K)
 Metaspace       used 29532K, committed 30016K, reserved 1114112K
  class space    used 3873K, committed 4096K, reserved 1048576K
}
Event: 2.864 GC heap before
{Heap before GC invocations=6 (full 0):
 garbage-first heap   total 76800K, used 60837K [0x0000000080000000, 0x0000000100000000)
  region size 1024K, 42 young (43008K), 5 survivors (5120K)
 Metaspace       used 34488K, committed 35328K, reserved 1114112K
  class space    used 4759K, committed 5120K, reserved 1048576K
}
Event: 2.869 GC heap after
{Heap after GC invocations=7 (full 0):
 garbage-first heap   total 76800K, used 25362K [0x0000000080000000, 0x0000000100000000)
  region size 1024K, 6 young (6144K), 6 survivors (6144K)
 Metaspace       used 34488K, committed 35328K, reserved 1114112K
  class space    used 4759K, committed 5120K, reserved 1048576K
}
Event: 2.914 GC heap before
{Heap before GC invocations=7 (full 0):
 garbage-first heap   total 76800K, used 29458K [0x0000000080000000, 0x0000000100000000)
  region size 1024K, 11 young (11264K), 6 survivors (6144K)
 Metaspace       used 35211K, committed 35968K, reserved 1114112K
  class space    used 4895K, committed 5248K, reserved 1048576K
}
Event: 2.916 GC heap after
{Heap after GC invocations=8 (full 0):
 garbage-first heap   total 76800K, used 25798K [0x0000000080000000, 0x0000000100000000)
  region size 1024K, 4 young (4096K), 4 survivors (4096K)
 Metaspace       used 35211K, committed 35968K, reserved 1114112K
  class space    used 4895K, committed 5248K, reserved 1048576K
}
Event: 3.138 GC heap before
{Heap before GC invocations=9 (full 0):
 garbage-first heap   total 76800K, used 73926K [0x0000000080000000, 0x0000000100000000)
  region size 1024K, 24 young (24576K), 4 survivors (4096K)
 Metaspace       used 36951K, committed 37824K, reserved 1114112K
  class space    used 5208K, committed 5632K, reserved 1048576K
}
Event: 3.143 GC heap after
{Heap after GC invocations=10 (full 0):
 garbage-first heap   total 84992K, used 60177K [0x0000000080000000, 0x0000000100000000)
  region size 1024K, 6 young (6144K), 6 survivors (6144K)
 Metaspace       used 36951K, committed 37824K, reserved 1114112K
  class space    used 5208K, committed 5632K, reserved 1048576K
}
Event: 3.279 GC heap before
{Heap before GC invocations=10 (full 0):
 garbage-first heap   total 84992K, used 73489K [0x0000000080000000, 0x0000000100000000)
  region size 1024K, 19 young (19456K), 6 survivors (6144K)
 Metaspace       used 38629K, committed 39488K, reserved 1114112K
  class space    used 5435K, committed 5824K, reserved 1048576K
}
Event: 3.282 GC heap after
{Heap after GC invocations=11 (full 0):
 garbage-first heap   total 109568K, used 61885K [0x0000000080000000, 0x0000000100000000)
  region size 1024K, 1 young (1024K), 1 survivors (1024K)
 Metaspace       used 38629K, committed 39488K, reserved 1114112K
  class space    used 5435K, committed 5824K, reserved 1048576K
}
Event: 3.717 GC heap before
{Heap before GC invocations=11 (full 0):
 garbage-first heap   total 109568K, used 94653K [0x0000000080000000, 0x0000000100000000)
  region size 1024K, 34 young (34816K), 1 survivors (1024K)
 Metaspace       used 45413K, committed 46336K, reserved 1114112K
  class space    used 6314K, committed 6720K, reserved 1048576K
}
Event: 3.722 GC heap after
{Heap after GC invocations=12 (full 0):
 garbage-first heap   total 109568K, used 65418K [0x0000000080000000, 0x0000000100000000)
  region size 1024K, 4 young (4096K), 4 survivors (4096K)
 Metaspace       used 45413K, committed 46336K, reserved 1114112K
  class space    used 6314K, committed 6720K, reserved 1048576K
}

Dll operation events (3 events):
Event: 0.006 Loaded shared library D:\My Profile\Programs\AndroidStudio\jbr\bin\java.dll
Event: 0.010 Loaded shared library D:\My Profile\Programs\AndroidStudio\jbr\bin\zip.dll
Event: 0.674 Loaded shared library D:\My Profile\Programs\AndroidStudio\jbr\bin\verify.dll

Deoptimization events (20 events):
Event: 3.637 Thread 0x000002d5b73adf00 Uncommon trap: trap_request=0xffffff45 fr.pc=0x000002d5a423a9ac relative=0x000000000000008c
Event: 3.637 Thread 0x000002d5b73adf00 Uncommon trap: reason=unstable_if action=reinterpret pc=0x000002d5a423a9ac method=jdk.internal.misc.Unsafe.convEndian(ZJ)J @ 4 c2
Event: 3.637 Thread 0x000002d5b73adf00 DEOPT PACKING pc=0x000002d5a423a9ac sp=0x000000db4b2f2090
Event: 3.637 Thread 0x000002d5b73adf00 DEOPT UNPACKING pc=0x000002d5a3cc7da2 sp=0x000000db4b2f1fb8 mode 2
Event: 3.800 Thread 0x000002d5b73adf00 Uncommon trap: trap_request=0xffffff45 fr.pc=0x000002d5a427e92c relative=0x000000000000074c
Event: 3.800 Thread 0x000002d5b73adf00 Uncommon trap: reason=unstable_if action=reinterpret pc=0x000002d5a427e92c method=java.net.URI.percentNormalizedComparison(Ljava/lang/String;Ljava/lang/String;Z)I @ 21 c2
Event: 3.800 Thread 0x000002d5b73adf00 DEOPT PACKING pc=0x000002d5a427e92c sp=0x000000db4b2f70b0
Event: 3.800 Thread 0x000002d5b73adf00 DEOPT UNPACKING pc=0x000002d5a3cc7da2 sp=0x000000db4b2f7020 mode 2
Event: 3.800 Thread 0x000002d5b73adf00 Uncommon trap: trap_request=0xffffff6e fr.pc=0x000002d5a4236348 relative=0x0000000000000808
Event: 3.800 Thread 0x000002d5b73adf00 Uncommon trap: reason=loop_limit_check action=maybe_recompile pc=0x000002d5a4236348 method=java.util.regex.Pattern$Start.match(Ljava/util/regex/Matcher;ILjava/lang/CharSequence;)Z @ 34 c2
Event: 3.800 Thread 0x000002d5b73adf00 DEOPT PACKING pc=0x000002d5a4236348 sp=0x000000db4b2f6c80
Event: 3.800 Thread 0x000002d5b73adf00 DEOPT UNPACKING pc=0x000002d5a3cc7da2 sp=0x000000db4b2f6bf0 mode 2
Event: 3.861 Thread 0x000002d5b73adf00 Uncommon trap: trap_request=0xffffffc6 fr.pc=0x000002d5a4462314 relative=0x00000000000007d4
Event: 3.861 Thread 0x000002d5b73adf00 Uncommon trap: reason=bimorphic_or_optimized_type_check action=maybe_recompile pc=0x000002d5a4462314 method=java.util.regex.Pattern$Start.match(Ljava/util/regex/Matcher;ILjava/lang/CharSequence;)Z @ 44 c2
Event: 3.861 Thread 0x000002d5b73adf00 DEOPT PACKING pc=0x000002d5a4462314 sp=0x000000db4b2f7e50
Event: 3.861 Thread 0x000002d5b73adf00 DEOPT UNPACKING pc=0x000002d5a3cc7da2 sp=0x000000db4b2f7d48 mode 2
Event: 3.862 Thread 0x000002d5b73adf00 Uncommon trap: trap_request=0xffffffc6 fr.pc=0x000002d5a4462314 relative=0x00000000000007d4
Event: 3.862 Thread 0x000002d5b73adf00 Uncommon trap: reason=bimorphic_or_optimized_type_check action=maybe_recompile pc=0x000002d5a4462314 method=java.util.regex.Pattern$Start.match(Ljava/util/regex/Matcher;ILjava/lang/CharSequence;)Z @ 44 c2
Event: 3.862 Thread 0x000002d5b73adf00 DEOPT PACKING pc=0x000002d5a4462314 sp=0x000000db4b2f7e50
Event: 3.862 Thread 0x000002d5b73adf00 DEOPT UNPACKING pc=0x000002d5a3cc7da2 sp=0x000000db4b2f7d48 mode 2

Classes loaded (20 events):
Event: 3.802 Loading class jdk/internal/jrtfs/SystemImage$1
Event: 3.802 Loading class jdk/internal/jrtfs/SystemImage$1 done
Event: 3.802 Loading class jdk/internal/jimage/ImageReader$SharedImageReader$LocationVisitor
Event: 3.802 Loading class jdk/internal/jimage/ImageReader$SharedImageReader$LocationVisitor done
Event: 3.802 Loading class java/nio/ByteBufferAsIntBufferL
Event: 3.802 Loading class java/nio/ByteBufferAsIntBufferL done
Event: 3.803 Loading class jdk/internal/jrtfs/JrtFileAttributes
Event: 3.803 Loading class jdk/internal/jrtfs/JrtFileAttributes done
Event: 3.803 Loading class jdk/internal/jrtfs/JrtDirectoryStream
Event: 3.803 Loading class jdk/internal/jrtfs/JrtDirectoryStream done
Event: 3.804 Loading class jdk/internal/jrtfs/JrtDirectoryStream$1
Event: 3.804 Loading class jdk/internal/jrtfs/JrtDirectoryStream$1 done
Event: 3.804 Loading class java/util/function/BooleanSupplier
Event: 3.804 Loading class java/util/function/BooleanSupplier done
Event: 3.804 Loading class jdk/internal/jimage/ImageReader$Resource
Event: 3.804 Loading class jdk/internal/jimage/ImageReader$Resource done
Event: 3.848 Loading class java/util/WeakHashMap$KeyIterator
Event: 3.848 Loading class java/util/WeakHashMap$HashIterator
Event: 3.848 Loading class java/util/WeakHashMap$HashIterator done
Event: 3.848 Loading class java/util/WeakHashMap$KeyIterator done

Classes unloaded (0 events):
No events

Classes redefined (0 events):
No events

Internal exceptions (20 events):
Event: 3.679 Thread 0x000002d5b73adf00 Exception <a 'java/lang/ClassNotFoundException'{0x0000000084b46df8}: java/lang/ObjectCustomizer> (0x0000000084b46df8) 
thrown [s\src\hotspot\share\classfile\systemDictionary.cpp, line 312]
Event: 3.681 Thread 0x000002d5b73adf00 Exception <a 'java/lang/IncompatibleClassChangeError'{0x0000000084b567a0}: Found class java.lang.Object, but interface was expected> (0x0000000084b567a0) 
thrown [s\src\hotspot\share\interpreter\linkResolver.cpp, line 851]
Event: 3.684 Thread 0x000002d5b73adf00 Exception <a 'java/lang/ClassNotFoundException'{0x0000000084b72d50}: groovy/lang/MetaClassImplCustomizer> (0x0000000084b72d50) 
thrown [s\src\hotspot\share\classfile\systemDictionary.cpp, line 312]
Event: 3.686 Thread 0x000002d5b73adf00 Exception <a 'java/lang/ClassNotFoundException'{0x0000000084b9d600}: groovy/lang/ExpandoMetaClassCustomizer> (0x0000000084b9d600) 
thrown [s\src\hotspot\share\classfile\systemDictionary.cpp, line 312]
Event: 3.850 Thread 0x000002d5b73adf00 Exception <a 'java/lang/ClassNotFoundException'{0x00000000852e14a0}: groovy/lang/BindingBeanInfo> (0x00000000852e14a0) 
thrown [s\src\hotspot\share\classfile\systemDictionary.cpp, line 312]
Event: 3.850 Thread 0x000002d5b73adf00 Exception <a 'java/lang/ClassNotFoundException'{0x00000000852ec210}: groovy/lang/GroovyObjectSupportBeanInfo> (0x00000000852ec210) 
thrown [s\src\hotspot\share\classfile\systemDictionary.cpp, line 312]
Event: 3.851 Thread 0x000002d5b73adf00 Exception <a 'java/lang/ClassNotFoundException'{0x00000000852f6fa0}: groovy/lang/GroovyObjectSupportCustomizer> (0x00000000852f6fa0) 
thrown [s\src\hotspot\share\classfile\systemDictionary.cpp, line 312]
Event: 3.851 Thread 0x000002d5b73adf00 Exception <a 'java/lang/ClassNotFoundException'{0x00000000851062b8}: groovy/lang/BindingCustomizer> (0x00000000851062b8) 
thrown [s\src\hotspot\share\classfile\systemDictionary.cpp, line 312]
Event: 3.859 Thread 0x000002d5b73adf00 Exception <a 'java/lang/ClassNotFoundException'{0x000000008505fde0}: ijMapper1_22su61vej4v3nn7hit8w3eijuBeanInfo> (0x000000008505fde0) 
thrown [s\src\hotspot\share\classfile\systemDictionary.cpp, line 312]
Event: 3.859 Thread 0x000002d5b73adf00 Exception <a 'java/lang/ClassNotFoundException'{0x000000008506ab98}: org/gradle/initialization/InitScriptBeanInfo> (0x000000008506ab98) 
thrown [s\src\hotspot\share\classfile\systemDictionary.cpp, line 312]
Event: 3.859 Thread 0x000002d5b73adf00 Exception <a 'java/lang/ClassNotFoundException'{0x0000000085075ab0}: org/gradle/groovy/scripts/DefaultScriptBeanInfo> (0x0000000085075ab0) 
thrown [s\src\hotspot\share\classfile\systemDictionary.cpp, line 312]
Event: 3.859 Thread 0x000002d5b73adf00 Exception <a 'java/lang/ClassNotFoundException'{0x0000000085080ae8}: org/gradle/groovy/scripts/BasicScriptBeanInfo> (0x0000000085080ae8) 
thrown [s\src\hotspot\share\classfile\systemDictionary.cpp, line 312]
Event: 3.859 Thread 0x000002d5b73adf00 Exception <a 'java/lang/ClassNotFoundException'{0x000000008508b880}: org/gradle/groovy/scripts/ScriptBeanInfo> (0x000000008508b880) 
thrown [s\src\hotspot\share\classfile\systemDictionary.cpp, line 312]
Event: 3.859 Thread 0x000002d5b73adf00 Exception <a 'java/lang/ClassNotFoundException'{0x0000000085096330}: groovy/lang/ScriptBeanInfo> (0x0000000085096330) 
thrown [s\src\hotspot\share\classfile\systemDictionary.cpp, line 312]
Event: 3.859 Thread 0x000002d5b73adf00 Exception <a 'java/lang/ClassNotFoundException'{0x00000000850a0dd0}: groovy/lang/ScriptCustomizer> (0x00000000850a0dd0) 
thrown [s\src\hotspot\share\classfile\systemDictionary.cpp, line 312]
Event: 3.860 Thread 0x000002d5b73adf00 Exception <a 'java/lang/ClassNotFoundException'{0x00000000850b4228}: org/gradle/groovy/scripts/ScriptCustomizer> (0x00000000850b4228) 
thrown [s\src\hotspot\share\classfile\systemDictionary.cpp, line 312]
Event: 3.860 Thread 0x000002d5b73adf00 Exception <a 'java/lang/ClassNotFoundException'{0x00000000850c5d38}: org/gradle/groovy/scripts/BasicScriptCustomizer> (0x00000000850c5d38) 
thrown [s\src\hotspot\share\classfile\systemDictionary.cpp, line 312]
Event: 3.861 Thread 0x000002d5b73adf00 Exception <a 'java/lang/ClassNotFoundException'{0x00000000850dde40}: org/gradle/groovy/scripts/DefaultScriptCustomizer> (0x00000000850dde40) 
thrown [s\src\hotspot\share\classfile\systemDictionary.cpp, line 312]
Event: 3.864 Thread 0x000002d5b73adf00 Exception <a 'java/lang/ClassNotFoundException'{0x0000000084f245e8}: org/gradle/initialization/InitScriptCustomizer> (0x0000000084f245e8) 
thrown [s\src\hotspot\share\classfile\systemDictionary.cpp, line 312]
Event: 3.865 Thread 0x000002d5b73adf00 Exception <a 'java/lang/ClassNotFoundException'{0x0000000084f34538}: ijMapper1_22su61vej4v3nn7hit8w3eijuCustomizer> (0x0000000084f34538) 
thrown [s\src\hotspot\share\classfile\systemDictionary.cpp, line 312]

ZGC Phase Switch (0 events):
No events

VM Operations (20 events):
Event: 3.583 Executing VM operation: ICBufferFull
Event: 3.583 Executing VM operation: ICBufferFull done
Event: 3.597 Executing VM operation: HandshakeAllThreads (Deoptimize)
Event: 3.597 Executing VM operation: HandshakeAllThreads (Deoptimize) done
Event: 3.658 Executing VM operation: HandshakeAllThreads (Deoptimize)
Event: 3.658 Executing VM operation: HandshakeAllThreads (Deoptimize) done
Event: 3.717 Executing VM operation: G1CollectForAllocation (G1 Evacuation Pause)
Event: 3.722 Executing VM operation: G1CollectForAllocation (G1 Evacuation Pause) done
Event: 3.736 Executing VM operation: G1PauseRemark
Event: 3.738 Executing VM operation: G1PauseRemark done
Event: 3.742 Executing VM operation: G1PauseCleanup
Event: 3.743 Executing VM operation: G1PauseCleanup done
Event: 3.748 Executing VM operation: HandshakeAllThreads (Deoptimize)
Event: 3.748 Executing VM operation: HandshakeAllThreads (Deoptimize) done
Event: 3.750 Executing VM operation: HandshakeAllThreads (Deoptimize)
Event: 3.750 Executing VM operation: HandshakeAllThreads (Deoptimize) done
Event: 3.752 Executing VM operation: HandshakeAllThreads (Deoptimize)
Event: 3.752 Executing VM operation: HandshakeAllThreads (Deoptimize) done
Event: 3.803 Executing VM operation: HandshakeAllThreads (Deoptimize)
Event: 3.803 Executing VM operation: HandshakeAllThreads (Deoptimize) done

Memory protections (0 events):
No events

Nmethod flushes (20 events):
Event: 3.737 Thread 0x000002d5b12a0a80 flushing  nmethod 0x000002d59cd5f190
Event: 3.737 Thread 0x000002d5b12a0a80 flushing  nmethod 0x000002d5a436c510
Event: 3.737 Thread 0x000002d5b12a0a80 flushing  nmethod 0x000002d59c746a10
Event: 3.737 Thread 0x000002d5b12a0a80 flushing  nmethod 0x000002d59c790590
Event: 3.737 Thread 0x000002d5b12a0a80 flushing  nmethod 0x000002d59c791d10
Event: 3.737 Thread 0x000002d5b12a0a80 flushing  nmethod 0x000002d59c823890
Event: 3.737 Thread 0x000002d5b12a0a80 flushing  nmethod 0x000002d59c826090
Event: 3.737 Thread 0x000002d5b12a0a80 flushing  nmethod 0x000002d59c8adf10
Event: 3.737 Thread 0x000002d5b12a0a80 flushing  nmethod 0x000002d59c8f0310
Event: 3.737 Thread 0x000002d5b12a0a80 flushing  nmethod 0x000002d59c8f1110
Event: 3.737 Thread 0x000002d5b12a0a80 flushing  nmethod 0x000002d59c8f4e90
Event: 3.737 Thread 0x000002d5b12a0a80 flushing  nmethod 0x000002d59c8f5590
Event: 3.737 Thread 0x000002d5b12a0a80 flushing  nmethod 0x000002d59c97a690
Event: 3.737 Thread 0x000002d5b12a0a80 flushing  nmethod 0x000002d59c9a8190
Event: 3.737 Thread 0x000002d5b12a0a80 flushing  nmethod 0x000002d59ca66110
Event: 3.737 Thread 0x000002d5b12a0a80 flushing  nmethod 0x000002d59cac2b10
Event: 3.737 Thread 0x000002d5b12a0a80 flushing  nmethod 0x000002d59cac4a10
Event: 3.737 Thread 0x000002d5b12a0a80 flushing  nmethod 0x000002d59cac5d90
Event: 3.737 Thread 0x000002d5b12a0a80 flushing  nmethod 0x000002d59cac7210
Event: 3.737 Thread 0x000002d5b12a0a80 flushing  nmethod 0x000002d59cb17090

Events (20 events):
Event: 1.807 Thread 0x000002d5b73adf00 Thread added: 0x000002d5b736a440
Event: 2.050 Thread 0x000002d5b73adf00 Thread added: 0x000002d5b7369720
Event: 2.059 Thread 0x000002d5b73adf00 Thread added: 0x000002d5b736cba0
Event: 2.083 Thread 0x000002d5b73adf00 Thread added: 0x000002d5b736aad0
Event: 2.768 Thread 0x000002d5b73adf00 Thread added: 0x000002d5b736b7f0
Event: 2.776 Thread 0x000002d5b73adf00 Thread added: 0x000002d5b736be80
Event: 2.897 Thread 0x000002d5b73adf00 Thread added: 0x000002d5b7d94cd0
Event: 2.901 Thread 0x000002d5b73adf00 Thread added: 0x000002d5b7d95360
Event: 2.965 Thread 0x000002d5b73adf00 Thread added: 0x000002d5b7d93fb0
Event: 2.965 Thread 0x000002d5b73adf00 Thread added: 0x000002d5b7d93290
Event: 2.965 Thread 0x000002d5b73adf00 Thread added: 0x000002d5b7d93920
Event: 2.965 Thread 0x000002d5b73adf00 Thread added: 0x000002d5b7d94640
Event: 2.965 Thread 0x000002d5b73adf00 Thread added: 0x000002d5b7d959f0
Event: 2.965 Thread 0x000002d5b73adf00 Thread added: 0x000002d5b7d92570
Event: 2.965 Thread 0x000002d5b73adf00 Thread added: 0x000002d5b7d92c00
Event: 2.965 Thread 0x000002d5b73adf00 Thread added: 0x000002d5badb23b0
Event: 2.965 Thread 0x000002d5b73adf00 Thread added: 0x000002d5badb1d20
Event: 2.965 Thread 0x000002d5b73adf00 Thread added: 0x000002d5badb1000
Event: 2.965 Thread 0x000002d5b73adf00 Thread added: 0x000002d5badb1690
Event: 2.965 Thread 0x000002d5b73adf00 Thread added: 0x000002d5badb30d0


Dynamic libraries:
0x00007ff742750000 - 0x00007ff74275a000 	D:\My Profile\Programs\AndroidStudio\jbr\bin\java.exe
0x00007ffd387a0000 - 0x00007ffd38a08000 	C:\WINDOWS\SYSTEM32\ntdll.dll
0x00007ffd37010000 - 0x00007ffd370d9000 	C:\WINDOWS\System32\KERNEL32.DLL
0x00007ffd358f0000 - 0x00007ffd35ce8000 	C:\WINDOWS\System32\KERNELBASE.dll
0x00007ffd35db0000 - 0x00007ffd35efb000 	C:\WINDOWS\System32\ucrtbase.dll
0x00007ffd2dc30000 - 0x00007ffd2dc4b000 	D:\My Profile\Programs\AndroidStudio\jbr\bin\VCRUNTIME140.dll
0x00007ffd2db10000 - 0x00007ffd2db28000 	D:\My Profile\Programs\AndroidStudio\jbr\bin\jli.dll
0x00007ffd366e0000 - 0x00007ffd368a7000 	C:\WINDOWS\System32\USER32.dll
0x00007ffd36250000 - 0x00007ffd36277000 	C:\WINDOWS\System32\win32u.dll
0x00007ffd1efc0000 - 0x00007ffd1f254000 	C:\WINDOWS\WinSxS\amd64_microsoft.windows.common-controls_6595b64144ccf1df_6.0.26100.7019_none_3e06ffa0e335b8a8\COMCTL32.dll
0x00007ffd38470000 - 0x00007ffd3849b000 	C:\WINDOWS\System32\GDI32.dll
0x00007ffd37660000 - 0x00007ffd37709000 	C:\WINDOWS\System32\msvcrt.dll
0x00007ffd35f00000 - 0x00007ffd3602c000 	C:\WINDOWS\System32\gdi32full.dll
0x00007ffd36280000 - 0x00007ffd36323000 	C:\WINDOWS\System32\msvcp_win.dll
0x00007ffd38430000 - 0x00007ffd38461000 	C:\WINDOWS\System32\IMM32.DLL
0x00007ffd2db60000 - 0x00007ffd2db6c000 	D:\My Profile\Programs\AndroidStudio\jbr\bin\vcruntime140_1.dll
0x00007ffd040d0000 - 0x00007ffd0415d000 	D:\My Profile\Programs\AndroidStudio\jbr\bin\msvcp140.dll
0x00007ffcba130000 - 0x00007ffcbadc6000 	D:\My Profile\Programs\AndroidStudio\jbr\bin\server\jvm.dll
0x00007ffd37d60000 - 0x00007ffd37e14000 	C:\WINDOWS\System32\ADVAPI32.dll
0x00007ffd38020000 - 0x00007ffd380c6000 	C:\WINDOWS\System32\sechost.dll
0x00007ffd371b0000 - 0x00007ffd372c8000 	C:\WINDOWS\System32\RPCRT4.dll
0x00007ffd383a0000 - 0x00007ffd38414000 	C:\WINDOWS\System32\WS2_32.dll
0x00007ffd344e0000 - 0x00007ffd3453e000 	C:\WINDOWS\SYSTEM32\POWRPROF.dll
0x00007ffd2a1b0000 - 0x00007ffd2a1bb000 	C:\WINDOWS\SYSTEM32\VERSION.dll
0x00007ffd27350000 - 0x00007ffd27385000 	C:\WINDOWS\SYSTEM32\WINMM.dll
0x00007ffd344c0000 - 0x00007ffd344d4000 	C:\WINDOWS\SYSTEM32\UMPDC.dll
0x00007ffd347a0000 - 0x00007ffd347bb000 	C:\WINDOWS\SYSTEM32\kernel.appcore.dll
0x00007ffd2dae0000 - 0x00007ffd2daea000 	D:\My Profile\Programs\AndroidStudio\jbr\bin\jimage.dll
0x00007ffd33020000 - 0x00007ffd33262000 	C:\WINDOWS\SYSTEM32\DBGHELP.DLL
0x00007ffd372d0000 - 0x00007ffd3765b000 	C:\WINDOWS\System32\combase.dll
0x00007ffd380d0000 - 0x00007ffd381a7000 	C:\WINDOWS\System32\OLEAUT32.dll
0x00007ffd08440000 - 0x00007ffd0847c000 	C:\WINDOWS\SYSTEM32\dbgcore.DLL
0x00007ffd361a0000 - 0x00007ffd36245000 	C:\WINDOWS\System32\bcryptPrimitives.dll
0x00007ffd2db00000 - 0x00007ffd2db0e000 	D:\My Profile\Programs\AndroidStudio\jbr\bin\instrument.dll
0x00007ffd2dac0000 - 0x00007ffd2dae0000 	D:\My Profile\Programs\AndroidStudio\jbr\bin\java.dll
0x00007ffd2beb0000 - 0x00007ffd2bec8000 	D:\My Profile\Programs\AndroidStudio\jbr\bin\zip.dll
0x00007ffd368b0000 - 0x00007ffd37001000 	C:\WINDOWS\System32\SHELL32.dll
0x00007ffd36030000 - 0x00007ffd3619b000 	C:\WINDOWS\System32\wintypes.dll
0x00007ffd33510000 - 0x00007ffd33d6d000 	C:\WINDOWS\SYSTEM32\windows.storage.dll
0x00007ffd37e20000 - 0x00007ffd37f12000 	C:\WINDOWS\System32\SHCORE.dll
0x00007ffd37140000 - 0x00007ffd371a7000 	C:\WINDOWS\System32\shlwapi.dll
0x00007ffd35810000 - 0x00007ffd35839000 	C:\WINDOWS\SYSTEM32\profapi.dll
0x00007ffd2c4a0000 - 0x00007ffd2c4b0000 	D:\My Profile\Programs\AndroidStudio\jbr\bin\net.dll
0x00007ffd2b5b0000 - 0x00007ffd2b6d8000 	C:\WINDOWS\SYSTEM32\WINHTTP.dll
0x00007ffd34d40000 - 0x00007ffd34dab000 	C:\WINDOWS\system32\mswsock.dll
0x00007ffd2be90000 - 0x00007ffd2bea6000 	D:\My Profile\Programs\AndroidStudio\jbr\bin\nio.dll
0x00007ffd0c920000 - 0x00007ffd0c930000 	D:\My Profile\Programs\AndroidStudio\jbr\bin\verify.dll
0x00007ffd06c10000 - 0x00007ffd06c37000 	C:\Users\User\.gradle\native\1def1411415f61bf3af743bc5b6707747c0891f09f0c88961ee8f79bc544acac\windows-amd64\native-platform.dll
0x00007ffd04050000 - 0x00007ffd040c8000 	C:\Users\User\.gradle\native\0.2.7\x86_64-windows-gnu\gradle-fileevents.dll
0x00007ffd2be80000 - 0x00007ffd2be89000 	D:\My Profile\Programs\AndroidStudio\jbr\bin\management.dll
0x00007ffd0c940000 - 0x00007ffd0c94b000 	D:\My Profile\Programs\AndroidStudio\jbr\bin\management_ext.dll
0x00007ffd38590000 - 0x00007ffd38598000 	C:\WINDOWS\System32\PSAPI.DLL
0x00007ffd340f0000 - 0x00007ffd34124000 	C:\WINDOWS\SYSTEM32\IPHLPAPI.DLL
0x00007ffd38420000 - 0x00007ffd3842a000 	C:\WINDOWS\System32\NSI.dll
0x00007ffd2bf30000 - 0x00007ffd2bf39000 	D:\My Profile\Programs\AndroidStudio\jbr\bin\extnet.dll
0x00007ffd35000000 - 0x00007ffd3501b000 	C:\WINDOWS\SYSTEM32\CRYPTSP.dll
0x00007ffd34700000 - 0x00007ffd3473a000 	C:\WINDOWS\system32\rsaenh.dll
0x00007ffd34df0000 - 0x00007ffd34e1b000 	C:\WINDOWS\SYSTEM32\USERENV.dll
0x00007ffd357e0000 - 0x00007ffd3580a000 	C:\WINDOWS\SYSTEM32\bcrypt.dll
0x00007ffd35020000 - 0x00007ffd3502c000 	C:\WINDOWS\SYSTEM32\CRYPTBASE.dll
0x00007ffc84ad0000 - 0x00007ffc84ad8000 	C:\WINDOWS\system32\wshunix.dll

JVMTI agents:
C:\Users\User\.gradle\wrapper\dists\gradle-8.13-bin\5xuhj0ry160q40clulazy9h7d\gradle-8.13\lib\agents\gradle-instrumentation-agent-8.13.jar path:D:\My Profile\Programs\AndroidStudio\jbr\bin\instrument.dll, loaded, initialized, instrumentlib options:none

dbghelp: loaded successfully - version: 4.0.5 - missing functions: none
symbol engine: initialized successfully - sym options: 0x614 - pdb path: .;D:\My Profile\Programs\AndroidStudio\jbr\bin;C:\WINDOWS\SYSTEM32;C:\WINDOWS\WinSxS\amd64_microsoft.windows.common-controls_6595b64144ccf1df_6.0.26100.7019_none_3e06ffa0e335b8a8;D:\My Profile\Programs\AndroidStudio\jbr\bin\server;C:\Users\User\.gradle\native\1def1411415f61bf3af743bc5b6707747c0891f09f0c88961ee8f79bc544acac\windows-amd64;C:\Users\User\.gradle\native\0.2.7\x86_64-windows-gnu

VM Arguments:
jvm_args: --add-opens=java.base/java.lang=ALL-UNNAMED --add-opens=java.base/java.lang.invoke=ALL-UNNAMED --add-opens=java.base/java.util=ALL-UNNAMED --add-opens=java.prefs/java.util.prefs=ALL-UNNAMED --add-exports=jdk.compiler/com.sun.tools.javac.api=ALL-UNNAMED --add-exports=jdk.compiler/com.sun.tools.javac.util=ALL-UNNAMED --add-opens=java.base/java.util=ALL-UNNAMED --add-opens=java.prefs/java.util.prefs=ALL-UNNAMED --add-opens=java.base/java.nio.charset=ALL-UNNAMED --add-opens=java.base/java.net=ALL-UNNAMED --add-opens=java.base/java.util.concurrent.atomic=ALL-UNNAMED --add-opens=java.xml/javax.xml.namespace=ALL-UNNAMED -Xmx2048m -Dfile.encoding=UTF-8 -Duser.country=UA -Duser.language=uk -Duser.variant -javaagent:C:\Users\User\.gradle\wrapper\dists\gradle-8.13-bin\5xuhj0ry160q40clulazy9h7d\gradle-8.13\lib\agents\gradle-instrumentation-agent-8.13.jar 
java_command: org.gradle.launcher.daemon.bootstrap.GradleDaemon 8.13
java_class_path (initial): C:\Users\User\.gradle\wrapper\dists\gradle-8.13-bin\5xuhj0ry160q40clulazy9h7d\gradle-8.13\lib\gradle-daemon-main-8.13.jar
Launcher Type: SUN_STANDARD

[Global flags]
     intx CICompilerCount                          = 4                                         {product} {ergonomic}
     uint ConcGCThreads                            = 3                                         {product} {ergonomic}
     uint G1ConcRefinementThreads                  = 10                                        {product} {ergonomic}
   size_t G1HeapRegionSize                         = 1048576                                   {product} {ergonomic}
    uintx GCDrainStackTargetSize                   = 64                                        {product} {ergonomic}
   size_t InitialHeapSize                          = 132120576                                 {product} {ergonomic}
   size_t MarkStackSize                            = 4194304                                   {product} {ergonomic}
   size_t MaxHeapSize                              = 2147483648                                {product} {command line}
   size_t MaxNewSize                               = 1287651328                                {product} {ergonomic}
   size_t MinHeapDeltaBytes                        = 1048576                                   {product} {ergonomic}
   size_t MinHeapSize                              = 8388608                                   {product} {ergonomic}
    uintx NonNMethodCodeHeapSize                   = 5839372                                {pd product} {ergonomic}
    uintx NonProfiledCodeHeapSize                  = 122909434                              {pd product} {ergonomic}
    uintx ProfiledCodeHeapSize                     = 122909434                              {pd product} {ergonomic}
    uintx ReservedCodeCacheSize                    = 251658240                              {pd product} {ergonomic}
     bool SegmentedCodeCache                       = true                                      {product} {ergonomic}
   size_t SoftMaxHeapSize                          = 2147483648                             {manageable} {ergonomic}
     bool UseCompressedOops                        = true                           {product lp64_product} {ergonomic}
     bool UseG1GC                                  = true                                      {product} {ergonomic}
     bool UseLargePagesIndividualAllocation        = false                                  {pd product} {ergonomic}

Logging:
Log output configuration:
 #0: stdout all=warning uptime,level,tags foldmultilines=false
 #1: stderr all=off uptime,level,tags foldmultilines=false

Environment Variables:
JAVA_HOME=D:\My Profile\Programs\Java HOME\graalvm-jdk-22.0.2+9.1
PATH=C:\Program Files\Common Files\Oracle\Java\javapath;C:\Program Files (x86)\Common Files\Oracle\Java\javapath;C:\ProgramData\Oracle\Java\javapath;C:\Windows\system32;C:\Windows;C:\Windows\System32\Wbem;C:\Windows\System32\WindowsPowerShell\v1.0\;C:\Windows\System32\OpenSSH\;C:\Program Files (x86)\NVIDIA Corporation\PhysX\Common;C:\WINDOWS\system32;C:\WINDOWS;C:\WINDOWS\System32\Wbem;C:\WINDOWS\System32\WindowsPowerShell\v1.0\;C:\WINDOWS\System32\OpenSSH\;C:\Program Files\dotnet\;C:\Program Files\NVIDIA Corporation\NVIDIA app\NvDLISR;D:\My Profile\Programs\Java HOME\graalvm-jdk-22.0.2+9.1\bin;C:\Program Files\Git\cmd;C:\Users\User\AppData\Local\Programs\Python\Launcher\;C:\Users\User\AppData\Local\Microsoft\WindowsApps;;C:\Users\User\AppData\Roaming\Programs\Zero Install
USERNAME=User
OS=Windows_NT
PROCESSOR_IDENTIFIER=Intel64 Family 6 Model 141 Stepping 1, GenuineIntel
TMP=C:\Users\User\AppData\Local\Temp
TEMP=C:\Users\User\AppData\Local\Temp




Periodic native trim disabled

JNI global refs:
JNI global refs: 27, weak refs: 0

JNI global refs memory usage: 835, weak refs: 833

Process memory usage:
Resident Set Size: 313900K (3% of 8146232K total physical memory with 622576K free physical memory)

OOME stack traces (most recent first):
Classloader memory used:
Loader org.gradle.internal.classloader.VisitableURLClassLoader                         : 21370K
Loader bootstrap                                                                       : 20741K
Loader org.gradle.initialization.MixInLegacyTypesClassLoader                           : 2880K
Loader org.gradle.internal.classloader.VisitableURLClassLoader                         : 739K
Loader jdk.internal.loader.ClassLoaders$PlatformClassLoader                            : 526K
Loader jdk.internal.loader.ClassLoaders$AppClassLoader                                 : 235K
Loader jdk.internal.reflect.DelegatingClassLoader                                      : 158K
Loader org.gradle.groovy.scripts.internal.DefaultScriptCompilationHandler$ScriptClassLoader: 6352B

Classes loaded by more than one classloader:
Class org.gradle.api.GradleException                                                  : loaded 3 times (x 82B)
Class org.gradle.internal.classloader.FilteringClassLoader                            : loaded 2 times (x 105B)
Class org.gradle.internal.classloader.ClassLoaderHierarchy                            : loaded 2 times (x 70B)
Class org.gradle.api.internal.classpath.ManifestUtil                                  : loaded 2 times (x 71B)
Class org.gradle.internal.operations.MultipleBuildOperationFailures                   : loaded 2 times (x 95B)
Class org.gradle.internal.classloader.DefaultClassLoaderFactory                       : loaded 2 times (x 82B)
Class org.gradle.internal.classloader.ClassLoaderVisitor                              : loaded 2 times (x 76B)
Class org.gradle.api.internal.classpath.EffectiveClassPath                            : loaded 2 times (x 90B)
Class org.gradle.api.internal.DefaultClassPathProvider                                : loaded 2 times (x 76B)
Class [Lorg.gradle.api.internal.ClassPathProvider;                                    : loaded 2 times (x 69B)
Class org.gradle.api.internal.ClassPathProvider                                       : loaded 2 times (x 70B)
Class org.gradle.internal.service.UnknownServiceException                             : loaded 2 times (x 83B)
Class org.gradle.internal.classpath.TransformedClassPath                              : loaded 2 times (x 96B)
Class org.gradle.internal.classloader.InstrumentingClassLoader                        : loaded 2 times (x 70B)
Class org.gradle.internal.service.ServiceLocator                                      : loaded 2 times (x 70B)
Class org.gradle.internal.InternalTransformer                                         : loaded 2 times (x 70B)
Class org.gradle.internal.time.DefaultTimer                                           : loaded 2 times (x 80B)
Class org.gradle.internal.classloader.ClasspathUtil$1                                 : loaded 2 times (x 76B)
Class org.gradle.api.internal.classpath.DefaultModuleRegistry$DefaultModule           : loaded 2 times (x 86B)
Class org.gradle.internal.time.DefaultCountdownTimer                                  : loaded 2 times (x 88B)
Class kotlin.Function                                                                 : loaded 2 times (x 70B)
Class org.gradle.api.internal.classpath.Module                                        : loaded 2 times (x 70B)
Class org.gradle.api.internal.classpath.UnknownModuleException                        : loaded 2 times (x 82B)
Class org.gradle.api.internal.DefaultClassPathRegistry                                : loaded 2 times (x 76B)
Class org.gradle.api.internal.ClassPathRegistry                                       : loaded 2 times (x 70B)
Class org.gradle.internal.classpath.DefaultClassPath$ImmutableUniqueList              : loaded 2 times (x 199B)
Class org.gradle.internal.classpath.ClassPath                                         : loaded 2 times (x 70B)
Class org.gradle.api.UncheckedIOException                                             : loaded 2 times (x 82B)
Class kotlin.UninitializedPropertyAccessException                                     : loaded 2 times (x 82B)
Class org.gradle.internal.installation.GradleInstallation$1                           : loaded 2 times (x 75B)
Class org.gradle.api.internal.classpath.ModuleRegistry                                : loaded 2 times (x 70B)
Class org.gradle.api.internal.classpath.DefaultModuleRegistry                         : loaded 2 times (x 86B)
Class org.gradle.internal.time.MonotonicClock                                         : loaded 2 times (x 77B)
Class org.gradle.internal.service.ServiceLookupException                              : loaded 2 times (x 82B)
Class org.gradle.internal.classloader.ClassLoaderFactory                              : loaded 2 times (x 70B)
Class org.gradle.internal.service.CachingServiceLocator                               : loaded 2 times (x 82B)
Class org.gradle.internal.time.TimeSource                                             : loaded 2 times (x 70B)
Class org.gradle.internal.exceptions.ResolutionProvider                               : loaded 2 times (x 70B)
Class org.gradle.internal.classloader.ClasspathUtil                                   : loaded 2 times (x 71B)
Class org.gradle.internal.time.TimeSource$1                                           : loaded 2 times (x 77B)
Class org.gradle.api.specs.Spec                                                       : loaded 2 times (x 70B)
Class org.gradle.internal.time.Clock                                                  : loaded 2 times (x 70B)
Class org.gradle.internal.classloader.VisitableURLClassLoader$InstrumentingVisitableURLClassLoader: loaded 2 times (x 123B)
Class org.gradle.internal.classloader.VisitableURLClassLoader$Spec                    : loaded 2 times (x 74B)
Class org.gradle.internal.classpath.DefaultClassPath                                  : loaded 2 times (x 90B)
Class org.gradle.internal.classloader.ClassLoaderSpec                                 : loaded 2 times (x 71B)
Class org.gradle.internal.classloader.VisitableURLClassLoader                         : loaded 2 times (x 117B)
Class org.gradle.internal.Cast                                                        : loaded 2 times (x 71B)
Class org.gradle.api.Action                                                           : loaded 2 times (x 70B)
Class kotlin.jvm.functions.Function1                                                  : loaded 2 times (x 70B)
Class org.gradle.internal.classpath.DefaultClassPath$ImmutableUniqueList$Builder      : loaded 2 times (x 75B)
Class kotlin.NotImplementedError                                                      : loaded 2 times (x 82B)
Class org.gradle.internal.exceptions.NonGradleCauseExceptionsHolder                   : loaded 2 times (x 70B)
Class org.gradle.internal.IoActions                                                   : loaded 2 times (x 71B)
Class org.gradle.internal.classloader.SystemClassLoaderSpec                           : loaded 2 times (x 71B)
Class org.gradle.internal.exceptions.MultiCauseException                              : loaded 2 times (x 70B)
Class org.gradle.internal.time.CountdownTimer                                         : loaded 2 times (x 70B)
Class kotlin.jvm.internal.Intrinsics                                                  : loaded 2 times (x 71B)
Class org.gradle.tooling.model.ProjectModel                                           : loaded 2 times (x 70B)
Class kotlin.KotlinNullPointerException                                               : loaded 2 times (x 83B)
Class org.gradle.internal.exceptions.DefaultMultiCauseException                       : loaded 2 times (x 95B)
Class org.gradle.internal.time.Time                                                   : loaded 2 times (x 71B)
Class org.gradle.api.internal.classpath.GlobalCacheRootsProvider                      : loaded 2 times (x 70B)
Class org.gradle.internal.time.Timer                                                  : loaded 2 times (x 70B)
Class org.gradle.internal.installation.CurrentGradleInstallationLocator               : loaded 2 times (x 71B)
Class org.gradle.internal.service.DefaultServiceLocator                               : loaded 2 times (x 83B)
Class org.gradle.util.GradleVersion                                                   : loaded 2 times (x 79B)
Class org.gradle.internal.installation.CurrentGradleInstallation                      : loaded 2 times (x 73B)
Class org.gradle.util.internal.GUtil                                                  : loaded 2 times (x 71B)
Class org.gradle.internal.installation.GradleInstallation                             : loaded 2 times (x 75B)

---------------  S Y S T E M  ---------------

OS:
 Windows 11 , 64 bit Build 26100 (10.0.26100.7019)
OS uptime: 0 days 2:12 hours
Hyper-V role detected

CPU: total 12 (initial active 12) (6 cores per cpu, 2 threads per core) family 6 model 141 stepping 1 microcode 0x3c, cx8, cmov, fxsr, ht, mmx, 3dnowpref, sse, sse2, sse3, ssse3, sse4.1, sse4.2, popcnt, lzcnt, tsc, tscinvbit, avx, avx2, aes, erms, clmul, bmi1, bmi2, adx, avx512f, avx512dq, avx512cd, avx512bw, avx512vl, sha, fma, vzeroupper, avx512_vpopcntdq, avx512_vpclmulqdq, avx512_vaes, avx512_vnni, clflush, clflushopt, clwb, avx512_vbmi2, avx512_vbmi, hv, rdtscp, rdpid, fsrm, gfni, avx512_bitalg, f16c, cet_ibt, cet_ss, avx512_ifma
Processor Information for the first 12 processors :
  Max Mhz: 2688, Current Mhz: 2688, Mhz Limit: 2688

Memory: 4k page, system-wide physical 7955M (607M free)
TotalPageFile size 16983M (AvailPageFile size 5M)
current process WorkingSet (physical memory assigned to process): 306M, peak: 306M
current process commit charge ("private bytes"): 343M, peak: 345M

vm_info: OpenJDK 64-Bit Server VM (21.0.8+-14018985-b1038.68) for windows-amd64 JRE (21.0.8+-14018985-b1038.68), built on 2025-08-29T19:56:34Z by "builder" with MS VC++ 16.10 / 16.11 (VS2019)

END.
