#
# There is insufficient memory for the Java Runtime Environment to continue.
# Native memory allocation (malloc) failed to allocate 131088 bytes. Error detail: Chunk::new
# Possible reasons:
#   The system is out of physical RAM or swap space
#   This process is running with CompressedOops enabled, and the Java Heap may be blocking the growth of the native heap
# Possible solutions:
#   Reduce memory load on the system
#   Increase physical memory or swap space
#   Check if swap backing store is full
#   Decrease Java heap size (-Xmx/-Xms)
#   Decrease number of Java threads
#   Decrease Java thread stack sizes (-Xss)
#   Set larger code cache with -XX:ReservedCodeCacheSize=
#   JVM is running with Unscaled Compressed Oops mode in which the Java heap is
#     placed in the first 4GB address space. The Java Heap base address is the
#     maximum limit for the native heap growth. Please use -XX:HeapBaseMinAddress
#     to set the Java Heap base and to place the Java Heap above 4GB virtual address.
# This output file may be truncated or incomplete.
#
#  Out of Memory Error (arena.cpp:168), pid=6836, tid=18756
#
# JRE version: OpenJDK Runtime Environment (21.0.8) (build 21.0.8+-14018985-b1038.68)
# Java VM: OpenJDK 64-Bit Server VM (21.0.8+-14018985-b1038.68, mixed mode, tiered, compressed oops, compressed class ptrs, g1 gc, windows-amd64)
# No core dump will be written. Minidumps are not enabled by default on client versions of Windows
#

---------------  S U M M A R Y ------------

Command Line: --add-opens=java.base/java.lang=ALL-UNNAMED --add-opens=java.base/java.lang.invoke=ALL-UNNAMED --add-opens=java.base/java.util=ALL-UNNAMED --add-opens=java.prefs/java.util.prefs=ALL-UNNAMED --add-exports=jdk.compiler/com.sun.tools.javac.api=ALL-UNNAMED --add-exports=jdk.compiler/com.sun.tools.javac.util=ALL-UNNAMED --add-opens=java.base/java.util=ALL-UNNAMED --add-opens=java.prefs/java.util.prefs=ALL-UNNAMED --add-opens=java.base/java.nio.charset=ALL-UNNAMED --add-opens=java.base/java.net=ALL-UNNAMED --add-opens=java.base/java.util.concurrent.atomic=ALL-UNNAMED --add-opens=java.xml/javax.xml.namespace=ALL-UNNAMED -Xmx2048m -Dfile.encoding=UTF-8 -Duser.country=UA -Duser.language=uk -Duser.variant -javaagent:C:\Users\User\.gradle\wrapper\dists\gradle-8.13-bin\5xuhj0ry160q40clulazy9h7d\gradle-8.13\lib\agents\gradle-instrumentation-agent-8.13.jar org.gradle.launcher.daemon.bootstrap.GradleDaemon 8.13

Host: 11th Gen Intel(R) Core(TM) i5-11400H @ 2.70GHz, 12 cores, 7G,  Windows 11 , 64 bit Build 26100 (10.0.26100.7019)
Time: Tue Nov 11 23:57:03 2025 elapsed time: 7.347095 seconds (0d 0h 0m 7s)

---------------  T H R E A D  ---------------

Current thread (0x00000258431887b0):  JavaThread "C2 CompilerThread0" daemon [_thread_in_native, id=18756, stack(0x0000009331c00000,0x0000009331d00000) (1024K)]


Current CompileTask:
C2:7347 7769       4       java.net.URLClassLoader$1::run (5 bytes)

Stack: [0x0000009331c00000,0x0000009331d00000]
Native frames: (J=compiled Java code, j=interpreted, Vv=VM code, C=native code)
V  [jvm.dll+0x6d68d9]
V  [jvm.dll+0x866693]
V  [jvm.dll+0x868c4e]
V  [jvm.dll+0x869333]
V  [jvm.dll+0x280566]
V  [jvm.dll+0xc07cd]
V  [jvm.dll+0xc0d03]
V  [jvm.dll+0xc08f5]
V  [jvm.dll+0x6b341c]
V  [jvm.dll+0x6605f5]
V  [jvm.dll+0x66660b]
V  [jvm.dll+0x6674d2]
V  [jvm.dll+0x6658be]
V  [jvm.dll+0x2490cf]
V  [jvm.dll+0x248821]
V  [jvm.dll+0x1c73a4]
V  [jvm.dll+0x257f9e]
V  [jvm.dll+0x2564e6]
V  [jvm.dll+0x3f4696]
V  [jvm.dll+0x80eac8]
V  [jvm.dll+0x6d512d]
C  [ucrtbase.dll+0x37b0]
C  [KERNEL32.DLL+0x2e8d7]
C  [ntdll.dll+0x8c53c]


---------------  P R O C E S S  ---------------

Threads class SMR info:
_java_thread_list=0x000002584cb47490, length=67, elements={
0x0000025828fc6370, 0x0000025843141e30, 0x0000025843173070, 0x0000025843174a50,
0x000002584315bb90, 0x000002584315e470, 0x000002584315fa40, 0x000002584317df20,
0x00000258431887b0, 0x0000025843193ff0, 0x000002584358cfd0, 0x000002584918ef50,
0x00000258435e22b0, 0x0000025849231430, 0x00000258492411d0, 0x0000025849250bb0,
0x00000258492bfb90, 0x0000025849393530, 0x000002584920d850, 0x000002584920be10,
0x000002584920c4a0, 0x000002584920b780, 0x000002584920b0f0, 0x0000025849765720,
0x000002584920d1c0, 0x000002584bcd56a0, 0x000002584920cb30, 0x000002584a4e9750,
0x000002584a4e9de0, 0x000002584a4ea470, 0x000002584a4eab00, 0x000002584a4eb190,
0x000002584a4e90c0, 0x000002584a4eb820, 0x000002584a4eeca0, 0x000002584a4ebeb0,
0x000002584a4ec540, 0x000002584a4ee610, 0x000002584a4ed260, 0x000002584a4ef330,
0x000002584a4ed8f0, 0x000002584a4ecbd0, 0x000002584a4f0050, 0x000002584a4f06e0,
0x000002584da15240, 0x000002584da13e90, 0x000002584da16c80, 0x000002584da13800,
0x000002584da14520, 0x000002584da14bb0, 0x000002584cb1b4f0, 0x000002584cb1cf30,
0x000002584cb1dc50, 0x000002584cb1fd20, 0x000002584cb1e2e0, 0x000002584cb1e970,
0x000002584cb203b0, 0x000002584cb1d5c0, 0x000002584cb1f000, 0x000002584cb1f690,
0x000002584caf48f0, 0x000002584caf5ca0, 0x000002584caf3bd0, 0x000002584caf5610,
0x000002584caf6330, 0x000002584caf2eb0, 0x000002584caf4260
}

Java Threads: ( => current thread )
  0x0000025828fc6370 JavaThread "main"                              [_thread_blocked, id=8704, stack(0x0000009330d00000,0x0000009330e00000) (1024K)]
  0x0000025843141e30 JavaThread "Common-Cleaner"             daemon [_thread_blocked, id=572, stack(0x0000009331500000,0x0000009331600000) (1024K)]
  0x0000025843173070 JavaThread "Reference Handler"          daemon [_thread_blocked, id=11196, stack(0x0000009331600000,0x0000009331700000) (1024K)]
  0x0000025843174a50 JavaThread "Finalizer"                  daemon [_thread_blocked, id=8424, stack(0x0000009331700000,0x0000009331800000) (1024K)]
  0x000002584315bb90 JavaThread "Signal Dispatcher"          daemon [_thread_blocked, id=12812, stack(0x0000009331800000,0x0000009331900000) (1024K)]
  0x000002584315e470 JavaThread "Attach Listener"            daemon [_thread_blocked, id=22860, stack(0x0000009331900000,0x0000009331a00000) (1024K)]
  0x000002584315fa40 JavaThread "Service Thread"             daemon [_thread_blocked, id=1324, stack(0x0000009331a00000,0x0000009331b00000) (1024K)]
  0x000002584317df20 JavaThread "Monitor Deflation Thread"   daemon [_thread_blocked, id=16240, stack(0x0000009331b00000,0x0000009331c00000) (1024K)]
=>0x00000258431887b0 JavaThread "C2 CompilerThread0"         daemon [_thread_in_native, id=18756, stack(0x0000009331c00000,0x0000009331d00000) (1024K)]
  0x0000025843193ff0 JavaThread "C1 CompilerThread0"         daemon [_thread_blocked, id=2424, stack(0x0000009331d00000,0x0000009331e00000) (1024K)]
  0x000002584358cfd0 JavaThread "Notification Thread"        daemon [_thread_blocked, id=14232, stack(0x0000009331e00000,0x0000009331f00000) (1024K)]
  0x000002584918ef50 JavaThread "Daemon health stats"               [_thread_blocked, id=7676, stack(0x0000009332800000,0x0000009332900000) (1024K)]
  0x00000258435e22b0 JavaThread "Incoming local TCP Connector on port 63921"        [_thread_in_native, id=5696, stack(0x0000009331f00000,0x0000009332000000) (1024K)]
  0x0000025849231430 JavaThread "Daemon periodic checks"            [_thread_blocked, id=13116, stack(0x0000009332000000,0x0000009332100000) (1024K)]
  0x00000258492411d0 JavaThread "Daemon"                            [_thread_blocked, id=17436, stack(0x0000009332900000,0x0000009332a00000) (1024K)]
  0x0000025849250bb0 JavaThread "Handler for socket connection from /127.0.0.1:63921 to /127.0.0.1:63922"        [_thread_in_native, id=16292, stack(0x0000009332a00000,0x0000009332b00000) (1024K)]
  0x00000258492bfb90 JavaThread "Cancel handler"                    [_thread_blocked, id=16300, stack(0x0000009332b00000,0x0000009332c00000) (1024K)]
  0x0000025849393530 JavaThread "Daemon worker"                     [_thread_in_vm, id=19764, stack(0x0000009332c00000,0x0000009332d00000) (1024K)]
  0x000002584920d850 JavaThread "Asynchronous log dispatcher for DefaultDaemonConnection: socket connection from /127.0.0.1:63921 to /127.0.0.1:63922"        [_thread_blocked, id=3032, stack(0x0000009332d00000,0x0000009332e00000) (1024K)]
  0x000002584920be10 JavaThread "Stdin handler"                     [_thread_blocked, id=468, stack(0x0000009333200000,0x0000009333300000) (1024K)]
  0x000002584920c4a0 JavaThread "Daemon client event forwarder"        [_thread_blocked, id=9848, stack(0x0000009333300000,0x0000009333400000) (1024K)]
  0x000002584920b780 JavaThread "Cache worker for journal cache (C:\Users\User\.gradle\caches\journal-1)"        [_thread_blocked, id=12184, stack(0x0000009333400000,0x0000009333500000) (1024K)]
  0x000002584920b0f0 JavaThread "File lock request listener"        [_thread_in_native, id=23316, stack(0x0000009333500000,0x0000009333600000) (1024K)]
  0x0000025849765720 JavaThread "C2 CompilerThread1"         daemon [_thread_in_native, id=2676, stack(0x0000009333600000,0x0000009333700000) (1024K)]
  0x000002584920d1c0 JavaThread "Cache worker for file hash cache (C:\Users\User\.gradle\caches\8.13\fileHashes)"        [_thread_blocked, id=18928, stack(0x0000009333700000,0x0000009333800000) (1024K)]
  0x000002584bcd56a0 JavaThread "C2 CompilerThread2"         daemon [_thread_in_native, id=8488, stack(0x0000009333800000,0x0000009333900000) (1024K)]
  0x000002584920cb30 JavaThread "Cache worker for file hash cache (C:\Users\User\StudioProjects\xVSoRPG\.gradle\8.13\fileHashes)"        [_thread_blocked, id=17828, stack(0x0000009333900000,0x0000009333a00000) (1024K)]
  0x000002584a4e9750 JavaThread "Cache worker for Build Output Cleanup Cache (C:\Users\User\StudioProjects\xVSoRPG\.gradle\buildOutputCleanup)"        [_thread_blocked, id=18872, stack(0x0000009333a00000,0x0000009333b00000) (1024K)]
  0x000002584a4e9de0 JavaThread "File watcher server"        daemon [_thread_in_native, id=9588, stack(0x0000009333b00000,0x0000009333c00000) (1024K)]
  0x000002584a4ea470 JavaThread "File watcher consumer"      daemon [_thread_blocked, id=8120, stack(0x0000009333c00000,0x0000009333d00000) (1024K)]
  0x000002584a4eab00 JavaThread "jar transforms"                    [_thread_blocked, id=18964, stack(0x0000009333d00000,0x0000009333e00000) (1024K)]
  0x000002584a4eb190 JavaThread "jar transforms Thread 2"           [_thread_blocked, id=10944, stack(0x0000009333e00000,0x0000009333f00000) (1024K)]
  0x000002584a4e90c0 JavaThread "jar transforms Thread 3"           [_thread_blocked, id=9820, stack(0x0000009333f00000,0x0000009334000000) (1024K)]
  0x000002584a4eb820 JavaThread "jar transforms Thread 4"           [_thread_blocked, id=812, stack(0x0000009334000000,0x0000009334100000) (1024K)]
  0x000002584a4eeca0 JavaThread "jar transforms Thread 5"           [_thread_blocked, id=1788, stack(0x0000009334100000,0x0000009334200000) (1024K)]
  0x000002584a4ebeb0 JavaThread "jar transforms Thread 6"           [_thread_blocked, id=6076, stack(0x0000009334200000,0x0000009334300000) (1024K)]
  0x000002584a4ec540 JavaThread "jar transforms Thread 7"           [_thread_blocked, id=18032, stack(0x0000009334300000,0x0000009334400000) (1024K)]
  0x000002584a4ee610 JavaThread "jar transforms Thread 8"           [_thread_blocked, id=11240, stack(0x0000009334400000,0x0000009334500000) (1024K)]
  0x000002584a4ed260 JavaThread "jar transforms Thread 9"           [_thread_blocked, id=3548, stack(0x0000009334500000,0x0000009334600000) (1024K)]
  0x000002584a4ef330 JavaThread "jar transforms Thread 10"          [_thread_blocked, id=17544, stack(0x0000009334600000,0x0000009334700000) (1024K)]
  0x000002584a4ed8f0 JavaThread "jar transforms Thread 11"          [_thread_blocked, id=9192, stack(0x0000009334700000,0x0000009334800000) (1024K)]
  0x000002584a4ecbd0 JavaThread "jar transforms Thread 12"          [_thread_blocked, id=12176, stack(0x0000009334800000,0x0000009334900000) (1024K)]
  0x000002584a4f0050 JavaThread "Cache worker for checksums cache (C:\Users\User\StudioProjects\xVSoRPG\.gradle\8.13\checksums)"        [_thread_blocked, id=5840, stack(0x0000009334900000,0x0000009334a00000) (1024K)]
  0x000002584a4f06e0 JavaThread "Cache worker for file content cache (C:\Users\User\.gradle\caches\8.13\fileContent)"        [_thread_blocked, id=12608, stack(0x0000009334a00000,0x0000009334b00000) (1024K)]
  0x000002584da15240 JavaThread "Cache worker for cache directory md-supplier (C:\Users\User\.gradle\caches\8.13\md-supplier)"        [_thread_blocked, id=1736, stack(0x0000009334b00000,0x0000009334c00000) (1024K)]
  0x000002584da13e90 JavaThread "Cache worker for cache directory md-rule (C:\Users\User\.gradle\caches\8.13\md-rule)"        [_thread_blocked, id=3444, stack(0x0000009334c00000,0x0000009334d00000) (1024K)]
  0x000002584da16c80 JavaThread "Unconstrained build operations"        [_thread_blocked, id=3796, stack(0x0000009334d00000,0x0000009334e00000) (1024K)]
  0x000002584da13800 JavaThread "Unconstrained build operations Thread 2"        [_thread_blocked, id=3392, stack(0x0000009334e00000,0x0000009334f00000) (1024K)]
  0x000002584da14520 JavaThread "Unconstrained build operations Thread 3"        [_thread_blocked, id=2664, stack(0x0000009334f00000,0x0000009335000000) (1024K)]
  0x000002584da14bb0 JavaThread "Unconstrained build operations Thread 4"        [_thread_blocked, id=20668, stack(0x0000009335000000,0x0000009335100000) (1024K)]
  0x000002584cb1b4f0 JavaThread "Unconstrained build operations Thread 5"        [_thread_blocked, id=12376, stack(0x0000009335100000,0x0000009335200000) (1024K)]
  0x000002584cb1cf30 JavaThread "Unconstrained build operations Thread 6"        [_thread_blocked, id=11244, stack(0x0000009335200000,0x0000009335300000) (1024K)]
  0x000002584cb1dc50 JavaThread "Unconstrained build operations Thread 7"        [_thread_blocked, id=2680, stack(0x0000009335300000,0x0000009335400000) (1024K)]
  0x000002584cb1fd20 JavaThread "Unconstrained build operations Thread 8"        [_thread_blocked, id=22572, stack(0x0000009335400000,0x0000009335500000) (1024K)]
  0x000002584cb1e2e0 JavaThread "Unconstrained build operations Thread 9"        [_thread_blocked, id=9196, stack(0x0000009335500000,0x0000009335600000) (1024K)]
  0x000002584cb1e970 JavaThread "Unconstrained build operations Thread 10"        [_thread_blocked, id=10728, stack(0x0000009335600000,0x0000009335700000) (1024K)]
  0x000002584cb203b0 JavaThread "Unconstrained build operations Thread 11"        [_thread_blocked, id=18160, stack(0x0000009335700000,0x0000009335800000) (1024K)]
  0x000002584cb1d5c0 JavaThread "Unconstrained build operations Thread 12"        [_thread_blocked, id=5276, stack(0x0000009335800000,0x0000009335900000) (1024K)]
  0x000002584cb1f000 JavaThread "Unconstrained build operations Thread 13"        [_thread_blocked, id=15760, stack(0x0000009335900000,0x0000009335a00000) (1024K)]
  0x000002584cb1f690 JavaThread "Unconstrained build operations Thread 14"        [_thread_blocked, id=23548, stack(0x0000009335a00000,0x0000009335b00000) (1024K)]
  0x000002584caf48f0 JavaThread "Unconstrained build operations Thread 15"        [_thread_blocked, id=6700, stack(0x0000009335b00000,0x0000009335c00000) (1024K)]
  0x000002584caf5ca0 JavaThread "Unconstrained build operations Thread 16"        [_thread_blocked, id=21148, stack(0x0000009335c00000,0x0000009335d00000) (1024K)]
  0x000002584caf3bd0 JavaThread "Unconstrained build operations Thread 17"        [_thread_blocked, id=2016, stack(0x0000009335d00000,0x0000009335e00000) (1024K)]
  0x000002584caf5610 JavaThread "Unconstrained build operations Thread 18"        [_thread_blocked, id=23488, stack(0x0000009335e00000,0x0000009335f00000) (1024K)]
  0x000002584caf6330 JavaThread "Unconstrained build operations Thread 19"        [_thread_blocked, id=19512, stack(0x0000009335f00000,0x0000009336000000) (1024K)]
  0x000002584caf2eb0 JavaThread "Unconstrained build operations Thread 20"        [_thread_blocked, id=2020, stack(0x0000009336000000,0x0000009336100000) (1024K)]
  0x000002584caf4260 JavaThread "Unconstrained build operations Thread 21"        [_thread_blocked, id=1420, stack(0x0000009336100000,0x0000009336200000) (1024K)]
Total: 67

Other Threads:
  0x0000025842fa2070 VMThread "VM Thread"                           [id=21808, stack(0x0000009331400000,0x0000009331500000) (1024K)]
  0x0000025842f410c0 WatcherThread "VM Periodic Task Thread"        [id=22604, stack(0x0000009331300000,0x0000009331400000) (1024K)]
  0x000002582908e000 WorkerThread "GC Thread#0"                     [id=19708, stack(0x0000009330e00000,0x0000009330f00000) (1024K)]
  0x0000025843998e00 WorkerThread "GC Thread#1"                     [id=19712, stack(0x0000009332100000,0x0000009332200000) (1024K)]
  0x0000025843949c90 WorkerThread "GC Thread#2"                     [id=2364, stack(0x0000009332200000,0x0000009332300000) (1024K)]
  0x0000025843976a80 WorkerThread "GC Thread#3"                     [id=22380, stack(0x0000009332300000,0x0000009332400000) (1024K)]
  0x0000025848755b60 WorkerThread "GC Thread#4"                     [id=796, stack(0x0000009332400000,0x0000009332500000) (1024K)]
  0x00000258489a9be0 WorkerThread "GC Thread#5"                     [id=22584, stack(0x0000009332500000,0x0000009332600000) (1024K)]
  0x00000258490abb70 WorkerThread "GC Thread#6"                     [id=20748, stack(0x0000009332600000,0x0000009332700000) (1024K)]
  0x00000258490abf10 WorkerThread "GC Thread#7"                     [id=17928, stack(0x0000009332700000,0x0000009332800000) (1024K)]
  0x0000025849314700 WorkerThread "GC Thread#8"                     [id=5180, stack(0x0000009332e00000,0x0000009332f00000) (1024K)]
  0x0000025849315920 WorkerThread "GC Thread#9"                     [id=18180, stack(0x0000009332f00000,0x0000009333000000) (1024K)]
  0x000002582b4d73d0 ConcurrentGCThread "G1 Main Marker"            [id=16036, stack(0x0000009330f00000,0x0000009331000000) (1024K)]
  0x000002582b4d7de0 WorkerThread "G1 Conc#0"                       [id=9424, stack(0x0000009331000000,0x0000009331100000) (1024K)]
  0x0000025849314aa0 WorkerThread "G1 Conc#1"                       [id=16564, stack(0x0000009333000000,0x0000009333100000) (1024K)]
  0x0000025849315580 WorkerThread "G1 Conc#2"                       [id=6684, stack(0x0000009333100000,0x0000009333200000) (1024K)]
  0x000002582b52ea70 ConcurrentGCThread "G1 Refine#0"               [id=5844, stack(0x0000009331100000,0x0000009331200000) (1024K)]
  0x0000025842e0f960 ConcurrentGCThread "G1 Service"                [id=2320, stack(0x0000009331200000,0x0000009331300000) (1024K)]
Total: 18

Threads with active compile tasks:
C2 CompilerThread0  7369 7769       4       java.net.URLClassLoader$1::run (5 bytes)
C2 CompilerThread1  7369 7770   !   4       java.net.URLClassLoader$1::run (81 bytes)
C2 CompilerThread2  7369 7768   !   4       java.net.URLClassLoader::findClass (47 bytes)
Total: 3

VM state: not at safepoint (normal execution)

VM Mutex/Monitor currently owned by a thread: None

Heap address: 0x0000000080000000, size: 2048 MB, Compressed Oops mode: 32-bit

CDS archive(s) not mapped
Compressed class space mapped at: 0x0000000100000000-0x0000000140000000, reserved size: 1073741824
Narrow klass base: 0x0000000000000000, Narrow klass shift: 3, Narrow klass range: 0x140000000

GC Precious Log:
 CardTable entry size: 512
 Card Set container configuration: InlinePtr #cards 5 size 8 Array Of Cards #cards 12 size 40 Howl #buckets 4 coarsen threshold 1843 Howl Bitmap #cards 512 size 80 coarsen threshold 460 Card regions per heap region 1 cards per card region 2048
 CPUs: 12 total, 12 available
 Memory: 7955M
 Large Page Support: Disabled
 NUMA Support: Disabled
 Compressed Oops: Enabled (32-bit)
 Heap Region Size: 1M
 Heap Min Capacity: 8M
 Heap Initial Capacity: 126M
 Heap Max Capacity: 2G
 Pre-touch: Disabled
 Parallel Workers: 10
 Concurrent Workers: 3
 Concurrent Refinement Workers: 10
 Periodic GC: Disabled

Heap:
 garbage-first heap   total 171008K, used 112515K [0x0000000080000000, 0x0000000100000000)
  region size 1024K, 16 young (16384K), 6 survivors (6144K)
 Metaspace       used 72459K, committed 74112K, reserved 1114112K
  class space    used 10217K, committed 11008K, reserved 1048576K

Heap Regions: E=young(eden), S=young(survivor), O=old, HS=humongous(starts), HC=humongous(continues), CS=collection set, F=free, TAMS=top-at-mark-start, PB=parsable bottom
|   0|0x0000000080000000, 0x0000000080100000, 0x0000000080100000|100%|HS|  |TAMS 0x0000000080000000| PB 0x0000000080000000| Complete 
|   1|0x0000000080100000, 0x0000000080200000, 0x0000000080200000|100%|HC|  |TAMS 0x0000000080100000| PB 0x0000000080100000| Complete 
|   2|0x0000000080200000, 0x0000000080300000, 0x0000000080300000|100%|HC|  |TAMS 0x0000000080200000| PB 0x0000000080200000| Complete 
|   3|0x0000000080300000, 0x0000000080400000, 0x0000000080400000|100%| O|  |TAMS 0x0000000080300000| PB 0x0000000080300000| Untracked 
|   4|0x0000000080400000, 0x0000000080500000, 0x0000000080500000|100%| O|  |TAMS 0x0000000080400000| PB 0x0000000080400000| Untracked 
|   5|0x0000000080500000, 0x0000000080600000, 0x0000000080600000|100%| O|  |TAMS 0x0000000080500000| PB 0x0000000080500000| Untracked 
|   6|0x0000000080600000, 0x0000000080700000, 0x0000000080700000|100%|HS|  |TAMS 0x0000000080600000| PB 0x0000000080600000| Complete 
|   7|0x0000000080700000, 0x0000000080800000, 0x0000000080800000|100%| O|  |TAMS 0x0000000080700000| PB 0x0000000080700000| Untracked 
|   8|0x0000000080800000, 0x0000000080900000, 0x0000000080900000|100%| O|  |TAMS 0x0000000080800000| PB 0x0000000080800000| Untracked 
|   9|0x0000000080900000, 0x0000000080a00000, 0x0000000080a00000|100%| O|  |TAMS 0x0000000080900000| PB 0x0000000080900000| Untracked 
|  10|0x0000000080a00000, 0x0000000080b00000, 0x0000000080b00000|100%| O|  |TAMS 0x0000000080a00000| PB 0x0000000080a00000| Untracked 
|  11|0x0000000080b00000, 0x0000000080c00000, 0x0000000080c00000|100%| O|  |TAMS 0x0000000080b00000| PB 0x0000000080b00000| Untracked 
|  12|0x0000000080c00000, 0x0000000080d00000, 0x0000000080d00000|100%| O|  |TAMS 0x0000000080c00000| PB 0x0000000080c00000| Untracked 
|  13|0x0000000080d00000, 0x0000000080e00000, 0x0000000080e00000|100%| O|  |TAMS 0x0000000080d00000| PB 0x0000000080d00000| Untracked 
|  14|0x0000000080e00000, 0x0000000080f00000, 0x0000000080f00000|100%| O|  |TAMS 0x0000000080e00000| PB 0x0000000080e00000| Untracked 
|  15|0x0000000080f00000, 0x0000000081000000, 0x0000000081000000|100%| O|  |TAMS 0x0000000080f00000| PB 0x0000000080f00000| Untracked 
|  16|0x0000000081000000, 0x0000000081100000, 0x0000000081100000|100%| O|  |TAMS 0x0000000081000000| PB 0x0000000081000000| Untracked 
|  17|0x0000000081100000, 0x0000000081200000, 0x0000000081200000|100%| O|  |TAMS 0x0000000081100000| PB 0x0000000081100000| Untracked 
|  18|0x0000000081200000, 0x0000000081300000, 0x0000000081300000|100%| O|  |TAMS 0x0000000081200000| PB 0x0000000081200000| Untracked 
|  19|0x0000000081300000, 0x0000000081400000, 0x0000000081400000|100%| O|  |TAMS 0x0000000081300000| PB 0x0000000081300000| Untracked 
|  20|0x0000000081400000, 0x0000000081500000, 0x0000000081500000|100%| O|  |TAMS 0x0000000081400000| PB 0x0000000081400000| Untracked 
|  21|0x0000000081500000, 0x0000000081600000, 0x0000000081600000|100%| O|  |TAMS 0x0000000081500000| PB 0x0000000081500000| Untracked 
|  22|0x0000000081600000, 0x0000000081700000, 0x0000000081700000|100%|HS|  |TAMS 0x0000000081600000| PB 0x0000000081600000| Complete 
|  23|0x0000000081700000, 0x0000000081800000, 0x0000000081800000|100%|HC|  |TAMS 0x0000000081700000| PB 0x0000000081700000| Complete 
|  24|0x0000000081800000, 0x0000000081900000, 0x0000000081900000|100%|HC|  |TAMS 0x0000000081800000| PB 0x0000000081800000| Complete 
|  25|0x0000000081900000, 0x0000000081a00000, 0x0000000081a00000|100%|HC|  |TAMS 0x0000000081900000| PB 0x0000000081900000| Complete 
|  26|0x0000000081a00000, 0x0000000081b00000, 0x0000000081b00000|100%|HC|  |TAMS 0x0000000081a00000| PB 0x0000000081a00000| Complete 
|  27|0x0000000081b00000, 0x0000000081c00000, 0x0000000081c00000|100%|HC|  |TAMS 0x0000000081b00000| PB 0x0000000081b00000| Complete 
|  28|0x0000000081c00000, 0x0000000081d00000, 0x0000000081d00000|100%|HS|  |TAMS 0x0000000081c00000| PB 0x0000000081c00000| Complete 
|  29|0x0000000081d00000, 0x0000000081e00000, 0x0000000081e00000|100%|HS|  |TAMS 0x0000000081d00000| PB 0x0000000081d00000| Complete 
|  30|0x0000000081e00000, 0x0000000081f00000, 0x0000000081f00000|100%|HC|  |TAMS 0x0000000081e00000| PB 0x0000000081e00000| Complete 
|  31|0x0000000081f00000, 0x0000000082000000, 0x0000000082000000|100%|HC|  |TAMS 0x0000000081f00000| PB 0x0000000081f00000| Complete 
|  32|0x0000000082000000, 0x0000000082100000, 0x0000000082100000|100%|HC|  |TAMS 0x0000000082000000| PB 0x0000000082000000| Complete 
|  33|0x0000000082100000, 0x0000000082200000, 0x0000000082200000|100%|HS|  |TAMS 0x0000000082100000| PB 0x0000000082100000| Complete 
|  34|0x0000000082200000, 0x0000000082300000, 0x0000000082300000|100%|HC|  |TAMS 0x0000000082200000| PB 0x0000000082200000| Complete 
|  35|0x0000000082300000, 0x0000000082400000, 0x0000000082400000|100%|HS|  |TAMS 0x0000000082300000| PB 0x0000000082300000| Complete 
|  36|0x0000000082400000, 0x0000000082500000, 0x0000000082500000|100%|HS|  |TAMS 0x0000000082400000| PB 0x0000000082400000| Complete 
|  37|0x0000000082500000, 0x0000000082600000, 0x0000000082600000|100%|HC|  |TAMS 0x0000000082500000| PB 0x0000000082500000| Complete 
|  38|0x0000000082600000, 0x0000000082700000, 0x0000000082700000|100%|HC|  |TAMS 0x0000000082600000| PB 0x0000000082600000| Complete 
|  39|0x0000000082700000, 0x0000000082800000, 0x0000000082800000|100%|HC|  |TAMS 0x0000000082700000| PB 0x0000000082700000| Complete 
|  40|0x0000000082800000, 0x0000000082900000, 0x0000000082900000|100%|HC|  |TAMS 0x0000000082800000| PB 0x0000000082800000| Complete 
|  41|0x0000000082900000, 0x0000000082a00000, 0x0000000082a00000|100%|HC|  |TAMS 0x0000000082900000| PB 0x0000000082900000| Complete 
|  42|0x0000000082a00000, 0x0000000082b00000, 0x0000000082b00000|100%|HS|  |TAMS 0x0000000082a00000| PB 0x0000000082a00000| Complete 
|  43|0x0000000082b00000, 0x0000000082c00000, 0x0000000082c00000|100%|HS|  |TAMS 0x0000000082b00000| PB 0x0000000082b00000| Complete 
|  44|0x0000000082c00000, 0x0000000082d00000, 0x0000000082d00000|100%|HC|  |TAMS 0x0000000082c00000| PB 0x0000000082c00000| Complete 
|  45|0x0000000082d00000, 0x0000000082e00000, 0x0000000082e00000|100%|HC|  |TAMS 0x0000000082d00000| PB 0x0000000082d00000| Complete 
|  46|0x0000000082e00000, 0x0000000082f00000, 0x0000000082f00000|100%|HC|  |TAMS 0x0000000082e00000| PB 0x0000000082e00000| Complete 
|  47|0x0000000082f00000, 0x0000000083000000, 0x0000000083000000|100%|HS|  |TAMS 0x0000000082f00000| PB 0x0000000082f00000| Complete 
|  48|0x0000000083000000, 0x0000000083100000, 0x0000000083100000|100%|HC|  |TAMS 0x0000000083000000| PB 0x0000000083000000| Complete 
|  49|0x0000000083100000, 0x0000000083200000, 0x0000000083200000|100%|HS|  |TAMS 0x0000000083100000| PB 0x0000000083100000| Complete 
|  50|0x0000000083200000, 0x0000000083300000, 0x0000000083300000|100%| O|  |TAMS 0x0000000083200000| PB 0x0000000083200000| Untracked 
|  51|0x0000000083300000, 0x0000000083400000, 0x0000000083400000|100%| O|  |TAMS 0x0000000083300000| PB 0x0000000083300000| Untracked 
|  52|0x0000000083400000, 0x0000000083500000, 0x0000000083500000|100%| O|  |TAMS 0x0000000083400000| PB 0x0000000083400000| Untracked 
|  53|0x0000000083500000, 0x0000000083600000, 0x0000000083600000|100%| O|  |TAMS 0x0000000083500000| PB 0x0000000083500000| Untracked 
|  54|0x0000000083600000, 0x0000000083700000, 0x0000000083700000|100%| O|  |TAMS 0x0000000083600000| PB 0x0000000083600000| Untracked 
|  55|0x0000000083700000, 0x0000000083800000, 0x0000000083800000|100%| O|  |TAMS 0x0000000083700000| PB 0x0000000083700000| Untracked 
|  56|0x0000000083800000, 0x0000000083900000, 0x0000000083900000|100%| O|  |TAMS 0x0000000083800000| PB 0x0000000083800000| Untracked 
|  57|0x0000000083900000, 0x0000000083a00000, 0x0000000083a00000|100%| O|  |TAMS 0x0000000083900000| PB 0x0000000083900000| Untracked 
|  58|0x0000000083a00000, 0x0000000083b00000, 0x0000000083b00000|100%| O|  |TAMS 0x0000000083a00000| PB 0x0000000083a00000| Untracked 
|  59|0x0000000083b00000, 0x0000000083c00000, 0x0000000083c00000|100%| O|  |TAMS 0x0000000083b00000| PB 0x0000000083b00000| Untracked 
|  60|0x0000000083c00000, 0x0000000083d00000, 0x0000000083d00000|100%| O|  |TAMS 0x0000000083c00000| PB 0x0000000083c00000| Untracked 
|  61|0x0000000083d00000, 0x0000000083e00000, 0x0000000083e00000|100%| O|  |TAMS 0x0000000083d00000| PB 0x0000000083d00000| Untracked 
|  62|0x0000000083e00000, 0x0000000083f00000, 0x0000000083f00000|100%|HS|  |TAMS 0x0000000083e00000| PB 0x0000000083e00000| Complete 
|  63|0x0000000083f00000, 0x0000000084000000, 0x0000000084000000|100%|HC|  |TAMS 0x0000000083f00000| PB 0x0000000083f00000| Complete 
|  64|0x0000000084000000, 0x0000000084100000, 0x0000000084100000|100%| O|  |TAMS 0x0000000084000000| PB 0x0000000084000000| Untracked 
|  65|0x0000000084100000, 0x0000000084200000, 0x0000000084200000|100%| O|  |TAMS 0x0000000084100000| PB 0x0000000084100000| Untracked 
|  66|0x0000000084200000, 0x0000000084300000, 0x0000000084300000|100%| O|  |TAMS 0x0000000084200000| PB 0x0000000084200000| Untracked 
|  67|0x0000000084300000, 0x0000000084400000, 0x0000000084400000|100%| O|  |TAMS 0x0000000084300000| PB 0x0000000084300000| Untracked 
|  68|0x0000000084400000, 0x0000000084500000, 0x0000000084500000|100%| O|  |TAMS 0x0000000084400000| PB 0x0000000084400000| Untracked 
|  69|0x0000000084500000, 0x0000000084600000, 0x0000000084600000|100%| O|  |TAMS 0x0000000084500000| PB 0x0000000084500000| Untracked 
|  70|0x0000000084600000, 0x0000000084700000, 0x0000000084700000|100%| O|Cm|TAMS 0x0000000084600000| PB 0x0000000084600000| Complete 
|  71|0x0000000084700000, 0x0000000084800000, 0x0000000084800000|100%| O|  |TAMS 0x0000000084700000| PB 0x0000000084700000| Untracked 
|  72|0x0000000084800000, 0x0000000084900000, 0x0000000084900000|100%|HS|  |TAMS 0x0000000084800000| PB 0x0000000084800000| Complete 
|  73|0x0000000084900000, 0x0000000084a00000, 0x0000000084a00000|100%| O|Cm|TAMS 0x0000000084900000| PB 0x0000000084900000| Complete 
|  74|0x0000000084a00000, 0x0000000084b00000, 0x0000000084b00000|100%| O|  |TAMS 0x0000000084a00000| PB 0x0000000084a00000| Untracked 
|  75|0x0000000084b00000, 0x0000000084c00000, 0x0000000084c00000|100%| O|  |TAMS 0x0000000084b00000| PB 0x0000000084b00000| Untracked 
|  76|0x0000000084c00000, 0x0000000084d00000, 0x0000000084d00000|100%| O|  |TAMS 0x0000000084c00000| PB 0x0000000084c00000| Untracked 
|  77|0x0000000084d00000, 0x0000000084e00000, 0x0000000084e00000|100%| O|  |TAMS 0x0000000084d00000| PB 0x0000000084d00000| Untracked 
|  78|0x0000000084e00000, 0x0000000084ee0c70, 0x0000000084f00000| 87%| O|  |TAMS 0x0000000084e00000| PB 0x0000000084e00000| Untracked 
|  79|0x0000000084f00000, 0x0000000085000000, 0x0000000085000000|100%|HS|  |TAMS 0x0000000084f00000| PB 0x0000000084f00000| Complete 
|  80|0x0000000085000000, 0x0000000085000000, 0x0000000085100000|  0%| F|  |TAMS 0x0000000085000000| PB 0x0000000085000000| Untracked 
|  81|0x0000000085100000, 0x0000000085100000, 0x0000000085200000|  0%| F|  |TAMS 0x0000000085100000| PB 0x0000000085100000| Untracked 
|  82|0x0000000085200000, 0x0000000085300000, 0x0000000085300000|100%|HS|  |TAMS 0x0000000085200000| PB 0x0000000085200000| Complete 
|  83|0x0000000085300000, 0x0000000085400000, 0x0000000085400000|100%|HC|  |TAMS 0x0000000085300000| PB 0x0000000085300000| Complete 
|  84|0x0000000085400000, 0x0000000085500000, 0x0000000085500000|100%|HC|  |TAMS 0x0000000085400000| PB 0x0000000085400000| Complete 
|  85|0x0000000085500000, 0x0000000085600000, 0x0000000085600000|100%|HC|  |TAMS 0x0000000085500000| PB 0x0000000085500000| Complete 
|  86|0x0000000085600000, 0x0000000085700000, 0x0000000085700000|100%|HC|  |TAMS 0x0000000085600000| PB 0x0000000085600000| Complete 
|  87|0x0000000085700000, 0x0000000085800000, 0x0000000085800000|100%|HC|  |TAMS 0x0000000085700000| PB 0x0000000085700000| Complete 
|  88|0x0000000085800000, 0x0000000085900000, 0x0000000085900000|100%|HS|  |TAMS 0x0000000085800000| PB 0x0000000085800000| Complete 
|  89|0x0000000085900000, 0x0000000085a00000, 0x0000000085a00000|100%|HC|  |TAMS 0x0000000085900000| PB 0x0000000085900000| Complete 
|  90|0x0000000085a00000, 0x0000000085b00000, 0x0000000085b00000|100%|HC|  |TAMS 0x0000000085a00000| PB 0x0000000085a00000| Complete 
|  91|0x0000000085b00000, 0x0000000085c00000, 0x0000000085c00000|100%|HC|  |TAMS 0x0000000085b00000| PB 0x0000000085b00000| Complete 
|  92|0x0000000085c00000, 0x0000000085d00000, 0x0000000085d00000|100%|HC|  |TAMS 0x0000000085c00000| PB 0x0000000085c00000| Complete 
|  93|0x0000000085d00000, 0x0000000085e00000, 0x0000000085e00000|100%|HC|  |TAMS 0x0000000085d00000| PB 0x0000000085d00000| Complete 
|  94|0x0000000085e00000, 0x0000000085e00000, 0x0000000085f00000|  0%| F|  |TAMS 0x0000000085e00000| PB 0x0000000085e00000| Untracked 
|  95|0x0000000085f00000, 0x0000000086000000, 0x0000000086000000|100%| S|CS|TAMS 0x0000000085f00000| PB 0x0000000085f00000| Complete 
|  96|0x0000000086000000, 0x0000000086100000, 0x0000000086100000|100%| S|CS|TAMS 0x0000000086000000| PB 0x0000000086000000| Complete 
|  97|0x0000000086100000, 0x0000000086200000, 0x0000000086200000|100%| S|CS|TAMS 0x0000000086100000| PB 0x0000000086100000| Complete 
|  98|0x0000000086200000, 0x0000000086300000, 0x0000000086300000|100%| S|CS|TAMS 0x0000000086200000| PB 0x0000000086200000| Complete 
|  99|0x0000000086300000, 0x0000000086400000, 0x0000000086400000|100%| S|CS|TAMS 0x0000000086300000| PB 0x0000000086300000| Complete 
| 100|0x0000000086400000, 0x0000000086500000, 0x0000000086500000|100%| S|CS|TAMS 0x0000000086400000| PB 0x0000000086400000| Complete 
| 101|0x0000000086500000, 0x0000000086500000, 0x0000000086600000|  0%| F|  |TAMS 0x0000000086500000| PB 0x0000000086500000| Untracked 
| 102|0x0000000086600000, 0x0000000086600000, 0x0000000086700000|  0%| F|  |TAMS 0x0000000086600000| PB 0x0000000086600000| Untracked 
| 103|0x0000000086700000, 0x0000000086700000, 0x0000000086800000|  0%| F|  |TAMS 0x0000000086700000| PB 0x0000000086700000| Untracked 
| 104|0x0000000086800000, 0x0000000086800000, 0x0000000086900000|  0%| F|  |TAMS 0x0000000086800000| PB 0x0000000086800000| Untracked 
| 105|0x0000000086900000, 0x0000000086900000, 0x0000000086a00000|  0%| F|  |TAMS 0x0000000086900000| PB 0x0000000086900000| Untracked 
| 106|0x0000000086a00000, 0x0000000086a00000, 0x0000000086b00000|  0%| F|  |TAMS 0x0000000086a00000| PB 0x0000000086a00000| Untracked 
| 107|0x0000000086b00000, 0x0000000086b00000, 0x0000000086c00000|  0%| F|  |TAMS 0x0000000086b00000| PB 0x0000000086b00000| Untracked 
| 108|0x0000000086c00000, 0x0000000086c00000, 0x0000000086d00000|  0%| F|  |TAMS 0x0000000086c00000| PB 0x0000000086c00000| Untracked 
| 109|0x0000000086d00000, 0x0000000086d00000, 0x0000000086e00000|  0%| F|  |TAMS 0x0000000086d00000| PB 0x0000000086d00000| Untracked 
| 110|0x0000000086e00000, 0x0000000086e00000, 0x0000000086f00000|  0%| F|  |TAMS 0x0000000086e00000| PB 0x0000000086e00000| Untracked 
| 111|0x0000000086f00000, 0x0000000086f00000, 0x0000000087000000|  0%| F|  |TAMS 0x0000000086f00000| PB 0x0000000086f00000| Untracked 
| 112|0x0000000087000000, 0x0000000087000000, 0x0000000087100000|  0%| F|  |TAMS 0x0000000087000000| PB 0x0000000087000000| Untracked 
| 113|0x0000000087100000, 0x0000000087100000, 0x0000000087200000|  0%| F|  |TAMS 0x0000000087100000| PB 0x0000000087100000| Untracked 
| 114|0x0000000087200000, 0x0000000087200000, 0x0000000087300000|  0%| F|  |TAMS 0x0000000087200000| PB 0x0000000087200000| Untracked 
| 115|0x0000000087300000, 0x0000000087300000, 0x0000000087400000|  0%| F|  |TAMS 0x0000000087300000| PB 0x0000000087300000| Untracked 
| 116|0x0000000087400000, 0x0000000087400000, 0x0000000087500000|  0%| F|  |TAMS 0x0000000087400000| PB 0x0000000087400000| Untracked 
| 117|0x0000000087500000, 0x0000000087500000, 0x0000000087600000|  0%| F|  |TAMS 0x0000000087500000| PB 0x0000000087500000| Untracked 
| 118|0x0000000087600000, 0x0000000087600000, 0x0000000087700000|  0%| F|  |TAMS 0x0000000087600000| PB 0x0000000087600000| Untracked 
| 119|0x0000000087700000, 0x0000000087700000, 0x0000000087800000|  0%| F|  |TAMS 0x0000000087700000| PB 0x0000000087700000| Untracked 
| 120|0x0000000087800000, 0x0000000087800000, 0x0000000087900000|  0%| F|  |TAMS 0x0000000087800000| PB 0x0000000087800000| Untracked 
| 121|0x0000000087900000, 0x0000000087900000, 0x0000000087a00000|  0%| F|  |TAMS 0x0000000087900000| PB 0x0000000087900000| Untracked 
| 122|0x0000000087a00000, 0x0000000087a00000, 0x0000000087b00000|  0%| F|  |TAMS 0x0000000087a00000| PB 0x0000000087a00000| Untracked 
| 123|0x0000000087b00000, 0x0000000087b00000, 0x0000000087c00000|  0%| F|  |TAMS 0x0000000087b00000| PB 0x0000000087b00000| Untracked 
| 124|0x0000000087c00000, 0x0000000087c00000, 0x0000000087d00000|  0%| F|  |TAMS 0x0000000087c00000| PB 0x0000000087c00000| Untracked 
| 125|0x0000000087d00000, 0x0000000087d00000, 0x0000000087e00000|  0%| F|  |TAMS 0x0000000087d00000| PB 0x0000000087d00000| Untracked 
| 126|0x0000000087e00000, 0x0000000087e00000, 0x0000000087f00000|  0%| F|  |TAMS 0x0000000087e00000| PB 0x0000000087e00000| Untracked 
| 127|0x0000000087f00000, 0x0000000087f00000, 0x0000000088000000|  0%| F|  |TAMS 0x0000000087f00000| PB 0x0000000087f00000| Untracked 
| 128|0x0000000088000000, 0x0000000088000000, 0x0000000088100000|  0%| F|  |TAMS 0x0000000088000000| PB 0x0000000088000000| Untracked 
| 129|0x0000000088100000, 0x0000000088100000, 0x0000000088200000|  0%| F|  |TAMS 0x0000000088100000| PB 0x0000000088100000| Untracked 
| 130|0x0000000088200000, 0x0000000088200000, 0x0000000088300000|  0%| F|  |TAMS 0x0000000088200000| PB 0x0000000088200000| Untracked 
| 131|0x0000000088300000, 0x0000000088300000, 0x0000000088400000|  0%| F|  |TAMS 0x0000000088300000| PB 0x0000000088300000| Untracked 
| 132|0x0000000088400000, 0x0000000088400000, 0x0000000088500000|  0%| F|  |TAMS 0x0000000088400000| PB 0x0000000088400000| Untracked 
| 133|0x0000000088500000, 0x0000000088500000, 0x0000000088600000|  0%| F|  |TAMS 0x0000000088500000| PB 0x0000000088500000| Untracked 
| 134|0x0000000088600000, 0x0000000088600000, 0x0000000088700000|  0%| F|  |TAMS 0x0000000088600000| PB 0x0000000088600000| Untracked 
| 135|0x0000000088700000, 0x0000000088700000, 0x0000000088800000|  0%| F|  |TAMS 0x0000000088700000| PB 0x0000000088700000| Untracked 
| 136|0x0000000088800000, 0x0000000088800000, 0x0000000088900000|  0%| F|  |TAMS 0x0000000088800000| PB 0x0000000088800000| Untracked 
| 137|0x0000000088900000, 0x0000000088900000, 0x0000000088a00000|  0%| F|  |TAMS 0x0000000088900000| PB 0x0000000088900000| Untracked 
| 138|0x0000000088a00000, 0x0000000088a00000, 0x0000000088b00000|  0%| F|  |TAMS 0x0000000088a00000| PB 0x0000000088a00000| Untracked 
| 139|0x0000000088b00000, 0x0000000088b00000, 0x0000000088c00000|  0%| F|  |TAMS 0x0000000088b00000| PB 0x0000000088b00000| Untracked 
| 140|0x0000000088c00000, 0x0000000088c00000, 0x0000000088d00000|  0%| F|  |TAMS 0x0000000088c00000| PB 0x0000000088c00000| Untracked 
| 141|0x0000000088d00000, 0x0000000088d00000, 0x0000000088e00000|  0%| F|  |TAMS 0x0000000088d00000| PB 0x0000000088d00000| Untracked 
| 142|0x0000000088e00000, 0x0000000088e00000, 0x0000000088f00000|  0%| F|  |TAMS 0x0000000088e00000| PB 0x0000000088e00000| Untracked 
| 143|0x0000000088f00000, 0x0000000088f00000, 0x0000000089000000|  0%| F|  |TAMS 0x0000000088f00000| PB 0x0000000088f00000| Untracked 
| 144|0x0000000089000000, 0x0000000089000000, 0x0000000089100000|  0%| F|  |TAMS 0x0000000089000000| PB 0x0000000089000000| Untracked 
| 145|0x0000000089100000, 0x0000000089100000, 0x0000000089200000|  0%| F|  |TAMS 0x0000000089100000| PB 0x0000000089100000| Untracked 
| 146|0x0000000089200000, 0x0000000089200000, 0x0000000089300000|  0%| F|  |TAMS 0x0000000089200000| PB 0x0000000089200000| Untracked 
| 147|0x0000000089300000, 0x0000000089300000, 0x0000000089400000|  0%| F|  |TAMS 0x0000000089300000| PB 0x0000000089300000| Untracked 
| 148|0x0000000089400000, 0x0000000089400000, 0x0000000089500000|  0%| F|  |TAMS 0x0000000089400000| PB 0x0000000089400000| Untracked 
| 149|0x0000000089500000, 0x0000000089500000, 0x0000000089600000|  0%| F|  |TAMS 0x0000000089500000| PB 0x0000000089500000| Untracked 
| 150|0x0000000089600000, 0x0000000089600000, 0x0000000089700000|  0%| F|  |TAMS 0x0000000089600000| PB 0x0000000089600000| Untracked 
| 151|0x0000000089700000, 0x0000000089700000, 0x0000000089800000|  0%| F|  |TAMS 0x0000000089700000| PB 0x0000000089700000| Untracked 
| 152|0x0000000089800000, 0x0000000089800000, 0x0000000089900000|  0%| F|  |TAMS 0x0000000089800000| PB 0x0000000089800000| Untracked 
| 153|0x0000000089900000, 0x0000000089900000, 0x0000000089a00000|  0%| F|  |TAMS 0x0000000089900000| PB 0x0000000089900000| Untracked 
| 154|0x0000000089a00000, 0x0000000089a80000, 0x0000000089b00000| 50%| E|  |TAMS 0x0000000089a00000| PB 0x0000000089a00000| Complete 
| 155|0x0000000089b00000, 0x0000000089c00000, 0x0000000089c00000|100%| E|CS|TAMS 0x0000000089b00000| PB 0x0000000089b00000| Complete 
| 156|0x0000000089c00000, 0x0000000089d00000, 0x0000000089d00000|100%| E|CS|TAMS 0x0000000089c00000| PB 0x0000000089c00000| Complete 
| 157|0x0000000089d00000, 0x0000000089e00000, 0x0000000089e00000|100%| E|CS|TAMS 0x0000000089d00000| PB 0x0000000089d00000| Complete 
| 158|0x0000000089e00000, 0x0000000089f00000, 0x0000000089f00000|100%| E|CS|TAMS 0x0000000089e00000| PB 0x0000000089e00000| Complete 
| 159|0x0000000089f00000, 0x000000008a000000, 0x000000008a000000|100%| E|CS|TAMS 0x0000000089f00000| PB 0x0000000089f00000| Complete 
| 160|0x000000008a000000, 0x000000008a100000, 0x000000008a100000|100%| E|CS|TAMS 0x000000008a000000| PB 0x000000008a000000| Complete 
| 161|0x000000008a100000, 0x000000008a200000, 0x000000008a200000|100%| E|CS|TAMS 0x000000008a100000| PB 0x000000008a100000| Complete 
| 162|0x000000008a200000, 0x000000008a300000, 0x000000008a300000|100%| E|CS|TAMS 0x000000008a200000| PB 0x000000008a200000| Complete 
| 163|0x000000008a300000, 0x000000008a400000, 0x000000008a400000|100%| E|CS|TAMS 0x000000008a300000| PB 0x000000008a300000| Complete 
|2045|0x00000000ffd00000, 0x00000000ffe00000, 0x00000000ffe00000|100%| O|  |TAMS 0x00000000ffd00000| PB 0x00000000ffd00000| Untracked 
|2046|0x00000000ffe00000, 0x00000000fff00000, 0x00000000fff00000|100%| O|  |TAMS 0x00000000ffe00000| PB 0x00000000ffe00000| Untracked 
|2047|0x00000000fff00000, 0x0000000100000000, 0x0000000100000000|100%| O|  |TAMS 0x00000000fff00000| PB 0x00000000fff00000| Untracked 

Card table byte_map: [0x000002583df10000,0x000002583e310000] _byte_map_base: 0x000002583db10000

Marking Bits: (CMBitMap*) 0x000002582908e610
 Bits: [0x000002583e310000, 0x0000025840310000)

Polling page: 0x00000258294e0000

Metaspace:

Usage:
  Non-class:     60.78 MB used.
      Class:      9.98 MB used.
       Both:     70.76 MB used.

Virtual space:
  Non-class space:       64.00 MB reserved,      61.62 MB ( 96%) committed,  1 nodes.
      Class space:        1.00 GB reserved,      10.75 MB (  1%) committed,  1 nodes.
             Both:        1.06 GB reserved,      72.38 MB (  7%) committed. 

Chunk freelists:
   Non-Class:  2.08 MB
       Class:  5.27 MB
        Both:  7.34 MB

MaxMetaspaceSize: unlimited
CompressedClassSpaceSize: 1.00 GB
Initial GC threshold: 21.00 MB
Current GC threshold: 108.12 MB
CDS: off
 - commit_granule_bytes: 65536.
 - commit_granule_words: 8192.
 - virtual_space_node_default_size: 8388608.
 - enlarge_chunks_in_place: 1.
 - use_allocation_guard: 0.


Internal statistics:

num_allocs_failed_limit: 6.
num_arena_births: 3032.
num_arena_deaths: 0.
num_vsnodes_births: 2.
num_vsnodes_deaths: 0.
num_space_committed: 1158.
num_space_uncommitted: 0.
num_chunks_returned_to_freelist: 6.
num_chunks_taken_from_freelist: 6008.
num_chunk_merges: 3.
num_chunk_splits: 3887.
num_chunks_enlarged: 2369.
num_inconsistent_stats: 0.

CodeHeap 'non-profiled nmethods': size=120000Kb used=4284Kb max_used=4284Kb free=115715Kb
 bounds [0x0000025836090000, 0x00000258364c0000, 0x000002583d5c0000]
CodeHeap 'profiled nmethods': size=120000Kb used=12521Kb max_used=12521Kb free=107478Kb
 bounds [0x000002582e5c0000, 0x000002582f200000, 0x0000025835af0000]
CodeHeap 'non-nmethods': size=5760Kb used=2979Kb max_used=3017Kb free=2780Kb
 bounds [0x0000025835af0000, 0x0000025835df0000, 0x0000025836090000]
CodeCache: size=245760Kb, used=19784Kb, max_used=19822Kb, free=225973Kb
 total_blobs=7506, nmethods=6621, adapters=789, full_count=0
Compilation: enabled, stopped_count=0, restarted_count=0

Compilation events (20 events):
Event: 7.229 Thread 0x0000025843193ff0 nmethod 7763 0x000002582f1ef410 code [0x000002582f1ef640, 0x000002582f1efc78]
Event: 7.246 Thread 0x00000258431887b0 7764       4       java.lang.ClassLoader::getNamedPackage (73 bytes)
Event: 7.252 Thread 0x00000258431887b0 nmethod 7764 0x00000258364bdc90 code [0x00000258364bdec0, 0x00000258364be7c8]
Event: 7.254 Thread 0x0000025843193ff0 7765       3       sun.nio.fs.WindowsPath::normalize (365 bytes)
Event: 7.255 Thread 0x0000025843193ff0 nmethod 7765 0x000002582f1eff10 code [0x000002582f1f0400, 0x000002582f1f2ce0]
Event: 7.264 Thread 0x0000025843193ff0 7766       3       org.gradle.internal.serialize.graph.codecs.Binding::encodingForType (17 bytes)
Event: 7.264 Thread 0x00000258431887b0 7767       4       kotlin.jvm.internal.Intrinsics::checkNotNullParameter (9 bytes)
Event: 7.264 Thread 0x0000025843193ff0 nmethod 7766 0x000002582f1f3c10 code [0x000002582f1f3e40, 0x000002582f1f44a0]
Event: 7.264 Thread 0x000002584bcd56a0 7768   !   4       java.net.URLClassLoader::findClass (47 bytes)
Event: 7.264 Thread 0x00000258431887b0 nmethod 7767 0x00000258364bee10 code [0x00000258364befa0, 0x00000258364bf028]
Event: 7.264 Thread 0x00000258431887b0 7769       4       java.net.URLClassLoader$1::run (5 bytes)
Event: 7.265 Thread 0x0000025849765720 7770   !   4       java.net.URLClassLoader$1::run (81 bytes)
Event: 7.268 Thread 0x0000025843193ff0 7771       3       org.gradle.internal.serialize.graph.codecs.BindingsBuilder::bind (177 bytes)
Event: 7.270 Thread 0x0000025843193ff0 nmethod 7771 0x000002582f1f4710 code [0x000002582f1f4c60, 0x000002582f1f74e0]
Event: 7.309 Thread 0x0000025843193ff0 7774   !   3       java.util.stream.ReferencePipeline$7$1::accept (127 bytes)
Event: 7.310 Thread 0x0000025843193ff0 nmethod 7774 0x000002582f1f8390 code [0x000002582f1f8620, 0x000002582f1f94b8]
Event: 7.310 Thread 0x0000025843193ff0 7775       3       java.util.stream.AbstractPipeline::close (48 bytes)
Event: 7.310 Thread 0x0000025843193ff0 nmethod 7775 0x000002582f1f9b10 code [0x000002582f1f9cc0, 0x000002582f1f9f58]
Event: 7.314 Thread 0x0000025843193ff0 7776       3       java.lang.Class::isEnum (27 bytes)
Event: 7.314 Thread 0x0000025843193ff0 nmethod 7776 0x000002582f1fa010 code [0x000002582f1fa1c0, 0x000002582f1fa3b8]

GC Heap History (20 events):
Event: 4.032 GC heap before
{Heap before GC invocations=13 (full 0):
 garbage-first heap   total 109568K, used 85772K [0x0000000080000000, 0x0000000100000000)
  region size 1024K, 24 young (24576K), 4 survivors (4096K)
 Metaspace       used 46784K, committed 47744K, reserved 1114112K
  class space    used 6462K, committed 6912K, reserved 1048576K
}
Event: 4.036 GC heap after
{Heap after GC invocations=14 (full 0):
 garbage-first heap   total 132096K, used 66925K [0x0000000080000000, 0x0000000100000000)
  region size 1024K, 2 young (2048K), 2 survivors (2048K)
 Metaspace       used 46784K, committed 47744K, reserved 1114112K
  class space    used 6462K, committed 6912K, reserved 1048576K
}
Event: 4.547 GC heap before
{Heap before GC invocations=14 (full 0):
 garbage-first heap   total 132096K, used 118125K [0x0000000080000000, 0x0000000100000000)
  region size 1024K, 47 young (48128K), 2 survivors (2048K)
 Metaspace       used 52659K, committed 54016K, reserved 1114112K
  class space    used 7291K, committed 7936K, reserved 1048576K
}
Event: 4.551 GC heap after
{Heap after GC invocations=15 (full 0):
 garbage-first heap   total 132096K, used 69865K [0x0000000080000000, 0x0000000100000000)
  region size 1024K, 5 young (5120K), 5 survivors (5120K)
 Metaspace       used 52659K, committed 54016K, reserved 1114112K
  class space    used 7291K, committed 7936K, reserved 1048576K
}
Event: 5.023 GC heap before
{Heap before GC invocations=15 (full 0):
 garbage-first heap   total 132096K, used 110825K [0x0000000080000000, 0x0000000100000000)
  region size 1024K, 46 young (47104K), 5 survivors (5120K)
 Metaspace       used 57370K, committed 58816K, reserved 1114112K
  class space    used 8120K, committed 8832K, reserved 1048576K
}
Event: 5.028 GC heap after
{Heap after GC invocations=16 (full 0):
 garbage-first heap   total 132096K, used 72675K [0x0000000080000000, 0x0000000100000000)
  region size 1024K, 6 young (6144K), 6 survivors (6144K)
 Metaspace       used 57370K, committed 58816K, reserved 1114112K
  class space    used 8120K, committed 8832K, reserved 1048576K
}
Event: 5.432 GC heap before
{Heap before GC invocations=17 (full 0):
 garbage-first heap   total 132096K, used 118755K [0x0000000080000000, 0x0000000100000000)
  region size 1024K, 50 young (51200K), 6 survivors (6144K)
 Metaspace       used 60717K, committed 62144K, reserved 1114112K
  class space    used 8676K, committed 9344K, reserved 1048576K
}
Event: 5.440 GC heap after
{Heap after GC invocations=18 (full 0):
 garbage-first heap   total 132096K, used 77771K [0x0000000080000000, 0x0000000100000000)
  region size 1024K, 6 young (6144K), 6 survivors (6144K)
 Metaspace       used 60717K, committed 62144K, reserved 1114112K
  class space    used 8676K, committed 9344K, reserved 1048576K
}
Event: 5.566 GC heap before
{Heap before GC invocations=18 (full 0):
 garbage-first heap   total 132096K, used 117707K [0x0000000080000000, 0x0000000100000000)
  region size 1024K, 45 young (46080K), 6 survivors (6144K)
 Metaspace       used 60773K, committed 62208K, reserved 1114112K
  class space    used 8678K, committed 9344K, reserved 1048576K
}
Event: 5.573 GC heap after
{Heap after GC invocations=19 (full 0):
 garbage-first heap   total 132096K, used 78790K [0x0000000080000000, 0x0000000100000000)
  region size 1024K, 5 young (5120K), 5 survivors (5120K)
 Metaspace       used 60773K, committed 62208K, reserved 1114112K
  class space    used 8678K, committed 9344K, reserved 1048576K
}
Event: 5.665 GC heap before
{Heap before GC invocations=19 (full 0):
 garbage-first heap   total 132096K, used 118726K [0x0000000080000000, 0x0000000100000000)
  region size 1024K, 44 young (45056K), 5 survivors (5120K)
 Metaspace       used 60779K, committed 62208K, reserved 1114112K
  class space    used 8678K, committed 9344K, reserved 1048576K
}
Event: 5.671 GC heap after
{Heap after GC invocations=20 (full 0):
 garbage-first heap   total 171008K, used 79912K [0x0000000080000000, 0x0000000100000000)
  region size 1024K, 3 young (3072K), 3 survivors (3072K)
 Metaspace       used 60779K, committed 62208K, reserved 1114112K
  class space    used 8678K, committed 9344K, reserved 1048576K
}
Event: 6.253 GC heap before
{Heap before GC invocations=21 (full 0):
 garbage-first heap   total 171008K, used 156712K [0x0000000080000000, 0x0000000100000000)
  region size 1024K, 72 young (73728K), 3 survivors (3072K)
 Metaspace       used 64151K, committed 65664K, reserved 1114112K
  class space    used 9088K, committed 9792K, reserved 1048576K
}
Event: 6.257 GC heap after
{Heap after GC invocations=22 (full 0):
 garbage-first heap   total 171008K, used 91156K [0x0000000080000000, 0x0000000100000000)
  region size 1024K, 7 young (7168K), 7 survivors (7168K)
 Metaspace       used 64151K, committed 65664K, reserved 1114112K
  class space    used 9088K, committed 9792K, reserved 1048576K
}
Event: 6.556 GC heap before
{Heap before GC invocations=22 (full 0):
 garbage-first heap   total 171008K, used 153620K [0x0000000080000000, 0x0000000100000000)
  region size 1024K, 68 young (69632K), 7 survivors (7168K)
 Metaspace       used 64845K, committed 66304K, reserved 1114112K
  class space    used 9157K, committed 9856K, reserved 1048576K
}
Event: 6.561 GC heap after
{Heap after GC invocations=23 (full 0):
 garbage-first heap   total 171008K, used 91670K [0x0000000080000000, 0x0000000100000000)
  region size 1024K, 6 young (6144K), 6 survivors (6144K)
 Metaspace       used 64845K, committed 66304K, reserved 1114112K
  class space    used 9157K, committed 9856K, reserved 1048576K
}
Event: 6.579 GC heap before
{Heap before GC invocations=23 (full 0):
 garbage-first heap   total 171008K, used 91670K [0x0000000080000000, 0x0000000100000000)
  region size 1024K, 7 young (7168K), 6 survivors (6144K)
 Metaspace       used 64892K, committed 66432K, reserved 1114112K
  class space    used 9167K, committed 9856K, reserved 1048576K
}
Event: 6.583 GC heap after
{Heap after GC invocations=24 (full 0):
 garbage-first heap   total 171008K, used 91771K [0x0000000080000000, 0x0000000100000000)
  region size 1024K, 2 young (2048K), 2 survivors (2048K)
 Metaspace       used 64892K, committed 66432K, reserved 1114112K
  class space    used 9167K, committed 9856K, reserved 1048576K
}
Event: 7.235 GC heap before
{Heap before GC invocations=25 (full 0):
 garbage-first heap   total 171008K, used 162427K [0x0000000080000000, 0x0000000100000000)
  region size 1024K, 63 young (64512K), 2 survivors (2048K)
 Metaspace       used 71229K, committed 72832K, reserved 1114112K
  class space    used 10033K, committed 10816K, reserved 1048576K
}
Event: 7.241 GC heap after
{Heap after GC invocations=26 (full 0):
 garbage-first heap   total 171008K, used 103299K [0x0000000080000000, 0x0000000100000000)
  region size 1024K, 6 young (6144K), 6 survivors (6144K)
 Metaspace       used 71229K, committed 72832K, reserved 1114112K
  class space    used 10033K, committed 10816K, reserved 1048576K
}

Dll operation events (3 events):
Event: 0.011 Loaded shared library D:\My Profile\Programs\AndroidStudio\jbr\bin\java.dll
Event: 0.015 Loaded shared library D:\My Profile\Programs\AndroidStudio\jbr\bin\zip.dll
Event: 0.472 Loaded shared library D:\My Profile\Programs\AndroidStudio\jbr\bin\verify.dll

Deoptimization events (20 events):
Event: 7.096 Thread 0x0000025849393530 Uncommon trap: trap_request=0xffffffbe fr.pc=0x00000258362969c0 relative=0x0000000000001140
Event: 7.096 Thread 0x0000025849393530 Uncommon trap: reason=profile_predicate action=maybe_recompile pc=0x00000258362969c0 method=java.util.TreeMap.put(Ljava/lang/Object;Ljava/lang/Object;Z)Ljava/lang/Object; @ 27 c2
Event: 7.096 Thread 0x0000025849393530 DEOPT PACKING pc=0x00000258362969c0 sp=0x0000009332cf8c10
Event: 7.096 Thread 0x0000025849393530 DEOPT UNPACKING pc=0x0000025835b47da2 sp=0x0000009332cf8bd0 mode 2
Event: 7.172 Thread 0x0000025849393530 Uncommon trap: trap_request=0xffffffc6 fr.pc=0x0000025836292fe8 relative=0x0000000000000648
Event: 7.172 Thread 0x0000025849393530 Uncommon trap: reason=bimorphic_or_optimized_type_check action=maybe_recompile pc=0x0000025836292fe8 method=java.util.HashMap$TreeNode.find(ILjava/lang/Object;Ljava/lang/Class;)Ljava/util/HashMap$TreeNode; @ 68 c2
Event: 7.172 Thread 0x0000025849393530 DEOPT PACKING pc=0x0000025836292fe8 sp=0x0000009332cf7d00
Event: 7.173 Thread 0x0000025849393530 DEOPT UNPACKING pc=0x0000025835b47da2 sp=0x0000009332cf7c70 mode 2
Event: 7.173 Thread 0x0000025849393530 Uncommon trap: trap_request=0xffffffc6 fr.pc=0x0000025836292fe8 relative=0x0000000000000648
Event: 7.173 Thread 0x0000025849393530 Uncommon trap: reason=bimorphic_or_optimized_type_check action=maybe_recompile pc=0x0000025836292fe8 method=java.util.HashMap$TreeNode.find(ILjava/lang/Object;Ljava/lang/Class;)Ljava/util/HashMap$TreeNode; @ 68 c2
Event: 7.173 Thread 0x0000025849393530 DEOPT PACKING pc=0x0000025836292fe8 sp=0x0000009332cf7c30
Event: 7.173 Thread 0x0000025849393530 DEOPT UNPACKING pc=0x0000025835b47da2 sp=0x0000009332cf7bc0 mode 2
Event: 7.173 Thread 0x0000025849393530 Uncommon trap: trap_request=0xffffffc6 fr.pc=0x0000025836292fe8 relative=0x0000000000000648
Event: 7.173 Thread 0x0000025849393530 Uncommon trap: reason=bimorphic_or_optimized_type_check action=maybe_recompile pc=0x0000025836292fe8 method=java.util.HashMap$TreeNode.find(ILjava/lang/Object;Ljava/lang/Class;)Ljava/util/HashMap$TreeNode; @ 68 c2
Event: 7.173 Thread 0x0000025849393530 DEOPT PACKING pc=0x0000025836292fe8 sp=0x0000009332cf7b80
Event: 7.173 Thread 0x0000025849393530 DEOPT UNPACKING pc=0x0000025835b47da2 sp=0x0000009332cf7b10 mode 2
Event: 7.173 Thread 0x0000025849393530 Uncommon trap: trap_request=0xffffffc6 fr.pc=0x0000025836292fe8 relative=0x0000000000000648
Event: 7.173 Thread 0x0000025849393530 Uncommon trap: reason=bimorphic_or_optimized_type_check action=maybe_recompile pc=0x0000025836292fe8 method=java.util.HashMap$TreeNode.find(ILjava/lang/Object;Ljava/lang/Class;)Ljava/util/HashMap$TreeNode; @ 68 c2
Event: 7.173 Thread 0x0000025849393530 DEOPT PACKING pc=0x0000025836292fe8 sp=0x0000009332cf7c30
Event: 7.173 Thread 0x0000025849393530 DEOPT UNPACKING pc=0x0000025835b47da2 sp=0x0000009332cf7bc0 mode 2

Classes loaded (20 events):
Event: 6.991 Loading class javax/naming/NamingException
Event: 6.992 Loading class javax/naming/NamingException done
Event: 6.992 Loading class javax/naming/InvalidNameException
Event: 6.992 Loading class javax/naming/InvalidNameException done
Event: 6.992 Loading class java/security/cert/CertificateParsingException
Event: 6.992 Loading class java/security/cert/CertificateException
Event: 6.992 Loading class java/security/cert/CertificateException done
Event: 6.992 Loading class java/security/cert/CertificateParsingException done
Event: 7.021 Loading class java/nio/channels/Channels$ReadableByteChannelImpl
Event: 7.021 Loading class java/nio/channels/Channels$ReadableByteChannelImpl done
Event: 7.110 Loading class java/util/Comparators$NaturalOrderComparator
Event: 7.110 Loading class java/util/Comparators$NaturalOrderComparator done
Event: 7.161 Loading class java/io/FileWriter
Event: 7.161 Loading class java/io/FileWriter done
Event: 7.337 Loading class java/util/concurrent/atomic/AtomicReferenceFieldUpdater
Event: 7.338 Loading class java/util/concurrent/atomic/AtomicReferenceFieldUpdater done
Event: 7.338 Loading class java/util/concurrent/atomic/AtomicReferenceFieldUpdater$AtomicReferenceFieldUpdaterImpl
Event: 7.339 Loading class java/util/concurrent/atomic/AtomicReferenceFieldUpdater$AtomicReferenceFieldUpdaterImpl done
Event: 7.339 Loading class java/util/concurrent/atomic/AtomicReferenceFieldUpdater$AtomicReferenceFieldUpdaterImpl$1
Event: 7.339 Loading class java/util/concurrent/atomic/AtomicReferenceFieldUpdater$AtomicReferenceFieldUpdaterImpl$1 done

Classes unloaded (0 events):
No events

Classes redefined (0 events):
No events

Internal exceptions (20 events):
Event: 6.896 Thread 0x0000025849393530 Exception <a 'java/lang/ClassNotFoundException'{0x000000008834e4a8}: java/lang/EnumCustomizer> (0x000000008834e4a8) 
thrown [s\src\hotspot\share\classfile\systemDictionary.cpp, line 312]
Event: 6.897 Thread 0x0000025849393530 Exception <a 'java/lang/ClassNotFoundException'{0x0000000088368c18}: org/gradle/api/initialization/resolve/RepositoriesModeCustomizer> (0x0000000088368c18) 
thrown [s\src\hotspot\share\classfile\systemDictionary.cpp, line 312]
Event: 6.900 Thread 0x0000025849393530 Exception <a 'java/lang/ClassNotFoundException'{0x00000000883ddff8}: org/gradle/api/internal/provider/DefaultPropertyBeanInfo> (0x00000000883ddff8) 
thrown [s\src\hotspot\share\classfile\systemDictionary.cpp, line 312]
Event: 6.900 Thread 0x0000025849393530 Exception <a 'java/lang/ClassNotFoundException'{0x00000000883f1108}: org/gradle/api/internal/provider/AbstractPropertyBeanInfo> (0x00000000883f1108) 
thrown [s\src\hotspot\share\classfile\systemDictionary.cpp, line 312]
Event: 6.900 Thread 0x0000025849393530 Exception <a 'java/lang/ClassNotFoundException'{0x0000000088204650}: org/gradle/api/internal/provider/AbstractMinimalProviderBeanInfo> (0x0000000088204650) 
thrown [s\src\hotspot\share\classfile\systemDictionary.cpp, line 312]
Event: 6.900 Thread 0x0000025849393530 Exception <a 'java/lang/ClassNotFoundException'{0x0000000088217968}: org/gradle/api/internal/provider/AbstractMinimalProviderCustomizer> (0x0000000088217968) 
thrown [s\src\hotspot\share\classfile\systemDictionary.cpp, line 312]
Event: 6.902 Thread 0x0000025849393530 Exception <a 'java/lang/ClassNotFoundException'{0x000000008824c670}: org/gradle/api/internal/provider/AbstractPropertyCustomizer> (0x000000008824c670) 
thrown [s\src\hotspot\share\classfile\systemDictionary.cpp, line 312]
Event: 6.906 Thread 0x0000025849393530 Exception <a 'java/lang/ClassNotFoundException'{0x0000000088275590}: org/gradle/api/internal/provider/DefaultPropertyCustomizer> (0x0000000088275590) 
thrown [s\src\hotspot\share\classfile\systemDictionary.cpp, line 312]
Event: 6.919 Thread 0x0000025849393530 Exception <a 'java/lang/ClassNotFoundException'{0x00000000882db4a0}: org/gradle/initialization/DefaultProjectDescriptorBeanInfo> (0x00000000882db4a0) 
thrown [s\src\hotspot\share\classfile\systemDictionary.cpp, line 312]
Event: 6.919 Thread 0x0000025849393530 Exception <a 'java/lang/ClassNotFoundException'{0x00000000882ebd60}: org/gradle/initialization/DefaultProjectDescriptorCustomizer> (0x00000000882ebd60) 
thrown [s\src\hotspot\share\classfile\systemDictionary.cpp, line 312]
Event: 6.921 Thread 0x0000025849393530 Exception <a 'java/lang/IncompatibleClassChangeError'{0x000000008810fe98}: Found class java.lang.Object, but interface was expected> (0x000000008810fe98) 
thrown [s\src\hotspot\share\interpreter\linkResolver.cpp, line 851]
Event: 6.959 Thread 0x000002584920c4a0 Exception <a 'java/lang/NoSuchMethodError'{0x0000000087e94b50}: static Lorg/gradle/internal/build/event/types/DefaultOperationStartedProgressEvent;.<clinit>()V> (0x0000000087e94b50) 
thrown [s\src\hotspot\share\prims\jni.cpp, line 1144]
Event: 6.959 Thread 0x000002584920c4a0 Exception <a 'java/lang/NoSuchMethodError'{0x0000000087e96490}: static Lorg/gradle/internal/build/event/types/AbstractProgressEvent;.<clinit>()V> (0x0000000087e96490) 
thrown [s\src\hotspot\share\prims\jni.cpp, line 1144]
Event: 6.960 Thread 0x000002584920c4a0 Exception <a 'java/lang/NoSuchMethodError'{0x0000000087eaae18}: static Lorg/gradle/internal/build/event/types/DefaultBuildPhaseDescriptor;.<clinit>()V> (0x0000000087eaae18) 
thrown [s\src\hotspot\share\prims\jni.cpp, line 1144]
Event: 6.960 Thread 0x000002584920c4a0 Exception <a 'java/lang/NoSuchMethodError'{0x0000000087eae3d8}: static Lorg/gradle/internal/build/event/types/DefaultOperationDescriptor;.<clinit>()V> (0x0000000087eae3d8) 
thrown [s\src\hotspot\share\prims\jni.cpp, line 1144]
Event: 6.961 Thread 0x000002584920c4a0 Exception <a 'java/lang/NoSuchMethodError'{0x0000000087ec2600}: static Lorg/gradle/internal/operations/OperationIdentifier;.<clinit>()V> (0x0000000087ec2600) 
thrown [s\src\hotspot\share\prims\jni.cpp, line 1144]
Event: 7.015 Thread 0x0000025849393530 Exception <a 'sun/nio/fs/WindowsException'{0x00000000879eb370}> (0x00000000879eb370) 
thrown [s\src\hotspot\share\prims\jni.cpp, line 537]
Event: 7.015 Thread 0x0000025849393530 Exception <a 'sun/nio/fs/WindowsException'{0x00000000879ecd30}> (0x00000000879ecd30) 
thrown [s\src\hotspot\share\prims\jni.cpp, line 537]
Event: 7.016 Thread 0x0000025849393530 Exception <a 'sun/nio/fs/WindowsException'{0x00000000879f61f8}> (0x00000000879f61f8) 
thrown [s\src\hotspot\share\prims\jni.cpp, line 537]
Event: 7.105 Thread 0x0000025849393530 Exception <a 'java/lang/NoSuchMethodError'{0x0000000087191e48}: 'void java.lang.invoke.DirectMethodHandle$Holder.invokeStatic(java.lang.Object, java.lang.Object, java.lang.Object, java.lang.Object, java.lang.Object, java.lang.Object, java.lang.Object)'> (0x0000000087191e48) 
thrown [s\src\hotspot\share\interpreter\linkResolver.cpp, line 784]

ZGC Phase Switch (0 events):
No events

VM Operations (20 events):
Event: 6.548 Executing VM operation: HandshakeAllThreads (Deoptimize)
Event: 6.549 Executing VM operation: HandshakeAllThreads (Deoptimize) done
Event: 6.556 Executing VM operation: G1CollectForAllocation (G1 Evacuation Pause)
Event: 6.561 Executing VM operation: G1CollectForAllocation (G1 Evacuation Pause) done
Event: 6.579 Executing VM operation: G1TryInitiateConcMark (G1 Humongous Allocation)
Event: 6.584 Executing VM operation: G1TryInitiateConcMark (G1 Humongous Allocation) done
Event: 6.606 Executing VM operation: G1PauseRemark
Event: 6.610 Executing VM operation: G1PauseRemark done
Event: 6.620 Executing VM operation: G1PauseCleanup
Event: 6.620 Executing VM operation: G1PauseCleanup done
Event: 7.091 Executing VM operation: ICBufferFull
Event: 7.092 Executing VM operation: ICBufferFull done
Event: 7.113 Executing VM operation: HandshakeAllThreads (Deoptimize)
Event: 7.113 Executing VM operation: HandshakeAllThreads (Deoptimize) done
Event: 7.162 Executing VM operation: HandshakeAllThreads (Deoptimize)
Event: 7.162 Executing VM operation: HandshakeAllThreads (Deoptimize) done
Event: 7.234 Executing VM operation: G1CollectForAllocation (G1 Evacuation Pause)
Event: 7.241 Executing VM operation: G1CollectForAllocation (G1 Evacuation Pause) done
Event: 7.263 Executing VM operation: HandshakeAllThreads (Deoptimize)
Event: 7.263 Executing VM operation: HandshakeAllThreads (Deoptimize) done

Memory protections (0 events):
No events

Nmethod flushes (20 events):
Event: 6.609 Thread 0x0000025842fa2070 flushing  nmethod 0x000002582e6c4f10
Event: 6.609 Thread 0x0000025842fa2070 flushing  nmethod 0x000002582e6ca210
Event: 6.609 Thread 0x0000025842fa2070 flushing  nmethod 0x000002582e71e090
Event: 6.609 Thread 0x0000025842fa2070 flushing  nmethod 0x000002582e71f310
Event: 6.609 Thread 0x0000025842fa2070 flushing  nmethod 0x000002582e71f790
Event: 6.609 Thread 0x0000025842fa2070 flushing  nmethod 0x000002582e71fb90
Event: 6.609 Thread 0x0000025842fa2070 flushing  nmethod 0x000002582e838310
Event: 6.609 Thread 0x0000025842fa2070 flushing  nmethod 0x000002582e8d3d10
Event: 6.609 Thread 0x0000025842fa2070 flushing  nmethod 0x000002582e90d010
Event: 6.609 Thread 0x0000025842fa2070 flushing  nmethod 0x000002582e956b10
Event: 6.609 Thread 0x0000025842fa2070 flushing  nmethod 0x000002582ead4490
Event: 6.609 Thread 0x0000025842fa2070 flushing  nmethod 0x000002582eb9aa90
Event: 6.609 Thread 0x0000025842fa2070 flushing  nmethod 0x000002582eb9cd10
Event: 6.609 Thread 0x0000025842fa2070 flushing  nmethod 0x000002582ee13710
Event: 6.609 Thread 0x0000025842fa2070 flushing  nmethod 0x000002582ee13f10
Event: 6.609 Thread 0x0000025842fa2070 flushing  nmethod 0x000002582ee5d810
Event: 6.609 Thread 0x0000025842fa2070 flushing  nmethod 0x000002582eec1590
Event: 6.609 Thread 0x0000025842fa2070 flushing  nmethod 0x000002582eec1c10
Event: 6.609 Thread 0x0000025842fa2070 flushing  nmethod 0x000002582eec8b10
Event: 6.609 Thread 0x0000025842fa2070 flushing  nmethod 0x000002582eecaf10

Events (20 events):
Event: 4.916 Thread 0x0000025849393530 Thread added: 0x000002584da13800
Event: 4.950 Thread 0x0000025849393530 Thread added: 0x000002584da14520
Event: 4.950 Thread 0x0000025849393530 Thread added: 0x000002584da14bb0
Event: 6.118 Thread 0x0000025849393530 Thread added: 0x000002584cb1b4f0
Event: 6.119 Thread 0x0000025849393530 Thread added: 0x000002584cb1cf30
Event: 6.119 Thread 0x0000025849393530 Thread added: 0x000002584cb1dc50
Event: 6.119 Thread 0x0000025849393530 Thread added: 0x000002584cb1fd20
Event: 6.120 Thread 0x0000025849393530 Thread added: 0x000002584cb1e2e0
Event: 6.121 Thread 0x0000025849393530 Thread added: 0x000002584cb1e970
Event: 6.122 Thread 0x0000025849393530 Thread added: 0x000002584cb203b0
Event: 6.122 Thread 0x0000025849393530 Thread added: 0x000002584cb1d5c0
Event: 6.141 Thread 0x0000025849393530 Thread added: 0x000002584cb1f000
Event: 6.141 Thread 0x0000025849393530 Thread added: 0x000002584cb1f690
Event: 6.141 Thread 0x0000025849393530 Thread added: 0x000002584caf48f0
Event: 6.142 Thread 0x0000025849393530 Thread added: 0x000002584caf5ca0
Event: 6.142 Thread 0x0000025849393530 Thread added: 0x000002584caf3bd0
Event: 6.142 Thread 0x0000025849393530 Thread added: 0x000002584caf5610
Event: 6.143 Thread 0x0000025849393530 Thread added: 0x000002584caf6330
Event: 6.143 Thread 0x0000025849393530 Thread added: 0x000002584caf2eb0
Event: 6.143 Thread 0x0000025849393530 Thread added: 0x000002584caf4260


Dynamic libraries:
0x00007ff742750000 - 0x00007ff74275a000 	D:\My Profile\Programs\AndroidStudio\jbr\bin\java.exe
0x00007ffd387a0000 - 0x00007ffd38a08000 	C:\WINDOWS\SYSTEM32\ntdll.dll
0x00007ffd37010000 - 0x00007ffd370d9000 	C:\WINDOWS\System32\KERNEL32.DLL
0x00007ffd358f0000 - 0x00007ffd35ce8000 	C:\WINDOWS\System32\KERNELBASE.dll
0x00007ffd35db0000 - 0x00007ffd35efb000 	C:\WINDOWS\System32\ucrtbase.dll
0x00007ffd2dc30000 - 0x00007ffd2dc4b000 	D:\My Profile\Programs\AndroidStudio\jbr\bin\VCRUNTIME140.dll
0x00007ffd06a20000 - 0x00007ffd06a38000 	D:\My Profile\Programs\AndroidStudio\jbr\bin\jli.dll
0x00007ffd366e0000 - 0x00007ffd368a7000 	C:\WINDOWS\System32\USER32.dll
0x00007ffd36250000 - 0x00007ffd36277000 	C:\WINDOWS\System32\win32u.dll
0x00007ffd1efc0000 - 0x00007ffd1f254000 	C:\WINDOWS\WinSxS\amd64_microsoft.windows.common-controls_6595b64144ccf1df_6.0.26100.7019_none_3e06ffa0e335b8a8\COMCTL32.dll
0x00007ffd38470000 - 0x00007ffd3849b000 	C:\WINDOWS\System32\GDI32.dll
0x00007ffd37660000 - 0x00007ffd37709000 	C:\WINDOWS\System32\msvcrt.dll
0x00007ffd35f00000 - 0x00007ffd3602c000 	C:\WINDOWS\System32\gdi32full.dll
0x00007ffd36280000 - 0x00007ffd36323000 	C:\WINDOWS\System32\msvcp_win.dll
0x00007ffd38430000 - 0x00007ffd38461000 	C:\WINDOWS\System32\IMM32.DLL
0x00007ffd2db60000 - 0x00007ffd2db6c000 	D:\My Profile\Programs\AndroidStudio\jbr\bin\vcruntime140_1.dll
0x00007ffcfec00000 - 0x00007ffcfec8d000 	D:\My Profile\Programs\AndroidStudio\jbr\bin\msvcp140.dll
0x00007ffcba130000 - 0x00007ffcbadc6000 	D:\My Profile\Programs\AndroidStudio\jbr\bin\server\jvm.dll
0x00007ffd37d60000 - 0x00007ffd37e14000 	C:\WINDOWS\System32\ADVAPI32.dll
0x00007ffd38020000 - 0x00007ffd380c6000 	C:\WINDOWS\System32\sechost.dll
0x00007ffd371b0000 - 0x00007ffd372c8000 	C:\WINDOWS\System32\RPCRT4.dll
0x00007ffd383a0000 - 0x00007ffd38414000 	C:\WINDOWS\System32\WS2_32.dll
0x00007ffd344e0000 - 0x00007ffd3453e000 	C:\WINDOWS\SYSTEM32\POWRPROF.dll
0x00007ffd2a1b0000 - 0x00007ffd2a1bb000 	C:\WINDOWS\SYSTEM32\VERSION.dll
0x00007ffd27350000 - 0x00007ffd27385000 	C:\WINDOWS\SYSTEM32\WINMM.dll
0x00007ffd344c0000 - 0x00007ffd344d4000 	C:\WINDOWS\SYSTEM32\UMPDC.dll
0x00007ffd347a0000 - 0x00007ffd347bb000 	C:\WINDOWS\SYSTEM32\kernel.appcore.dll
0x00007ffd2dae0000 - 0x00007ffd2daea000 	D:\My Profile\Programs\AndroidStudio\jbr\bin\jimage.dll
0x00007ffd33020000 - 0x00007ffd33262000 	C:\WINDOWS\SYSTEM32\DBGHELP.DLL
0x00007ffd372d0000 - 0x00007ffd3765b000 	C:\WINDOWS\System32\combase.dll
0x00007ffd380d0000 - 0x00007ffd381a7000 	C:\WINDOWS\System32\OLEAUT32.dll
0x00007ffd08440000 - 0x00007ffd0847c000 	C:\WINDOWS\SYSTEM32\dbgcore.DLL
0x00007ffd361a0000 - 0x00007ffd36245000 	C:\WINDOWS\System32\bcryptPrimitives.dll
0x00007ffd0c390000 - 0x00007ffd0c39e000 	D:\My Profile\Programs\AndroidStudio\jbr\bin\instrument.dll
0x00007ffd2dac0000 - 0x00007ffd2dae0000 	D:\My Profile\Programs\AndroidStudio\jbr\bin\java.dll
0x00007ffd2beb0000 - 0x00007ffd2bec8000 	D:\My Profile\Programs\AndroidStudio\jbr\bin\zip.dll
0x00007ffd368b0000 - 0x00007ffd37001000 	C:\WINDOWS\System32\SHELL32.dll
0x00007ffd36030000 - 0x00007ffd3619b000 	C:\WINDOWS\System32\wintypes.dll
0x00007ffd33510000 - 0x00007ffd33d6d000 	C:\WINDOWS\SYSTEM32\windows.storage.dll
0x00007ffd37e20000 - 0x00007ffd37f12000 	C:\WINDOWS\System32\SHCORE.dll
0x00007ffd37140000 - 0x00007ffd371a7000 	C:\WINDOWS\System32\shlwapi.dll
0x00007ffd35810000 - 0x00007ffd35839000 	C:\WINDOWS\SYSTEM32\profapi.dll
0x00007ffd2c4a0000 - 0x00007ffd2c4b0000 	D:\My Profile\Programs\AndroidStudio\jbr\bin\net.dll
0x00007ffd2b5b0000 - 0x00007ffd2b6d8000 	C:\WINDOWS\SYSTEM32\WINHTTP.dll
0x00007ffd34d40000 - 0x00007ffd34dab000 	C:\WINDOWS\system32\mswsock.dll
0x00007ffd2be90000 - 0x00007ffd2bea6000 	D:\My Profile\Programs\AndroidStudio\jbr\bin\nio.dll
0x00007ffd0c920000 - 0x00007ffd0c930000 	D:\My Profile\Programs\AndroidStudio\jbr\bin\verify.dll
0x00007ffd06c10000 - 0x00007ffd06c37000 	C:\Users\User\.gradle\native\1def1411415f61bf3af743bc5b6707747c0891f09f0c88961ee8f79bc544acac\windows-amd64\native-platform.dll
0x00007ffcbebc0000 - 0x00007ffcbec38000 	C:\Users\User\.gradle\native\0.2.7\x86_64-windows-gnu\gradle-fileevents.dll
0x00007ffd2be80000 - 0x00007ffd2be89000 	D:\My Profile\Programs\AndroidStudio\jbr\bin\management.dll
0x00007ffd0c940000 - 0x00007ffd0c94b000 	D:\My Profile\Programs\AndroidStudio\jbr\bin\management_ext.dll
0x00007ffd38590000 - 0x00007ffd38598000 	C:\WINDOWS\System32\PSAPI.DLL
0x00007ffd340f0000 - 0x00007ffd34124000 	C:\WINDOWS\SYSTEM32\IPHLPAPI.DLL
0x00007ffd38420000 - 0x00007ffd3842a000 	C:\WINDOWS\System32\NSI.dll
0x00007ffd2bf30000 - 0x00007ffd2bf39000 	D:\My Profile\Programs\AndroidStudio\jbr\bin\extnet.dll
0x00007ffd35000000 - 0x00007ffd3501b000 	C:\WINDOWS\SYSTEM32\CRYPTSP.dll
0x00007ffd34700000 - 0x00007ffd3473a000 	C:\WINDOWS\system32\rsaenh.dll
0x00007ffd34df0000 - 0x00007ffd34e1b000 	C:\WINDOWS\SYSTEM32\USERENV.dll
0x00007ffd357e0000 - 0x00007ffd3580a000 	C:\WINDOWS\SYSTEM32\bcrypt.dll
0x00007ffd35020000 - 0x00007ffd3502c000 	C:\WINDOWS\SYSTEM32\CRYPTBASE.dll
0x00007ffc84ad0000 - 0x00007ffc84ad8000 	C:\WINDOWS\system32\wshunix.dll

JVMTI agents:
C:\Users\User\.gradle\wrapper\dists\gradle-8.13-bin\5xuhj0ry160q40clulazy9h7d\gradle-8.13\lib\agents\gradle-instrumentation-agent-8.13.jar path:D:\My Profile\Programs\AndroidStudio\jbr\bin\instrument.dll, loaded, initialized, instrumentlib options:none

dbghelp: loaded successfully - version: 4.0.5 - missing functions: none
symbol engine: initialized successfully - sym options: 0x614 - pdb path: .;D:\My Profile\Programs\AndroidStudio\jbr\bin;C:\WINDOWS\SYSTEM32;C:\WINDOWS\WinSxS\amd64_microsoft.windows.common-controls_6595b64144ccf1df_6.0.26100.7019_none_3e06ffa0e335b8a8;D:\My Profile\Programs\AndroidStudio\jbr\bin\server;C:\Users\User\.gradle\native\1def1411415f61bf3af743bc5b6707747c0891f09f0c88961ee8f79bc544acac\windows-amd64;C:\Users\User\.gradle\native\0.2.7\x86_64-windows-gnu

VM Arguments:
jvm_args: --add-opens=java.base/java.lang=ALL-UNNAMED --add-opens=java.base/java.lang.invoke=ALL-UNNAMED --add-opens=java.base/java.util=ALL-UNNAMED --add-opens=java.prefs/java.util.prefs=ALL-UNNAMED --add-exports=jdk.compiler/com.sun.tools.javac.api=ALL-UNNAMED --add-exports=jdk.compiler/com.sun.tools.javac.util=ALL-UNNAMED --add-opens=java.base/java.util=ALL-UNNAMED --add-opens=java.prefs/java.util.prefs=ALL-UNNAMED --add-opens=java.base/java.nio.charset=ALL-UNNAMED --add-opens=java.base/java.net=ALL-UNNAMED --add-opens=java.base/java.util.concurrent.atomic=ALL-UNNAMED --add-opens=java.xml/javax.xml.namespace=ALL-UNNAMED -Xmx2048m -Dfile.encoding=UTF-8 -Duser.country=UA -Duser.language=uk -Duser.variant -javaagent:C:\Users\User\.gradle\wrapper\dists\gradle-8.13-bin\5xuhj0ry160q40clulazy9h7d\gradle-8.13\lib\agents\gradle-instrumentation-agent-8.13.jar 
java_command: org.gradle.launcher.daemon.bootstrap.GradleDaemon 8.13
java_class_path (initial): C:\Users\User\.gradle\wrapper\dists\gradle-8.13-bin\5xuhj0ry160q40clulazy9h7d\gradle-8.13\lib\gradle-daemon-main-8.13.jar
Launcher Type: SUN_STANDARD

[Global flags]
     intx CICompilerCount                          = 4                                         {product} {ergonomic}
     uint ConcGCThreads                            = 3                                         {product} {ergonomic}
     uint G1ConcRefinementThreads                  = 10                                        {product} {ergonomic}
   size_t G1HeapRegionSize                         = 1048576                                   {product} {ergonomic}
    uintx GCDrainStackTargetSize                   = 64                                        {product} {ergonomic}
   size_t InitialHeapSize                          = 132120576                                 {product} {ergonomic}
   size_t MarkStackSize                            = 4194304                                   {product} {ergonomic}
   size_t MaxHeapSize                              = 2147483648                                {product} {command line}
   size_t MaxNewSize                               = 1287651328                                {product} {ergonomic}
   size_t MinHeapDeltaBytes                        = 1048576                                   {product} {ergonomic}
   size_t MinHeapSize                              = 8388608                                   {product} {ergonomic}
    uintx NonNMethodCodeHeapSize                   = 5839372                                {pd product} {ergonomic}
    uintx NonProfiledCodeHeapSize                  = 122909434                              {pd product} {ergonomic}
    uintx ProfiledCodeHeapSize                     = 122909434                              {pd product} {ergonomic}
    uintx ReservedCodeCacheSize                    = 251658240                              {pd product} {ergonomic}
     bool SegmentedCodeCache                       = true                                      {product} {ergonomic}
   size_t SoftMaxHeapSize                          = 2147483648                             {manageable} {ergonomic}
     bool UseCompressedOops                        = true                           {product lp64_product} {ergonomic}
     bool UseG1GC                                  = true                                      {product} {ergonomic}
     bool UseLargePagesIndividualAllocation        = false                                  {pd product} {ergonomic}

Logging:
Log output configuration:
 #0: stdout all=warning uptime,level,tags foldmultilines=false
 #1: stderr all=off uptime,level,tags foldmultilines=false

Environment Variables:
JAVA_HOME=D:\My Profile\Programs\Java HOME\graalvm-jdk-22.0.2+9.1
PATH=C:\Program Files\Common Files\Oracle\Java\javapath;C:\Program Files (x86)\Common Files\Oracle\Java\javapath;C:\ProgramData\Oracle\Java\javapath;C:\Windows\system32;C:\Windows;C:\Windows\System32\Wbem;C:\Windows\System32\WindowsPowerShell\v1.0\;C:\Windows\System32\OpenSSH\;C:\Program Files (x86)\NVIDIA Corporation\PhysX\Common;C:\WINDOWS\system32;C:\WINDOWS;C:\WINDOWS\System32\Wbem;C:\WINDOWS\System32\WindowsPowerShell\v1.0\;C:\WINDOWS\System32\OpenSSH\;C:\Program Files\dotnet\;C:\Program Files\NVIDIA Corporation\NVIDIA app\NvDLISR;D:\My Profile\Programs\Java HOME\graalvm-jdk-22.0.2+9.1\bin;C:\Program Files\Git\cmd;C:\Users\User\AppData\Local\Programs\Python\Launcher\;C:\Users\User\AppData\Local\Microsoft\WindowsApps;;C:\Users\User\AppData\Roaming\Programs\Zero Install
USERNAME=User
OS=Windows_NT
PROCESSOR_IDENTIFIER=Intel64 Family 6 Model 141 Stepping 1, GenuineIntel
TMP=C:\Users\User\AppData\Local\Temp
TEMP=C:\Users\User\AppData\Local\Temp




Periodic native trim disabled

JNI global refs:
JNI global refs: 28, weak refs: 2

JNI global refs memory usage: 835, weak refs: 833

Process memory usage:
Resident Set Size: 397116K (4% of 8146232K total physical memory with 697272K free physical memory)

OOME stack traces (most recent first):
Classloader memory used:
Loader org.gradle.internal.classloader.VisitableURLClassLoader                         : 37845K
Loader bootstrap                                                                       : 23267K
Loader org.gradle.initialization.MixInLegacyTypesClassLoader                           : 8655K
Loader org.gradle.internal.classloader.VisitableURLClassLoader                         : 834K
Loader org.gradle.internal.classloader.VisitableURLClassLoader$InstrumentingVisitableURLClassLoader: 640K
Loader jdk.internal.loader.ClassLoaders$PlatformClassLoader                            : 532K
Loader jdk.internal.loader.ClassLoaders$AppClassLoader                                 : 235K
Loader jdk.internal.reflect.DelegatingClassLoader                                      : 189K
Loader org.gradle.groovy.scripts.internal.DefaultScriptCompilationHandler$ScriptClassLoader: 149K
Loader groovy.lang.GroovyClassLoader$InnerLoader                                       : 60096B
Loader org.codehaus.groovy.runtime.callsite.CallSiteClassLoader                        : 51936B

Classes loaded by more than one classloader:
Class org.gradle.api.GradleException                                                  : loaded 3 times (x 82B)
Class org.gradle.internal.classloader.FilteringClassLoader                            : loaded 2 times (x 105B)
Class org.gradle.internal.classloader.ClassLoaderHierarchy                            : loaded 2 times (x 70B)
Class org.gradle.api.internal.classpath.ManifestUtil                                  : loaded 2 times (x 71B)
Class org.jetbrains.plugins.gradle.model.GradleExtensions                             : loaded 2 times (x 70B)
Class org.jetbrains.plugins.gradle.model.AnnotationProcessingModel                    : loaded 2 times (x 70B)
Class org.gradle.internal.operations.MultipleBuildOperationFailures                   : loaded 2 times (x 95B)
Class settings_b2qee4lmpx32fmzfdw1erecik                                              : loaded 2 times (x 179B)
Class org.gradle.internal.classloader.DefaultClassLoaderFactory                       : loaded 2 times (x 82B)
Class kotlin.collections.AbstractList$Companion                                       : loaded 2 times (x 71B)
Class org.gradle.internal.classloader.ClassLoaderVisitor                              : loaded 2 times (x 76B)
Class org.gradle.api.internal.classpath.EffectiveClassPath                            : loaded 2 times (x 90B)
Class org.gradle.tooling.internal.gradle.DefaultProjectIdentifier                     : loaded 2 times (x 86B)
Class org.gradle.api.internal.DefaultClassPathProvider                                : loaded 2 times (x 76B)
Class [Lorg.gradle.api.internal.ClassPathProvider;                                    : loaded 2 times (x 69B)
Class org.gradle.api.internal.ClassPathProvider                                       : loaded 2 times (x 70B)
Class org.gradle.internal.service.UnknownServiceException                             : loaded 2 times (x 83B)
Class org.jetbrains.kotlin.idea.gradleTooling.KotlinDslScriptAdditionalTask           : loaded 2 times (x 70B)
Class org.gradle.internal.classpath.TransformedClassPath                              : loaded 2 times (x 96B)
Class org.gradle.internal.classloader.InstrumentingClassLoader                        : loaded 2 times (x 70B)
Class kotlin.enums.EnumEntriesList                                                    : loaded 2 times (x 223B)
Class _BuildScript_                                                                   : loaded 2 times (x 173B)
Class org.jetbrains.kotlin.idea.gradleTooling.KotlinSourceSetContainer                : loaded 2 times (x 70B)
Class org.jetbrains.plugins.gradle.model.IntelliJSettings                             : loaded 2 times (x 70B)
Class org.gradle.internal.service.ServiceLocator                                      : loaded 2 times (x 70B)
Class org.gradle.tooling.model.UnsupportedMethodException                             : loaded 2 times (x 82B)
Class com.intellij.compose.ide.plugin.gradleTooling.rt.ComposeResourcesModel          : loaded 2 times (x 70B)
Class org.gradle.internal.InternalTransformer                                         : loaded 2 times (x 70B)
Class org.gradle.internal.time.DefaultTimer                                           : loaded 2 times (x 80B)
Class org.gradle.internal.classloader.ClasspathUtil$1                                 : loaded 2 times (x 76B)
Class org.gradle.api.internal.classpath.DefaultModuleRegistry$DefaultModule           : loaded 2 times (x 86B)
Class settings_b2qee4lmpx32fmzfdw1erecik$_run_closure1$_closure2                      : loaded 2 times (x 139B)
Class org.gradle.internal.time.DefaultCountdownTimer                                  : loaded 2 times (x 88B)
Class org.gradle.tooling.internal.gradle.DefaultBuildIdentifier                       : loaded 2 times (x 79B)
Class kotlin.Function                                                                 : loaded 2 times (x 70B)
Class org.gradle.api.internal.classpath.Module                                        : loaded 2 times (x 70B)
Class org.gradle.api.internal.classpath.UnknownModuleException                        : loaded 2 times (x 82B)
Class com.intellij.openapi.externalSystem.model.project.dependencies.ProjectDependencies: loaded 2 times (x 70B)
Class org.gradle.tooling.internal.gradle.GradleProjectIdentity                        : loaded 2 times (x 70B)
Class org.gradle.api.internal.DefaultClassPathRegistry                                : loaded 2 times (x 76B)
Class org.gradle.api.internal.ClassPathRegistry                                       : loaded 2 times (x 70B)
Class org.gradle.internal.classpath.DefaultClassPath$ImmutableUniqueList              : loaded 2 times (x 199B)
Class ijInit1_35dm7hl684e41ngwa7vmcdovq                                               : loaded 2 times (x 179B)
Class org.gradle.internal.classpath.ClassPath                                         : loaded 2 times (x 70B)
Class org.gradle.api.UncheckedIOException                                             : loaded 2 times (x 82B)
Class org.jetbrains.kotlin.idea.gradleTooling.KotlinGradleModel                       : loaded 2 times (x 70B)
Class org.gradle.tooling.model.Model                                                  : loaded 2 times (x 70B)
Class kotlin.UninitializedPropertyAccessException                                     : loaded 2 times (x 82B)
Class org.jetbrains.plugins.gradle.model.IntelliJProjectSettings                      : loaded 2 times (x 70B)
Class _BuildScript_$_run_closure1                                                     : loaded 2 times (x 132B)
Class org.gradle.internal.installation.GradleInstallation$1                           : loaded 2 times (x 75B)
Class org.gradle.api.internal.classpath.ModuleRegistry                                : loaded 2 times (x 70B)
Class org.jetbrains.plugins.gradle.model.VersionCatalogsModel                         : loaded 2 times (x 70B)
Class org.gradle.api.internal.classpath.DefaultModuleRegistry                         : loaded 2 times (x 86B)
Class org.gradle.internal.time.MonotonicClock                                         : loaded 2 times (x 77B)
Class org.gradle.internal.service.ServiceLookupException                              : loaded 2 times (x 82B)
Class org.gradle.internal.classloader.ClassLoaderFactory                              : loaded 2 times (x 70B)
Class org.gradle.internal.service.CachingServiceLocator                               : loaded 2 times (x 82B)
Class org.jetbrains.plugins.gradle.model.RepositoryModels                             : loaded 2 times (x 70B)
Class org.gradle.internal.time.TimeSource                                             : loaded 2 times (x 70B)
Class org.gradle.tooling.internal.gradle.GradleBuildIdentity                          : loaded 2 times (x 70B)
Class kotlin.enums.EnumEntries                                                        : loaded 2 times (x 70B)
Class org.gradle.internal.exceptions.ResolutionProvider                               : loaded 2 times (x 70B)
Class org.gradle.tooling.model.ProjectIdentifier                                      : loaded 2 times (x 70B)
Class org.gradle.internal.classloader.ClasspathUtil                                   : loaded 2 times (x 71B)
Class org.gradle.internal.time.TimeSource$1                                           : loaded 2 times (x 77B)
Class kotlin.jvm.internal.DefaultConstructorMarker                                    : loaded 2 times (x 71B)
Class org.gradle.api.specs.Spec                                                       : loaded 2 times (x 70B)
Class org.gradle.internal.time.Clock                                                  : loaded 2 times (x 70B)
Class kotlin.collections.AbstractList                                                 : loaded 2 times (x 197B)
Class kotlin.collections.AbstractCollection                                           : loaded 2 times (x 117B)
Class sync_studio_tooling_4e8zno85x2sfhw2j82yp1nol9                                   : loaded 2 times (x 179B)
Class _BuildScript_$_run_closure1$_closure2                                           : loaded 2 times (x 132B)
Class org.gradle.internal.classloader.VisitableURLClassLoader$InstrumentingVisitableURLClassLoader: loaded 2 times (x 123B)
Class org.gradle.internal.classloader.VisitableURLClassLoader$Spec                    : loaded 2 times (x 74B)
Class org.gradle.internal.classpath.DefaultClassPath                                  : loaded 2 times (x 90B)
Class org.gradle.internal.classloader.ClassLoaderSpec                                 : loaded 2 times (x 71B)
Class kotlin.Unit                                                                     : loaded 2 times (x 71B)
Class org.gradle.internal.classloader.VisitableURLClassLoader                         : loaded 2 times (x 117B)
Class org.gradle.internal.Cast                                                        : loaded 2 times (x 71B)
Class org.gradle.api.Action                                                           : loaded 2 times (x 70B)
Class kotlin.jvm.functions.Function1                                                  : loaded 2 times (x 70B)
Class org.gradle.internal.classpath.DefaultClassPath$ImmutableUniqueList$Builder      : loaded 2 times (x 75B)
Class kotlin.NotImplementedError                                                      : loaded 2 times (x 82B)
Class org.gradle.internal.exceptions.NonGradleCauseExceptionsHolder                   : loaded 2 times (x 70B)
Class org.jetbrains.plugins.gradle.tooling.ModelBuilderService$Parameter              : loaded 2 times (x 70B)
Class kotlin.enums.EnumEntriesKt                                                      : loaded 2 times (x 71B)
Class org.gradle.internal.IoActions                                                   : loaded 2 times (x 71B)
Class org.gradle.internal.classloader.SystemClassLoaderSpec                           : loaded 2 times (x 71B)
Class org.gradle.internal.exceptions.MultiCauseException                              : loaded 2 times (x 70B)
Class org.gradle.internal.time.CountdownTimer                                         : loaded 2 times (x 70B)
Class kotlin.jvm.internal.Intrinsics                                                  : loaded 2 times (x 71B)
Class org.gradle.tooling.model.ProjectModel                                           : loaded 2 times (x 70B)
Class kotlin.KotlinNullPointerException                                               : loaded 2 times (x 83B)
Class org.jetbrains.plugins.gradle.model.tests.ExternalTestsModel                     : loaded 2 times (x 70B)
Class org.gradle.internal.exceptions.DefaultMultiCauseException                       : loaded 2 times (x 95B)
Class org.gradle.internal.time.Time                                                   : loaded 2 times (x 71B)
Class JetGradlePlugin                                                                 : loaded 2 times (x 96B)
Class org.jetbrains.plugins.gradle.model.DependencyAccessorsModel                     : loaded 2 times (x 70B)
Class org.gradle.api.internal.classpath.GlobalCacheRootsProvider                      : loaded 2 times (x 70B)
Class org.jetbrains.kotlin.idea.gradleTooling.KotlinMPPGradleModel                    : loaded 2 times (x 70B)
Class org.gradle.tooling.model.BuildIdentifier                                        : loaded 2 times (x 70B)
Class org.jetbrains.kotlin.idea.gradleTooling.PrepareKotlinIdeImportTaskModel         : loaded 2 times (x 70B)
Class org.gradle.internal.time.Timer                                                  : loaded 2 times (x 70B)
Class kotlin.jvm.internal.markers.KMappedMarker                                       : loaded 2 times (x 70B)
Class org.gradle.internal.installation.CurrentGradleInstallationLocator               : loaded 2 times (x 71B)
Class org.gradle.internal.service.DefaultServiceLocator                               : loaded 2 times (x 83B)
Class settings_b2qee4lmpx32fmzfdw1erecik$_run_closure1                                : loaded 2 times (x 139B)
Class org.gradle.util.GradleVersion                                                   : loaded 2 times (x 79B)
Class org.gradle.internal.installation.CurrentGradleInstallation                      : loaded 2 times (x 73B)
Class org.jetbrains.plugins.gradle.javaModel.JavaGradleManifestModel                  : loaded 2 times (x 70B)
Class org.gradle.util.internal.GUtil                                                  : loaded 2 times (x 71B)
Class org.gradle.internal.installation.GradleInstallation                             : loaded 2 times (x 75B)

---------------  S Y S T E M  ---------------

OS:
 Windows 11 , 64 bit Build 26100 (10.0.26100.7019)
OS uptime: 0 days 2:12 hours
Hyper-V role detected

CPU: total 12 (initial active 12) (6 cores per cpu, 2 threads per core) family 6 model 141 stepping 1 microcode 0x3c, cx8, cmov, fxsr, ht, mmx, 3dnowpref, sse, sse2, sse3, ssse3, sse4.1, sse4.2, popcnt, lzcnt, tsc, tscinvbit, avx, avx2, aes, erms, clmul, bmi1, bmi2, adx, avx512f, avx512dq, avx512cd, avx512bw, avx512vl, sha, fma, vzeroupper, avx512_vpopcntdq, avx512_vpclmulqdq, avx512_vaes, avx512_vnni, clflush, clflushopt, clwb, avx512_vbmi2, avx512_vbmi, hv, rdtscp, rdpid, fsrm, gfni, avx512_bitalg, f16c, cet_ibt, cet_ss, avx512_ifma
Processor Information for the first 12 processors :
  Max Mhz: 2688, Current Mhz: 2688, Mhz Limit: 2688

Memory: 4k page, system-wide physical 7955M (681M free)
TotalPageFile size 16983M (AvailPageFile size 5M)
current process WorkingSet (physical memory assigned to process): 387M, peak: 387M
current process commit charge ("private bytes"): 425M, peak: 427M

vm_info: OpenJDK 64-Bit Server VM (21.0.8+-14018985-b1038.68) for windows-amd64 JRE (21.0.8+-14018985-b1038.68), built on 2025-08-29T19:56:34Z by "builder" with MS VC++ 16.10 / 16.11 (VS2019)

END.
